#
# There is insufficient memory for the Java Runtime Environment to continue.
# Native memory allocation (mmap) failed to map 53477376 bytes for Failed to commit area from 0x0000000714c00000 to 0x0000000717f00000 of length 53477376.
# Possible reasons:
#   The system is out of physical RAM or swap space
#   The process is running with CompressedOops enabled, and the Java Heap may be blocking the growth of the native heap
# Possible solutions:
#   Reduce memory load on the system
#   Increase physical memory or swap space
#   Check if swap backing store is full
#   Decrease Java heap size (-Xmx/-Xms)
#   Decrease number of Java threads
#   Decrease Java thread stack sizes (-Xss)
#   Set larger code cache with -XX:ReservedCodeCacheSize=
#   JVM is running with Zero Based Compressed Oops mode in which the Java heap is
#     placed in the first 32GB address space. The Java Heap base address is the
#     maximum limit for the native heap growth. Please use -XX:HeapBaseMinAddress
#     to set the Java Heap base and to place the Java Heap above 32GB virtual address.
# This output file may be truncated or incomplete.
#
#  Out of Memory Error (./open/src/hotspot/os/windows/os_windows.cpp:3273), pid=11536, tid=20240
#
# JRE version: Java(TM) SE Runtime Environment 18.9 (11.0.12+8) (build 11.0.12+8-LTS-237)
# Java VM: Java HotSpot(TM) 64-Bit Server VM 18.9 (11.0.12+8-LTS-237, mixed mode, tiered, compressed oops, g1 gc, windows-amd64)
# No core dump will be written. Minidumps are not enabled by default on client versions of Windows
#

---------------  S U M M A R Y ------------

Command Line: -javaagent:C:\Program Files\JetBrains\IntelliJ IDEA Community Edition 2021.1.3\lib\idea_rt.jar=12715:C:\Program Files\JetBrains\IntelliJ IDEA Community Edition 2021.1.3\bin -Dfile.encoding=UTF-8 com.itstime.Booklog.BooklogApplication

Host: 11th Gen Intel(R) Core(TM) i7-1165G7 @ 2.80GHz, 8 cores, 15G,  Windows 10 , 64 bit Build 19041 (10.0.19041.1566)
Time: Mon Apr  4 01:01:19 2022 대한민국 표준시 elapsed time: 3.015360 seconds (0d 0h 0m 3s)

---------------  T H R E A D  ---------------

Current thread (0x0000027aff22c000):  VMThread "VM Thread" [stack: 0x000000b83aa00000,0x000000b83ab00000] [id=20240]

Stack: [0x000000b83aa00000,0x000000b83ab00000]
[error occurred during error reporting (printing stack bounds), id 0xc0000005, EXCEPTION_ACCESS_VIOLATION (0xc0000005) at pc=0x0000027a800010e7]

Native frames: (J=compiled Java code, j=interpreted, Vv=VM code, C=native code)
V  [jvm.dll+0x617d9a]
V  [jvm.dll+0x74eeef]
V  [jvm.dll+0x750599]
V  [jvm.dll+0x750b85]
V  [jvm.dll+0x750b3b]
V  [jvm.dll+0x6175d3]
V  [jvm.dll+0x617998]
C  [ntdll.dll+0xa20cf]
C  [ntdll.dll+0x51454]
C  [ntdll.dll+0xa0bfe]
C  0x0000027a800010e7

VM_Operation (0x000000b83befc8e0): G1CollectForAllocation, mode: safepoint, requested by thread 0x0000027a979ff800


---------------  P R O C E S S  ---------------

Threads class SMR info:
_java_thread_list=0x0000027a97c53d30, length=15, elements={
0x0000027af272e000, 0x0000027aff22d800, 0x0000027aff237000, 0x0000027affb49000,
0x0000027affb4a000, 0x0000027affb4d800, 0x0000027affb53800, 0x0000027affb58000,
0x0000027affb63000, 0x0000027affcd8000, 0x0000027affd3c000, 0x0000027a96e25000,
0x0000027a971de800, 0x0000027a97972000, 0x0000027a979ff800
}

Java Threads: ( => current thread )
  0x0000027af272e000 JavaThread "main" [_thread_blocked, id=19948, stack(0x000000b83a400000,0x000000b83a500000)]
  0x0000027aff22d800 JavaThread "Reference Handler" daemon [_thread_blocked, id=16208, stack(0x000000b83ab00000,0x000000b83ac00000)]
  0x0000027aff237000 JavaThread "Finalizer" daemon [_thread_blocked, id=16632, stack(0x000000b83ac00000,0x000000b83ad00000)]
  0x0000027affb49000 JavaThread "Signal Dispatcher" daemon [_thread_blocked, id=12024, stack(0x000000b83ad00000,0x000000b83ae00000)]
  0x0000027affb4a000 JavaThread "Attach Listener" daemon [_thread_blocked, id=17268, stack(0x000000b83ae00000,0x000000b83af00000)]
  0x0000027affb4d800 JavaThread "Service Thread" daemon [_thread_blocked, id=19976, stack(0x000000b83af00000,0x000000b83b000000)]
  0x0000027affb53800 JavaThread "C2 CompilerThread0" daemon [_thread_in_native, id=13528, stack(0x000000b83b000000,0x000000b83b100000)]
  0x0000027affb58000 JavaThread "C1 CompilerThread0" daemon [_thread_blocked, id=14668, stack(0x000000b83b100000,0x000000b83b200000)]
  0x0000027affb63000 JavaThread "Sweeper thread" daemon [_thread_blocked, id=15720, stack(0x000000b83b200000,0x000000b83b300000)]
  0x0000027affcd8000 JavaThread "Common-Cleaner" daemon [_thread_blocked, id=5396, stack(0x000000b83b300000,0x000000b83b400000)]
  0x0000027affd3c000 JavaThread "C2 CompilerThread1" daemon [_thread_in_native, id=20456, stack(0x000000b83b400000,0x000000b83b500000)]
  0x0000027a96e25000 JavaThread "Monitor Ctrl-Break" daemon [_thread_in_native, id=4612, stack(0x000000b83b500000,0x000000b83b600000)]
  0x0000027a971de800 JavaThread "C2 CompilerThread2" daemon [_thread_blocked, id=17528, stack(0x000000b83b700000,0x000000b83b800000)]
  0x0000027a97972000 JavaThread "Thread-0" [_thread_blocked, id=7356, stack(0x000000b83bd00000,0x000000b83be00000)]
  0x0000027a979ff800 JavaThread "restartedMain" [_thread_blocked, id=5504, stack(0x000000b83be00000,0x000000b83bf00000)]

Other Threads:
=>0x0000027aff22c000 VMThread "VM Thread" [stack: 0x000000b83aa00000,0x000000b83ab00000] [id=20240]
  0x0000027a96eba000 WatcherThread [stack: 0x000000b83b600000,0x000000b83b700000] [id=15800]
  0x0000027af2742800 GCTaskThread "GC Thread#0" [stack: 0x000000b83a500000,0x000000b83a600000] [id=7460]
  0x0000027a97f8f800 GCTaskThread "GC Thread#1" [stack: 0x000000b83b800000,0x000000b83b900000] [id=19544]
  0x0000027a97b38800 GCTaskThread "GC Thread#2" [stack: 0x000000b83b900000,0x000000b83ba00000] [id=11968]
  0x0000027a97e58800 GCTaskThread "GC Thread#3" [stack: 0x000000b83ba00000,0x000000b83bb00000] [id=14304]
  0x0000027a97e4e800 GCTaskThread "GC Thread#4" [stack: 0x000000b83bb00000,0x000000b83bc00000] [id=15772]
  0x0000027a97e4f000 GCTaskThread "GC Thread#5" [stack: 0x000000b83bc00000,0x000000b83bd00000] [id=12900]
  0x0000027a98457800 GCTaskThread "GC Thread#6" [stack: 0x000000b83c000000,0x000000b83c100000] [id=15284]
  0x0000027a98e8f800 GCTaskThread "GC Thread#7" [stack: 0x000000b83c100000,0x000000b83c200000] [id=668]
  0x0000027af279e000 ConcurrentGCThread "G1 Main Marker" [stack: 0x000000b83a600000,0x000000b83a700000] [id=2588]
  0x0000027af27a0000 ConcurrentGCThread "G1 Conc#0" [stack: 0x000000b83a700000,0x000000b83a800000] [id=5672]
  0x0000027a99228000 ConcurrentGCThread "G1 Conc#1" [stack: 0x000000b83c200000,0x000000b83c300000] [id=4504]
  0x0000027aff10e800 ConcurrentGCThread "G1 Refine#0" [stack: 0x000000b83a800000,0x000000b83a900000] [id=19860]
  0x0000027aff10f800 ConcurrentGCThread "G1 Young RemSet Sampling" [stack: 0x000000b83a900000,0x000000b83aa00000] [id=5984]

Threads with active compile tasks:
C2 CompilerThread0   3022 3873 % !   4       java.util.jar.Attributes::read @ 186 (390 bytes)
C2 CompilerThread1   3022 3727   !   4       org.springframework.core.annotation.AnnotationsScanner::processMethodHierarchy (276 bytes)
C2 CompilerThread2   3022 3705   !   4       org.springframework.core.annotation.AnnotationsScanner::processClassHierarchy (227 bytes)

VM state:at safepoint (normal execution)

VM Mutex/Monitor currently owned by a thread:  ([mutex/lock_event])
[0x0000027af272b5c0] Threads_lock - owner thread: 0x0000027aff22c000
[0x0000027af2729eb0] Heap_lock - owner thread: 0x0000027a979ff800

Heap address: 0x0000000705000000, size: 4016 MB, Compressed Oops mode: Zero based, Oop shift amount: 3
Narrow klass base: 0x0000000800000000, Narrow klass shift: 0
Compressed class space size: 1073741824 Address: 0x0000000800000000

Heap:
 garbage-first heap   total 310272K, used 17228K [0x0000000705000000, 0x0000000800000000)
  region size 1024K, 11 young (11264K), 11 survivors (11264K)
 Metaspace       used 40028K, capacity 41225K, committed 41472K, reserved 1085440K
  class space    used 4838K, capacity 5325K, committed 5376K, reserved 1048576K
Heap Regions: E=young(eden), S=young(survivor), O=old, HS=humongous(starts), HC=humongous(continues), CS=collection set, F=free, A=archive, TAMS=top-at-mark-start (previous, next)
|   0|0x0000000705000000, 0x0000000705100000, 0x0000000705100000|100%|HS|  |TAMS 0x0000000705100000, 0x0000000705000000| Complete 
|   1|0x0000000705100000, 0x0000000705200000, 0x0000000705200000|100%| O|  |TAMS 0x0000000705200000, 0x0000000705100000| Untracked 
|   2|0x0000000705200000, 0x0000000705300000, 0x0000000705300000|100%| O|  |TAMS 0x0000000705300000, 0x0000000705200000| Untracked 
|   3|0x0000000705300000, 0x0000000705400000, 0x0000000705400000|100%| O|  |TAMS 0x000000070539d600, 0x0000000705300000| Untracked 
|   4|0x0000000705400000, 0x0000000705500000, 0x0000000705500000|100%| O|  |TAMS 0x0000000705400000, 0x0000000705400000| Untracked 
|   5|0x0000000705500000, 0x0000000705600000, 0x0000000705600000|100%| O|  |TAMS 0x0000000705500000, 0x0000000705500000| Untracked 
|   6|0x0000000705600000, 0x0000000705690200, 0x0000000705700000| 56%| O|  |TAMS 0x0000000705600000, 0x0000000705600000| Untracked 
|   7|0x0000000705700000, 0x0000000705700000, 0x0000000705800000|  0%| F|  |TAMS 0x0000000705700000, 0x0000000705700000| Untracked 
|   8|0x0000000705800000, 0x0000000705800000, 0x0000000705900000|  0%| F|  |TAMS 0x0000000705800000, 0x0000000705800000| Untracked 
|   9|0x0000000705900000, 0x0000000705900000, 0x0000000705a00000|  0%| F|  |TAMS 0x0000000705900000, 0x0000000705900000| Untracked 
|  10|0x0000000705a00000, 0x0000000705a00000, 0x0000000705b00000|  0%| F|  |TAMS 0x0000000705a00000, 0x0000000705a00000| Untracked 
|  11|0x0000000705b00000, 0x0000000705b00000, 0x0000000705c00000|  0%| F|  |TAMS 0x0000000705b00000, 0x0000000705b00000| Untracked 
|  12|0x0000000705c00000, 0x0000000705c00000, 0x0000000705d00000|  0%| F|  |TAMS 0x0000000705c00000, 0x0000000705c00000| Untracked 
|  13|0x0000000705d00000, 0x0000000705d00000, 0x0000000705e00000|  0%| F|  |TAMS 0x0000000705d00000, 0x0000000705d00000| Untracked 
|  14|0x0000000705e00000, 0x0000000705e00000, 0x0000000705f00000|  0%| F|  |TAMS 0x0000000705e00000, 0x0000000705e00000| Untracked 
|  15|0x0000000705f00000, 0x0000000705f00000, 0x0000000706000000|  0%| F|  |TAMS 0x0000000705f00000, 0x0000000705f00000| Untracked 
|  16|0x0000000706000000, 0x0000000706000000, 0x0000000706100000|  0%| F|  |TAMS 0x0000000706000000, 0x0000000706000000| Untracked 
|  17|0x0000000706100000, 0x0000000706100000, 0x0000000706200000|  0%| F|  |TAMS 0x0000000706100000, 0x0000000706100000| Untracked 
|  18|0x0000000706200000, 0x0000000706200000, 0x0000000706300000|  0%| F|  |TAMS 0x0000000706200000, 0x0000000706200000| Untracked 
|  19|0x0000000706300000, 0x0000000706300000, 0x0000000706400000|  0%| F|  |TAMS 0x0000000706300000, 0x0000000706300000| Untracked 
|  20|0x0000000706400000, 0x0000000706400000, 0x0000000706500000|  0%| F|  |TAMS 0x0000000706400000, 0x0000000706400000| Untracked 
|  21|0x0000000706500000, 0x0000000706500000, 0x0000000706600000|  0%| F|  |TAMS 0x0000000706500000, 0x0000000706500000| Untracked 
|  22|0x0000000706600000, 0x0000000706600000, 0x0000000706700000|  0%| F|  |TAMS 0x0000000706600000, 0x0000000706600000| Untracked 
|  23|0x0000000706700000, 0x0000000706700000, 0x0000000706800000|  0%| F|  |TAMS 0x0000000706700000, 0x0000000706700000| Untracked 
|  24|0x0000000706800000, 0x0000000706800000, 0x0000000706900000|  0%| F|  |TAMS 0x0000000706800000, 0x0000000706800000| Untracked 
|  25|0x0000000706900000, 0x0000000706900000, 0x0000000706a00000|  0%| F|  |TAMS 0x0000000706900000, 0x0000000706900000| Untracked 
|  26|0x0000000706a00000, 0x0000000706a00000, 0x0000000706b00000|  0%| F|  |TAMS 0x0000000706a00000, 0x0000000706a00000| Untracked 
|  27|0x0000000706b00000, 0x0000000706b00000, 0x0000000706c00000|  0%| F|  |TAMS 0x0000000706b00000, 0x0000000706b00000| Untracked 
|  28|0x0000000706c00000, 0x0000000706c00000, 0x0000000706d00000|  0%| F|  |TAMS 0x0000000706c00000, 0x0000000706c00000| Untracked 
|  29|0x0000000706d00000, 0x0000000706d00000, 0x0000000706e00000|  0%| F|  |TAMS 0x0000000706d00000, 0x0000000706d00000| Untracked 
|  30|0x0000000706e00000, 0x0000000706e00000, 0x0000000706f00000|  0%| F|  |TAMS 0x0000000706e00000, 0x0000000706e00000| Untracked 
|  31|0x0000000706f00000, 0x0000000706f00000, 0x0000000707000000|  0%| F|  |TAMS 0x0000000706f00000, 0x0000000706f00000| Untracked 
|  32|0x0000000707000000, 0x0000000707000000, 0x0000000707100000|  0%| F|  |TAMS 0x0000000707000000, 0x0000000707000000| Untracked 
|  33|0x0000000707100000, 0x0000000707100000, 0x0000000707200000|  0%| F|  |TAMS 0x0000000707100000, 0x0000000707100000| Untracked 
|  34|0x0000000707200000, 0x0000000707200000, 0x0000000707300000|  0%| F|  |TAMS 0x0000000707200000, 0x0000000707200000| Untracked 
|  35|0x0000000707300000, 0x0000000707300000, 0x0000000707400000|  0%| F|  |TAMS 0x0000000707300000, 0x0000000707300000| Untracked 
|  36|0x0000000707400000, 0x0000000707400000, 0x0000000707500000|  0%| F|  |TAMS 0x0000000707400000, 0x0000000707400000| Untracked 
|  37|0x0000000707500000, 0x0000000707500000, 0x0000000707600000|  0%| F|  |TAMS 0x0000000707500000, 0x0000000707500000| Untracked 
|  38|0x0000000707600000, 0x0000000707600000, 0x0000000707700000|  0%| F|  |TAMS 0x0000000707600000, 0x0000000707600000| Untracked 
|  39|0x0000000707700000, 0x0000000707700000, 0x0000000707800000|  0%| F|  |TAMS 0x0000000707700000, 0x0000000707700000| Untracked 
|  40|0x0000000707800000, 0x0000000707800000, 0x0000000707900000|  0%| F|  |TAMS 0x0000000707800000, 0x0000000707800000| Untracked 
|  41|0x0000000707900000, 0x0000000707900000, 0x0000000707a00000|  0%| F|  |TAMS 0x0000000707900000, 0x0000000707900000| Untracked 
|  42|0x0000000707a00000, 0x0000000707a00000, 0x0000000707b00000|  0%| F|  |TAMS 0x0000000707a00000, 0x0000000707a00000| Untracked 
|  43|0x0000000707b00000, 0x0000000707b00000, 0x0000000707c00000|  0%| F|  |TAMS 0x0000000707b00000, 0x0000000707b00000| Untracked 
|  44|0x0000000707c00000, 0x0000000707c00000, 0x0000000707d00000|  0%| F|  |TAMS 0x0000000707c00000, 0x0000000707c00000| Untracked 
|  45|0x0000000707d00000, 0x0000000707d00000, 0x0000000707e00000|  0%| F|  |TAMS 0x0000000707d00000, 0x0000000707d00000| Untracked 
|  46|0x0000000707e00000, 0x0000000707e00000, 0x0000000707f00000|  0%| F|  |TAMS 0x0000000707e00000, 0x0000000707e00000| Untracked 
|  47|0x0000000707f00000, 0x0000000707f00000, 0x0000000708000000|  0%| F|  |TAMS 0x0000000707f00000, 0x0000000707f00000| Untracked 
|  48|0x0000000708000000, 0x0000000708000000, 0x0000000708100000|  0%| F|  |TAMS 0x0000000708000000, 0x0000000708000000| Untracked 
|  49|0x0000000708100000, 0x0000000708100000, 0x0000000708200000|  0%| F|  |TAMS 0x0000000708100000, 0x0000000708100000| Untracked 
|  50|0x0000000708200000, 0x0000000708200000, 0x0000000708300000|  0%| F|  |TAMS 0x0000000708200000, 0x0000000708200000| Untracked 
|  51|0x0000000708300000, 0x0000000708300000, 0x0000000708400000|  0%| F|  |TAMS 0x0000000708300000, 0x0000000708300000| Untracked 
|  52|0x0000000708400000, 0x0000000708400000, 0x0000000708500000|  0%| F|  |TAMS 0x0000000708400000, 0x0000000708400000| Untracked 
|  53|0x0000000708500000, 0x0000000708500000, 0x0000000708600000|  0%| F|  |TAMS 0x0000000708500000, 0x0000000708500000| Untracked 
|  54|0x0000000708600000, 0x0000000708600000, 0x0000000708700000|  0%| F|  |TAMS 0x0000000708600000, 0x0000000708600000| Untracked 
|  55|0x0000000708700000, 0x0000000708700000, 0x0000000708800000|  0%| F|  |TAMS 0x0000000708700000, 0x0000000708700000| Untracked 
|  56|0x0000000708800000, 0x0000000708800000, 0x0000000708900000|  0%| F|  |TAMS 0x0000000708800000, 0x0000000708800000| Untracked 
|  57|0x0000000708900000, 0x0000000708900000, 0x0000000708a00000|  0%| F|  |TAMS 0x0000000708900000, 0x0000000708900000| Untracked 
|  58|0x0000000708a00000, 0x0000000708a00000, 0x0000000708b00000|  0%| F|  |TAMS 0x0000000708a00000, 0x0000000708a00000| Untracked 
|  59|0x0000000708b00000, 0x0000000708b00000, 0x0000000708c00000|  0%| F|  |TAMS 0x0000000708b00000, 0x0000000708b00000| Untracked 
|  60|0x0000000708c00000, 0x0000000708c00000, 0x0000000708d00000|  0%| F|  |TAMS 0x0000000708c00000, 0x0000000708c00000| Untracked 
|  61|0x0000000708d00000, 0x0000000708d00000, 0x0000000708e00000|  0%| F|  |TAMS 0x0000000708d00000, 0x0000000708d00000| Untracked 
|  62|0x0000000708e00000, 0x0000000708e00000, 0x0000000708f00000|  0%| F|  |TAMS 0x0000000708e00000, 0x0000000708e00000| Untracked 
|  63|0x0000000708f00000, 0x0000000708f00000, 0x0000000709000000|  0%| F|  |TAMS 0x0000000708f00000, 0x0000000708f00000| Untracked 
|  64|0x0000000709000000, 0x0000000709000000, 0x0000000709100000|  0%| F|  |TAMS 0x0000000709000000, 0x0000000709000000| Untracked 
|  65|0x0000000709100000, 0x0000000709100000, 0x0000000709200000|  0%| F|  |TAMS 0x0000000709100000, 0x0000000709100000| Untracked 
|  66|0x0000000709200000, 0x0000000709200000, 0x0000000709300000|  0%| F|  |TAMS 0x0000000709200000, 0x0000000709200000| Untracked 
|  67|0x0000000709300000, 0x0000000709300000, 0x0000000709400000|  0%| F|  |TAMS 0x0000000709300000, 0x0000000709300000| Untracked 
|  68|0x0000000709400000, 0x0000000709400000, 0x0000000709500000|  0%| F|  |TAMS 0x0000000709400000, 0x0000000709400000| Untracked 
|  69|0x0000000709500000, 0x0000000709500000, 0x0000000709600000|  0%| F|  |TAMS 0x0000000709500000, 0x0000000709500000| Untracked 
|  70|0x0000000709600000, 0x0000000709600000, 0x0000000709700000|  0%| F|  |TAMS 0x0000000709600000, 0x0000000709600000| Untracked 
|  71|0x0000000709700000, 0x0000000709700000, 0x0000000709800000|  0%| F|  |TAMS 0x0000000709700000, 0x0000000709700000| Untracked 
|  72|0x0000000709800000, 0x0000000709800000, 0x0000000709900000|  0%| F|  |TAMS 0x0000000709800000, 0x0000000709800000| Untracked 
|  73|0x0000000709900000, 0x0000000709900000, 0x0000000709a00000|  0%| F|  |TAMS 0x0000000709900000, 0x0000000709900000| Untracked 
|  74|0x0000000709a00000, 0x0000000709a00000, 0x0000000709b00000|  0%| F|  |TAMS 0x0000000709a00000, 0x0000000709a00000| Untracked 
|  75|0x0000000709b00000, 0x0000000709b00000, 0x0000000709c00000|  0%| F|  |TAMS 0x0000000709b00000, 0x0000000709b00000| Untracked 
|  76|0x0000000709c00000, 0x0000000709c00000, 0x0000000709d00000|  0%| F|  |TAMS 0x0000000709c00000, 0x0000000709c00000| Untracked 
|  77|0x0000000709d00000, 0x0000000709d00000, 0x0000000709e00000|  0%| F|  |TAMS 0x0000000709d00000, 0x0000000709d00000| Untracked 
|  78|0x0000000709e00000, 0x0000000709e00000, 0x0000000709f00000|  0%| F|  |TAMS 0x0000000709e00000, 0x0000000709e00000| Untracked 
|  79|0x0000000709f00000, 0x0000000709f00000, 0x000000070a000000|  0%| F|  |TAMS 0x0000000709f00000, 0x0000000709f00000| Untracked 
|  80|0x000000070a000000, 0x000000070a000000, 0x000000070a100000|  0%| F|  |TAMS 0x000000070a000000, 0x000000070a000000| Untracked 
|  81|0x000000070a100000, 0x000000070a100000, 0x000000070a200000|  0%| F|  |TAMS 0x000000070a100000, 0x000000070a100000| Untracked 
|  82|0x000000070a200000, 0x000000070a200000, 0x000000070a300000|  0%| F|  |TAMS 0x000000070a200000, 0x000000070a200000| Untracked 
|  83|0x000000070a300000, 0x000000070a300000, 0x000000070a400000|  0%| F|  |TAMS 0x000000070a300000, 0x000000070a300000| Untracked 
|  84|0x000000070a400000, 0x000000070a400000, 0x000000070a500000|  0%| F|  |TAMS 0x000000070a400000, 0x000000070a400000| Untracked 
|  85|0x000000070a500000, 0x000000070a500000, 0x000000070a600000|  0%| F|  |TAMS 0x000000070a500000, 0x000000070a500000| Untracked 
|  86|0x000000070a600000, 0x000000070a600000, 0x000000070a700000|  0%| F|  |TAMS 0x000000070a600000, 0x000000070a600000| Untracked 
|  87|0x000000070a700000, 0x000000070a700000, 0x000000070a800000|  0%| F|  |TAMS 0x000000070a700000, 0x000000070a700000| Untracked 
|  88|0x000000070a800000, 0x000000070a800000, 0x000000070a900000|  0%| F|  |TAMS 0x000000070a800000, 0x000000070a800000| Untracked 
|  89|0x000000070a900000, 0x000000070a900000, 0x000000070aa00000|  0%| F|  |TAMS 0x000000070a900000, 0x000000070a900000| Untracked 
|  90|0x000000070aa00000, 0x000000070aa00000, 0x000000070ab00000|  0%| F|  |TAMS 0x000000070aa00000, 0x000000070aa00000| Untracked 
|  91|0x000000070ab00000, 0x000000070ab00000, 0x000000070ac00000|  0%| F|  |TAMS 0x000000070ab00000, 0x000000070ab00000| Untracked 
|  92|0x000000070ac00000, 0x000000070ac00000, 0x000000070ad00000|  0%| F|  |TAMS 0x000000070ac00000, 0x000000070ac00000| Untracked 
|  93|0x000000070ad00000, 0x000000070ad00000, 0x000000070ae00000|  0%| F|  |TAMS 0x000000070ad00000, 0x000000070ad00000| Untracked 
|  94|0x000000070ae00000, 0x000000070ae00000, 0x000000070af00000|  0%| F|  |TAMS 0x000000070ae00000, 0x000000070ae00000| Untracked 
|  95|0x000000070af00000, 0x000000070af00000, 0x000000070b000000|  0%| F|  |TAMS 0x000000070af00000, 0x000000070af00000| Untracked 
|  96|0x000000070b000000, 0x000000070b000000, 0x000000070b100000|  0%| F|  |TAMS 0x000000070b000000, 0x000000070b000000| Untracked 
|  97|0x000000070b100000, 0x000000070b100000, 0x000000070b200000|  0%| F|  |TAMS 0x000000070b100000, 0x000000070b100000| Untracked 
|  98|0x000000070b200000, 0x000000070b200000, 0x000000070b300000|  0%| F|  |TAMS 0x000000070b200000, 0x000000070b200000| Untracked 
|  99|0x000000070b300000, 0x000000070b300000, 0x000000070b400000|  0%| F|  |TAMS 0x000000070b300000, 0x000000070b300000| Untracked 
| 100|0x000000070b400000, 0x000000070b400000, 0x000000070b500000|  0%| F|  |TAMS 0x000000070b400000, 0x000000070b400000| Untracked 
| 101|0x000000070b500000, 0x000000070b500000, 0x000000070b600000|  0%| F|  |TAMS 0x000000070b500000, 0x000000070b500000| Untracked 
| 102|0x000000070b600000, 0x000000070b600000, 0x000000070b700000|  0%| F|  |TAMS 0x000000070b600000, 0x000000070b600000| Untracked 
| 103|0x000000070b700000, 0x000000070b700000, 0x000000070b800000|  0%| F|  |TAMS 0x000000070b700000, 0x000000070b700000| Untracked 
| 104|0x000000070b800000, 0x000000070b800000, 0x000000070b900000|  0%| F|  |TAMS 0x000000070b800000, 0x000000070b800000| Untracked 
| 105|0x000000070b900000, 0x000000070b900000, 0x000000070ba00000|  0%| F|  |TAMS 0x000000070b900000, 0x000000070b900000| Untracked 
| 106|0x000000070ba00000, 0x000000070ba00000, 0x000000070bb00000|  0%| F|  |TAMS 0x000000070ba00000, 0x000000070ba00000| Untracked 
| 107|0x000000070bb00000, 0x000000070bb00000, 0x000000070bc00000|  0%| F|  |TAMS 0x000000070bb00000, 0x000000070bb00000| Untracked 
| 108|0x000000070bc00000, 0x000000070bc00000, 0x000000070bd00000|  0%| F|  |TAMS 0x000000070bc00000, 0x000000070bc00000| Untracked 
| 109|0x000000070bd00000, 0x000000070bd42eb8, 0x000000070be00000| 26%| S|CS|TAMS 0x000000070bd00000, 0x000000070bd00000| Complete 
| 110|0x000000070be00000, 0x000000070bf00000, 0x000000070bf00000|100%| S|CS|TAMS 0x000000070be00000, 0x000000070be00000| Complete 
| 111|0x000000070bf00000, 0x000000070c000000, 0x000000070c000000|100%| S|CS|TAMS 0x000000070bf00000, 0x000000070bf00000| Complete 
| 112|0x000000070c000000, 0x000000070c100000, 0x000000070c100000|100%| S|CS|TAMS 0x000000070c000000, 0x000000070c000000| Complete 
| 113|0x000000070c100000, 0x000000070c200000, 0x000000070c200000|100%| S|CS|TAMS 0x000000070c100000, 0x000000070c100000| Complete 
| 114|0x000000070c200000, 0x000000070c300000, 0x000000070c300000|100%| S|CS|TAMS 0x000000070c200000, 0x000000070c200000| Complete 
| 115|0x000000070c300000, 0x000000070c400000, 0x000000070c400000|100%| S|CS|TAMS 0x000000070c300000, 0x000000070c300000| Complete 
| 116|0x000000070c400000, 0x000000070c500000, 0x000000070c500000|100%| S|CS|TAMS 0x000000070c400000, 0x000000070c400000| Complete 
| 117|0x000000070c500000, 0x000000070c600000, 0x000000070c600000|100%| S|CS|TAMS 0x000000070c500000, 0x000000070c500000| Complete 
| 118|0x000000070c600000, 0x000000070c700000, 0x000000070c700000|100%| S|CS|TAMS 0x000000070c600000, 0x000000070c600000| Complete 
| 119|0x000000070c700000, 0x000000070c800000, 0x000000070c800000|100%| S|CS|TAMS 0x000000070c700000, 0x000000070c700000| Complete 
| 120|0x000000070c800000, 0x000000070c800000, 0x000000070c900000|  0%| F|  |TAMS 0x000000070c800000, 0x000000070c800000| Untracked 
| 121|0x000000070c900000, 0x000000070c900000, 0x000000070ca00000|  0%| F|  |TAMS 0x000000070c900000, 0x000000070c900000| Untracked 
| 122|0x000000070ca00000, 0x000000070ca00000, 0x000000070cb00000|  0%| F|  |TAMS 0x000000070ca00000, 0x000000070ca00000| Untracked 
| 123|0x000000070cb00000, 0x000000070cb00000, 0x000000070cc00000|  0%| F|  |TAMS 0x000000070cb00000, 0x000000070cb00000| Untracked 
| 124|0x000000070cc00000, 0x000000070cc00000, 0x000000070cd00000|  0%| F|  |TAMS 0x000000070cc00000, 0x000000070cc00000| Untracked 
| 125|0x000000070cd00000, 0x000000070cd00000, 0x000000070ce00000|  0%| F|  |TAMS 0x000000070cd00000, 0x000000070cd00000| Untracked 
| 126|0x000000070ce00000, 0x000000070ce00000, 0x000000070cf00000|  0%| F|  |TAMS 0x000000070ce00000, 0x000000070ce00000| Untracked 
| 127|0x000000070cf00000, 0x000000070cf00000, 0x000000070d000000|  0%| F|  |TAMS 0x000000070cf00000, 0x000000070cf00000| Untracked 
| 128|0x000000070d000000, 0x000000070d000000, 0x000000070d100000|  0%| F|  |TAMS 0x000000070d000000, 0x000000070d000000| Untracked 
| 129|0x000000070d100000, 0x000000070d100000, 0x000000070d200000|  0%| F|  |TAMS 0x000000070d100000, 0x000000070d100000| Untracked 
| 130|0x000000070d200000, 0x000000070d200000, 0x000000070d300000|  0%| F|  |TAMS 0x000000070d200000, 0x000000070d200000| Untracked 
| 131|0x000000070d300000, 0x000000070d300000, 0x000000070d400000|  0%| F|  |TAMS 0x000000070d300000, 0x000000070d300000| Untracked 
| 132|0x000000070d400000, 0x000000070d400000, 0x000000070d500000|  0%| F|  |TAMS 0x000000070d400000, 0x000000070d400000| Untracked 
| 133|0x000000070d500000, 0x000000070d500000, 0x000000070d600000|  0%| F|  |TAMS 0x000000070d500000, 0x000000070d500000| Untracked 
| 134|0x000000070d600000, 0x000000070d600000, 0x000000070d700000|  0%| F|  |TAMS 0x000000070d600000, 0x000000070d600000| Untracked 
| 135|0x000000070d700000, 0x000000070d700000, 0x000000070d800000|  0%| F|  |TAMS 0x000000070d700000, 0x000000070d700000| Untracked 
| 136|0x000000070d800000, 0x000000070d800000, 0x000000070d900000|  0%| F|  |TAMS 0x000000070d800000, 0x000000070d800000| Untracked 
| 137|0x000000070d900000, 0x000000070d900000, 0x000000070da00000|  0%| F|  |TAMS 0x000000070d900000, 0x000000070d900000| Untracked 
| 138|0x000000070da00000, 0x000000070da00000, 0x000000070db00000|  0%| F|  |TAMS 0x000000070da00000, 0x000000070da00000| Untracked 
| 139|0x000000070db00000, 0x000000070db00000, 0x000000070dc00000|  0%| F|  |TAMS 0x000000070db00000, 0x000000070db00000| Untracked 
| 140|0x000000070dc00000, 0x000000070dc00000, 0x000000070dd00000|  0%| F|  |TAMS 0x000000070dc00000, 0x000000070dc00000| Untracked 
| 141|0x000000070dd00000, 0x000000070dd00000, 0x000000070de00000|  0%| F|  |TAMS 0x000000070dd00000, 0x000000070dd00000| Untracked 
| 142|0x000000070de00000, 0x000000070de00000, 0x000000070df00000|  0%| F|  |TAMS 0x000000070de00000, 0x000000070de00000| Untracked 
| 143|0x000000070df00000, 0x000000070df00000, 0x000000070e000000|  0%| F|  |TAMS 0x000000070df00000, 0x000000070df00000| Untracked 
| 144|0x000000070e000000, 0x000000070e000000, 0x000000070e100000|  0%| F|  |TAMS 0x000000070e000000, 0x000000070e000000| Untracked 
| 145|0x000000070e100000, 0x000000070e100000, 0x000000070e200000|  0%| F|  |TAMS 0x000000070e100000, 0x000000070e100000| Untracked 
| 146|0x000000070e200000, 0x000000070e200000, 0x000000070e300000|  0%| F|  |TAMS 0x000000070e200000, 0x000000070e200000| Untracked 
| 147|0x000000070e300000, 0x000000070e300000, 0x000000070e400000|  0%| F|  |TAMS 0x000000070e300000, 0x000000070e300000| Untracked 
| 148|0x000000070e400000, 0x000000070e400000, 0x000000070e500000|  0%| F|  |TAMS 0x000000070e400000, 0x000000070e400000| Untracked 
| 149|0x000000070e500000, 0x000000070e500000, 0x000000070e600000|  0%| F|  |TAMS 0x000000070e500000, 0x000000070e500000| Untracked 
| 150|0x000000070e600000, 0x000000070e600000, 0x000000070e700000|  0%| F|  |TAMS 0x000000070e600000, 0x000000070e600000| Untracked 
| 151|0x000000070e700000, 0x000000070e700000, 0x000000070e800000|  0%| F|  |TAMS 0x000000070e700000, 0x000000070e700000| Untracked 
| 152|0x000000070e800000, 0x000000070e800000, 0x000000070e900000|  0%| F|  |TAMS 0x000000070e800000, 0x000000070e800000| Untracked 
| 153|0x000000070e900000, 0x000000070e900000, 0x000000070ea00000|  0%| F|  |TAMS 0x000000070e900000, 0x000000070e900000| Untracked 
| 154|0x000000070ea00000, 0x000000070ea00000, 0x000000070eb00000|  0%| F|  |TAMS 0x000000070ea00000, 0x000000070ea00000| Untracked 
| 155|0x000000070eb00000, 0x000000070eb00000, 0x000000070ec00000|  0%| F|  |TAMS 0x000000070eb00000, 0x000000070eb00000| Untracked 
| 156|0x000000070ec00000, 0x000000070ec00000, 0x000000070ed00000|  0%| F|  |TAMS 0x000000070ec00000, 0x000000070ec00000| Untracked 
| 157|0x000000070ed00000, 0x000000070ed00000, 0x000000070ee00000|  0%| F|  |TAMS 0x000000070ed00000, 0x000000070ed00000| Untracked 
| 158|0x000000070ee00000, 0x000000070ee00000, 0x000000070ef00000|  0%| F|  |TAMS 0x000000070ee00000, 0x000000070ee00000| Untracked 
| 159|0x000000070ef00000, 0x000000070ef00000, 0x000000070f000000|  0%| F|  |TAMS 0x000000070ef00000, 0x000000070ef00000| Untracked 
| 160|0x000000070f000000, 0x000000070f000000, 0x000000070f100000|  0%| F|  |TAMS 0x000000070f000000, 0x000000070f000000| Untracked 
| 161|0x000000070f100000, 0x000000070f100000, 0x000000070f200000|  0%| F|  |TAMS 0x000000070f100000, 0x000000070f100000| Untracked 
| 162|0x000000070f200000, 0x000000070f200000, 0x000000070f300000|  0%| F|  |TAMS 0x000000070f200000, 0x000000070f200000| Untracked 
| 163|0x000000070f300000, 0x000000070f300000, 0x000000070f400000|  0%| F|  |TAMS 0x000000070f300000, 0x000000070f300000| Untracked 
| 164|0x000000070f400000, 0x000000070f400000, 0x000000070f500000|  0%| F|  |TAMS 0x000000070f400000, 0x000000070f400000| Untracked 
| 165|0x000000070f500000, 0x000000070f500000, 0x000000070f600000|  0%| F|  |TAMS 0x000000070f500000, 0x000000070f500000| Untracked 
| 166|0x000000070f600000, 0x000000070f600000, 0x000000070f700000|  0%| F|  |TAMS 0x000000070f600000, 0x000000070f600000| Untracked 
| 167|0x000000070f700000, 0x000000070f700000, 0x000000070f800000|  0%| F|  |TAMS 0x000000070f700000, 0x000000070f700000| Untracked 
| 168|0x000000070f800000, 0x000000070f800000, 0x000000070f900000|  0%| F|  |TAMS 0x000000070f800000, 0x000000070f800000| Untracked 
| 169|0x000000070f900000, 0x000000070f900000, 0x000000070fa00000|  0%| F|  |TAMS 0x000000070f900000, 0x000000070f900000| Untracked 
| 170|0x000000070fa00000, 0x000000070fa00000, 0x000000070fb00000|  0%| F|  |TAMS 0x000000070fa00000, 0x000000070fa00000| Untracked 
| 171|0x000000070fb00000, 0x000000070fb00000, 0x000000070fc00000|  0%| F|  |TAMS 0x000000070fb00000, 0x000000070fb00000| Untracked 
| 172|0x000000070fc00000, 0x000000070fc00000, 0x000000070fd00000|  0%| F|  |TAMS 0x000000070fc00000, 0x000000070fc00000| Untracked 
| 173|0x000000070fd00000, 0x000000070fd00000, 0x000000070fe00000|  0%| F|  |TAMS 0x000000070fd00000, 0x000000070fd00000| Untracked 
| 174|0x000000070fe00000, 0x000000070fe00000, 0x000000070ff00000|  0%| F|  |TAMS 0x000000070fe00000, 0x000000070fe00000| Untracked 
| 175|0x000000070ff00000, 0x000000070ff00000, 0x0000000710000000|  0%| F|  |TAMS 0x000000070ff00000, 0x000000070ff00000| Untracked 
| 176|0x0000000710000000, 0x0000000710000000, 0x0000000710100000|  0%| F|  |TAMS 0x0000000710000000, 0x0000000710000000| Untracked 
| 177|0x0000000710100000, 0x0000000710100000, 0x0000000710200000|  0%| F|  |TAMS 0x0000000710100000, 0x0000000710100000| Untracked 
| 178|0x0000000710200000, 0x0000000710200000, 0x0000000710300000|  0%| F|  |TAMS 0x0000000710200000, 0x0000000710200000| Untracked 
| 179|0x0000000710300000, 0x0000000710300000, 0x0000000710400000|  0%| F|  |TAMS 0x0000000710300000, 0x0000000710300000| Untracked 
| 180|0x0000000710400000, 0x0000000710400000, 0x0000000710500000|  0%| F|  |TAMS 0x0000000710400000, 0x0000000710400000| Untracked 
| 181|0x0000000710500000, 0x0000000710500000, 0x0000000710600000|  0%| F|  |TAMS 0x0000000710500000, 0x0000000710500000| Untracked 
| 182|0x0000000710600000, 0x0000000710600000, 0x0000000710700000|  0%| F|  |TAMS 0x0000000710600000, 0x0000000710600000| Untracked 
| 183|0x0000000710700000, 0x0000000710700000, 0x0000000710800000|  0%| F|  |TAMS 0x0000000710700000, 0x0000000710700000| Untracked 
| 184|0x0000000710800000, 0x0000000710800000, 0x0000000710900000|  0%| F|  |TAMS 0x0000000710800000, 0x0000000710800000| Untracked 
| 185|0x0000000710900000, 0x0000000710900000, 0x0000000710a00000|  0%| F|  |TAMS 0x0000000710900000, 0x0000000710900000| Untracked 
| 186|0x0000000710a00000, 0x0000000710a00000, 0x0000000710b00000|  0%| F|  |TAMS 0x0000000710a00000, 0x0000000710a00000| Untracked 
| 187|0x0000000710b00000, 0x0000000710b00000, 0x0000000710c00000|  0%| F|  |TAMS 0x0000000710b00000, 0x0000000710b00000| Untracked 
| 188|0x0000000710c00000, 0x0000000710c00000, 0x0000000710d00000|  0%| F|  |TAMS 0x0000000710c00000, 0x0000000710c00000| Untracked 
| 189|0x0000000710d00000, 0x0000000710d00000, 0x0000000710e00000|  0%| F|  |TAMS 0x0000000710d00000, 0x0000000710d00000| Untracked 
| 190|0x0000000710e00000, 0x0000000710e00000, 0x0000000710f00000|  0%| F|  |TAMS 0x0000000710e00000, 0x0000000710e00000| Untracked 
| 191|0x0000000710f00000, 0x0000000710f00000, 0x0000000711000000|  0%| F|  |TAMS 0x0000000710f00000, 0x0000000710f00000| Untracked 
| 192|0x0000000711000000, 0x0000000711000000, 0x0000000711100000|  0%| F|  |TAMS 0x0000000711000000, 0x0000000711000000| Untracked 
| 193|0x0000000711100000, 0x0000000711100000, 0x0000000711200000|  0%| F|  |TAMS 0x0000000711100000, 0x0000000711100000| Untracked 
| 194|0x0000000711200000, 0x0000000711200000, 0x0000000711300000|  0%| F|  |TAMS 0x0000000711200000, 0x0000000711200000| Untracked 
| 195|0x0000000711300000, 0x0000000711300000, 0x0000000711400000|  0%| F|  |TAMS 0x0000000711300000, 0x0000000711300000| Untracked 
| 196|0x0000000711400000, 0x0000000711400000, 0x0000000711500000|  0%| F|  |TAMS 0x0000000711400000, 0x0000000711400000| Untracked 
| 197|0x0000000711500000, 0x0000000711500000, 0x0000000711600000|  0%| F|  |TAMS 0x0000000711500000, 0x0000000711500000| Untracked 
| 198|0x0000000711600000, 0x0000000711600000, 0x0000000711700000|  0%| F|  |TAMS 0x0000000711600000, 0x0000000711600000| Untracked 
| 199|0x0000000711700000, 0x0000000711700000, 0x0000000711800000|  0%| F|  |TAMS 0x0000000711700000, 0x0000000711700000| Untracked 
| 200|0x0000000711800000, 0x0000000711800000, 0x0000000711900000|  0%| F|  |TAMS 0x0000000711800000, 0x0000000711800000| Untracked 
| 201|0x0000000711900000, 0x0000000711900000, 0x0000000711a00000|  0%| F|  |TAMS 0x0000000711900000, 0x0000000711900000| Untracked 
| 202|0x0000000711a00000, 0x0000000711a00000, 0x0000000711b00000|  0%| F|  |TAMS 0x0000000711a00000, 0x0000000711a00000| Untracked 
| 203|0x0000000711b00000, 0x0000000711b00000, 0x0000000711c00000|  0%| F|  |TAMS 0x0000000711b00000, 0x0000000711b00000| Untracked 
| 204|0x0000000711c00000, 0x0000000711c00000, 0x0000000711d00000|  0%| F|  |TAMS 0x0000000711c00000, 0x0000000711c00000| Untracked 
| 205|0x0000000711d00000, 0x0000000711d00000, 0x0000000711e00000|  0%| F|  |TAMS 0x0000000711d00000, 0x0000000711d00000| Untracked 
| 206|0x0000000711e00000, 0x0000000711e00000, 0x0000000711f00000|  0%| F|  |TAMS 0x0000000711e00000, 0x0000000711e00000| Untracked 
| 207|0x0000000711f00000, 0x0000000711f00000, 0x0000000712000000|  0%| F|  |TAMS 0x0000000711f00000, 0x0000000711f00000| Untracked 
| 208|0x0000000712000000, 0x0000000712000000, 0x0000000712100000|  0%| F|  |TAMS 0x0000000712000000, 0x0000000712000000| Untracked 
| 209|0x0000000712100000, 0x0000000712100000, 0x0000000712200000|  0%| F|  |TAMS 0x0000000712100000, 0x0000000712100000| Untracked 
| 210|0x0000000712200000, 0x0000000712200000, 0x0000000712300000|  0%| F|  |TAMS 0x0000000712200000, 0x0000000712200000| Untracked 
| 211|0x0000000712300000, 0x0000000712300000, 0x0000000712400000|  0%| F|  |TAMS 0x0000000712300000, 0x0000000712300000| Untracked 
| 212|0x0000000712400000, 0x0000000712400000, 0x0000000712500000|  0%| F|  |TAMS 0x0000000712400000, 0x0000000712400000| Untracked 
| 213|0x0000000712500000, 0x0000000712500000, 0x0000000712600000|  0%| F|  |TAMS 0x0000000712500000, 0x0000000712500000| Untracked 
| 214|0x0000000712600000, 0x0000000712600000, 0x0000000712700000|  0%| F|  |TAMS 0x0000000712600000, 0x0000000712600000| Untracked 
| 215|0x0000000712700000, 0x0000000712700000, 0x0000000712800000|  0%| F|  |TAMS 0x0000000712700000, 0x0000000712700000| Untracked 
| 216|0x0000000712800000, 0x0000000712800000, 0x0000000712900000|  0%| F|  |TAMS 0x0000000712800000, 0x0000000712800000| Untracked 
| 217|0x0000000712900000, 0x0000000712900000, 0x0000000712a00000|  0%| F|  |TAMS 0x0000000712900000, 0x0000000712900000| Untracked 
| 218|0x0000000712a00000, 0x0000000712a00000, 0x0000000712b00000|  0%| F|  |TAMS 0x0000000712a00000, 0x0000000712a00000| Untracked 
| 219|0x0000000712b00000, 0x0000000712b00000, 0x0000000712c00000|  0%| F|  |TAMS 0x0000000712b00000, 0x0000000712b00000| Untracked 
| 220|0x0000000712c00000, 0x0000000712c00000, 0x0000000712d00000|  0%| F|  |TAMS 0x0000000712c00000, 0x0000000712c00000| Untracked 
| 221|0x0000000712d00000, 0x0000000712d00000, 0x0000000712e00000|  0%| F|  |TAMS 0x0000000712d00000, 0x0000000712d00000| Untracked 
| 222|0x0000000712e00000, 0x0000000712e00000, 0x0000000712f00000|  0%| F|  |TAMS 0x0000000712e00000, 0x0000000712e00000| Untracked 
| 223|0x0000000712f00000, 0x0000000712f00000, 0x0000000713000000|  0%| F|  |TAMS 0x0000000712f00000, 0x0000000712f00000| Untracked 
| 224|0x0000000713000000, 0x0000000713000000, 0x0000000713100000|  0%| F|  |TAMS 0x0000000713000000, 0x0000000713000000| Untracked 
| 225|0x0000000713100000, 0x0000000713100000, 0x0000000713200000|  0%| F|  |TAMS 0x0000000713100000, 0x0000000713100000| Untracked 
| 226|0x0000000713200000, 0x0000000713200000, 0x0000000713300000|  0%| F|  |TAMS 0x0000000713200000, 0x0000000713200000| Untracked 
| 227|0x0000000713300000, 0x0000000713300000, 0x0000000713400000|  0%| F|  |TAMS 0x0000000713300000, 0x0000000713300000| Untracked 
| 228|0x0000000713400000, 0x0000000713400000, 0x0000000713500000|  0%| F|  |TAMS 0x0000000713400000, 0x0000000713400000| Untracked 
| 229|0x0000000713500000, 0x0000000713500000, 0x0000000713600000|  0%| F|  |TAMS 0x0000000713500000, 0x0000000713500000| Untracked 
| 230|0x0000000713600000, 0x0000000713600000, 0x0000000713700000|  0%| F|  |TAMS 0x0000000713600000, 0x0000000713600000| Untracked 
| 231|0x0000000713700000, 0x0000000713700000, 0x0000000713800000|  0%| F|  |TAMS 0x0000000713700000, 0x0000000713700000| Untracked 
| 232|0x0000000713800000, 0x0000000713800000, 0x0000000713900000|  0%| F|  |TAMS 0x0000000713800000, 0x0000000713800000| Untracked 
| 233|0x0000000713900000, 0x0000000713900000, 0x0000000713a00000|  0%| F|  |TAMS 0x0000000713900000, 0x0000000713900000| Untracked 
| 234|0x0000000713a00000, 0x0000000713a00000, 0x0000000713b00000|  0%| F|  |TAMS 0x0000000713a00000, 0x0000000713a00000| Untracked 
| 235|0x0000000713b00000, 0x0000000713b00000, 0x0000000713c00000|  0%| F|  |TAMS 0x0000000713b00000, 0x0000000713b00000| Untracked 
| 236|0x0000000713c00000, 0x0000000713c00000, 0x0000000713d00000|  0%| F|  |TAMS 0x0000000713c00000, 0x0000000713c00000| Untracked 
| 237|0x0000000713d00000, 0x0000000713d00000, 0x0000000713e00000|  0%| F|  |TAMS 0x0000000713d00000, 0x0000000713d00000| Untracked 
| 238|0x0000000713e00000, 0x0000000713e00000, 0x0000000713f00000|  0%| F|  |TAMS 0x0000000713e00000, 0x0000000713e00000| Untracked 
| 239|0x0000000713f00000, 0x0000000713f00000, 0x0000000714000000|  0%| F|  |TAMS 0x0000000713f00000, 0x0000000713f00000| Untracked 
| 240|0x0000000714000000, 0x0000000714000000, 0x0000000714100000|  0%| F|  |TAMS 0x0000000714000000, 0x0000000714000000| Untracked 
| 241|0x0000000714100000, 0x0000000714100000, 0x0000000714200000|  0%| F|  |TAMS 0x0000000714100000, 0x0000000714100000| Untracked 
| 242|0x0000000714200000, 0x0000000714200000, 0x0000000714300000|  0%| F|  |TAMS 0x0000000714200000, 0x0000000714200000| Untracked 
| 243|0x0000000714300000, 0x0000000714300000, 0x0000000714400000|  0%| F|  |TAMS 0x0000000714300000, 0x0000000714300000| Untracked 
| 244|0x0000000714400000, 0x0000000714400000, 0x0000000714500000|  0%| F|  |TAMS 0x0000000714400000, 0x0000000714400000| Untracked 
| 245|0x0000000714500000, 0x0000000714500000, 0x0000000714600000|  0%| F|  |TAMS 0x0000000714500000, 0x0000000714500000| Untracked 
| 246|0x0000000714600000, 0x0000000714600000, 0x0000000714700000|  0%| F|  |TAMS 0x0000000714600000, 0x0000000714600000| Untracked 
| 247|0x0000000714700000, 0x0000000714700000, 0x0000000714800000|  0%| F|  |TAMS 0x0000000714700000, 0x0000000714700000| Untracked 
| 248|0x0000000714800000, 0x0000000714800000, 0x0000000714900000|  0%| F|  |TAMS 0x0000000714800000, 0x0000000714800000| Untracked 
| 249|0x0000000714900000, 0x0000000714900000, 0x0000000714a00000|  0%| F|  |TAMS 0x0000000714900000, 0x0000000714900000| Untracked 
| 250|0x0000000714a00000, 0x0000000714a00000, 0x0000000714b00000|  0%| F|  |TAMS 0x0000000714a00000, 0x0000000714a00000| Untracked 
| 251|0x0000000714b00000, 0x0000000714b00000, 0x0000000714c00000|  0%| F|  |TAMS 0x0000000714b00000, 0x0000000714b00000| Untracked 

Card table byte_map: [0x0000027afb6f0000,0x0000027afbed0000] _byte_map_base: 0x0000027af7ec8000

Marking Bits (Prev, Next): (CMBitMap*) 0x0000027af278da38, (CMBitMap*) 0x0000027af278da70
 Prev Bits: [0x0000027a8f000000, 0x0000027a92ec0000)
 Next Bits: [0x0000027a92ec0000, 0x0000027a96d80000)

Polling page: 0x0000027af0630000

Metaspace:

Usage:
  Non-class:     35.06 MB capacity,    34.37 MB ( 98%) used,   576.70 KB (  2%) free+waste,   133.06 KB ( <1%) overhead. 
      Class:      5.20 MB capacity,     4.72 MB ( 91%) used,   423.09 KB (  8%) free+waste,    63.75 KB (  1%) overhead. 
       Both:     40.26 MB capacity,    39.09 MB ( 97%) used,   999.79 KB (  2%) free+waste,   196.81 KB ( <1%) overhead. 

Virtual space:
  Non-class space:       36.00 MB reserved,      35.25 MB ( 98%) committed 
      Class space:        1.00 GB reserved,       5.25 MB ( <1%) committed 
             Both:        1.04 GB reserved,      40.50 MB (  4%) committed 

Chunk freelists:
   Non-Class:  512 bytes
       Class:  2.38 KB
        Both:  2.88 KB

CodeHeap 'non-profiled nmethods': size=120000Kb used=2295Kb max_used=2295Kb free=117704Kb
 bounds [0x0000027a87ad0000, 0x0000027a87d40000, 0x0000027a8f000000]
CodeHeap 'profiled nmethods': size=120000Kb used=8989Kb max_used=8989Kb free=111011Kb
 bounds [0x0000027a805a0000, 0x0000027a80e70000, 0x0000027a87ad0000]
CodeHeap 'non-nmethods': size=5760Kb used=1158Kb max_used=1198Kb free=4601Kb
 bounds [0x0000027a80000000, 0x0000027a80270000, 0x0000027a805a0000]
 total_blobs=4377 nmethods=3908 adapters=380
 compilation: enabled
              stopped_count=0, restarted_count=0
 full_count=0

Compilation events (10 events):
Event: 2.995 Thread 0x0000027affb58000 3927       1       java.util.zip.ZipEntry::getName (5 bytes)
Event: 2.995 Thread 0x0000027affb58000 nmethod 3927 0x0000027a87d0dc10 code [0x0000027a87d0dda0, 0x0000027a87d0de58]
Event: 2.996 Thread 0x0000027affb58000 3928       3       java.io.ByteArrayOutputStream::<init> (7 bytes)
Event: 2.996 Thread 0x0000027affb58000 nmethod 3928 0x0000027a80e63190 code [0x0000027a80e63340, 0x0000027a80e63468]
Event: 2.997 Thread 0x0000027affb58000 3929       3       java.io.PushbackInputStream::ensureOpen (18 bytes)
Event: 2.997 Thread 0x0000027affb58000 nmethod 3929 0x0000027a80e63510 code [0x0000027a80e636c0, 0x0000027a80e638c8]
Event: 2.998 Thread 0x0000027affb58000 3930       3       java.util.jar.Manifest::read (340 bytes)
Event: 2.999 Thread 0x0000027affb58000 nmethod 3930 0x0000027a80e63990 code [0x0000027a80e63d60, 0x0000027a80e65a98]
Event: 2.999 Thread 0x0000027affb58000 3931       3       java.io.PushbackInputStream::read (145 bytes)
Event: 3.000 Thread 0x0000027affb58000 nmethod 3931 0x0000027a80e66610 code [0x0000027a80e66840, 0x0000027a80e67148]

GC Heap History (9 events):
Event: 0.480 GC heap before
{Heap before GC invocations=0 (full 0):
 garbage-first heap   total 258048K, used 24576K [0x0000000705000000, 0x0000000800000000)
  region size 1024K, 24 young (24576K), 0 survivors (0K)
 Metaspace       used 10925K, capacity 11092K, committed 11392K, reserved 1058816K
  class space    used 1038K, capacity 1099K, committed 1152K, reserved 1048576K
}
Event: 0.483 GC heap after
{Heap after GC invocations=1 (full 0):
 garbage-first heap   total 258048K, used 6773K [0x0000000705000000, 0x0000000800000000)
  region size 1024K, 3 young (3072K), 3 survivors (3072K)
 Metaspace       used 10925K, capacity 11092K, committed 11392K, reserved 1058816K
  class space    used 1038K, capacity 1099K, committed 1152K, reserved 1048576K
}
Event: 1.191 GC heap before
{Heap before GC invocations=1 (full 0):
 garbage-first heap   total 258048K, used 99957K [0x0000000705000000, 0x0000000800000000)
  region size 1024K, 96 young (98304K), 3 survivors (3072K)
 Metaspace       used 20631K, capacity 21151K, committed 21248K, reserved 1069056K
  class space    used 2307K, capacity 2507K, committed 2560K, reserved 1048576K
}
Event: 1.196 GC heap after
{Heap after GC invocations=2 (full 0):
 garbage-first heap   total 258048K, used 9479K [0x0000000705000000, 0x0000000800000000)
  region size 1024K, 6 young (6144K), 6 survivors (6144K)
 Metaspace       used 20631K, capacity 21151K, committed 21248K, reserved 1069056K
  class space    used 2307K, capacity 2507K, committed 2560K, reserved 1048576K
}
Event: 1.546 GC heap before
{Heap before GC invocations=3 (full 0):
 garbage-first heap   total 258048K, used 104711K [0x0000000705000000, 0x0000000800000000)
  region size 1024K, 100 young (102400K), 6 survivors (6144K)
 Metaspace       used 28220K, capacity 28889K, committed 29184K, reserved 1075200K
  class space    used 3282K, capacity 3532K, committed 3584K, reserved 1048576K
}
Event: 1.552 GC heap after
{Heap after GC invocations=4 (full 0):
 garbage-first heap   total 258048K, used 11725K [0x0000000705000000, 0x0000000800000000)
  region size 1024K, 8 young (8192K), 8 survivors (8192K)
 Metaspace       used 28220K, capacity 28889K, committed 29184K, reserved 1075200K
  class space    used 3282K, capacity 3532K, committed 3584K, reserved 1048576K
}
Event: 2.275 GC heap before
{Heap before GC invocations=4 (full 0):
 garbage-first heap   total 258048K, used 88525K [0x0000000705000000, 0x0000000800000000)
  region size 1024K, 85 young (87040K), 8 survivors (8192K)
 Metaspace       used 34815K, capacity 35718K, committed 35840K, reserved 1081344K
  class space    used 4147K, capacity 4492K, committed 4608K, reserved 1048576K
}
Event: 2.282 GC heap after
{Heap after GC invocations=5 (full 0):
 garbage-first heap   total 258048K, used 14262K [0x0000000705000000, 0x0000000800000000)
  region size 1024K, 11 young (11264K), 11 survivors (11264K)
 Metaspace       used 34815K, capacity 35718K, committed 35840K, reserved 1081344K
  class space    used 4147K, capacity 4492K, committed 4608K, reserved 1048576K
}
Event: 3.000 GC heap before
{Heap before GC invocations=6 (full 0):
 garbage-first heap   total 258048K, used 137142K [0x0000000705000000, 0x0000000800000000)
  region size 1024K, 132 young (135168K), 11 survivors (11264K)
 Metaspace       used 40028K, capacity 41225K, committed 41472K, reserved 1085440K
  class space    used 4838K, capacity 5325K, committed 5376K, reserved 1048576K
}

Deoptimization events (10 events):
Event: 2.582 Thread 0x0000027a979ff800 Uncommon trap: reason=unstable_if action=reinterpret pc=0x0000027a87c44a74 method=sun.nio.fs.WindowsPathParser.normalize(Ljava/lang/StringBuilder;Ljava/lang/String;I)Ljava/lang/String; @ 100 c2
Event: 2.820 Thread 0x0000027a979ff800 Uncommon trap: reason=unstable_if action=reinterpret pc=0x0000027a87beb50c method=java.util.Properties.loadConvert([CIILjava/lang/StringBuilder;)Ljava/lang/String; @ 130 c2
Event: 2.846 Thread 0x0000027a979ff800 Uncommon trap: reason=unstable_if action=reinterpret pc=0x0000027a87c2623c method=jdk.internal.jimage.ImageLocation.verify(Ljava/lang/String;Ljava/lang/String;[JLjdk/internal/jimage/ImageStrings;)Z @ 18 c2
Event: 2.891 Thread 0x0000027a979ff800 Uncommon trap: reason=profile_predicate action=maybe_recompile pc=0x0000027a87cf4ac8 method=java.lang.PublicMethods$MethodList.filter([Ljava/lang/reflect/Method;Ljava/lang/String;[Ljava/lang/Class;Z)Ljava/lang/PublicMethods$MethodList; @ 21 c2
Event: 2.937 Thread 0x0000027a979ff800 Uncommon trap: reason=profile_predicate action=maybe_recompile pc=0x0000027a87cf4ac8 method=java.lang.PublicMethods$MethodList.filter([Ljava/lang/reflect/Method;Ljava/lang/String;[Ljava/lang/Class;Z)Ljava/lang/PublicMethods$MethodList; @ 21 c2
Event: 2.963 Thread 0x0000027a979ff800 Uncommon trap: reason=null_check action=make_not_entrant pc=0x0000027a87b93928 method=java.net.URL.getURLStreamHandler(Ljava/lang/String;)Ljava/net/URLStreamHandler; @ 7 c2
Event: 2.966 Thread 0x0000027a979ff800 Uncommon trap: reason=speculate_class_check action=maybe_recompile pc=0x0000027a87bfaa8c method=java.util.zip.InflaterInputStream.read([BII)I @ 100 c2
Event: 2.966 Thread 0x0000027a979ff800 Uncommon trap: reason=speculate_class_check action=maybe_recompile pc=0x0000027a87bfaa8c method=java.util.zip.InflaterInputStream.read([BII)I @ 100 c2
Event: 2.968 Thread 0x0000027a979ff800 Uncommon trap: reason=speculate_class_check action=maybe_recompile pc=0x0000027a87bfaa8c method=java.util.zip.InflaterInputStream.read([BII)I @ 100 c2
Event: 2.968 Thread 0x0000027a979ff800 Uncommon trap: reason=speculate_class_check action=maybe_recompile pc=0x0000027a87bfaa8c method=java.util.zip.InflaterInputStream.read([BII)I @ 100 c2

Classes redefined (0 events):
No events

Internal exceptions (10 events):
Event: 2.424 Thread 0x0000027a979ff800 Exception <a 'java/lang/NoSuchMethodError'{0x0000000713f055a8}: java.lang.invoke.DirectMethodHandle$Holder.invokeSpecialIFC(Ljava/lang/Object;Ljava/lang/Object;Ljava/lang/Object;)Ljava/lang/Object;> (0x0000000713f055a8) thrown at [./open/src/hotspot/share
Event: 2.498 Thread 0x0000027a979ff800 Exception <a 'java/lang/NoSuchMethodError'{0x000000071396f748}: java.lang.invoke.DirectMethodHandle$Holder.invokeInterface(Ljava/lang/Object;Ljava/lang/Object;I)V> (0x000000071396f748) thrown at [./open/src/hotspot/share/interpreter/linkResolver.cpp, line
Event: 2.503 Thread 0x0000027a979ff800 Exception <a 'java/lang/IncompatibleClassChangeError'{0x00000007139ba808}: Found class java.lang.Object, but interface was expected> (0x00000007139ba808) thrown at [./open/src/hotspot/share/interpreter/linkResolver.cpp, line 838]
Event: 2.503 Thread 0x0000027a979ff800 Exception <a 'java/lang/NoSuchMethodError'{0x00000007139bf6a8}: java.lang.invoke.DirectMethodHandle$Holder.invokeStatic(Ljava/lang/Object;ILjava/lang/Object;)V> (0x00000007139bf6a8) thrown at [./open/src/hotspot/share/interpreter/linkResolver.cpp, line 77
Event: 2.584 Thread 0x0000027a979ff800 Exception <a 'java/lang/NoSuchMethodError'{0x0000000713248880}: java.lang.invoke.DirectMethodHandle$Holder.invokeStaticInit(Ljava/lang/Object;IIII)Ljava/lang/Object;> (0x0000000713248880) thrown at [./open/src/hotspot/share/interpreter/linkResolver.cpp, l
Event: 2.753 Thread 0x0000027a979ff800 Exception <a 'java/lang/NoSuchMethodError'{0x0000000713117f90}: java.lang.invoke.DirectMethodHandle$Holder.invokeStaticInit(Ljava/lang/Object;Ljava/lang/Object;IIII)Ljava/lang/Object;> (0x0000000713117f90) thrown at [./open/src/hotspot/share/interpreter/l
Event: 2.918 Thread 0x0000027a979ff800 Exception <a 'sun/nio/fs/WindowsException'{0x000000070f013b70}> (0x000000070f013b70) thrown at [./open/src/hotspot/share/prims/jni.cpp, line 611]
Event: 2.919 Thread 0x0000027a979ff800 Exception <a 'sun/nio/fs/WindowsException'{0x000000070f019980}> (0x000000070f019980) thrown at [./open/src/hotspot/share/prims/jni.cpp, line 611]
Event: 2.919 Thread 0x0000027a979ff800 Exception <a 'sun/nio/fs/WindowsException'{0x000000070f01a058}> (0x000000070f01a058) thrown at [./open/src/hotspot/share/prims/jni.cpp, line 611]
Event: 2.963 Thread 0x0000027a979ff800 Implicit null exception at 0x0000027a87b91834 to 0x0000027a87b93910

Events (10 events):
Event: 2.967 loading class org/apache/catalina/util/ManifestResource done
Event: 2.968 Thread 0x0000027a979ff800 Uncommon trap: trap_request=0xffffff6e fr.pc=0x0000027a87bfaa8c relative=0x00000000000014ec
Event: 2.968 Thread 0x0000027a979ff800 DEOPT PACKING pc=0x0000027a87bfaa8c sp=0x000000b83befca00
Event: 2.968 Thread 0x0000027a979ff800 DEOPT UNPACKING pc=0x0000027a800083af sp=0x000000b83befca60 mode 2
Event: 2.968 Thread 0x0000027a979ff800 Uncommon trap: trap_request=0xffffff6e fr.pc=0x0000027a87bfaa8c relative=0x00000000000014ec
Event: 2.968 Thread 0x0000027a979ff800 DEOPT PACKING pc=0x0000027a87bfaa8c sp=0x000000b83befc840
Event: 2.968 Thread 0x0000027a979ff800 DEOPT UNPACKING pc=0x0000027a800083af sp=0x000000b83befc8a0 mode 2
Event: 2.970 loading class org/apache/catalina/util/Extension
Event: 2.970 loading class org/apache/catalina/util/Extension done
Event: 3.000 Executing VM operation: G1CollectForAllocation


Dynamic libraries:
0x00007ff7c8a20000 - 0x00007ff7c8a2f000 	C:\Program Files\Java\jdk-11.0.12\bin\java.exe
0x00007ffca39b0000 - 0x00007ffca3ba5000 	C:\windows\SYSTEM32\ntdll.dll
0x00007ffca3780000 - 0x00007ffca383e000 	C:\windows\System32\KERNEL32.DLL
0x00007ffca10d0000 - 0x00007ffca1398000 	C:\windows\System32\KERNELBASE.dll
0x00007ffca15c0000 - 0x00007ffca16c0000 	C:\windows\System32\ucrtbase.dll
0x00007ffc950b0000 - 0x00007ffc950c5000 	C:\Program Files\Java\jdk-11.0.12\bin\VCRUNTIME140.dll
0x00007ffc94ec0000 - 0x00007ffc94ed8000 	C:\Program Files\Java\jdk-11.0.12\bin\jli.dll
0x00007ffca35d0000 - 0x00007ffca367e000 	C:\windows\System32\ADVAPI32.dll
0x00007ffca36e0000 - 0x00007ffca377e000 	C:\windows\System32\msvcrt.dll
0x00007ffca23d0000 - 0x00007ffca246c000 	C:\windows\System32\sechost.dll
0x00007ffca1a70000 - 0x00007ffca1b95000 	C:\windows\System32\RPCRT4.dll
0x00007ffca1c50000 - 0x00007ffca1df0000 	C:\windows\System32\USER32.dll
0x00007ffca19e0000 - 0x00007ffca1a02000 	C:\windows\System32\win32u.dll
0x00007ffc88dc0000 - 0x00007ffc8905a000 	C:\windows\WinSxS\amd64_microsoft.windows.common-controls_6595b64144ccf1df_6.0.19041.1110_none_60b5254171f9507e\COMCTL32.dll
0x00007ffca35a0000 - 0x00007ffca35cb000 	C:\windows\System32\GDI32.dll
0x00007ffca1820000 - 0x00007ffca192b000 	C:\windows\System32\gdi32full.dll
0x00007ffca13a0000 - 0x00007ffca143d000 	C:\windows\System32\msvcp_win.dll
0x00007ffc93fe0000 - 0x00007ffc93fea000 	C:\windows\SYSTEM32\VERSION.dll
0x00007ffca2560000 - 0x00007ffca2590000 	C:\windows\System32\IMM32.DLL
0x00007ffc674f0000 - 0x00007ffc6758b000 	C:\Program Files\Java\jdk-11.0.12\bin\msvcp140.dll
0x00007ffc3cc70000 - 0x00007ffc3d76f000 	C:\Program Files\Java\jdk-11.0.12\bin\server\jvm.dll
0x00007ffca2960000 - 0x00007ffca2968000 	C:\windows\System32\PSAPI.DLL
0x00007ffc7fec0000 - 0x00007ffc7fec9000 	C:\windows\SYSTEM32\WSOCK32.dll
0x00007ffc866a0000 - 0x00007ffc866c7000 	C:\windows\SYSTEM32\WINMM.dll
0x00007ffca3530000 - 0x00007ffca359b000 	C:\windows\System32\WS2_32.dll
0x00007ffc9f970000 - 0x00007ffc9f982000 	C:\windows\SYSTEM32\kernel.appcore.dll
0x00007ffc98ce0000 - 0x00007ffc98cf0000 	C:\Program Files\Java\jdk-11.0.12\bin\verify.dll
0x00007ffc9f600000 - 0x00007ffc9f7e4000 	C:\windows\SYSTEM32\DBGHELP.DLL
0x00007ffc882f0000 - 0x00007ffc8831c000 	C:\windows\SYSTEM32\dbgcore.DLL
0x00007ffca1530000 - 0x00007ffca15b2000 	C:\windows\System32\bcryptPrimitives.dll
0x00007ffc94e90000 - 0x00007ffc94eb8000 	C:\Program Files\Java\jdk-11.0.12\bin\java.dll
0x00007ffc98bd0000 - 0x00007ffc98bda000 	C:\Program Files\Java\jdk-11.0.12\bin\jimage.dll
0x00007ffc96e20000 - 0x00007ffc96e2e000 	C:\Program Files\Java\jdk-11.0.12\bin\instrument.dll
0x00007ffc94c50000 - 0x00007ffc94c66000 	C:\Program Files\Java\jdk-11.0.12\bin\zip.dll
0x00007ffca2970000 - 0x00007ffca30b4000 	C:\windows\System32\SHELL32.dll
0x00007ffc9ec30000 - 0x00007ffc9f3c4000 	C:\windows\SYSTEM32\windows.storage.dll
0x00007ffca1df0000 - 0x00007ffca2144000 	C:\windows\System32\combase.dll
0x00007ffca0b30000 - 0x00007ffca0b5c000 	C:\windows\SYSTEM32\Wldp.dll
0x00007ffca2700000 - 0x00007ffca27ad000 	C:\windows\System32\SHCORE.dll
0x00007ffca2590000 - 0x00007ffca25e5000 	C:\windows\System32\shlwapi.dll
0x00007ffca1010000 - 0x00007ffca102f000 	C:\windows\SYSTEM32\profapi.dll
0x00007ffc94c10000 - 0x00007ffc94c29000 	C:\Program Files\Java\jdk-11.0.12\bin\net.dll
0x00007ffc97e20000 - 0x00007ffc97f29000 	C:\windows\SYSTEM32\WINHTTP.dll
0x00007ffca0890000 - 0x00007ffca08fa000 	C:\windows\system32\mswsock.dll
0x00007ffc805d0000 - 0x00007ffc805e2000 	C:\Program Files\Java\jdk-11.0.12\bin\nio.dll
0x00007ffc77bb0000 - 0x00007ffc77bca000 	C:\Program Files\JetBrains\IntelliJ IDEA Community Edition 2021.1.3\bin\breakgen64.dll
0x00007ffc962c0000 - 0x00007ffc962c9000 	C:\Program Files\Java\jdk-11.0.12\bin\management.dll
0x00007ffc94c40000 - 0x00007ffc94c4b000 	C:\Program Files\Java\jdk-11.0.12\bin\management_ext.dll
0x00007ffc83a40000 - 0x00007ffc83a57000 	C:\windows\system32\napinsp.dll
0x00007ffc83a20000 - 0x00007ffc83a3b000 	C:\windows\system32\pnrpnsp.dll
0x00007ffc98040000 - 0x00007ffc98055000 	C:\windows\system32\wshbth.dll
0x00007ffc98aa0000 - 0x00007ffc98abd000 	C:\windows\system32\NLAapi.dll
0x00007ffca0530000 - 0x00007ffca056b000 	C:\windows\SYSTEM32\IPHLPAPI.DLL
0x00007ffca0580000 - 0x00007ffca064a000 	C:\windows\SYSTEM32\DNSAPI.dll
0x00007ffca2340000 - 0x00007ffca2348000 	C:\windows\System32\NSI.dll
0x00007ffc836a0000 - 0x00007ffc836b2000 	C:\windows\System32\winrnr.dll
0x00007ffc94080000 - 0x00007ffc9408a000 	C:\Windows\System32\rasadhlp.dll
0x00007ffc93610000 - 0x00007ffc9368f000 	C:\windows\System32\fwpuclnt.dll
0x00007ffca1500000 - 0x00007ffca1527000 	C:\windows\System32\bcrypt.dll
0x00007ffca0a80000 - 0x00007ffca0a98000 	C:\windows\SYSTEM32\CRYPTSP.dll
0x00007ffca01a0000 - 0x00007ffca01d4000 	C:\windows\system32\rsaenh.dll
0x00007ffca0f90000 - 0x00007ffca0fbe000 	C:\windows\SYSTEM32\USERENV.dll
0x00007ffca0aa0000 - 0x00007ffca0aac000 	C:\windows\SYSTEM32\CRYPTBASE.dll
0x00007ffc968e0000 - 0x00007ffc968f7000 	C:\windows\SYSTEM32\dhcpcsvc6.DLL
0x00007ffc968c0000 - 0x00007ffc968dd000 	C:\windows\SYSTEM32\dhcpcsvc.DLL
0x00007ffc94a20000 - 0x00007ffc94a2d000 	C:\Program Files\Java\jdk-11.0.12\bin\sunmscapi.dll
0x00007ffca16c0000 - 0x00007ffca1816000 	C:\windows\System32\CRYPT32.dll
0x00007ffca0ba0000 - 0x00007ffca0bc7000 	C:\windows\SYSTEM32\ncrypt.dll
0x00007ffca0b60000 - 0x00007ffca0b9b000 	C:\windows\SYSTEM32\NTASN1.dll
0x00007ffc69080000 - 0x00007ffc690a5000 	C:\Program Files\Java\jdk-11.0.12\bin\sunec.dll

dbghelp: loaded successfully - version: 4.0.5 - missing functions: none
symbol engine: initialized successfully - sym options: 0x614 - pdb path: .;C:\Program Files\Java\jdk-11.0.12\bin;C:\windows\SYSTEM32;C:\windows\WinSxS\amd64_microsoft.windows.common-controls_6595b64144ccf1df_6.0.19041.1110_none_60b5254171f9507e;C:\Program Files\Java\jdk-11.0.12\bin\server;C:\Program Files\JetBrains\IntelliJ IDEA Community Edition 2021.1.3\bin

VM Arguments:
jvm_args: -javaagent:C:\Program Files\JetBrains\IntelliJ IDEA Community Edition 2021.1.3\lib\idea_rt.jar=12715:C:\Program Files\JetBrains\IntelliJ IDEA Community Edition 2021.1.3\bin -Dfile.encoding=UTF-8 
java_command: com.itstime.Booklog.BooklogApplication
java_class_path (initial): C:\Users\kate2\Desktop\ITs TIME\도르마무~\Book-log-Backend\out\production\classes;C:\Users\kate2\Desktop\ITs TIME\도르마무~\Book-log-Backend\out\production\resources;C:\Users\kate2\.gradle\caches\modules-2\files-2.1\org.springframework.boot\spring-boot-starter-data-jpa\2.6.5\8021867a0f7369de293dd15f6141aff375f8f736\spring-boot-starter-data-jpa-2.6.5.jar;C:\Users\kate2\.gradle\caches\modules-2\files-2.1\org.springframework.boot\spring-boot-starter-oauth2-client\2.6.5\77eacf3334e4876f8273f1c40da14fba51fab3f7\spring-boot-starter-oauth2-client-2.6.5.jar;C:\Users\kate2\.gradle\caches\modules-2\files-2.1\org.springframework.boot\spring-boot-starter-security\2.6.5\561069b6005bc6853f04e69227f63b05dc2dbeb0\spring-boot-starter-security-2.6.5.jar;C:\Users\kate2\.gradle\caches\modules-2\files-2.1\org.springframework.boot\spring-boot-starter-thymeleaf\2.6.5\6cff5a773aeac16ee05e9471070eb916c496cff\spring-boot-starter-thymeleaf-2.6.5.jar;C:\Users\kate2\.gradle\caches\modules-2\files-2.1\org.springframework.boot\spring-boot-starter-web\2.6.5\2fe510ed31c08e65265451a407607fe53666df0a\spring-boot-starter-web-2.6.5.jar;C:\Users\kate2\.gradle\caches\modules-2\files-2.1\org.thymeleaf.extras\thymeleaf-extras-springsecurity5\3.0.4.RELEASE\88bb10bf73ce285208dd848e8eb17f897ebb02d4\thymeleaf-extras-springsecurity5-3.0.4.RELEASE.jar;C:\Users\kate2\.gradle\caches\modules-2\files-2.1\org.springframework.boot\spring-boot-starter-validation\2.6.5\fe932ea58001a41aead76e81e16ff90eebaa77bf\spring-boot-starter-validation-2.6.5.jar;C:\Users\kate2\.gradle\caches\modules-2\files-2.1\org.springframework.boot\spring-boot-starter-aop\2.6.5\51278e3bde343e53e4ebd7bab3083cfc5af565cb\spring-boot-starter-aop-2.6.5.jar;C:\Users\kate2\.gradle\caches\modules-2\files-2.1\org.springframework.boot\spring-boot-starter-jdbc\2.6.5\6117f80dec65b70ee4fdd631d5fe28c4832de80e\spring-boot-starter-jdbc-2.6.5.jar;C:\Users\kate2\.gradle\caches\modules-2\files-2.1\jakarta.transaction\jakarta.transactio
Launcher Type: SUN_STANDARD

[Global flags]
     intx CICompilerCount                          = 4                                         {product} {ergonomic}
     uint ConcGCThreads                            = 2                                         {product} {ergonomic}
     uint G1ConcRefinementThreads                  = 8                                         {product} {ergonomic}
   size_t G1HeapRegionSize                         = 1048576                                   {product} {ergonomic}
    uintx GCDrainStackTargetSize                   = 64                                        {product} {ergonomic}
   size_t InitialHeapSize                          = 264241152                                 {product} {ergonomic}
   size_t MarkStackSize                            = 4194304                                   {product} {ergonomic}
   size_t MaxHeapSize                              = 4211081216                                {product} {ergonomic}
   size_t MaxNewSize                               = 2526019584                                {product} {ergonomic}
   size_t MinHeapDeltaBytes                        = 1048576                                   {product} {ergonomic}
    uintx NonNMethodCodeHeapSize                   = 5836300                                {pd product} {ergonomic}
    uintx NonProfiledCodeHeapSize                  = 122910970                              {pd product} {ergonomic}
    uintx ProfiledCodeHeapSize                     = 122910970                              {pd product} {ergonomic}
    uintx ReservedCodeCacheSize                    = 251658240                              {pd product} {ergonomic}
     bool SegmentedCodeCache                       = true                                      {product} {ergonomic}
     bool UseCompressedClassPointers               = true                                 {lp64_product} {ergonomic}
     bool UseCompressedOops                        = true                                 {lp64_product} {ergonomic}
     bool UseG1GC                                  = true                                      {product} {ergonomic}
     bool UseLargePagesIndividualAllocation        = false                                  {pd product} {ergonomic}

Logging:
Log output configuration:
 #0: stdout all=warning uptime,level,tags
 #1: stderr all=off uptime,level,tags

Environment Variables:
JAVA_HOME=C:\Program Files\Java\jdk-11.0.12
CLASSPATH=C:\Program Files\Java\jdk-11.0.12\lib
PATH=C:\Python310\Scripts\;C:\Python310\;C:\Users\kate2\apache-maven-3.8.3\bin;C:\ProgramData\chocolatey\bin;C:\Program Files\nodejs\;C:\Program Files\Git\cmd;C:\Program Files\MySQL\MySQL Shell 8.0\bin\;C:\Users\kate2\AppData\Local\Microsoft\WindowsApps;C:\Users\kate2\AppData\Local\Programs\Microsoft VS Code\bin;C:\Program Files\Java\jdk-11.0.12\bin;C:\Users\kate2\AppData\Roaming\npm
USERNAME=kate2
OS=Windows_NT
PROCESSOR_IDENTIFIER=Intel64 Family 6 Model 140 Stepping 1, GenuineIntel



---------------  S Y S T E M  ---------------

OS: Windows 10 , 64 bit Build 19041 (10.0.19041.1566)

CPU:total 8 (initial active 8) (4 cores per cpu, 2 threads per core) family 6 model 140 stepping 1 microcode 0x8a, cmov, cx8, fxsr, mmx, sse, sse2, sse3, ssse3, sse4.1, sse4.2, popcnt, avx, avx2, aes, clmul, erms, 3dnowpref, lzcnt, ht, tsc, tscinvbit, bmi1, bmi2, adx, evex, sha, fma

Memory: 4k page, system-wide physical 16057M (4750M free)
TotalPageFile size 18960M (AvailPageFile size 11M)
current process WorkingSet (physical memory assigned to process): 330M, peak: 334M
current process commit charge ("private bytes"): 475M, peak: 530M

vm_info: Java HotSpot(TM) 64-Bit Server VM (11.0.12+8-LTS-237) for windows-amd64 JRE (11.0.12+8-LTS-237), built on Jun  8 2021 11:25:59 by "mach5one" with MS VC++ 15.9 (VS2017)

END.
