#
# There is insufficient memory for the Java Runtime Environment to continue.
# Native memory allocation (malloc) failed to allocate 1868016 bytes for Chunk::new
# Possible reasons:
#   The system is out of physical RAM or swap space
#   The process is running with CompressedOops enabled, and the Java Heap may be blocking the growth of the native heap
# Possible solutions:
#   Reduce memory load on the system
#   Increase physical memory or swap space
#   Check if swap backing store is full
#   Decrease Java heap size (-Xmx/-Xms)
#   Decrease number of Java threads
#   Decrease Java thread stack sizes (-Xss)
#   Set larger code cache with -XX:ReservedCodeCacheSize=
#   JVM is running with Unscaled Compressed Oops mode in which the Java heap is
#     placed in the first 4GB address space. The Java Heap base address is the
#     maximum limit for the native heap growth. Please use -XX:HeapBaseMinAddress
#     to set the Java Heap base and to place the Java Heap above 4GB virtual address.
# This output file may be truncated or incomplete.
#
#  Out of Memory Error (./open/src/hotspot/share/memory/arena.cpp:197), pid=20272, tid=17436
#
# JRE version: Java(TM) SE Runtime Environment 18.9 (11.0.12+8) (build 11.0.12+8-LTS-237)
# Java VM: Java HotSpot(TM) 64-Bit Server VM 18.9 (11.0.12+8-LTS-237, mixed mode, tiered, compressed oops, g1 gc, windows-amd64)
# No core dump will be written. Minidumps are not enabled by default on client versions of Windows
#

---------------  S U M M A R Y ------------

Command Line: --add-opens=java.base/java.util=ALL-UNNAMED --add-opens=java.base/java.lang=ALL-UNNAMED --add-opens=java.base/java.lang.invoke=ALL-UNNAMED --add-opens=java.base/java.util=ALL-UNNAMED --add-opens=java.prefs/java.util.prefs=ALL-UNNAMED --add-opens=java.prefs/java.util.prefs=ALL-UNNAMED --add-opens=java.base/java.nio.charset=ALL-UNNAMED --add-opens=java.base/java.net=ALL-UNNAMED --add-opens=java.base/java.util.concurrent.atomic=ALL-UNNAMED -XX:MaxMetaspaceSize=256m -XX:+HeapDumpOnOutOfMemoryError -Xms256m -Xmx512m -Dfile.encoding=UTF-8 -Duser.country=KR -Duser.language=ko -Duser.variant org.gradle.launcher.daemon.bootstrap.GradleDaemon 7.4.1

Host: 11th Gen Intel(R) Core(TM) i7-1165G7 @ 2.80GHz, 8 cores, 15G,  Windows 10 , 64 bit Build 19041 (10.0.19041.1566)
Time: Tue Apr  5 03:50:38 2022 대한민국 표준시 elapsed time: 3.422541 seconds (0d 0h 0m 3s)

---------------  T H R E A D  ---------------

Current thread (0x00000196c2056800):  JavaThread "C2 CompilerThread1" daemon [_thread_in_native, id=17436, stack(0x00000016dc900000,0x00000016dca00000)]


Current CompileTask:
C2:   3422 4061       4       java.lang.invoke.MethodType::makeImpl (108 bytes)

Stack: [0x00000016dc900000,0x00000016dca00000]
Native frames: (J=compiled Java code, j=interpreted, Vv=VM code, C=native code)
V  [jvm.dll+0x617d9a]
V  [jvm.dll+0x74eeef]
V  [jvm.dll+0x750599]
V  [jvm.dll+0x750c23]
V  [jvm.dll+0x2438d8]
V  [jvm.dll+0xba6dc]
V  [jvm.dll+0xbac9c]
V  [jvm.dll+0x3469b7]
V  [jvm.dll+0x3147a3]
V  [jvm.dll+0x313aea]
V  [jvm.dll+0x1fd105]
V  [jvm.dll+0x1fc2ed]
V  [jvm.dll+0x17f18c]
V  [jvm.dll+0x20b87c]
V  [jvm.dll+0x20997b]
V  [jvm.dll+0x716359]
V  [jvm.dll+0x70f064]
V  [jvm.dll+0x616f66]
C  [ucrtbase.dll+0x21bb2]
C  [KERNEL32.DLL+0x17034]
C  [ntdll.dll+0x52651]


---------------  P R O C E S S  ---------------

Threads class SMR info:
_java_thread_list=0x00000196c7401ff0, length=62, elements={
0x00000196a5ed8000, 0x00000196c140f000, 0x00000196c1434800, 0x00000196c1457000,
0x00000196c1caa800, 0x00000196c1cab800, 0x00000196c1cb0000, 0x00000196c1cb5000,
0x00000196c1cbf000, 0x00000196c1e27800, 0x00000196c2056800, 0x00000196c320f800,
0x00000196c48ca800, 0x00000196c2f2c800, 0x00000196c37fa800, 0x00000196c3c26800,
0x00000196c5472000, 0x00000196c3e02800, 0x00000196c33ff800, 0x00000196c52bb800,
0x00000196c42f9000, 0x00000196c428e000, 0x00000196c48ba000, 0x00000196c48bb800,
0x00000196c48bf000, 0x00000196c48b9800, 0x00000196c48bb000, 0x00000196c48be000,
0x00000196c48bc800, 0x00000196c48bd800, 0x00000196c48c0000, 0x00000196c3fa4800,
0x00000196c3fa7000, 0x00000196c3fa5000, 0x00000196c3fa6000, 0x00000196c3fa7800,
0x00000196c3fab800, 0x00000196c3fab000, 0x00000196c3fae000, 0x00000196c3faf000,
0x00000196c3fb0000, 0x00000196c3fb0800, 0x00000196c3fb1800, 0x00000196c3fb2800,
0x00000196c6ed7800, 0x00000196c6ed9800, 0x00000196c6ed6000, 0x00000196c6ed5800,
0x00000196c6ed8800, 0x00000196c6ed7000, 0x00000196c6eda000, 0x00000196c6edf000,
0x00000196c6edd800, 0x00000196c6ee0800, 0x00000196c6edc800, 0x00000196c6ee0000,
0x00000196c6ede800, 0x00000196c6edb000, 0x00000196c6ee1800, 0x00000196c6edc000,
0x00000196c6ee2800, 0x00000196c6ee3000
}

Java Threads: ( => current thread )
  0x00000196a5ed8000 JavaThread "main" [_thread_blocked, id=13608, stack(0x00000016db800000,0x00000016db900000)]
  0x00000196c140f000 JavaThread "Reference Handler" daemon [_thread_blocked, id=5792, stack(0x00000016dbf00000,0x00000016dc000000)]
  0x00000196c1434800 JavaThread "Finalizer" daemon [_thread_blocked, id=1968, stack(0x00000016dc000000,0x00000016dc100000)]
  0x00000196c1457000 JavaThread "Signal Dispatcher" daemon [_thread_blocked, id=8552, stack(0x00000016dc100000,0x00000016dc200000)]
  0x00000196c1caa800 JavaThread "Attach Listener" daemon [_thread_blocked, id=12636, stack(0x00000016dc200000,0x00000016dc300000)]
  0x00000196c1cab800 JavaThread "Service Thread" daemon [_thread_blocked, id=5032, stack(0x00000016dc300000,0x00000016dc400000)]
  0x00000196c1cb0000 JavaThread "C2 CompilerThread0" daemon [_thread_in_native, id=17356, stack(0x00000016dc400000,0x00000016dc500000)]
  0x00000196c1cb5000 JavaThread "C1 CompilerThread0" daemon [_thread_blocked, id=5552, stack(0x00000016dc500000,0x00000016dc600000)]
  0x00000196c1cbf000 JavaThread "Sweeper thread" daemon [_thread_blocked, id=19724, stack(0x00000016dc600000,0x00000016dc700000)]
  0x00000196c1e27800 JavaThread "Common-Cleaner" daemon [_thread_blocked, id=11340, stack(0x00000016dc700000,0x00000016dc800000)]
=>0x00000196c2056800 JavaThread "C2 CompilerThread1" daemon [_thread_in_native, id=17436, stack(0x00000016dc900000,0x00000016dca00000)]
  0x00000196c320f800 JavaThread "C2 CompilerThread2" daemon [_thread_blocked, id=18824, stack(0x00000016dcf00000,0x00000016dd000000)]
  0x00000196c48ca800 JavaThread "Daemon health stats" [_thread_blocked, id=6708, stack(0x00000016dd000000,0x00000016dd100000)]
  0x00000196c2f2c800 JavaThread "Incoming local TCP Connector on port 2122" [_thread_in_native, id=5668, stack(0x00000016dd100000,0x00000016dd200000)]
  0x00000196c37fa800 JavaThread "Daemon periodic checks" [_thread_blocked, id=10768, stack(0x00000016dd200000,0x00000016dd300000)]
  0x00000196c3c26800 JavaThread "Daemon" [_thread_blocked, id=11964, stack(0x00000016dd300000,0x00000016dd400000)]
  0x00000196c5472000 JavaThread "Handler for socket connection from /127.0.0.1:2122 to /127.0.0.1:2123" [_thread_in_native, id=2840, stack(0x00000016dd400000,0x00000016dd500000)]
  0x00000196c3e02800 JavaThread "Cancel handler" [_thread_blocked, id=11688, stack(0x00000016dd500000,0x00000016dd600000)]
  0x00000196c33ff800 JavaThread "Daemon worker" [_thread_in_Java, id=1252, stack(0x00000016dd600000,0x00000016dd700000)]
  0x00000196c52bb800 JavaThread "Asynchronous log dispatcher for DefaultDaemonConnection: socket connection from /127.0.0.1:2122 to /127.0.0.1:2123" [_thread_blocked, id=17200, stack(0x00000016dd700000,0x00000016dd800000)]
  0x00000196c42f9000 JavaThread "Stdin handler" [_thread_blocked, id=19988, stack(0x00000016dd800000,0x00000016dd900000)]
  0x00000196c428e000 JavaThread "Daemon client event forwarder" [_thread_blocked, id=7132, stack(0x00000016dd900000,0x00000016dda00000)]
  0x00000196c48ba000 JavaThread "Cache worker for journal cache (C:\Users\kate2\.gradle\caches\journal-1)" [_thread_blocked, id=18884, stack(0x00000016dda00000,0x00000016ddb00000)]
  0x00000196c48bb800 JavaThread "File lock request listener" [_thread_in_native, id=19156, stack(0x00000016ddb00000,0x00000016ddc00000)]
  0x00000196c48bf000 JavaThread "Cache worker for file hash cache (C:\Users\kate2\.gradle\caches\7.4.1\fileHashes)" [_thread_blocked, id=11472, stack(0x00000016ddc00000,0x00000016ddd00000)]
  0x00000196c48b9800 JavaThread "File watcher server" daemon [_thread_in_native, id=18808, stack(0x00000016de000000,0x00000016de100000)]
  0x00000196c48bb000 JavaThread "File watcher consumer" daemon [_thread_blocked, id=18476, stack(0x00000016de100000,0x00000016de200000)]
  0x00000196c48be000 JavaThread "Cache worker for checksums cache (C:\Users\kate2\Desktop\Book-log-Backend\.gradle\7.4.1\checksums)" [_thread_blocked, id=7748, stack(0x00000016de200000,0x00000016de300000)]
  0x00000196c48bc800 JavaThread "Cache worker for cache directory md-rule (C:\Users\kate2\.gradle\caches\7.4.1\md-rule)" [_thread_blocked, id=8536, stack(0x00000016de300000,0x00000016de400000)]
  0x00000196c48bd800 JavaThread "Cache worker for file hash cache (C:\Users\kate2\Desktop\Book-log-Backend\.gradle\7.4.1\fileHashes)" [_thread_blocked, id=8740, stack(0x00000016de400000,0x00000016de500000)]
  0x00000196c48c0000 JavaThread "Cache worker for cache directory md-supplier (C:\Users\kate2\.gradle\caches\7.4.1\md-supplier)" [_thread_blocked, id=19608, stack(0x00000016de500000,0x00000016de600000)]
  0x00000196c3fa4800 JavaThread "Cache worker for execution history cache (C:\Users\kate2\.gradle\caches\7.4.1\executionHistory)" [_thread_blocked, id=12520, stack(0x00000016de600000,0x00000016de700000)]
  0x00000196c3fa7000 JavaThread "jar transforms" [_thread_blocked, id=10064, stack(0x00000016de700000,0x00000016de800000)]
  0x00000196c3fa5000 JavaThread "jar transforms Thread 2" [_thread_blocked, id=10432, stack(0x00000016de800000,0x00000016de900000)]
  0x00000196c3fa6000 JavaThread "Cache worker for file content cache (C:\Users\kate2\.gradle\caches\7.4.1\fileContent)" [_thread_blocked, id=17372, stack(0x00000016de900000,0x00000016dea00000)]
  0x00000196c3fa7800 JavaThread "jar transforms Thread 3" [_thread_blocked, id=3872, stack(0x00000016dea00000,0x00000016deb00000)]
  0x00000196c3fab800 JavaThread "jar transforms Thread 4" [_thread_blocked, id=10140, stack(0x00000016deb00000,0x00000016dec00000)]
  0x00000196c3fab000 JavaThread "jar transforms Thread 5" [_thread_blocked, id=6004, stack(0x00000016dec00000,0x00000016ded00000)]
  0x00000196c3fae000 JavaThread "jar transforms Thread 6" [_thread_blocked, id=6376, stack(0x00000016ded00000,0x00000016dee00000)]
  0x00000196c3faf000 JavaThread "jar transforms Thread 7" [_thread_blocked, id=17888, stack(0x00000016dee00000,0x00000016def00000)]
  0x00000196c3fb0000 JavaThread "jar transforms Thread 8" [_thread_blocked, id=832, stack(0x00000016def00000,0x00000016df000000)]
  0x00000196c3fb0800 JavaThread "Cache worker for dependencies-accessors (C:\Users\kate2\Desktop\Book-log-Backend\.gradle\7.4.1\dependencies-accessors)" [_thread_blocked, id=17500, stack(0x00000016df000000,0x00000016df100000)]
  0x00000196c3fb1800 JavaThread "Cache worker for Build Output Cleanup Cache (C:\Users\kate2\Desktop\Book-log-Backend\.gradle\buildOutputCleanup)" [_thread_blocked, id=15136, stack(0x00000016df100000,0x00000016df200000)]
  0x00000196c3fb2800 JavaThread "Unconstrained build operations" [_thread_blocked, id=15384, stack(0x00000016df200000,0x00000016df300000)]
  0x00000196c6ed7800 JavaThread "Unconstrained build operations Thread 2" [_thread_blocked, id=11936, stack(0x00000016df300000,0x00000016df400000)]
  0x00000196c6ed9800 JavaThread "Unconstrained build operations Thread 3" [_thread_blocked, id=7324, stack(0x00000016df400000,0x00000016df500000)]
  0x00000196c6ed6000 JavaThread "Unconstrained build operations Thread 4" [_thread_blocked, id=19084, stack(0x00000016df500000,0x00000016df600000)]
  0x00000196c6ed5800 JavaThread "Unconstrained build operations Thread 5" [_thread_blocked, id=2144, stack(0x00000016df600000,0x00000016df700000)]
  0x00000196c6ed8800 JavaThread "Unconstrained build operations Thread 6" [_thread_blocked, id=7188, stack(0x00000016df700000,0x00000016df800000)]
  0x00000196c6ed7000 JavaThread "Unconstrained build operations Thread 7" [_thread_blocked, id=3280, stack(0x00000016df800000,0x00000016df900000)]
  0x00000196c6eda000 JavaThread "Unconstrained build operations Thread 8" [_thread_blocked, id=20044, stack(0x00000016df900000,0x00000016dfa00000)]
  0x00000196c6edf000 JavaThread "Unconstrained build operations Thread 9" [_thread_blocked, id=15500, stack(0x00000016dfa00000,0x00000016dfb00000)]
  0x00000196c6edd800 JavaThread "Unconstrained build operations Thread 10" [_thread_blocked, id=1668, stack(0x00000016dfb00000,0x00000016dfc00000)]
  0x00000196c6ee0800 JavaThread "Unconstrained build operations Thread 11" [_thread_blocked, id=9284, stack(0x00000016dfc00000,0x00000016dfd00000)]
  0x00000196c6edc800 JavaThread "Unconstrained build operations Thread 12" [_thread_blocked, id=18828, stack(0x00000016dfd00000,0x00000016dfe00000)]
  0x00000196c6ee0000 JavaThread "Unconstrained build operations Thread 13" [_thread_blocked, id=19052, stack(0x00000016dfe00000,0x00000016dff00000)]
  0x00000196c6ede800 JavaThread "Unconstrained build operations Thread 14" [_thread_blocked, id=14432, stack(0x00000016dff00000,0x00000016e0000000)]
  0x00000196c6edb000 JavaThread "Unconstrained build operations Thread 15" [_thread_blocked, id=14304, stack(0x00000016e0000000,0x00000016e0100000)]
  0x00000196c6ee1800 JavaThread "Unconstrained build operations Thread 16" [_thread_blocked, id=16924, stack(0x00000016e0100000,0x00000016e0200000)]
  0x00000196c6edc000 JavaThread "Unconstrained build operations Thread 17" [_thread_blocked, id=12700, stack(0x00000016e0200000,0x00000016e0300000)]
  0x00000196c6ee2800 JavaThread "Unconstrained build operations Thread 18" [_thread_blocked, id=10508, stack(0x00000016e0300000,0x00000016e0400000)]
  0x00000196c6ee3000 JavaThread "Unconstrained build operations Thread 19" [_thread_blocked, id=18656, stack(0x00000016e0400000,0x00000016e0500000)]

Other Threads:
  0x00000196c140d000 VMThread "VM Thread" [stack: 0x00000016dbe00000,0x00000016dbf00000] [id=14024]
  0x00000196c1e8f800 WatcherThread [stack: 0x00000016dc800000,0x00000016dc900000] [id=17692]
  0x00000196a5ef0800 GCTaskThread "GC Thread#0" [stack: 0x00000016db900000,0x00000016dba00000] [id=15304]
  0x00000196c295e000 GCTaskThread "GC Thread#1" [stack: 0x00000016dca00000,0x00000016dcb00000] [id=32]
  0x00000196c2f39800 GCTaskThread "GC Thread#2" [stack: 0x00000016dcb00000,0x00000016dcc00000] [id=12352]
  0x00000196c2aaa000 GCTaskThread "GC Thread#3" [stack: 0x00000016dcc00000,0x00000016dcd00000] [id=12584]
  0x00000196c2ac7000 GCTaskThread "GC Thread#4" [stack: 0x00000016dcd00000,0x00000016dce00000] [id=15176]
  0x00000196c2916000 GCTaskThread "GC Thread#5" [stack: 0x00000016dce00000,0x00000016dcf00000] [id=10120]
  0x00000196c3cc3800 GCTaskThread "GC Thread#6" [stack: 0x00000016ddd00000,0x00000016dde00000] [id=18216]
  0x00000196c320f000 GCTaskThread "GC Thread#7" [stack: 0x00000016dde00000,0x00000016ddf00000] [id=15368]
  0x00000196a5f03800 ConcurrentGCThread "G1 Main Marker" [stack: 0x00000016dba00000,0x00000016dbb00000] [id=14368]
  0x00000196a5f05000 ConcurrentGCThread "G1 Conc#0" [stack: 0x00000016dbb00000,0x00000016dbc00000] [id=10724]
  0x00000196c3ee2000 ConcurrentGCThread "G1 Conc#1" [stack: 0x00000016ddf00000,0x00000016de000000] [id=2600]
  0x00000196c12aa800 ConcurrentGCThread "G1 Refine#0" [stack: 0x00000016dbc00000,0x00000016dbd00000] [id=17648]
  0x00000196c12ab000 ConcurrentGCThread "G1 Young RemSet Sampling" [stack: 0x00000016dbd00000,0x00000016dbe00000] [id=19240]

Threads with active compile tasks:
C2 CompilerThread0   3437 3871       4       org.gradle.internal.service.DefaultServiceRegistry$OwnServices::getService (309 bytes)
C2 CompilerThread1   3437 4061       4       java.lang.invoke.MethodType::makeImpl (108 bytes)

VM state:not at safepoint (normal execution)

VM Mutex/Monitor currently owned by a thread: None

Heap address: 0x00000000e0000000, size: 512 MB, Compressed Oops mode: 32-bit
Narrow klass base: 0x0000000000000000, Narrow klass shift: 3
Compressed class space size: 260046848 Address: 0x0000000100000000

Heap:
 garbage-first heap   total 262144K, used 64196K [0x00000000e0000000, 0x0000000100000000)
  region size 1024K, 48 young (49152K), 14 survivors (14336K)
 Metaspace       used 48322K, capacity 49608K, committed 49740K, reserved 296960K
  class space    used 6255K, capacity 6729K, committed 6784K, reserved 253952K
Heap Regions: E=young(eden), S=young(survivor), O=old, HS=humongous(starts), HC=humongous(continues), CS=collection set, F=free, A=archive, TAMS=top-at-mark-start (previous, next)
|   0|0x00000000e0000000, 0x00000000e0100000, 0x00000000e0100000|100%| O|  |TAMS 0x00000000e0100000, 0x00000000e0000000| Untracked 
|   1|0x00000000e0100000, 0x00000000e0200000, 0x00000000e0200000|100%| O|  |TAMS 0x00000000e0200000, 0x00000000e0100000| Untracked 
|   2|0x00000000e0200000, 0x00000000e0300000, 0x00000000e0300000|100%| O|  |TAMS 0x00000000e0300000, 0x00000000e0200000| Untracked 
|   3|0x00000000e0300000, 0x00000000e0400000, 0x00000000e0400000|100%|HS|  |TAMS 0x00000000e0400000, 0x00000000e0300000| Complete 
|   4|0x00000000e0400000, 0x00000000e0500000, 0x00000000e0500000|100%|HC|  |TAMS 0x00000000e0500000, 0x00000000e0400000| Complete 
|   5|0x00000000e0500000, 0x00000000e0600000, 0x00000000e0600000|100%|HC|  |TAMS 0x00000000e0600000, 0x00000000e0500000| Complete 
|   6|0x00000000e0600000, 0x00000000e0700000, 0x00000000e0700000|100%| O|  |TAMS 0x00000000e0700000, 0x00000000e0600000| Untracked 
|   7|0x00000000e0700000, 0x00000000e0800000, 0x00000000e0800000|100%| O|  |TAMS 0x00000000e0800000, 0x00000000e0700000| Untracked 
|   8|0x00000000e0800000, 0x00000000e0900000, 0x00000000e0900000|100%| O|  |TAMS 0x00000000e0900000, 0x00000000e0800000| Untracked 
|   9|0x00000000e0900000, 0x00000000e0a00000, 0x00000000e0a00000|100%| O|  |TAMS 0x00000000e0a00000, 0x00000000e0900000| Untracked 
|  10|0x00000000e0a00000, 0x00000000e0b00000, 0x00000000e0b00000|100%| O|  |TAMS 0x00000000e0b00000, 0x00000000e0a00000| Untracked 
|  11|0x00000000e0b00000, 0x00000000e0c00000, 0x00000000e0c00000|100%| O|  |TAMS 0x00000000e0c00000, 0x00000000e0b00000| Untracked 
|  12|0x00000000e0c00000, 0x00000000e0d00000, 0x00000000e0d00000|100%| O|  |TAMS 0x00000000e0d00000, 0x00000000e0c00000| Untracked 
|  13|0x00000000e0d00000, 0x00000000e0e00000, 0x00000000e0e00000|100%| O|  |TAMS 0x00000000e0e00000, 0x00000000e0d00000| Untracked 
|  14|0x00000000e0e00000, 0x00000000e0f00000, 0x00000000e0f00000|100%| O|  |TAMS 0x00000000e0f00000, 0x00000000e0e00000| Untracked 
|  15|0x00000000e0f00000, 0x00000000e1000000, 0x00000000e1000000|100%| O|  |TAMS 0x00000000e1000000, 0x00000000e0f00000| Untracked 
|  16|0x00000000e1000000, 0x00000000e1026800, 0x00000000e1100000| 15%| O|  |TAMS 0x00000000e1026800, 0x00000000e1000000| Untracked 
|  17|0x00000000e1100000, 0x00000000e1100000, 0x00000000e1200000|  0%| F|  |TAMS 0x00000000e1100000, 0x00000000e1100000| Untracked 
|  18|0x00000000e1200000, 0x00000000e1200000, 0x00000000e1300000|  0%| F|  |TAMS 0x00000000e1200000, 0x00000000e1200000| Untracked 
|  19|0x00000000e1300000, 0x00000000e1300000, 0x00000000e1400000|  0%| F|  |TAMS 0x00000000e1300000, 0x00000000e1300000| Untracked 
|  20|0x00000000e1400000, 0x00000000e1400000, 0x00000000e1500000|  0%| F|  |TAMS 0x00000000e1400000, 0x00000000e1400000| Untracked 
|  21|0x00000000e1500000, 0x00000000e1500000, 0x00000000e1600000|  0%| F|  |TAMS 0x00000000e1500000, 0x00000000e1500000| Untracked 
|  22|0x00000000e1600000, 0x00000000e1600000, 0x00000000e1700000|  0%| F|  |TAMS 0x00000000e1600000, 0x00000000e1600000| Untracked 
|  23|0x00000000e1700000, 0x00000000e1700000, 0x00000000e1800000|  0%| F|  |TAMS 0x00000000e1700000, 0x00000000e1700000| Untracked 
|  24|0x00000000e1800000, 0x00000000e1800000, 0x00000000e1900000|  0%| F|  |TAMS 0x00000000e1800000, 0x00000000e1800000| Untracked 
|  25|0x00000000e1900000, 0x00000000e1900000, 0x00000000e1a00000|  0%| F|  |TAMS 0x00000000e1900000, 0x00000000e1900000| Untracked 
|  26|0x00000000e1a00000, 0x00000000e1a00000, 0x00000000e1b00000|  0%| F|  |TAMS 0x00000000e1a00000, 0x00000000e1a00000| Untracked 
|  27|0x00000000e1b00000, 0x00000000e1b00000, 0x00000000e1c00000|  0%| F|  |TAMS 0x00000000e1b00000, 0x00000000e1b00000| Untracked 
|  28|0x00000000e1c00000, 0x00000000e1c00000, 0x00000000e1d00000|  0%| F|  |TAMS 0x00000000e1c00000, 0x00000000e1c00000| Untracked 
|  29|0x00000000e1d00000, 0x00000000e1d00000, 0x00000000e1e00000|  0%| F|  |TAMS 0x00000000e1d00000, 0x00000000e1d00000| Untracked 
|  30|0x00000000e1e00000, 0x00000000e1e00000, 0x00000000e1f00000|  0%| F|  |TAMS 0x00000000e1e00000, 0x00000000e1e00000| Untracked 
|  31|0x00000000e1f00000, 0x00000000e1f00000, 0x00000000e2000000|  0%| F|  |TAMS 0x00000000e1f00000, 0x00000000e1f00000| Untracked 
|  32|0x00000000e2000000, 0x00000000e2000000, 0x00000000e2100000|  0%| F|  |TAMS 0x00000000e2000000, 0x00000000e2000000| Untracked 
|  33|0x00000000e2100000, 0x00000000e2100000, 0x00000000e2200000|  0%| F|  |TAMS 0x00000000e2100000, 0x00000000e2100000| Untracked 
|  34|0x00000000e2200000, 0x00000000e2200000, 0x00000000e2300000|  0%| F|  |TAMS 0x00000000e2200000, 0x00000000e2200000| Untracked 
|  35|0x00000000e2300000, 0x00000000e2300000, 0x00000000e2400000|  0%| F|  |TAMS 0x00000000e2300000, 0x00000000e2300000| Untracked 
|  36|0x00000000e2400000, 0x00000000e2400000, 0x00000000e2500000|  0%| F|  |TAMS 0x00000000e2400000, 0x00000000e2400000| Untracked 
|  37|0x00000000e2500000, 0x00000000e2500000, 0x00000000e2600000|  0%| F|  |TAMS 0x00000000e2500000, 0x00000000e2500000| Untracked 
|  38|0x00000000e2600000, 0x00000000e2600000, 0x00000000e2700000|  0%| F|  |TAMS 0x00000000e2600000, 0x00000000e2600000| Untracked 
|  39|0x00000000e2700000, 0x00000000e2700000, 0x00000000e2800000|  0%| F|  |TAMS 0x00000000e2700000, 0x00000000e2700000| Untracked 
|  40|0x00000000e2800000, 0x00000000e2800000, 0x00000000e2900000|  0%| F|  |TAMS 0x00000000e2800000, 0x00000000e2800000| Untracked 
|  41|0x00000000e2900000, 0x00000000e2900000, 0x00000000e2a00000|  0%| F|  |TAMS 0x00000000e2900000, 0x00000000e2900000| Untracked 
|  42|0x00000000e2a00000, 0x00000000e2a00000, 0x00000000e2b00000|  0%| F|  |TAMS 0x00000000e2a00000, 0x00000000e2a00000| Untracked 
|  43|0x00000000e2b00000, 0x00000000e2b00000, 0x00000000e2c00000|  0%| F|  |TAMS 0x00000000e2b00000, 0x00000000e2b00000| Untracked 
|  44|0x00000000e2c00000, 0x00000000e2c00000, 0x00000000e2d00000|  0%| F|  |TAMS 0x00000000e2c00000, 0x00000000e2c00000| Untracked 
|  45|0x00000000e2d00000, 0x00000000e2d00000, 0x00000000e2e00000|  0%| F|  |TAMS 0x00000000e2d00000, 0x00000000e2d00000| Untracked 
|  46|0x00000000e2e00000, 0x00000000e2e00000, 0x00000000e2f00000|  0%| F|  |TAMS 0x00000000e2e00000, 0x00000000e2e00000| Untracked 
|  47|0x00000000e2f00000, 0x00000000e2f00000, 0x00000000e3000000|  0%| F|  |TAMS 0x00000000e2f00000, 0x00000000e2f00000| Untracked 
|  48|0x00000000e3000000, 0x00000000e3000000, 0x00000000e3100000|  0%| F|  |TAMS 0x00000000e3000000, 0x00000000e3000000| Untracked 
|  49|0x00000000e3100000, 0x00000000e3100000, 0x00000000e3200000|  0%| F|  |TAMS 0x00000000e3100000, 0x00000000e3100000| Untracked 
|  50|0x00000000e3200000, 0x00000000e3200000, 0x00000000e3300000|  0%| F|  |TAMS 0x00000000e3200000, 0x00000000e3200000| Untracked 
|  51|0x00000000e3300000, 0x00000000e3300000, 0x00000000e3400000|  0%| F|  |TAMS 0x00000000e3300000, 0x00000000e3300000| Untracked 
|  52|0x00000000e3400000, 0x00000000e3400000, 0x00000000e3500000|  0%| F|  |TAMS 0x00000000e3400000, 0x00000000e3400000| Untracked 
|  53|0x00000000e3500000, 0x00000000e3500000, 0x00000000e3600000|  0%| F|  |TAMS 0x00000000e3500000, 0x00000000e3500000| Untracked 
|  54|0x00000000e3600000, 0x00000000e3600000, 0x00000000e3700000|  0%| F|  |TAMS 0x00000000e3600000, 0x00000000e3600000| Untracked 
|  55|0x00000000e3700000, 0x00000000e3700000, 0x00000000e3800000|  0%| F|  |TAMS 0x00000000e3700000, 0x00000000e3700000| Untracked 
|  56|0x00000000e3800000, 0x00000000e3800000, 0x00000000e3900000|  0%| F|  |TAMS 0x00000000e3800000, 0x00000000e3800000| Untracked 
|  57|0x00000000e3900000, 0x00000000e3900000, 0x00000000e3a00000|  0%| F|  |TAMS 0x00000000e3900000, 0x00000000e3900000| Untracked 
|  58|0x00000000e3a00000, 0x00000000e3a00000, 0x00000000e3b00000|  0%| F|  |TAMS 0x00000000e3a00000, 0x00000000e3a00000| Untracked 
|  59|0x00000000e3b00000, 0x00000000e3b00000, 0x00000000e3c00000|  0%| F|  |TAMS 0x00000000e3b00000, 0x00000000e3b00000| Untracked 
|  60|0x00000000e3c00000, 0x00000000e3c00000, 0x00000000e3d00000|  0%| F|  |TAMS 0x00000000e3c00000, 0x00000000e3c00000| Untracked 
|  61|0x00000000e3d00000, 0x00000000e3d00000, 0x00000000e3e00000|  0%| F|  |TAMS 0x00000000e3d00000, 0x00000000e3d00000| Untracked 
|  62|0x00000000e3e00000, 0x00000000e3e00000, 0x00000000e3f00000|  0%| F|  |TAMS 0x00000000e3e00000, 0x00000000e3e00000| Untracked 
|  63|0x00000000e3f00000, 0x00000000e3f00000, 0x00000000e4000000|  0%| F|  |TAMS 0x00000000e3f00000, 0x00000000e3f00000| Untracked 
|  64|0x00000000e4000000, 0x00000000e4000000, 0x00000000e4100000|  0%| F|  |TAMS 0x00000000e4000000, 0x00000000e4000000| Untracked 
|  65|0x00000000e4100000, 0x00000000e4100000, 0x00000000e4200000|  0%| F|  |TAMS 0x00000000e4100000, 0x00000000e4100000| Untracked 
|  66|0x00000000e4200000, 0x00000000e4200000, 0x00000000e4300000|  0%| F|  |TAMS 0x00000000e4200000, 0x00000000e4200000| Untracked 
|  67|0x00000000e4300000, 0x00000000e4300000, 0x00000000e4400000|  0%| F|  |TAMS 0x00000000e4300000, 0x00000000e4300000| Untracked 
|  68|0x00000000e4400000, 0x00000000e4400000, 0x00000000e4500000|  0%| F|  |TAMS 0x00000000e4400000, 0x00000000e4400000| Untracked 
|  69|0x00000000e4500000, 0x00000000e4500000, 0x00000000e4600000|  0%| F|  |TAMS 0x00000000e4500000, 0x00000000e4500000| Untracked 
|  70|0x00000000e4600000, 0x00000000e4600000, 0x00000000e4700000|  0%| F|  |TAMS 0x00000000e4600000, 0x00000000e4600000| Untracked 
|  71|0x00000000e4700000, 0x00000000e4700000, 0x00000000e4800000|  0%| F|  |TAMS 0x00000000e4700000, 0x00000000e4700000| Untracked 
|  72|0x00000000e4800000, 0x00000000e4800000, 0x00000000e4900000|  0%| F|  |TAMS 0x00000000e4800000, 0x00000000e4800000| Untracked 
|  73|0x00000000e4900000, 0x00000000e4900000, 0x00000000e4a00000|  0%| F|  |TAMS 0x00000000e4900000, 0x00000000e4900000| Untracked 
|  74|0x00000000e4a00000, 0x00000000e4a00000, 0x00000000e4b00000|  0%| F|  |TAMS 0x00000000e4a00000, 0x00000000e4a00000| Untracked 
|  75|0x00000000e4b00000, 0x00000000e4b00000, 0x00000000e4c00000|  0%| F|  |TAMS 0x00000000e4b00000, 0x00000000e4b00000| Untracked 
|  76|0x00000000e4c00000, 0x00000000e4c00000, 0x00000000e4d00000|  0%| F|  |TAMS 0x00000000e4c00000, 0x00000000e4c00000| Untracked 
|  77|0x00000000e4d00000, 0x00000000e4d00000, 0x00000000e4e00000|  0%| F|  |TAMS 0x00000000e4d00000, 0x00000000e4d00000| Untracked 
|  78|0x00000000e4e00000, 0x00000000e4e00000, 0x00000000e4f00000|  0%| F|  |TAMS 0x00000000e4e00000, 0x00000000e4e00000| Untracked 
|  79|0x00000000e4f00000, 0x00000000e4f00000, 0x00000000e5000000|  0%| F|  |TAMS 0x00000000e4f00000, 0x00000000e4f00000| Untracked 
|  80|0x00000000e5000000, 0x00000000e5000000, 0x00000000e5100000|  0%| F|  |TAMS 0x00000000e5000000, 0x00000000e5000000| Untracked 
|  81|0x00000000e5100000, 0x00000000e5100000, 0x00000000e5200000|  0%| F|  |TAMS 0x00000000e5100000, 0x00000000e5100000| Untracked 
|  82|0x00000000e5200000, 0x00000000e5200000, 0x00000000e5300000|  0%| F|  |TAMS 0x00000000e5200000, 0x00000000e5200000| Untracked 
|  83|0x00000000e5300000, 0x00000000e5300000, 0x00000000e5400000|  0%| F|  |TAMS 0x00000000e5300000, 0x00000000e5300000| Untracked 
|  84|0x00000000e5400000, 0x00000000e5400000, 0x00000000e5500000|  0%| F|  |TAMS 0x00000000e5400000, 0x00000000e5400000| Untracked 
|  85|0x00000000e5500000, 0x00000000e5500000, 0x00000000e5600000|  0%| F|  |TAMS 0x00000000e5500000, 0x00000000e5500000| Untracked 
|  86|0x00000000e5600000, 0x00000000e5600000, 0x00000000e5700000|  0%| F|  |TAMS 0x00000000e5600000, 0x00000000e5600000| Untracked 
|  87|0x00000000e5700000, 0x00000000e5700000, 0x00000000e5800000|  0%| F|  |TAMS 0x00000000e5700000, 0x00000000e5700000| Untracked 
|  88|0x00000000e5800000, 0x00000000e5800000, 0x00000000e5900000|  0%| F|  |TAMS 0x00000000e5800000, 0x00000000e5800000| Untracked 
|  89|0x00000000e5900000, 0x00000000e5900000, 0x00000000e5a00000|  0%| F|  |TAMS 0x00000000e5900000, 0x00000000e5900000| Untracked 
|  90|0x00000000e5a00000, 0x00000000e5a00000, 0x00000000e5b00000|  0%| F|  |TAMS 0x00000000e5a00000, 0x00000000e5a00000| Untracked 
|  91|0x00000000e5b00000, 0x00000000e5b00000, 0x00000000e5c00000|  0%| F|  |TAMS 0x00000000e5b00000, 0x00000000e5b00000| Untracked 
|  92|0x00000000e5c00000, 0x00000000e5c00000, 0x00000000e5d00000|  0%| F|  |TAMS 0x00000000e5c00000, 0x00000000e5c00000| Untracked 
|  93|0x00000000e5d00000, 0x00000000e5d00000, 0x00000000e5e00000|  0%| F|  |TAMS 0x00000000e5d00000, 0x00000000e5d00000| Untracked 
|  94|0x00000000e5e00000, 0x00000000e5e00000, 0x00000000e5f00000|  0%| F|  |TAMS 0x00000000e5e00000, 0x00000000e5e00000| Untracked 
|  95|0x00000000e5f00000, 0x00000000e5f00000, 0x00000000e6000000|  0%| F|  |TAMS 0x00000000e5f00000, 0x00000000e5f00000| Untracked 
|  96|0x00000000e6000000, 0x00000000e6000000, 0x00000000e6100000|  0%| F|  |TAMS 0x00000000e6000000, 0x00000000e6000000| Untracked 
|  97|0x00000000e6100000, 0x00000000e6100000, 0x00000000e6200000|  0%| F|  |TAMS 0x00000000e6100000, 0x00000000e6100000| Untracked 
|  98|0x00000000e6200000, 0x00000000e6200000, 0x00000000e6300000|  0%| F|  |TAMS 0x00000000e6200000, 0x00000000e6200000| Untracked 
|  99|0x00000000e6300000, 0x00000000e6300000, 0x00000000e6400000|  0%| F|  |TAMS 0x00000000e6300000, 0x00000000e6300000| Untracked 
| 100|0x00000000e6400000, 0x00000000e6400000, 0x00000000e6500000|  0%| F|  |TAMS 0x00000000e6400000, 0x00000000e6400000| Untracked 
| 101|0x00000000e6500000, 0x00000000e6500000, 0x00000000e6600000|  0%| F|  |TAMS 0x00000000e6500000, 0x00000000e6500000| Untracked 
| 102|0x00000000e6600000, 0x00000000e6600000, 0x00000000e6700000|  0%| F|  |TAMS 0x00000000e6600000, 0x00000000e6600000| Untracked 
| 103|0x00000000e6700000, 0x00000000e6700000, 0x00000000e6800000|  0%| F|  |TAMS 0x00000000e6700000, 0x00000000e6700000| Untracked 
| 104|0x00000000e6800000, 0x00000000e6800000, 0x00000000e6900000|  0%| F|  |TAMS 0x00000000e6800000, 0x00000000e6800000| Untracked 
| 105|0x00000000e6900000, 0x00000000e6900000, 0x00000000e6a00000|  0%| F|  |TAMS 0x00000000e6900000, 0x00000000e6900000| Untracked 
| 106|0x00000000e6a00000, 0x00000000e6a00000, 0x00000000e6b00000|  0%| F|  |TAMS 0x00000000e6a00000, 0x00000000e6a00000| Untracked 
| 107|0x00000000e6b00000, 0x00000000e6b00000, 0x00000000e6c00000|  0%| F|  |TAMS 0x00000000e6b00000, 0x00000000e6b00000| Untracked 
| 108|0x00000000e6c00000, 0x00000000e6c00000, 0x00000000e6d00000|  0%| F|  |TAMS 0x00000000e6c00000, 0x00000000e6c00000| Untracked 
| 109|0x00000000e6d00000, 0x00000000e6d00000, 0x00000000e6e00000|  0%| F|  |TAMS 0x00000000e6d00000, 0x00000000e6d00000| Untracked 
| 110|0x00000000e6e00000, 0x00000000e6e00000, 0x00000000e6f00000|  0%| F|  |TAMS 0x00000000e6e00000, 0x00000000e6e00000| Untracked 
| 111|0x00000000e6f00000, 0x00000000e6f00000, 0x00000000e7000000|  0%| F|  |TAMS 0x00000000e6f00000, 0x00000000e6f00000| Untracked 
| 112|0x00000000e7000000, 0x00000000e7000000, 0x00000000e7100000|  0%| F|  |TAMS 0x00000000e7000000, 0x00000000e7000000| Untracked 
| 113|0x00000000e7100000, 0x00000000e7100000, 0x00000000e7200000|  0%| F|  |TAMS 0x00000000e7100000, 0x00000000e7100000| Untracked 
| 114|0x00000000e7200000, 0x00000000e728a8e0, 0x00000000e7300000| 54%| S|CS|TAMS 0x00000000e7200000, 0x00000000e7200000| Complete 
| 115|0x00000000e7300000, 0x00000000e7400000, 0x00000000e7400000|100%| S|CS|TAMS 0x00000000e7300000, 0x00000000e7300000| Complete 
| 116|0x00000000e7400000, 0x00000000e7500000, 0x00000000e7500000|100%| S|CS|TAMS 0x00000000e7400000, 0x00000000e7400000| Complete 
| 117|0x00000000e7500000, 0x00000000e7600000, 0x00000000e7600000|100%| S|CS|TAMS 0x00000000e7500000, 0x00000000e7500000| Complete 
| 118|0x00000000e7600000, 0x00000000e7700000, 0x00000000e7700000|100%| S|CS|TAMS 0x00000000e7600000, 0x00000000e7600000| Complete 
| 119|0x00000000e7700000, 0x00000000e7800000, 0x00000000e7800000|100%| S|CS|TAMS 0x00000000e7700000, 0x00000000e7700000| Complete 
| 120|0x00000000e7800000, 0x00000000e7900000, 0x00000000e7900000|100%| S|CS|TAMS 0x00000000e7800000, 0x00000000e7800000| Complete 
| 121|0x00000000e7900000, 0x00000000e7a00000, 0x00000000e7a00000|100%| S|CS|TAMS 0x00000000e7900000, 0x00000000e7900000| Complete 
| 122|0x00000000e7a00000, 0x00000000e7b00000, 0x00000000e7b00000|100%| S|CS|TAMS 0x00000000e7a00000, 0x00000000e7a00000| Complete 
| 123|0x00000000e7b00000, 0x00000000e7c00000, 0x00000000e7c00000|100%| S|CS|TAMS 0x00000000e7b00000, 0x00000000e7b00000| Complete 
| 124|0x00000000e7c00000, 0x00000000e7d00000, 0x00000000e7d00000|100%| S|CS|TAMS 0x00000000e7c00000, 0x00000000e7c00000| Complete 
| 125|0x00000000e7d00000, 0x00000000e7e00000, 0x00000000e7e00000|100%| S|CS|TAMS 0x00000000e7d00000, 0x00000000e7d00000| Complete 
| 126|0x00000000e7e00000, 0x00000000e7f00000, 0x00000000e7f00000|100%| S|CS|TAMS 0x00000000e7e00000, 0x00000000e7e00000| Complete 
| 127|0x00000000e7f00000, 0x00000000e8000000, 0x00000000e8000000|100%| S|CS|TAMS 0x00000000e7f00000, 0x00000000e7f00000| Complete 
| 128|0x00000000e8000000, 0x00000000e8000000, 0x00000000e8100000|  0%| F|  |TAMS 0x00000000e8000000, 0x00000000e8000000| Untracked 
| 129|0x00000000e8100000, 0x00000000e8100000, 0x00000000e8200000|  0%| F|  |TAMS 0x00000000e8100000, 0x00000000e8100000| Untracked 
| 130|0x00000000e8200000, 0x00000000e8200000, 0x00000000e8300000|  0%| F|  |TAMS 0x00000000e8200000, 0x00000000e8200000| Untracked 
| 131|0x00000000e8300000, 0x00000000e8300000, 0x00000000e8400000|  0%| F|  |TAMS 0x00000000e8300000, 0x00000000e8300000| Untracked 
| 132|0x00000000e8400000, 0x00000000e8400000, 0x00000000e8500000|  0%| F|  |TAMS 0x00000000e8400000, 0x00000000e8400000| Untracked 
| 133|0x00000000e8500000, 0x00000000e8500000, 0x00000000e8600000|  0%| F|  |TAMS 0x00000000e8500000, 0x00000000e8500000| Untracked 
| 134|0x00000000e8600000, 0x00000000e8600000, 0x00000000e8700000|  0%| F|  |TAMS 0x00000000e8600000, 0x00000000e8600000| Untracked 
| 135|0x00000000e8700000, 0x00000000e8700000, 0x00000000e8800000|  0%| F|  |TAMS 0x00000000e8700000, 0x00000000e8700000| Untracked 
| 136|0x00000000e8800000, 0x00000000e8800000, 0x00000000e8900000|  0%| F|  |TAMS 0x00000000e8800000, 0x00000000e8800000| Untracked 
| 137|0x00000000e8900000, 0x00000000e8900000, 0x00000000e8a00000|  0%| F|  |TAMS 0x00000000e8900000, 0x00000000e8900000| Untracked 
| 138|0x00000000e8a00000, 0x00000000e8a00000, 0x00000000e8b00000|  0%| F|  |TAMS 0x00000000e8a00000, 0x00000000e8a00000| Untracked 
| 139|0x00000000e8b00000, 0x00000000e8b00000, 0x00000000e8c00000|  0%| F|  |TAMS 0x00000000e8b00000, 0x00000000e8b00000| Untracked 
| 140|0x00000000e8c00000, 0x00000000e8c00000, 0x00000000e8d00000|  0%| F|  |TAMS 0x00000000e8c00000, 0x00000000e8c00000| Untracked 
| 141|0x00000000e8d00000, 0x00000000e8d00000, 0x00000000e8e00000|  0%| F|  |TAMS 0x00000000e8d00000, 0x00000000e8d00000| Untracked 
| 142|0x00000000e8e00000, 0x00000000e8e00000, 0x00000000e8f00000|  0%| F|  |TAMS 0x00000000e8e00000, 0x00000000e8e00000| Untracked 
| 143|0x00000000e8f00000, 0x00000000e8f00000, 0x00000000e9000000|  0%| F|  |TAMS 0x00000000e8f00000, 0x00000000e8f00000| Untracked 
| 144|0x00000000e9000000, 0x00000000e9000000, 0x00000000e9100000|  0%| F|  |TAMS 0x00000000e9000000, 0x00000000e9000000| Untracked 
| 145|0x00000000e9100000, 0x00000000e9100000, 0x00000000e9200000|  0%| F|  |TAMS 0x00000000e9100000, 0x00000000e9100000| Untracked 
| 146|0x00000000e9200000, 0x00000000e9200000, 0x00000000e9300000|  0%| F|  |TAMS 0x00000000e9200000, 0x00000000e9200000| Untracked 
| 147|0x00000000e9300000, 0x00000000e9300000, 0x00000000e9400000|  0%| F|  |TAMS 0x00000000e9300000, 0x00000000e9300000| Untracked 
| 148|0x00000000e9400000, 0x00000000e9400000, 0x00000000e9500000|  0%| F|  |TAMS 0x00000000e9400000, 0x00000000e9400000| Untracked 
| 149|0x00000000e9500000, 0x00000000e9500000, 0x00000000e9600000|  0%| F|  |TAMS 0x00000000e9500000, 0x00000000e9500000| Untracked 
| 150|0x00000000e9600000, 0x00000000e9600000, 0x00000000e9700000|  0%| F|  |TAMS 0x00000000e9600000, 0x00000000e9600000| Untracked 
| 151|0x00000000e9700000, 0x00000000e9700000, 0x00000000e9800000|  0%| F|  |TAMS 0x00000000e9700000, 0x00000000e9700000| Untracked 
| 152|0x00000000e9800000, 0x00000000e9800000, 0x00000000e9900000|  0%| F|  |TAMS 0x00000000e9800000, 0x00000000e9800000| Untracked 
| 153|0x00000000e9900000, 0x00000000e9900000, 0x00000000e9a00000|  0%| F|  |TAMS 0x00000000e9900000, 0x00000000e9900000| Untracked 
| 154|0x00000000e9a00000, 0x00000000e9a00000, 0x00000000e9b00000|  0%| F|  |TAMS 0x00000000e9a00000, 0x00000000e9a00000| Untracked 
| 155|0x00000000e9b00000, 0x00000000e9b00000, 0x00000000e9c00000|  0%| F|  |TAMS 0x00000000e9b00000, 0x00000000e9b00000| Untracked 
| 156|0x00000000e9c00000, 0x00000000e9c00000, 0x00000000e9d00000|  0%| F|  |TAMS 0x00000000e9c00000, 0x00000000e9c00000| Untracked 
| 157|0x00000000e9d00000, 0x00000000e9d00000, 0x00000000e9e00000|  0%| F|  |TAMS 0x00000000e9d00000, 0x00000000e9d00000| Untracked 
| 158|0x00000000e9e00000, 0x00000000e9e00000, 0x00000000e9f00000|  0%| F|  |TAMS 0x00000000e9e00000, 0x00000000e9e00000| Untracked 
| 159|0x00000000e9f00000, 0x00000000e9f00000, 0x00000000ea000000|  0%| F|  |TAMS 0x00000000e9f00000, 0x00000000e9f00000| Untracked 
| 160|0x00000000ea000000, 0x00000000ea000000, 0x00000000ea100000|  0%| F|  |TAMS 0x00000000ea000000, 0x00000000ea000000| Untracked 
| 161|0x00000000ea100000, 0x00000000ea100000, 0x00000000ea200000|  0%| F|  |TAMS 0x00000000ea100000, 0x00000000ea100000| Untracked 
| 162|0x00000000ea200000, 0x00000000ea200000, 0x00000000ea300000|  0%| F|  |TAMS 0x00000000ea200000, 0x00000000ea200000| Untracked 
| 163|0x00000000ea300000, 0x00000000ea300000, 0x00000000ea400000|  0%| F|  |TAMS 0x00000000ea300000, 0x00000000ea300000| Untracked 
| 164|0x00000000ea400000, 0x00000000ea400000, 0x00000000ea500000|  0%| F|  |TAMS 0x00000000ea400000, 0x00000000ea400000| Untracked 
| 165|0x00000000ea500000, 0x00000000ea500000, 0x00000000ea600000|  0%| F|  |TAMS 0x00000000ea500000, 0x00000000ea500000| Untracked 
| 166|0x00000000ea600000, 0x00000000ea600000, 0x00000000ea700000|  0%| F|  |TAMS 0x00000000ea600000, 0x00000000ea600000| Untracked 
| 167|0x00000000ea700000, 0x00000000ea700000, 0x00000000ea800000|  0%| F|  |TAMS 0x00000000ea700000, 0x00000000ea700000| Untracked 
| 168|0x00000000ea800000, 0x00000000ea800000, 0x00000000ea900000|  0%| F|  |TAMS 0x00000000ea800000, 0x00000000ea800000| Untracked 
| 169|0x00000000ea900000, 0x00000000ea900000, 0x00000000eaa00000|  0%| F|  |TAMS 0x00000000ea900000, 0x00000000ea900000| Untracked 
| 170|0x00000000eaa00000, 0x00000000eaa00000, 0x00000000eab00000|  0%| F|  |TAMS 0x00000000eaa00000, 0x00000000eaa00000| Untracked 
| 171|0x00000000eab00000, 0x00000000eab00000, 0x00000000eac00000|  0%| F|  |TAMS 0x00000000eab00000, 0x00000000eab00000| Untracked 
| 172|0x00000000eac00000, 0x00000000eac00000, 0x00000000ead00000|  0%| F|  |TAMS 0x00000000eac00000, 0x00000000eac00000| Untracked 
| 173|0x00000000ead00000, 0x00000000ead00000, 0x00000000eae00000|  0%| F|  |TAMS 0x00000000ead00000, 0x00000000ead00000| Untracked 
| 174|0x00000000eae00000, 0x00000000eae00000, 0x00000000eaf00000|  0%| F|  |TAMS 0x00000000eae00000, 0x00000000eae00000| Untracked 
| 175|0x00000000eaf00000, 0x00000000eaf00000, 0x00000000eb000000|  0%| F|  |TAMS 0x00000000eaf00000, 0x00000000eaf00000| Untracked 
| 176|0x00000000eb000000, 0x00000000eb000000, 0x00000000eb100000|  0%| F|  |TAMS 0x00000000eb000000, 0x00000000eb000000| Untracked 
| 177|0x00000000eb100000, 0x00000000eb100000, 0x00000000eb200000|  0%| F|  |TAMS 0x00000000eb100000, 0x00000000eb100000| Untracked 
| 178|0x00000000eb200000, 0x00000000eb200000, 0x00000000eb300000|  0%| F|  |TAMS 0x00000000eb200000, 0x00000000eb200000| Untracked 
| 179|0x00000000eb300000, 0x00000000eb300000, 0x00000000eb400000|  0%| F|  |TAMS 0x00000000eb300000, 0x00000000eb300000| Untracked 
| 180|0x00000000eb400000, 0x00000000eb400000, 0x00000000eb500000|  0%| F|  |TAMS 0x00000000eb400000, 0x00000000eb400000| Untracked 
| 181|0x00000000eb500000, 0x00000000eb500000, 0x00000000eb600000|  0%| F|  |TAMS 0x00000000eb500000, 0x00000000eb500000| Untracked 
| 182|0x00000000eb600000, 0x00000000eb600000, 0x00000000eb700000|  0%| F|  |TAMS 0x00000000eb600000, 0x00000000eb600000| Untracked 
| 183|0x00000000eb700000, 0x00000000eb700000, 0x00000000eb800000|  0%| F|  |TAMS 0x00000000eb700000, 0x00000000eb700000| Untracked 
| 184|0x00000000eb800000, 0x00000000eb800000, 0x00000000eb900000|  0%| F|  |TAMS 0x00000000eb800000, 0x00000000eb800000| Untracked 
| 185|0x00000000eb900000, 0x00000000eb900000, 0x00000000eba00000|  0%| F|  |TAMS 0x00000000eb900000, 0x00000000eb900000| Untracked 
| 186|0x00000000eba00000, 0x00000000eba00000, 0x00000000ebb00000|  0%| F|  |TAMS 0x00000000eba00000, 0x00000000eba00000| Untracked 
| 187|0x00000000ebb00000, 0x00000000ebb00000, 0x00000000ebc00000|  0%| F|  |TAMS 0x00000000ebb00000, 0x00000000ebb00000| Untracked 
| 188|0x00000000ebc00000, 0x00000000ebc00000, 0x00000000ebd00000|  0%| F|  |TAMS 0x00000000ebc00000, 0x00000000ebc00000| Untracked 
| 189|0x00000000ebd00000, 0x00000000ebd00000, 0x00000000ebe00000|  0%| F|  |TAMS 0x00000000ebd00000, 0x00000000ebd00000| Untracked 
| 190|0x00000000ebe00000, 0x00000000ebe00000, 0x00000000ebf00000|  0%| F|  |TAMS 0x00000000ebe00000, 0x00000000ebe00000| Untracked 
| 191|0x00000000ebf00000, 0x00000000ebf00000, 0x00000000ec000000|  0%| F|  |TAMS 0x00000000ebf00000, 0x00000000ebf00000| Untracked 
| 192|0x00000000ec000000, 0x00000000ec000000, 0x00000000ec100000|  0%| F|  |TAMS 0x00000000ec000000, 0x00000000ec000000| Untracked 
| 193|0x00000000ec100000, 0x00000000ec100000, 0x00000000ec200000|  0%| F|  |TAMS 0x00000000ec100000, 0x00000000ec100000| Untracked 
| 194|0x00000000ec200000, 0x00000000ec200000, 0x00000000ec300000|  0%| F|  |TAMS 0x00000000ec200000, 0x00000000ec200000| Untracked 
| 195|0x00000000ec300000, 0x00000000ec300000, 0x00000000ec400000|  0%| F|  |TAMS 0x00000000ec300000, 0x00000000ec300000| Untracked 
| 196|0x00000000ec400000, 0x00000000ec400000, 0x00000000ec500000|  0%| F|  |TAMS 0x00000000ec400000, 0x00000000ec400000| Untracked 
| 197|0x00000000ec500000, 0x00000000ec500000, 0x00000000ec600000|  0%| F|  |TAMS 0x00000000ec500000, 0x00000000ec500000| Untracked 
| 198|0x00000000ec600000, 0x00000000ec600000, 0x00000000ec700000|  0%| F|  |TAMS 0x00000000ec600000, 0x00000000ec600000| Untracked 
| 199|0x00000000ec700000, 0x00000000ec700000, 0x00000000ec800000|  0%| F|  |TAMS 0x00000000ec700000, 0x00000000ec700000| Untracked 
| 200|0x00000000ec800000, 0x00000000ec800000, 0x00000000ec900000|  0%| F|  |TAMS 0x00000000ec800000, 0x00000000ec800000| Untracked 
| 201|0x00000000ec900000, 0x00000000ec900000, 0x00000000eca00000|  0%| F|  |TAMS 0x00000000ec900000, 0x00000000ec900000| Untracked 
| 202|0x00000000eca00000, 0x00000000eca00000, 0x00000000ecb00000|  0%| F|  |TAMS 0x00000000eca00000, 0x00000000eca00000| Untracked 
| 203|0x00000000ecb00000, 0x00000000ecb00000, 0x00000000ecc00000|  0%| F|  |TAMS 0x00000000ecb00000, 0x00000000ecb00000| Untracked 
| 204|0x00000000ecc00000, 0x00000000ecc00000, 0x00000000ecd00000|  0%| F|  |TAMS 0x00000000ecc00000, 0x00000000ecc00000| Untracked 
| 205|0x00000000ecd00000, 0x00000000ecd00000, 0x00000000ece00000|  0%| F|  |TAMS 0x00000000ecd00000, 0x00000000ecd00000| Untracked 
| 206|0x00000000ece00000, 0x00000000ece00000, 0x00000000ecf00000|  0%| F|  |TAMS 0x00000000ece00000, 0x00000000ece00000| Untracked 
| 207|0x00000000ecf00000, 0x00000000ecf00000, 0x00000000ed000000|  0%| F|  |TAMS 0x00000000ecf00000, 0x00000000ecf00000| Untracked 
| 208|0x00000000ed000000, 0x00000000ed000000, 0x00000000ed100000|  0%| F|  |TAMS 0x00000000ed000000, 0x00000000ed000000| Untracked 
| 209|0x00000000ed100000, 0x00000000ed100000, 0x00000000ed200000|  0%| F|  |TAMS 0x00000000ed100000, 0x00000000ed100000| Untracked 
| 210|0x00000000ed200000, 0x00000000ed200000, 0x00000000ed300000|  0%| F|  |TAMS 0x00000000ed200000, 0x00000000ed200000| Untracked 
| 211|0x00000000ed300000, 0x00000000ed300000, 0x00000000ed400000|  0%| F|  |TAMS 0x00000000ed300000, 0x00000000ed300000| Untracked 
| 212|0x00000000ed400000, 0x00000000ed400000, 0x00000000ed500000|  0%| F|  |TAMS 0x00000000ed400000, 0x00000000ed400000| Untracked 
| 213|0x00000000ed500000, 0x00000000ed500000, 0x00000000ed600000|  0%| F|  |TAMS 0x00000000ed500000, 0x00000000ed500000| Untracked 
| 214|0x00000000ed600000, 0x00000000ed600000, 0x00000000ed700000|  0%| F|  |TAMS 0x00000000ed600000, 0x00000000ed600000| Untracked 
| 215|0x00000000ed700000, 0x00000000ed700000, 0x00000000ed800000|  0%| F|  |TAMS 0x00000000ed700000, 0x00000000ed700000| Untracked 
| 216|0x00000000ed800000, 0x00000000ed800000, 0x00000000ed900000|  0%| F|  |TAMS 0x00000000ed800000, 0x00000000ed800000| Untracked 
| 217|0x00000000ed900000, 0x00000000ed900000, 0x00000000eda00000|  0%| F|  |TAMS 0x00000000ed900000, 0x00000000ed900000| Untracked 
| 218|0x00000000eda00000, 0x00000000eda00000, 0x00000000edb00000|  0%| F|  |TAMS 0x00000000eda00000, 0x00000000eda00000| Untracked 
| 219|0x00000000edb00000, 0x00000000edb00000, 0x00000000edc00000|  0%| F|  |TAMS 0x00000000edb00000, 0x00000000edb00000| Untracked 
| 220|0x00000000edc00000, 0x00000000edc00000, 0x00000000edd00000|  0%| F|  |TAMS 0x00000000edc00000, 0x00000000edc00000| Untracked 
| 221|0x00000000edd00000, 0x00000000ede00000, 0x00000000ede00000|100%| E|  |TAMS 0x00000000edd00000, 0x00000000edd00000| Complete 
| 222|0x00000000ede00000, 0x00000000edf00000, 0x00000000edf00000|100%| E|CS|TAMS 0x00000000ede00000, 0x00000000ede00000| Complete 
| 223|0x00000000edf00000, 0x00000000ee000000, 0x00000000ee000000|100%| E|CS|TAMS 0x00000000edf00000, 0x00000000edf00000| Complete 
| 224|0x00000000ee000000, 0x00000000ee100000, 0x00000000ee100000|100%| E|CS|TAMS 0x00000000ee000000, 0x00000000ee000000| Complete 
| 225|0x00000000ee100000, 0x00000000ee200000, 0x00000000ee200000|100%| E|CS|TAMS 0x00000000ee100000, 0x00000000ee100000| Complete 
| 226|0x00000000ee200000, 0x00000000ee300000, 0x00000000ee300000|100%| E|CS|TAMS 0x00000000ee200000, 0x00000000ee200000| Complete 
| 227|0x00000000ee300000, 0x00000000ee400000, 0x00000000ee400000|100%| E|CS|TAMS 0x00000000ee300000, 0x00000000ee300000| Complete 
| 228|0x00000000ee400000, 0x00000000ee500000, 0x00000000ee500000|100%| E|CS|TAMS 0x00000000ee400000, 0x00000000ee400000| Complete 
| 229|0x00000000ee500000, 0x00000000ee600000, 0x00000000ee600000|100%| E|CS|TAMS 0x00000000ee500000, 0x00000000ee500000| Complete 
| 230|0x00000000ee600000, 0x00000000ee700000, 0x00000000ee700000|100%| E|CS|TAMS 0x00000000ee600000, 0x00000000ee600000| Complete 
| 231|0x00000000ee700000, 0x00000000ee800000, 0x00000000ee800000|100%| E|CS|TAMS 0x00000000ee700000, 0x00000000ee700000| Complete 
| 232|0x00000000ee800000, 0x00000000ee900000, 0x00000000ee900000|100%| E|CS|TAMS 0x00000000ee800000, 0x00000000ee800000| Complete 
| 233|0x00000000ee900000, 0x00000000eea00000, 0x00000000eea00000|100%| E|CS|TAMS 0x00000000ee900000, 0x00000000ee900000| Complete 
| 234|0x00000000eea00000, 0x00000000eeb00000, 0x00000000eeb00000|100%| E|CS|TAMS 0x00000000eea00000, 0x00000000eea00000| Complete 
| 235|0x00000000eeb00000, 0x00000000eec00000, 0x00000000eec00000|100%| E|CS|TAMS 0x00000000eeb00000, 0x00000000eeb00000| Complete 
| 236|0x00000000eec00000, 0x00000000eed00000, 0x00000000eed00000|100%| E|CS|TAMS 0x00000000eec00000, 0x00000000eec00000| Complete 
| 237|0x00000000eed00000, 0x00000000eee00000, 0x00000000eee00000|100%| E|CS|TAMS 0x00000000eed00000, 0x00000000eed00000| Complete 
| 238|0x00000000eee00000, 0x00000000eef00000, 0x00000000eef00000|100%| E|CS|TAMS 0x00000000eee00000, 0x00000000eee00000| Complete 
| 239|0x00000000eef00000, 0x00000000ef000000, 0x00000000ef000000|100%| E|CS|TAMS 0x00000000eef00000, 0x00000000eef00000| Complete 
| 240|0x00000000ef000000, 0x00000000ef100000, 0x00000000ef100000|100%| E|CS|TAMS 0x00000000ef000000, 0x00000000ef000000| Complete 
| 241|0x00000000ef100000, 0x00000000ef200000, 0x00000000ef200000|100%| E|CS|TAMS 0x00000000ef100000, 0x00000000ef100000| Complete 
| 242|0x00000000ef200000, 0x00000000ef300000, 0x00000000ef300000|100%| E|CS|TAMS 0x00000000ef200000, 0x00000000ef200000| Complete 
| 243|0x00000000ef300000, 0x00000000ef400000, 0x00000000ef400000|100%| E|CS|TAMS 0x00000000ef300000, 0x00000000ef300000| Complete 
| 244|0x00000000ef400000, 0x00000000ef500000, 0x00000000ef500000|100%| E|CS|TAMS 0x00000000ef400000, 0x00000000ef400000| Complete 
| 245|0x00000000ef500000, 0x00000000ef600000, 0x00000000ef600000|100%| E|CS|TAMS 0x00000000ef500000, 0x00000000ef500000| Complete 
| 246|0x00000000ef600000, 0x00000000ef700000, 0x00000000ef700000|100%| E|CS|TAMS 0x00000000ef600000, 0x00000000ef600000| Complete 
| 247|0x00000000ef700000, 0x00000000ef800000, 0x00000000ef800000|100%| E|CS|TAMS 0x00000000ef700000, 0x00000000ef700000| Complete 
| 248|0x00000000ef800000, 0x00000000ef900000, 0x00000000ef900000|100%| E|CS|TAMS 0x00000000ef800000, 0x00000000ef800000| Complete 
| 249|0x00000000ef900000, 0x00000000efa00000, 0x00000000efa00000|100%| E|CS|TAMS 0x00000000ef900000, 0x00000000ef900000| Complete 
| 250|0x00000000efa00000, 0x00000000efb00000, 0x00000000efb00000|100%| E|CS|TAMS 0x00000000efa00000, 0x00000000efa00000| Complete 
| 251|0x00000000efb00000, 0x00000000efc00000, 0x00000000efc00000|100%| E|CS|TAMS 0x00000000efb00000, 0x00000000efb00000| Complete 
| 252|0x00000000efc00000, 0x00000000efd00000, 0x00000000efd00000|100%| E|CS|TAMS 0x00000000efc00000, 0x00000000efc00000| Complete 
| 253|0x00000000efd00000, 0x00000000efe00000, 0x00000000efe00000|100%| E|CS|TAMS 0x00000000efd00000, 0x00000000efd00000| Complete 
| 254|0x00000000efe00000, 0x00000000eff00000, 0x00000000eff00000|100%| E|CS|TAMS 0x00000000efe00000, 0x00000000efe00000| Complete 
| 255|0x00000000eff00000, 0x00000000f0000000, 0x00000000f0000000|100%| E|CS|TAMS 0x00000000eff00000, 0x00000000eff00000| Complete 

Card table byte_map: [0x00000196bd7d0000,0x00000196bd8d0000] _byte_map_base: 0x00000196bd0d0000

Marking Bits (Prev, Next): (CMBitMap*) 0x00000196a5effef0, (CMBitMap*) 0x00000196a5effeb8
 Prev Bits: [0x00000196be1d0000, 0x00000196be9d0000)
 Next Bits: [0x00000196bd9d0000, 0x00000196be1d0000)

Polling page: 0x00000196a3ea0000

Metaspace:

Usage:
  Non-class:     41.94 MB capacity,    41.11 MB ( 98%) used,   718.36 KB (  2%) free+waste,   126.50 KB ( <1%) overhead. 
      Class:      6.57 MB capacity,     6.12 MB ( 93%) used,   404.39 KB (  6%) free+waste,    60.88 KB ( <1%) overhead. 
       Both:     48.51 MB capacity,    47.23 MB ( 97%) used,     1.10 MB (  2%) free+waste,   187.38 KB ( <1%) overhead. 

Virtual space:
  Non-class space:       42.00 MB reserved,      41.95 MB (>99%) committed 
      Class space:      248.00 MB reserved,       6.63 MB (  3%) committed 
             Both:      290.00 MB reserved,      48.57 MB ( 17%) committed 

Chunk freelists:
   Non-Class:  1.50 KB
       Class:  2.88 KB
        Both:  4.38 KB

CodeHeap 'non-profiled nmethods': size=120000Kb used=2565Kb max_used=2565Kb free=117434Kb
 bounds [0x00000196b5e70000, 0x00000196b6100000, 0x00000196bd3a0000]
CodeHeap 'profiled nmethods': size=120000Kb used=8635Kb max_used=8635Kb free=111365Kb
 bounds [0x00000196ae940000, 0x00000196af1b0000, 0x00000196b5e70000]
CodeHeap 'non-nmethods': size=5760Kb used=2231Kb max_used=2278Kb free=3528Kb
 bounds [0x00000196ae3a0000, 0x00000196ae610000, 0x00000196ae940000]
 total_blobs=4973 nmethods=4182 adapters=702
 compilation: enabled
              stopped_count=0, restarted_count=0
 full_count=0

Compilation events (10 events):
Event: 3.413 Thread 0x00000196c1cb5000 nmethod 4168 0x00000196b60ed310 code [0x00000196b60ed4a0, 0x00000196b60ed538]
Event: 3.415 Thread 0x00000196c1cb5000 4169       1       org.gradle.api.internal.collections.AbstractIterationOrderRetainingElementSource$Element::isRealized (5 bytes)
Event: 3.415 Thread 0x00000196c1cb5000 nmethod 4169 0x00000196b60ed610 code [0x00000196b60ed7a0, 0x00000196b60ed858]
Event: 3.416 Thread 0x00000196c1cb5000 4170       3       java.util.zip.ZipFile$Source::initCEN (693 bytes)
Event: 3.419 Thread 0x00000196c1cb5000 nmethod 4170 0x00000196af19c990 code [0x00000196af19cfe0, 0x00000196af1a0a18]
Event: 3.419 Thread 0x00000196c1cb5000 4171       3       org.objectweb.asm.Label::addLineNumber (89 bytes)
Event: 3.419 Thread 0x00000196c1cb5000 nmethod 4171 0x00000196af1a2490 code [0x00000196af1a2660, 0x00000196af1a2b68]
Event: 3.419 Thread 0x00000196c1cb5000 4172       3       org.objectweb.asm.MethodWriter::visitLineNumber (50 bytes)
Event: 3.419 Thread 0x00000196c1cb5000 nmethod 4172 0x00000196af1a2d10 code [0x00000196af1a2f00, 0x00000196af1a3378]
Event: 3.421 Thread 0x00000196c1cb5000 4173       3       java.util.jar.Manifest$FastInputStream::readLine (296 bytes)

GC Heap History (10 events):
Event: 0.417 GC heap before
{Heap before GC invocations=0 (full 0):
 garbage-first heap   total 262144K, used 29696K [0x00000000e0000000, 0x0000000100000000)
  region size 1024K, 24 young (24576K), 0 survivors (0K)
 Metaspace       used 10072K, capacity 10336K, committed 10624K, reserved 264192K
  class space    used 1044K, capacity 1105K, committed 1152K, reserved 253952K
}
Event: 0.419 GC heap after
{Heap after GC invocations=1 (full 0):
 garbage-first heap   total 262144K, used 9252K [0x00000000e0000000, 0x0000000100000000)
  region size 1024K, 3 young (3072K), 3 survivors (3072K)
 Metaspace       used 10072K, capacity 10336K, committed 10624K, reserved 264192K
  class space    used 1044K, capacity 1105K, committed 1152K, reserved 253952K
}
Event: 1.450 GC heap before
{Heap before GC invocations=1 (full 0):
 garbage-first heap   total 262144K, used 114724K [0x00000000e0000000, 0x0000000100000000)
  region size 1024K, 107 young (109568K), 3 survivors (3072K)
 Metaspace       used 20664K, capacity 21082K, committed 21248K, reserved 272384K
  class space    used 2542K, capacity 2711K, committed 2816K, reserved 253952K
}
Event: 1.457 GC heap after
{Heap after GC invocations=2 (full 0):
 garbage-first heap   total 262144K, used 16950K [0x00000000e0000000, 0x0000000100000000)
  region size 1024K, 11 young (11264K), 11 survivors (11264K)
 Metaspace       used 20664K, capacity 21082K, committed 21248K, reserved 272384K
  class space    used 2542K, capacity 2711K, committed 2816K, reserved 253952K
}
Event: 1.722 GC heap before
{Heap before GC invocations=3 (full 0):
 garbage-first heap   total 262144K, used 58934K [0x00000000e0000000, 0x0000000100000000)
  region size 1024K, 53 young (54272K), 11 survivors (11264K)
 Metaspace       used 24925K, capacity 25481K, committed 25728K, reserved 276480K
  class space    used 3224K, capacity 3416K, committed 3456K, reserved 253952K
}
Event: 1.727 GC heap after
{Heap after GC invocations=4 (full 0):
 garbage-first heap   total 262144K, used 18708K [0x00000000e0000000, 0x0000000100000000)
  region size 1024K, 3 young (3072K), 3 survivors (3072K)
 Metaspace       used 24925K, capacity 25481K, committed 25728K, reserved 276480K
  class space    used 3224K, capacity 3416K, committed 3456K, reserved 253952K
}
Event: 2.307 GC heap before
{Heap before GC invocations=4 (full 0):
 garbage-first heap   total 262144K, used 94484K [0x00000000e0000000, 0x0000000100000000)
  region size 1024K, 78 young (79872K), 3 survivors (3072K)
 Metaspace       used 34725K, capacity 35590K, committed 35840K, reserved 286720K
  class space    used 4523K, capacity 4836K, committed 4864K, reserved 253952K
}
Event: 2.311 GC heap after
{Heap after GC invocations=5 (full 0):
 garbage-first heap   total 262144K, used 22036K [0x00000000e0000000, 0x0000000100000000)
  region size 1024K, 6 young (6144K), 6 survivors (6144K)
 Metaspace       used 34725K, capacity 35590K, committed 35840K, reserved 286720K
  class space    used 4523K, capacity 4836K, committed 4864K, reserved 253952K
}
Event: 3.195 GC heap before
{Heap before GC invocations=6 (full 0):
 garbage-first heap   total 262144K, used 150036K [0x00000000e0000000, 0x0000000100000000)
  region size 1024K, 128 young (131072K), 6 survivors (6144K)
 Metaspace       used 46220K, capacity 47320K, committed 47564K, reserved 296960K
  class space    used 5934K, capacity 6349K, committed 6400K, reserved 253952K
}
Event: 3.203 GC heap after
{Heap after GC invocations=7 (full 0):
 garbage-first heap   total 262144K, used 30404K [0x00000000e0000000, 0x0000000100000000)
  region size 1024K, 14 young (14336K), 14 survivors (14336K)
 Metaspace       used 46220K, capacity 47320K, committed 47564K, reserved 296960K
  class space    used 5934K, capacity 6349K, committed 6400K, reserved 253952K
}

Deoptimization events (10 events):
Event: 3.219 Thread 0x00000196c33ff800 Uncommon trap: reason=class_check action=maybe_recompile pc=0x00000196b601abf0 method=java.util.stream.ReferencePipeline.forEachWithCancel(Ljava/util/Spliterator;Ljava/util/stream/Sink;)Z @ 1 c2
Event: 3.249 Thread 0x00000196c33ff800 Uncommon trap: reason=unstable_if action=reinterpret pc=0x00000196b5ecbbb0 method=java.net.URI$Parser.scan(IILjava/lang/String;)I @ 26 c2
Event: 3.251 Thread 0x00000196c33ff800 Uncommon trap: reason=class_check action=maybe_recompile pc=0x00000196b601abf0 method=java.util.stream.ReferencePipeline.forEachWithCancel(Ljava/util/Spliterator;Ljava/util/stream/Sink;)Z @ 1 c2
Event: 3.298 Thread 0x00000196c33ff800 Uncommon trap: reason=unstable_if action=reinterpret pc=0x00000196b6055a30 method=jdk.internal.org.objectweb.asm.Frame.execute(IILjdk/internal/org/objectweb/asm/ClassWriter;Ljdk/internal/org/objectweb/asm/Item;)V @ 1 c2
Event: 3.364 Thread 0x00000196c6ed8800 Uncommon trap: reason=unstable_if action=reinterpret pc=0x00000196b5fcbf98 method=java.util.concurrent.ConcurrentHashMap.addCount(JI)V @ 34 c2
Event: 3.364 Thread 0x00000196c6ed5800 Uncommon trap: reason=unstable_if action=reinterpret pc=0x00000196b5fcbf98 method=java.util.concurrent.ConcurrentHashMap.addCount(JI)V @ 34 c2
Event: 3.364 Thread 0x00000196c6ed7800 Uncommon trap: reason=unstable_if action=reinterpret pc=0x00000196b5fcbf98 method=java.util.concurrent.ConcurrentHashMap.addCount(JI)V @ 34 c2
Event: 3.364 Thread 0x00000196c6ed6000 Uncommon trap: reason=speculate_null_assert action=make_not_entrant pc=0x00000196b60421bc method=java.lang.invoke.MethodType$ConcurrentWeakInternSet.add(Ljava/lang/Object;)Ljava/lang/Object; @ 47 c2
Event: 3.364 Thread 0x00000196c6ed8800 Uncommon trap: reason=unstable_if action=reinterpret pc=0x00000196b5fa0a88 method=java.util.concurrent.ConcurrentHashMap.addCount(JI)V @ 7 c2
Event: 3.401 Thread 0x00000196c33ff800 Uncommon trap: reason=unstable_if action=reinterpret pc=0x00000196b5ecc7dc method=java.util.jar.Manifest$FastInputStream.readLine([BII)I @ 130 c2

Classes redefined (0 events):
No events

Internal exceptions (10 events):
Event: 3.154 Thread 0x00000196c33ff800 Exception <a 'java/lang/NoSuchMethodError'{0x00000000e8577c60}: java.lang.invoke.DirectMethodHandle$Holder.invokeInterface(Ljava/lang/Object;Ljava/lang/Object;)I> (0x00000000e8577c60) thrown at [./open/src/hotspot/share/interpreter/linkResolver.cpp, line 
Event: 3.154 Thread 0x00000196c33ff800 Exception <a 'java/lang/IncompatibleClassChangeError'{0x00000000e857b740}: Found class java.lang.Object, but interface was expected> (0x00000000e857b740) thrown at [./open/src/hotspot/share/interpreter/linkResolver.cpp, line 838]
Event: 3.222 Thread 0x00000196c33ff800 Exception <a 'java/lang/NoSuchMethodError'{0x00000000efc243d8}: java.lang.invoke.DirectMethodHandle$Holder.invokeStaticInit(Ljava/lang/Object;)I> (0x00000000efc243d8) thrown at [./open/src/hotspot/share/interpreter/linkResolver.cpp, line 772]
Event: 3.238 Thread 0x00000196c33ff800 Exception <a 'java/lang/NoSuchMethodError'{0x00000000ef903c68}: java.lang.invoke.DirectMethodHandle$Holder.invokeStatic(Ljava/lang/Object;Ljava/lang/Object;Ljava/lang/Object;ILjava/lang/Object;)V> (0x00000000ef903c68) thrown at [./open/src/hotspot/share/i
Event: 3.297 Thread 0x00000196c33ff800 Exception <a 'java/lang/NoSuchMethodError'{0x00000000ef3f2720}: java.lang.invoke.DelegatingMethodHandle$Holder.reinvoke_L(Ljava/lang/Object;Ljava/lang/Object;Ljava/lang/Object;Ljava/lang/Object;Ljava/lang/Object;Ljava/lang/Object;Ljava/lang/Object;Ljava/l
Event: 3.298 Thread 0x00000196c33ff800 Exception <a 'java/lang/NoSuchMethodError'{0x00000000ef3fe380}: java.lang.invoke.Invokers$Holder.invoker(Ljava/lang/Object;Ljava/lang/Object;Ljava/lang/Object;Ljava/lang/Object;Ljava/lang/Object;Ljava/lang/Object;Ljava/lang/Object;Ljava/lang/Object;Ljava/
Event: 3.298 Thread 0x00000196c33ff800 Exception <a 'java/lang/NoSuchMethodError'{0x00000000ef206348}: java.lang.invoke.DelegatingMethodHandle$Holder.delegate(Ljava/lang/Object;Ljava/lang/Object;Ljava/lang/Object;Ljava/lang/Object;Ljava/lang/Object;Ljava/lang/Object;Ljava/lang/Object;Ljava/lan
Event: 3.300 Thread 0x00000196c33ff800 Exception <a 'java/lang/NoSuchMethodError'{0x00000000ef24f090}: java.lang.invoke.DirectMethodHandle$Holder.invokeStatic(Ljava/lang/Object;Ljava/lang/Object;Ljava/lang/Object;Ljava/lang/Object;Ljava/lang/Object;Ljava/lang/Object;Ljava/lang/Object;Ljava/lan
Event: 3.300 Thread 0x00000196c33ff800 Exception <a 'java/lang/NoSuchMethodError'{0x00000000ef25f6c8}: java.lang.invoke.DirectMethodHandle$Holder.invokeStatic(Ljava/lang/Object;Ljava/lang/Object;Ljava/lang/Object;Ljava/lang/Object;Ljava/lang/Object;Ljava/lang/Object;Ljava/lang/Object;Ljava/lan
Event: 3.301 Thread 0x00000196c33ff800 Exception <a 'java/lang/NoSuchMethodError'{0x00000000ef26fc10}: java.lang.invoke.DelegatingMethodHandle$Holder.reinvoke_L(Ljava/lang/Object;Ljava/lang/Object;Ljava/lang/Object;Ljava/lang/Object;Ljava/lang/Object;Ljava/lang/Object;Ljava/lang/Object;Ljava/l

Events (10 events):
Event: 3.414 loading class org/gradle/api/plugins/MavenPlugin
Event: 3.414 loading class org/gradle/api/plugins/MavenPlugin done
Event: 3.415 loading class io/spring/gradle/dependencymanagement/DependencyManagementPlugin
Event: 3.415 loading class io/spring/gradle/dependencymanagement/DependencyManagementPlugin done
Event: 3.416 loading class org/gradle/api/plugins/ApplicationPlugin
Event: 3.416 loading class org/gradle/api/plugins/ApplicationPlugin done
Event: 3.416 loading class org/gradle/api/plugins/ApplicationPlugin
Event: 3.416 loading class org/gradle/api/plugins/ApplicationPlugin done
Event: 3.418 loading class org/jetbrains/kotlin/gradle/plugin/KotlinPluginWrapper
Event: 3.418 loading class org/jetbrains/kotlin/gradle/plugin/KotlinPluginWrapper done


Dynamic libraries:
0x00007ff7c8a20000 - 0x00007ff7c8a2f000 	C:\Program Files\Java\jdk-11.0.12\bin\java.exe
0x00007ffca39b0000 - 0x00007ffca3ba5000 	C:\windows\SYSTEM32\ntdll.dll
0x00007ffca3780000 - 0x00007ffca383e000 	C:\windows\System32\KERNEL32.DLL
0x00007ffca10d0000 - 0x00007ffca1398000 	C:\windows\System32\KERNELBASE.dll
0x00007ffca15c0000 - 0x00007ffca16c0000 	C:\windows\System32\ucrtbase.dll
0x00007ffc95020000 - 0x00007ffc95038000 	C:\Program Files\Java\jdk-11.0.12\bin\jli.dll
0x00007ffc94e10000 - 0x00007ffc94e25000 	C:\Program Files\Java\jdk-11.0.12\bin\VCRUNTIME140.dll
0x00007ffca35d0000 - 0x00007ffca367e000 	C:\windows\System32\ADVAPI32.dll
0x00007ffca36e0000 - 0x00007ffca377e000 	C:\windows\System32\msvcrt.dll
0x00007ffca23d0000 - 0x00007ffca246c000 	C:\windows\System32\sechost.dll
0x00007ffca1a70000 - 0x00007ffca1b95000 	C:\windows\System32\RPCRT4.dll
0x00007ffca1c50000 - 0x00007ffca1df0000 	C:\windows\System32\USER32.dll
0x00007ffca19e0000 - 0x00007ffca1a02000 	C:\windows\System32\win32u.dll
0x00007ffca35a0000 - 0x00007ffca35cb000 	C:\windows\System32\GDI32.dll
0x00007ffc88dc0000 - 0x00007ffc8905a000 	C:\windows\WinSxS\amd64_microsoft.windows.common-controls_6595b64144ccf1df_6.0.19041.1110_none_60b5254171f9507e\COMCTL32.dll
0x00007ffca1820000 - 0x00007ffca192b000 	C:\windows\System32\gdi32full.dll
0x00007ffca13a0000 - 0x00007ffca143d000 	C:\windows\System32\msvcp_win.dll
0x00007ffc93fe0000 - 0x00007ffc93fea000 	C:\windows\SYSTEM32\VERSION.dll
0x00007ffca2560000 - 0x00007ffca2590000 	C:\windows\System32\IMM32.DLL
0x00007ffc679c0000 - 0x00007ffc67a5b000 	C:\Program Files\Java\jdk-11.0.12\bin\msvcp140.dll
0x00007ffc59a50000 - 0x00007ffc5a54f000 	C:\Program Files\Java\jdk-11.0.12\bin\server\jvm.dll
0x00007ffca2960000 - 0x00007ffca2968000 	C:\windows\System32\PSAPI.DLL
0x00007ffc7fec0000 - 0x00007ffc7fec9000 	C:\windows\SYSTEM32\WSOCK32.dll
0x00007ffc866a0000 - 0x00007ffc866c7000 	C:\windows\SYSTEM32\WINMM.dll
0x00007ffca3530000 - 0x00007ffca359b000 	C:\windows\System32\WS2_32.dll
0x00007ffc9f970000 - 0x00007ffc9f982000 	C:\windows\SYSTEM32\kernel.appcore.dll
0x00007ffc98c10000 - 0x00007ffc98c20000 	C:\Program Files\Java\jdk-11.0.12\bin\verify.dll
0x00007ffc9f600000 - 0x00007ffc9f7e4000 	C:\windows\SYSTEM32\DBGHELP.DLL
0x00007ffc882f0000 - 0x00007ffc8831c000 	C:\windows\SYSTEM32\dbgcore.DLL
0x00007ffca1530000 - 0x00007ffca15b2000 	C:\windows\System32\bcryptPrimitives.dll
0x00007ffc94a30000 - 0x00007ffc94a58000 	C:\Program Files\Java\jdk-11.0.12\bin\java.dll
0x00007ffc98bd0000 - 0x00007ffc98bda000 	C:\Program Files\Java\jdk-11.0.12\bin\jimage.dll
0x00007ffc805d0000 - 0x00007ffc805e6000 	C:\Program Files\Java\jdk-11.0.12\bin\zip.dll
0x00007ffca2970000 - 0x00007ffca30b4000 	C:\windows\System32\SHELL32.dll
0x00007ffc9ec30000 - 0x00007ffc9f3c4000 	C:\windows\SYSTEM32\windows.storage.dll
0x00007ffca1df0000 - 0x00007ffca2144000 	C:\windows\System32\combase.dll
0x00007ffca0b30000 - 0x00007ffca0b5c000 	C:\windows\SYSTEM32\Wldp.dll
0x00007ffca2700000 - 0x00007ffca27ad000 	C:\windows\System32\SHCORE.dll
0x00007ffca2590000 - 0x00007ffca25e5000 	C:\windows\System32\shlwapi.dll
0x00007ffca1010000 - 0x00007ffca102f000 	C:\windows\SYSTEM32\profapi.dll
0x00007ffc77cd0000 - 0x00007ffc77ce9000 	C:\Program Files\Java\jdk-11.0.12\bin\net.dll
0x00007ffc97e20000 - 0x00007ffc97f29000 	C:\windows\SYSTEM32\WINHTTP.dll
0x00007ffca0890000 - 0x00007ffca08fa000 	C:\windows\system32\mswsock.dll
0x00007ffc75b90000 - 0x00007ffc75ba2000 	C:\Program Files\Java\jdk-11.0.12\bin\nio.dll
0x00007ffc77ba0000 - 0x00007ffc77bc7000 	C:\Users\kate2\.gradle\native\e1d6ef7f7dcc3fd88c89a11ec53ec762bb8ba0a96d01ffa2cd45eb1d1d8dd5c5\windows-amd64\native-platform.dll
0x00007ffc672c0000 - 0x00007ffc67404000 	C:\Users\kate2\.gradle\native\0d407fdbe67a94daf76414ababcb853783967236a71b16ec16e742cd7a986fd3\windows-amd64\native-platform-file-events.dll
0x00007ffc96e20000 - 0x00007ffc96e29000 	C:\Program Files\Java\jdk-11.0.12\bin\management.dll
0x00007ffc962c0000 - 0x00007ffc962cb000 	C:\Program Files\Java\jdk-11.0.12\bin\management_ext.dll
0x00007ffca0a80000 - 0x00007ffca0a98000 	C:\windows\SYSTEM32\CRYPTSP.dll
0x00007ffca01a0000 - 0x00007ffca01d4000 	C:\windows\system32\rsaenh.dll
0x00007ffca1500000 - 0x00007ffca1527000 	C:\windows\System32\bcrypt.dll
0x00007ffca0f90000 - 0x00007ffca0fbe000 	C:\windows\SYSTEM32\USERENV.dll
0x00007ffca0aa0000 - 0x00007ffca0aac000 	C:\windows\SYSTEM32\CRYPTBASE.dll
0x00007ffca0530000 - 0x00007ffca056b000 	C:\windows\SYSTEM32\IPHLPAPI.DLL
0x00007ffca2340000 - 0x00007ffca2348000 	C:\windows\System32\NSI.dll
0x00007ffc968e0000 - 0x00007ffc968f7000 	C:\windows\SYSTEM32\dhcpcsvc6.DLL
0x00007ffc968c0000 - 0x00007ffc968dd000 	C:\windows\SYSTEM32\dhcpcsvc.DLL
0x00007ffca0580000 - 0x00007ffca064a000 	C:\windows\SYSTEM32\DNSAPI.dll

dbghelp: loaded successfully - version: 4.0.5 - missing functions: none
symbol engine: initialized successfully - sym options: 0x614 - pdb path: .;C:\Program Files\Java\jdk-11.0.12\bin;C:\windows\SYSTEM32;C:\windows\WinSxS\amd64_microsoft.windows.common-controls_6595b64144ccf1df_6.0.19041.1110_none_60b5254171f9507e;C:\Program Files\Java\jdk-11.0.12\bin\server;C:\Users\kate2\.gradle\native\e1d6ef7f7dcc3fd88c89a11ec53ec762bb8ba0a96d01ffa2cd45eb1d1d8dd5c5\windows-amd64;C:\Users\kate2\.gradle\native\0d407fdbe67a94daf76414ababcb853783967236a71b16ec16e742cd7a986fd3\windows-amd64

VM Arguments:
jvm_args: --add-opens=java.base/java.util=ALL-UNNAMED --add-opens=java.base/java.lang=ALL-UNNAMED --add-opens=java.base/java.lang.invoke=ALL-UNNAMED --add-opens=java.base/java.util=ALL-UNNAMED --add-opens=java.prefs/java.util.prefs=ALL-UNNAMED --add-opens=java.prefs/java.util.prefs=ALL-UNNAMED --add-opens=java.base/java.nio.charset=ALL-UNNAMED --add-opens=java.base/java.net=ALL-UNNAMED --add-opens=java.base/java.util.concurrent.atomic=ALL-UNNAMED -XX:MaxMetaspaceSize=256m -XX:+HeapDumpOnOutOfMemoryError -Xms256m -Xmx512m -Dfile.encoding=UTF-8 -Duser.country=KR -Duser.language=ko -Duser.variant 
java_command: org.gradle.launcher.daemon.bootstrap.GradleDaemon 7.4.1
java_class_path (initial): C:\Users\kate2\.gradle\wrapper\dists\gradle-7.4.1-bin\58kw26xllvsiedyf3nujyarhn\gradle-7.4.1\lib\gradle-launcher-7.4.1.jar
Launcher Type: SUN_STANDARD

[Global flags]
     intx CICompilerCount                          = 4                                         {product} {ergonomic}
   size_t CompressedClassSpaceSize                 = 260046848                                 {product} {ergonomic}
     uint ConcGCThreads                            = 2                                         {product} {ergonomic}
     uint G1ConcRefinementThreads                  = 8                                         {product} {ergonomic}
   size_t G1HeapRegionSize                         = 1048576                                   {product} {ergonomic}
    uintx GCDrainStackTargetSize                   = 64                                        {product} {ergonomic}
     bool HeapDumpOnOutOfMemoryError               = true                                   {manageable} {command line}
   size_t InitialHeapSize                          = 268435456                                 {product} {command line}
   size_t MarkStackSize                            = 4194304                                   {product} {ergonomic}
   size_t MaxHeapSize                              = 536870912                                 {product} {command line}
   size_t MaxMetaspaceSize                         = 268435456                                 {product} {command line}
   size_t MaxNewSize                               = 321912832                                 {product} {ergonomic}
   size_t MinHeapDeltaBytes                        = 1048576                                   {product} {ergonomic}
    uintx NonNMethodCodeHeapSize                   = 5836300                                {pd product} {ergonomic}
    uintx NonProfiledCodeHeapSize                  = 122910970                              {pd product} {ergonomic}
    uintx ProfiledCodeHeapSize                     = 122910970                              {pd product} {ergonomic}
    uintx ReservedCodeCacheSize                    = 251658240                              {pd product} {ergonomic}
     bool SegmentedCodeCache                       = true                                      {product} {ergonomic}
     bool UseCompressedClassPointers               = true                                 {lp64_product} {ergonomic}
     bool UseCompressedOops                        = true                                 {lp64_product} {ergonomic}
     bool UseG1GC                                  = true                                      {product} {ergonomic}
     bool UseLargePagesIndividualAllocation        = false                                  {pd product} {ergonomic}

Logging:
Log output configuration:
 #0: stdout all=warning uptime,level,tags
 #1: stderr all=off uptime,level,tags

Environment Variables:
JAVA_HOME=C:\Program Files\Java\jdk-11.0.12
CLASSPATH=C:\Program Files\Java\jdk-11.0.12\lib
PATH=C:\Python310\Scripts\;C:\Python310\;C:\Users\kate2\apache-maven-3.8.3\bin;C:\ProgramData\chocolatey\bin;C:\Program Files\nodejs\;C:\Program Files\Git\cmd;C:\Program Files\MySQL\MySQL Shell 8.0\bin\;C:\Users\kate2\AppData\Local\Microsoft\WindowsApps;C:\Users\kate2\AppData\Local\Programs\Microsoft VS Code\bin;C:\Program Files\Java\jdk-11.0.12\bin;C:\Users\kate2\AppData\Roaming\npm
USERNAME=kate2
OS=Windows_NT
PROCESSOR_IDENTIFIER=Intel64 Family 6 Model 140 Stepping 1, GenuineIntel



---------------  S Y S T E M  ---------------

OS: Windows 10 , 64 bit Build 19041 (10.0.19041.1566)

CPU:total 8 (initial active 8) (4 cores per cpu, 2 threads per core) family 6 model 140 stepping 1 microcode 0x8a, cmov, cx8, fxsr, mmx, sse, sse2, sse3, ssse3, sse4.1, sse4.2, popcnt, avx, avx2, aes, clmul, erms, 3dnowpref, lzcnt, ht, tsc, tscinvbit, bmi1, bmi2, adx, evex, sha, fma

Memory: 4k page, system-wide physical 16057M (5648M free)
TotalPageFile size 18960M (AvailPageFile size 6M)
current process WorkingSet (physical memory assigned to process): 341M, peak: 341M
current process commit charge ("private bytes"): 478M, peak: 479M

vm_info: Java HotSpot(TM) 64-Bit Server VM (11.0.12+8-LTS-237) for windows-amd64 JRE (11.0.12+8-LTS-237), built on Jun  8 2021 11:25:59 by "mach5one" with MS VC++ 15.9 (VS2017)

END.
