#
# There is insufficient memory for the Java Runtime Environment to continue.
# Native memory allocation (mmap) failed to map 264241152 bytes for Failed to commit area from 0x0000000705000000 to 0x0000000714c00000 of length 264241152.
# Possible reasons:
#   The system is out of physical RAM or swap space
#   The process is running with CompressedOops enabled, and the Java Heap may be blocking the growth of the native heap
# Possible solutions:
#   Reduce memory load on the system
#   Increase physical memory or swap space
#   Check if swap backing store is full
#   Decrease Java heap size (-Xmx/-Xms)
#   Decrease number of Java threads
#   Decrease Java thread stack sizes (-Xss)
#   Set larger code cache with -XX:ReservedCodeCacheSize=
# This output file may be truncated or incomplete.
#
#  Out of Memory Error (./open/src/hotspot/os/windows/os_windows.cpp:3273), pid=19980, tid=20104
#
# JRE version:  (11.0.12+8) (build )
# Java VM: Java HotSpot(TM) 64-Bit Server VM (11.0.12+8-LTS-237, mixed mode, sharing, tiered, compressed oops, g1 gc, windows-amd64)
# No core dump will be written. Minidumps are not enabled by default on client versions of Windows
#

---------------  S U M M A R Y ------------

Command Line: -javaagent:C:\Program Files\JetBrains\IntelliJ IDEA Community Edition 2021.1.3\lib\idea_rt.jar=12816:C:\Program Files\JetBrains\IntelliJ IDEA Community Edition 2021.1.3\bin -Dfile.encoding=UTF-8 com.itstime.Booklog.BooklogApplication

Host: 11th Gen Intel(R) Core(TM) i7-1165G7 @ 2.80GHz, 8 cores, 15G,  Windows 10 , 64 bit Build 19041 (10.0.19041.1566)
Time: Mon Apr  4 01:02:51 2022 대한민국 표준시 elapsed time: 0.019998 seconds (0d 0h 0m 0s)

---------------  T H R E A D  ---------------

Current thread (0x0000029cb2c9d000):  JavaThread "Unknown thread" [_thread_in_vm, id=20104, stack(0x000000eac1200000,0x000000eac1300000)]

Stack: [0x000000eac1200000,0x000000eac1300000]
Native frames: (J=compiled Java code, j=interpreted, Vv=VM code, C=native code)
V  [jvm.dll+0x617d9a]
V  [jvm.dll+0x74eeef]
V  [jvm.dll+0x750599]
V  [jvm.dll+0x750c23]
V  [jvm.dll+0x2438d8]
V  [jvm.dll+0x61518a]
V  [jvm.dll+0x609f45]
V  [jvm.dll+0x2f85cc]
V  [jvm.dll+0x2f8452]
V  [jvm.dll+0x2fd106]
V  [jvm.dll+0x33f6ef]
V  [jvm.dll+0x33f120]
V  [jvm.dll+0x2d5ca8]
V  [jvm.dll+0x2d6e06]
V  [jvm.dll+0x72a977]
V  [jvm.dll+0x72c21f]
V  [jvm.dll+0x34c469]
V  [jvm.dll+0x710400]
V  [jvm.dll+0x3b5baf]
V  [jvm.dll+0x3b7cb1]
C  [jli.dll+0x520b]
C  [ucrtbase.dll+0x21bb2]
C  [KERNEL32.DLL+0x17034]
C  [ntdll.dll+0x52651]


---------------  P R O C E S S  ---------------

Threads class SMR info:
_java_thread_list=0x0000029cb0bc2e60, length=0, elements={
}

Java Threads: ( => current thread )

Other Threads:
  0x0000029cb2cb2800 GCTaskThread "GC Thread#0" [stack: 0x000000eac1300000,0x000000eac1400000] [id=18948]
  0x0000029cb2d0f800 ConcurrentGCThread "G1 Main Marker" [stack: 0x000000eac1400000,0x000000eac1500000] [id=14576]
  0x0000029cb2d11800 ConcurrentGCThread "G1 Conc#0" [stack: 0x000000eac1500000,0x000000eac1600000] [id=7360]

[error occurred during error reporting (printing all threads), id 0xc0000005, EXCEPTION_ACCESS_VIOLATION (0xc0000005) at pc=0x00007ffc3cf54f37]

VM state:not at safepoint (not fully initialized)

VM Mutex/Monitor currently owned by a thread:  ([mutex/lock_event])
[0x0000029cb2c9b480] Heap_lock - owner thread: 0x0000029cb2c9d000

Heap address: 0x0000000705000000, size: 4016 MB, Compressed Oops mode: Non-zero based: 0x0000000705000000
Narrow klass base: 0x0000000000000000, Narrow klass shift: 0

GC Heap History (0 events):
No events

Deoptimization events (0 events):
No events

Classes redefined (0 events):
No events

Internal exceptions (0 events):
No events

Events (0 events):
No events


Dynamic libraries:
0x00007ff7c8a20000 - 0x00007ff7c8a2f000 	C:\Program Files\Java\jdk-11.0.12\bin\java.exe
0x00007ffca39b0000 - 0x00007ffca3ba5000 	C:\windows\SYSTEM32\ntdll.dll
0x00007ffca3780000 - 0x00007ffca383e000 	C:\windows\System32\KERNEL32.DLL
0x00007ffca10d0000 - 0x00007ffca1398000 	C:\windows\System32\KERNELBASE.dll
0x00007ffca15c0000 - 0x00007ffca16c0000 	C:\windows\System32\ucrtbase.dll
0x00007ffc950b0000 - 0x00007ffc950c8000 	C:\Program Files\Java\jdk-11.0.12\bin\jli.dll
0x00007ffca35d0000 - 0x00007ffca367e000 	C:\windows\System32\ADVAPI32.dll
0x00007ffca36e0000 - 0x00007ffca377e000 	C:\windows\System32\msvcrt.dll
0x00007ffc94ec0000 - 0x00007ffc94ed5000 	C:\Program Files\Java\jdk-11.0.12\bin\VCRUNTIME140.dll
0x00007ffca23d0000 - 0x00007ffca246c000 	C:\windows\System32\sechost.dll
0x00007ffca1a70000 - 0x00007ffca1b95000 	C:\windows\System32\RPCRT4.dll
0x00007ffca1c50000 - 0x00007ffca1df0000 	C:\windows\System32\USER32.dll
0x00007ffca19e0000 - 0x00007ffca1a02000 	C:\windows\System32\win32u.dll
0x00007ffc88dc0000 - 0x00007ffc8905a000 	C:\windows\WinSxS\amd64_microsoft.windows.common-controls_6595b64144ccf1df_6.0.19041.1110_none_60b5254171f9507e\COMCTL32.dll
0x00007ffca35a0000 - 0x00007ffca35cb000 	C:\windows\System32\GDI32.dll
0x00007ffca1820000 - 0x00007ffca192b000 	C:\windows\System32\gdi32full.dll
0x00007ffca13a0000 - 0x00007ffca143d000 	C:\windows\System32\msvcp_win.dll
0x00007ffc93fe0000 - 0x00007ffc93fea000 	C:\windows\SYSTEM32\VERSION.dll
0x00007ffca2560000 - 0x00007ffca2590000 	C:\windows\System32\IMM32.DLL
0x00007ffc674f0000 - 0x00007ffc6758b000 	C:\Program Files\Java\jdk-11.0.12\bin\msvcp140.dll
0x00007ffc3cc70000 - 0x00007ffc3d76f000 	C:\Program Files\Java\jdk-11.0.12\bin\server\jvm.dll
0x00007ffca2960000 - 0x00007ffca2968000 	C:\windows\System32\PSAPI.DLL
0x00007ffc7fec0000 - 0x00007ffc7fec9000 	C:\windows\SYSTEM32\WSOCK32.dll
0x00007ffc866a0000 - 0x00007ffc866c7000 	C:\windows\SYSTEM32\WINMM.dll
0x00007ffca3530000 - 0x00007ffca359b000 	C:\windows\System32\WS2_32.dll
0x00007ffc9f970000 - 0x00007ffc9f982000 	C:\windows\SYSTEM32\kernel.appcore.dll
0x00007ffc98ce0000 - 0x00007ffc98cf0000 	C:\Program Files\Java\jdk-11.0.12\bin\verify.dll
0x00007ffc9f600000 - 0x00007ffc9f7e4000 	C:\windows\SYSTEM32\DBGHELP.DLL
0x00007ffc882f0000 - 0x00007ffc8831c000 	C:\windows\SYSTEM32\dbgcore.DLL
0x00007ffca1530000 - 0x00007ffca15b2000 	C:\windows\System32\bcryptPrimitives.dll
0x00007ffc94e90000 - 0x00007ffc94eb8000 	C:\Program Files\Java\jdk-11.0.12\bin\java.dll
0x00007ffc98bd0000 - 0x00007ffc98bda000 	C:\Program Files\Java\jdk-11.0.12\bin\jimage.dll
0x00007ffc96e20000 - 0x00007ffc96e2e000 	C:\Program Files\Java\jdk-11.0.12\bin\instrument.dll
0x00007ffc94c50000 - 0x00007ffc94c66000 	C:\Program Files\Java\jdk-11.0.12\bin\zip.dll

dbghelp: loaded successfully - version: 4.0.5 - missing functions: none
symbol engine: initialized successfully - sym options: 0x614 - pdb path: .;C:\Program Files\Java\jdk-11.0.12\bin;C:\windows\SYSTEM32;C:\windows\WinSxS\amd64_microsoft.windows.common-controls_6595b64144ccf1df_6.0.19041.1110_none_60b5254171f9507e;C:\Program Files\Java\jdk-11.0.12\bin\server

VM Arguments:
jvm_args: -javaagent:C:\Program Files\JetBrains\IntelliJ IDEA Community Edition 2021.1.3\lib\idea_rt.jar=12816:C:\Program Files\JetBrains\IntelliJ IDEA Community Edition 2021.1.3\bin -Dfile.encoding=UTF-8 
java_command: com.itstime.Booklog.BooklogApplication
java_class_path (initial): C:\Users\kate2\Desktop\ITs TIME\도르마무~\Book-log-Backend\out\production\classes;C:\Users\kate2\Desktop\ITs TIME\도르마무~\Book-log-Backend\out\production\resources;C:\Users\kate2\.gradle\caches\modules-2\files-2.1\org.springframework.boot\spring-boot-starter-data-jpa\2.6.5\8021867a0f7369de293dd15f6141aff375f8f736\spring-boot-starter-data-jpa-2.6.5.jar;C:\Users\kate2\.gradle\caches\modules-2\files-2.1\org.springframework.boot\spring-boot-starter-oauth2-client\2.6.5\77eacf3334e4876f8273f1c40da14fba51fab3f7\spring-boot-starter-oauth2-client-2.6.5.jar;C:\Users\kate2\.gradle\caches\modules-2\files-2.1\org.springframework.boot\spring-boot-starter-security\2.6.5\561069b6005bc6853f04e69227f63b05dc2dbeb0\spring-boot-starter-security-2.6.5.jar;C:\Users\kate2\.gradle\caches\modules-2\files-2.1\org.springframework.boot\spring-boot-starter-thymeleaf\2.6.5\6cff5a773aeac16ee05e9471070eb916c496cff\spring-boot-starter-thymeleaf-2.6.5.jar;C:\Users\kate2\.gradle\caches\modules-2\files-2.1\org.springframework.boot\spring-boot-starter-web\2.6.5\2fe510ed31c08e65265451a407607fe53666df0a\spring-boot-starter-web-2.6.5.jar;C:\Users\kate2\.gradle\caches\modules-2\files-2.1\org.thymeleaf.extras\thymeleaf-extras-springsecurity5\3.0.4.RELEASE\88bb10bf73ce285208dd848e8eb17f897ebb02d4\thymeleaf-extras-springsecurity5-3.0.4.RELEASE.jar;C:\Users\kate2\.gradle\caches\modules-2\files-2.1\org.springframework.boot\spring-boot-starter-validation\2.6.5\fe932ea58001a41aead76e81e16ff90eebaa77bf\spring-boot-starter-validation-2.6.5.jar;C:\Users\kate2\.gradle\caches\modules-2\files-2.1\org.springframework.boot\spring-boot-starter-aop\2.6.5\51278e3bde343e53e4ebd7bab3083cfc5af565cb\spring-boot-starter-aop-2.6.5.jar;C:\Users\kate2\.gradle\caches\modules-2\files-2.1\org.springframework.boot\spring-boot-starter-jdbc\2.6.5\6117f80dec65b70ee4fdd631d5fe28c4832de80e\spring-boot-starter-jdbc-2.6.5.jar;C:\Users\kate2\.gradle\caches\modules-2\files-2.1\jakarta.transaction\jakarta.transactio
Launcher Type: SUN_STANDARD

[Global flags]
     intx CICompilerCount                          = 4                                         {product} {ergonomic}
     uint ConcGCThreads                            = 2                                         {product} {ergonomic}
     uint G1ConcRefinementThreads                  = 8                                         {product} {ergonomic}
   size_t G1HeapRegionSize                         = 1048576                                   {product} {ergonomic}
    uintx GCDrainStackTargetSize                   = 64                                        {product} {ergonomic}
   size_t InitialHeapSize                          = 264241152                                 {product} {ergonomic}
   size_t MarkStackSize                            = 4194304                                   {product} {ergonomic}
   size_t MaxHeapSize                              = 4211081216                                {product} {ergonomic}
   size_t MinHeapDeltaBytes                        = 1048576                                   {product} {ergonomic}
    uintx NonNMethodCodeHeapSize                   = 5836300                                {pd product} {ergonomic}
    uintx NonProfiledCodeHeapSize                  = 122910970                              {pd product} {ergonomic}
    uintx ProfiledCodeHeapSize                     = 122910970                              {pd product} {ergonomic}
    uintx ReservedCodeCacheSize                    = 251658240                              {pd product} {ergonomic}
     bool SegmentedCodeCache                       = true                                      {product} {ergonomic}
     bool UseCompressedClassPointers               = true                                 {lp64_product} {ergonomic}
     bool UseCompressedOops                        = true                                 {lp64_product} {ergonomic}
     bool UseG1GC                                  = true                                      {product} {ergonomic}
     bool UseLargePagesIndividualAllocation        = false                                  {pd product} {ergonomic}

Logging:
Log output configuration:
 #0: stdout all=warning uptime,level,tags
 #1: stderr all=off uptime,level,tags

Environment Variables:
JAVA_HOME=C:\Program Files\Java\jdk-11.0.12
CLASSPATH=C:\Program Files\Java\jdk-11.0.12\lib
PATH=C:\Python310\Scripts\;C:\Python310\;C:\Users\kate2\apache-maven-3.8.3\bin;C:\ProgramData\chocolatey\bin;C:\Program Files\nodejs\;C:\Program Files\Git\cmd;C:\Program Files\MySQL\MySQL Shell 8.0\bin\;C:\Users\kate2\AppData\Local\Microsoft\WindowsApps;C:\Users\kate2\AppData\Local\Programs\Microsoft VS Code\bin;C:\Program Files\Java\jdk-11.0.12\bin;C:\Users\kate2\AppData\Roaming\npm
USERNAME=kate2
OS=Windows_NT
PROCESSOR_IDENTIFIER=Intel64 Family 6 Model 140 Stepping 1, GenuineIntel



---------------  S Y S T E M  ---------------

OS: Windows 10 , 64 bit Build 19041 (10.0.19041.1566)

CPU:total 8 (initial active 8) (4 cores per cpu, 2 threads per core) family 6 model 140 stepping 1 microcode 0x8a, cmov, cx8, fxsr, mmx, sse, sse2, sse3, ssse3, sse4.1, sse4.2, popcnt, avx, avx2, aes, clmul, erms, 3dnowpref, lzcnt, ht, tsc, tscinvbit, bmi1, bmi2, adx, evex, sha, fma

Memory: 4k page, system-wide physical 16057M (4896M free)
TotalPageFile size 18960M (AvailPageFile size 207M)
current process WorkingSet (physical memory assigned to process): 10M, peak: 10M
current process commit charge ("private bytes"): 60M, peak: 312M

vm_info: Java HotSpot(TM) 64-Bit Server VM (11.0.12+8-LTS-237) for windows-amd64 JRE (11.0.12+8-LTS-237), built on Jun  8 2021 11:25:59 by "mach5one" with MS VC++ 15.9 (VS2017)

END.
