#
# There is insufficient memory for the Java Runtime Environment to continue.
# Native memory allocation (malloc) failed to allocate 118896 bytes for Chunk::new
# Possible reasons:
#   The system is out of physical RAM or swap space
#   The process is running with CompressedOops enabled, and the Java Heap may be blocking the growth of the native heap
# Possible solutions:
#   Reduce memory load on the system
#   Increase physical memory or swap space
#   Check if swap backing store is full
#   Decrease Java heap size (-Xmx/-Xms)
#   Decrease number of Java threads
#   Decrease Java thread stack sizes (-Xss)
#   Set larger code cache with -XX:ReservedCodeCacheSize=
#   JVM is running with Unscaled Compressed Oops mode in which the Java heap is
#     placed in the first 4GB address space. The Java Heap base address is the
#     maximum limit for the native heap growth. Please use -XX:HeapBaseMinAddress
#     to set the Java Heap base and to place the Java Heap above 4GB virtual address.
# This output file may be truncated or incomplete.
#
#  Out of Memory Error (./open/src/hotspot/share/memory/arena.cpp:197), pid=17268, tid=17552
#
# JRE version: Java(TM) SE Runtime Environment 18.9 (11.0.12+8) (build 11.0.12+8-LTS-237)
# Java VM: Java HotSpot(TM) 64-Bit Server VM 18.9 (11.0.12+8-LTS-237, mixed mode, tiered, compressed oops, g1 gc, windows-amd64)
# No core dump will be written. Minidumps are not enabled by default on client versions of Windows
#

---------------  S U M M A R Y ------------

Command Line: --add-opens=java.base/java.util=ALL-UNNAMED --add-opens=java.base/java.lang=ALL-UNNAMED --add-opens=java.base/java.lang.invoke=ALL-UNNAMED --add-opens=java.base/java.util=ALL-UNNAMED --add-opens=java.prefs/java.util.prefs=ALL-UNNAMED --add-opens=java.prefs/java.util.prefs=ALL-UNNAMED --add-opens=java.base/java.nio.charset=ALL-UNNAMED --add-opens=java.base/java.net=ALL-UNNAMED --add-opens=java.base/java.util.concurrent.atomic=ALL-UNNAMED -XX:MaxMetaspaceSize=256m -XX:+HeapDumpOnOutOfMemoryError -Xms256m -Xmx512m -Dfile.encoding=UTF-8 -Duser.country=KR -Duser.language=ko -Duser.variant org.gradle.launcher.daemon.bootstrap.GradleDaemon 7.4.1

Host: 11th Gen Intel(R) Core(TM) i7-1165G7 @ 2.80GHz, 8 cores, 15G,  Windows 10 , 64 bit Build 19041 (10.0.19041.1566)
Time: Tue Apr  5 03:50:04 2022 대한민국 표준시 elapsed time: 6.605676 seconds (0d 0h 0m 6s)

---------------  T H R E A D  ---------------

Current thread (0x000001f9f698d800):  JavaThread "C2 CompilerThread0" daemon [_thread_in_native, id=17552, stack(0x000000312ac00000,0x000000312ad00000)]


Current CompileTask:
C2:   6605 7705       4       org.gradle.internal.logging.text.AbstractLineChoppingStyledTextOutput$2::execute (77 bytes)

Stack: [0x000000312ac00000,0x000000312ad00000]
Native frames: (J=compiled Java code, j=interpreted, Vv=VM code, C=native code)
V  [jvm.dll+0x617d9a]
V  [jvm.dll+0x74eeef]
V  [jvm.dll+0x750599]
V  [jvm.dll+0x750c23]
V  [jvm.dll+0x2438d8]
V  [jvm.dll+0xba6dc]
V  [jvm.dll+0xbac9c]
V  [jvm.dll+0x346972]
V  [jvm.dll+0x3147a3]
V  [jvm.dll+0x313aea]
V  [jvm.dll+0x1fd105]
V  [jvm.dll+0x1fc2ed]
V  [jvm.dll+0x17f18c]
V  [jvm.dll+0x20b87c]
V  [jvm.dll+0x20997b]
V  [jvm.dll+0x716359]
V  [jvm.dll+0x70f064]
V  [jvm.dll+0x616f66]
C  [ucrtbase.dll+0x21bb2]
C  [KERNEL32.DLL+0x17034]
C  [ntdll.dll+0x52651]


---------------  P R O C E S S  ---------------

Threads class SMR info:
_java_thread_list=0x000001f9fcb3e530, length=138, elements={
0x000001f9e9406000, 0x000001f9f6112800, 0x000001f9f611d800, 0x000001f9f6987000,
0x000001f9f698a000, 0x000001f9f698b000, 0x000001f9f698d800, 0x000001f9f6991000,
0x000001f9f6995800, 0x000001f9f6b0d000, 0x000001f9f6e30800, 0x000001f9f7bf6800,
0x000001f9f925e000, 0x000001f9f84c1000, 0x000001f9f7786800, 0x000001f9f8306800,
0x000001f9f8d7d800, 0x000001f9f8d7e800, 0x000001f9f84dd800, 0x000001f9f84de000,
0x000001f9f8b68000, 0x000001f9f9055800, 0x000001f9f8e77000, 0x000001f9f8e78000,
0x000001f9f8e72800, 0x000001f9f8e79000, 0x000001f9f8e75800, 0x000001f9f8e73000,
0x000001f9f8e74800, 0x000001f9f8e74000, 0x000001f9f8e76800, 0x000001f9f9b8e000,
0x000001f9f9b8d000, 0x000001f9f9b8b800, 0x000001f9f9b8f800, 0x000001f9f9b8a000,
0x000001f9f9b90800, 0x000001f9f9b91000, 0x000001f9f9b92000, 0x000001f9f9b8c800,
0x000001f9f9b95800, 0x000001f9f9b96000, 0x000001f9f9b97000, 0x000001f9f9b97800,
0x000001f9f9b98800, 0x000001f9f9b93000, 0x000001f9f9b93800, 0x000001f9f9b94800,
0x000001f9fc03a000, 0x000001f9fc03b000, 0x000001f9fc036800, 0x000001f9fc038800,
0x000001f9fc03b800, 0x000001f9fc03c800, 0x000001f9fc039000, 0x000001f9fc03d000,
0x000001f9fc037800, 0x000001f9fc03f800, 0x000001f9fc043000, 0x000001f9fc041800,
0x000001f9fc042000, 0x000001f9fc043800, 0x000001f9fc03e000, 0x000001f9fc044800,
0x000001f9fc03f000, 0x000001f9fc045800, 0x000001f9fc040800, 0x000001f9fc708000,
0x000001f9fc709800, 0x000001f9fc705800, 0x000001f9fc706800, 0x000001f9fc704800,
0x000001f9fc707000, 0x000001f9fc708800, 0x000001f9fc704000, 0x000001f9fc70e800,
0x000001f9fc70c000, 0x000001f9fc70d000, 0x000001f9fc70a800, 0x000001f9fc70f000,
0x000001f9fc710000, 0x000001f9fc70d800, 0x000001f9fc711000, 0x000001f9fc70b000,
0x000001f9fc711800, 0x000001f9fc712800, 0x000001f9f9800800, 0x000001f9f9803000,
0x000001f9f9807000, 0x000001f9f9801800, 0x000001f9f9804000, 0x000001f9f9805800,
0x000001f9f9804800, 0x000001f9f9806800, 0x000001f9f9808000, 0x000001f9f9802000,
0x000001f9f9809000, 0x000001f9f980e800, 0x000001f9f980d800, 0x000001f9f980a800,
0x000001f9f980f800, 0x000001f9f980b000, 0x000001f9f9809800, 0x000001f9f980c000,
0x000001f9f980d000, 0x000001f9f906f000, 0x000001f9f9071000, 0x000001f9f9070800,
0x000001f9f906f800, 0x000001f9f906b800, 0x000001f9f906d000, 0x000001f9f906e000,
0x000001f9f9072000, 0x000001f9f906c800, 0x000001f9f9075800, 0x000001f9f9077000,
0x000001f9f9076000, 0x000001f9f9073800, 0x000001f9f9078000, 0x000001f9f9078800,
0x000001f9f9073000, 0x000001f9f907a000, 0x000001f9f9079800, 0x000001f9f9074800,
0x000001f98f7d5000, 0x000001f98f7d0000, 0x000001f98f7cf800, 0x000001f98f7d6800,
0x000001f98f7d4000, 0x000001f98f7d6000, 0x000001f98f7d3800, 0x000001f98f7d1000,
0x000001f98f7d1800, 0x000001f98f7d7800, 0x000001f98f7d8800, 0x000001f98f7d2800,
0x000001f98f7da000, 0x000001f98f7db800
}

Java Threads: ( => current thread )
  0x000001f9e9406000 JavaThread "main" [_thread_blocked, id=18012, stack(0x000000312a000000,0x000000312a100000)]
  0x000001f9f6112800 JavaThread "Reference Handler" daemon [_thread_blocked, id=16716, stack(0x000000312a700000,0x000000312a800000)]
  0x000001f9f611d800 JavaThread "Finalizer" daemon [_thread_blocked, id=10252, stack(0x000000312a800000,0x000000312a900000)]
  0x000001f9f6987000 JavaThread "Signal Dispatcher" daemon [_thread_blocked, id=15696, stack(0x000000312a900000,0x000000312aa00000)]
  0x000001f9f698a000 JavaThread "Attach Listener" daemon [_thread_blocked, id=18692, stack(0x000000312aa00000,0x000000312ab00000)]
  0x000001f9f698b000 JavaThread "Service Thread" daemon [_thread_blocked, id=18876, stack(0x000000312ab00000,0x000000312ac00000)]
=>0x000001f9f698d800 JavaThread "C2 CompilerThread0" daemon [_thread_in_native, id=17552, stack(0x000000312ac00000,0x000000312ad00000)]
  0x000001f9f6991000 JavaThread "C1 CompilerThread0" daemon [_thread_blocked, id=15896, stack(0x000000312ad00000,0x000000312ae00000)]
  0x000001f9f6995800 JavaThread "Sweeper thread" daemon [_thread_blocked, id=9956, stack(0x000000312ae00000,0x000000312af00000)]
  0x000001f9f6b0d000 JavaThread "Common-Cleaner" daemon [_thread_blocked, id=15856, stack(0x000000312af00000,0x000000312b000000)]
  0x000001f9f6e30800 JavaThread "C2 CompilerThread1" daemon [_thread_in_native, id=11316, stack(0x000000312b100000,0x000000312b200000)]
  0x000001f9f7bf6800 JavaThread "C2 CompilerThread2" daemon [_thread_blocked, id=3668, stack(0x000000312b700000,0x000000312b800000)]
  0x000001f9f925e000 JavaThread "Daemon health stats" [_thread_blocked, id=14764, stack(0x000000312b800000,0x000000312b900000)]
  0x000001f9f84c1000 JavaThread "Incoming local TCP Connector on port 2064" [_thread_in_native, id=5004, stack(0x000000312b900000,0x000000312ba00000)]
  0x000001f9f7786800 JavaThread "Daemon periodic checks" [_thread_blocked, id=4952, stack(0x000000312ba00000,0x000000312bb00000)]
  0x000001f9f8306800 JavaThread "Daemon" [_thread_blocked, id=14036, stack(0x000000312bb00000,0x000000312bc00000)]
  0x000001f9f8d7d800 JavaThread "Handler for socket connection from /127.0.0.1:2064 to /127.0.0.1:2065" [_thread_in_native, id=10144, stack(0x000000312bc00000,0x000000312bd00000)]
  0x000001f9f8d7e800 JavaThread "Cancel handler" [_thread_blocked, id=7348, stack(0x000000312bd00000,0x000000312be00000)]
  0x000001f9f84dd800 JavaThread "Daemon worker" [_thread_blocked, id=4744, stack(0x000000312be00000,0x000000312bf00000)]
  0x000001f9f84de000 JavaThread "Asynchronous log dispatcher for DefaultDaemonConnection: socket connection from /127.0.0.1:2064 to /127.0.0.1:2065" [_thread_blocked, id=6588, stack(0x000000312bf00000,0x000000312c000000)]
  0x000001f9f8b68000 JavaThread "Stdin handler" [_thread_blocked, id=20036, stack(0x000000312c000000,0x000000312c100000)]
  0x000001f9f9055800 JavaThread "Daemon client event forwarder" [_thread_blocked, id=18240, stack(0x000000312c100000,0x000000312c200000)]
  0x000001f9f8e77000 JavaThread "Cache worker for journal cache (C:\Users\kate2\.gradle\caches\journal-1)" [_thread_blocked, id=7888, stack(0x000000312c200000,0x000000312c300000)]
  0x000001f9f8e78000 JavaThread "File lock request listener" [_thread_in_native, id=19180, stack(0x000000312c300000,0x000000312c400000)]
  0x000001f9f8e72800 JavaThread "Cache worker for file hash cache (C:\Users\kate2\.gradle\caches\7.4.1\fileHashes)" [_thread_blocked, id=5676, stack(0x000000312c400000,0x000000312c500000)]
  0x000001f9f8e79000 JavaThread "File watcher server" daemon [_thread_in_native, id=12844, stack(0x000000312c800000,0x000000312c900000)]
  0x000001f9f8e75800 JavaThread "File watcher consumer" daemon [_thread_blocked, id=11900, stack(0x000000312c900000,0x000000312ca00000)]
  0x000001f9f8e73000 JavaThread "Cache worker for checksums cache (C:\Users\kate2\Desktop\Book-log-Backend\.gradle\7.4.1\checksums)" [_thread_blocked, id=10556, stack(0x000000312ca00000,0x000000312cb00000)]
  0x000001f9f8e74800 JavaThread "Cache worker for cache directory md-rule (C:\Users\kate2\.gradle\caches\7.4.1\md-rule)" [_thread_blocked, id=15640, stack(0x000000312cb00000,0x000000312cc00000)]
  0x000001f9f8e74000 JavaThread "Cache worker for file hash cache (C:\Users\kate2\Desktop\Book-log-Backend\.gradle\7.4.1\fileHashes)" [_thread_blocked, id=17000, stack(0x000000312cc00000,0x000000312cd00000)]
  0x000001f9f8e76800 JavaThread "Cache worker for cache directory md-supplier (C:\Users\kate2\.gradle\caches\7.4.1\md-supplier)" [_thread_blocked, id=1940, stack(0x000000312cd00000,0x000000312ce00000)]
  0x000001f9f9b8e000 JavaThread "Cache worker for execution history cache (C:\Users\kate2\.gradle\caches\7.4.1\executionHistory)" [_thread_blocked, id=19612, stack(0x000000312ce00000,0x000000312cf00000)]
  0x000001f9f9b8d000 JavaThread "jar transforms" [_thread_blocked, id=5976, stack(0x000000312cf00000,0x000000312d000000)]
  0x000001f9f9b8b800 JavaThread "jar transforms Thread 2" [_thread_blocked, id=11992, stack(0x000000312d000000,0x000000312d100000)]
  0x000001f9f9b8f800 JavaThread "Cache worker for file content cache (C:\Users\kate2\.gradle\caches\7.4.1\fileContent)" [_thread_blocked, id=14700, stack(0x000000312d100000,0x000000312d200000)]
  0x000001f9f9b8a000 JavaThread "jar transforms Thread 3" [_thread_blocked, id=10960, stack(0x000000312d200000,0x000000312d300000)]
  0x000001f9f9b90800 JavaThread "jar transforms Thread 4" [_thread_blocked, id=2456, stack(0x000000312d300000,0x000000312d400000)]
  0x000001f9f9b91000 JavaThread "jar transforms Thread 5" [_thread_blocked, id=19896, stack(0x000000312d400000,0x000000312d500000)]
  0x000001f9f9b92000 JavaThread "jar transforms Thread 6" [_thread_blocked, id=15040, stack(0x000000312d500000,0x000000312d600000)]
  0x000001f9f9b8c800 JavaThread "jar transforms Thread 7" [_thread_blocked, id=4484, stack(0x000000312d600000,0x000000312d700000)]
  0x000001f9f9b95800 JavaThread "jar transforms Thread 8" [_thread_blocked, id=11228, stack(0x000000312d700000,0x000000312d800000)]
  0x000001f9f9b96000 JavaThread "Cache worker for dependencies-accessors (C:\Users\kate2\Desktop\Book-log-Backend\.gradle\7.4.1\dependencies-accessors)" [_thread_blocked, id=2868, stack(0x000000312d800000,0x000000312d900000)]
  0x000001f9f9b97000 JavaThread "Cache worker for Build Output Cleanup Cache (C:\Users\kate2\Desktop\Book-log-Backend\.gradle\buildOutputCleanup)" [_thread_blocked, id=2776, stack(0x000000312d900000,0x000000312da00000)]
  0x000001f9f9b97800 JavaThread "Unconstrained build operations" [_thread_blocked, id=1312, stack(0x000000312da00000,0x000000312db00000)]
  0x000001f9f9b98800 JavaThread "Unconstrained build operations Thread 2" [_thread_blocked, id=4488, stack(0x000000312db00000,0x000000312dc00000)]
  0x000001f9f9b93000 JavaThread "Unconstrained build operations Thread 3" [_thread_blocked, id=10328, stack(0x000000312dc00000,0x000000312dd00000)]
  0x000001f9f9b93800 JavaThread "Unconstrained build operations Thread 4" [_thread_blocked, id=12260, stack(0x000000312dd00000,0x000000312de00000)]
  0x000001f9f9b94800 JavaThread "Unconstrained build operations Thread 5" [_thread_blocked, id=12664, stack(0x000000312de00000,0x000000312df00000)]
  0x000001f9fc03a000 JavaThread "Unconstrained build operations Thread 6" [_thread_blocked, id=2952, stack(0x000000312df00000,0x000000312e000000)]
  0x000001f9fc03b000 JavaThread "Unconstrained build operations Thread 7" [_thread_blocked, id=13576, stack(0x000000312e000000,0x000000312e100000)]
  0x000001f9fc036800 JavaThread "Unconstrained build operations Thread 8" [_thread_blocked, id=20328, stack(0x000000312e100000,0x000000312e200000)]
  0x000001f9fc038800 JavaThread "Unconstrained build operations Thread 9" [_thread_blocked, id=14936, stack(0x000000312e200000,0x000000312e300000)]
  0x000001f9fc03b800 JavaThread "Unconstrained build operations Thread 10" [_thread_blocked, id=11956, stack(0x000000312e300000,0x000000312e400000)]
  0x000001f9fc03c800 JavaThread "Unconstrained build operations Thread 11" [_thread_blocked, id=16792, stack(0x000000312e400000,0x000000312e500000)]
  0x000001f9fc039000 JavaThread "Unconstrained build operations Thread 12" [_thread_blocked, id=5396, stack(0x000000312e500000,0x000000312e600000)]
  0x000001f9fc03d000 JavaThread "Unconstrained build operations Thread 13" [_thread_blocked, id=18384, stack(0x000000312e600000,0x000000312e700000)]
  0x000001f9fc037800 JavaThread "Unconstrained build operations Thread 14" [_thread_blocked, id=8748, stack(0x000000312e700000,0x000000312e800000)]
  0x000001f9fc03f800 JavaThread "Unconstrained build operations Thread 15" [_thread_blocked, id=15732, stack(0x000000312e800000,0x000000312e900000)]
  0x000001f9fc043000 JavaThread "Unconstrained build operations Thread 16" [_thread_blocked, id=13948, stack(0x000000312e900000,0x000000312ea00000)]
  0x000001f9fc041800 JavaThread "Unconstrained build operations Thread 17" [_thread_blocked, id=13516, stack(0x000000312ea00000,0x000000312eb00000)]
  0x000001f9fc042000 JavaThread "Unconstrained build operations Thread 18" [_thread_blocked, id=1356, stack(0x000000312eb00000,0x000000312ec00000)]
  0x000001f9fc043800 JavaThread "Unconstrained build operations Thread 19" [_thread_blocked, id=976, stack(0x000000312ec00000,0x000000312ed00000)]
  0x000001f9fc03e000 JavaThread "Memory manager" [_thread_blocked, id=12992, stack(0x000000312ed00000,0x000000312ee00000)]
  0x000001f9fc044800 JavaThread "included builds" [_thread_blocked, id=12764, stack(0x000000312ee00000,0x000000312ef00000)]
  0x000001f9fc03f000 JavaThread "Execution worker for ':'" [_thread_blocked, id=5884, stack(0x000000312ef00000,0x000000312f000000)]
  0x000001f9fc045800 JavaThread "Execution worker for ':' Thread 2" [_thread_blocked, id=11580, stack(0x000000312f000000,0x000000312f100000)]
  0x000001f9fc040800 JavaThread "Execution worker for ':' Thread 3" [_thread_blocked, id=17260, stack(0x000000312f100000,0x000000312f200000)]
  0x000001f9fc708000 JavaThread "Execution worker for ':' Thread 4" [_thread_blocked, id=20000, stack(0x000000312f200000,0x000000312f300000)]
  0x000001f9fc709800 JavaThread "Execution worker for ':' Thread 5" [_thread_blocked, id=15048, stack(0x000000312f300000,0x000000312f400000)]
  0x000001f9fc705800 JavaThread "Execution worker for ':' Thread 6" [_thread_blocked, id=12996, stack(0x000000312f400000,0x000000312f500000)]
  0x000001f9fc706800 JavaThread "Execution worker for ':' Thread 7" [_thread_blocked, id=9220, stack(0x000000312f500000,0x000000312f600000)]
  0x000001f9fc704800 JavaThread "Cache worker for execution history cache (C:\Users\kate2\Desktop\Book-log-Backend\.gradle\7.4.1\executionHistory)" [_thread_blocked, id=11460, stack(0x000000312f600000,0x000000312f700000)]
  0x000001f9fc707000 JavaThread "Unconstrained build operations Thread 20" [_thread_blocked, id=6444, stack(0x000000312f700000,0x000000312f800000)]
  0x000001f9fc708800 JavaThread "Unconstrained build operations Thread 21" [_thread_blocked, id=16288, stack(0x000000312f800000,0x000000312f900000)]
  0x000001f9fc704000 JavaThread "Unconstrained build operations Thread 22" [_thread_blocked, id=19320, stack(0x000000312f900000,0x000000312fa00000)]
  0x000001f9fc70e800 JavaThread "Unconstrained build operations Thread 23" [_thread_blocked, id=18620, stack(0x000000312fa00000,0x000000312fb00000)]
  0x000001f9fc70c000 JavaThread "Unconstrained build operations Thread 24" [_thread_blocked, id=19864, stack(0x000000312fb00000,0x000000312fc00000)]
  0x000001f9fc70d000 JavaThread "Unconstrained build operations Thread 25" [_thread_blocked, id=15916, stack(0x000000312fc00000,0x000000312fd00000)]
  0x000001f9fc70a800 JavaThread "Unconstrained build operations Thread 26" [_thread_blocked, id=18244, stack(0x000000312fd00000,0x000000312fe00000)]
  0x000001f9fc70f000 JavaThread "Unconstrained build operations Thread 27" [_thread_blocked, id=6980, stack(0x000000312fe00000,0x000000312ff00000)]
  0x000001f9fc710000 JavaThread "Unconstrained build operations Thread 28" [_thread_blocked, id=16496, stack(0x000000312ff00000,0x0000003130000000)]
  0x000001f9fc70d800 JavaThread "Unconstrained build operations Thread 29" [_thread_blocked, id=18420, stack(0x0000003130000000,0x0000003130100000)]
  0x000001f9fc711000 JavaThread "Unconstrained build operations Thread 30" [_thread_blocked, id=11576, stack(0x0000003130100000,0x0000003130200000)]
  0x000001f9fc70b000 JavaThread "Unconstrained build operations Thread 31" [_thread_blocked, id=10980, stack(0x0000003130200000,0x0000003130300000)]
  0x000001f9fc711800 JavaThread "Unconstrained build operations Thread 32" [_thread_blocked, id=5616, stack(0x0000003130300000,0x0000003130400000)]
  0x000001f9fc712800 JavaThread "Unconstrained build operations Thread 33" [_thread_blocked, id=15584, stack(0x0000003130400000,0x0000003130500000)]
  0x000001f9f9800800 JavaThread "Unconstrained build operations Thread 34" [_thread_blocked, id=11448, stack(0x0000003130500000,0x0000003130600000)]
  0x000001f9f9803000 JavaThread "Unconstrained build operations Thread 35" [_thread_blocked, id=8488, stack(0x0000003130600000,0x0000003130700000)]
  0x000001f9f9807000 JavaThread "Unconstrained build operations Thread 36" [_thread_blocked, id=1376, stack(0x0000003130700000,0x0000003130800000)]
  0x000001f9f9801800 JavaThread "Unconstrained build operations Thread 37" [_thread_blocked, id=14248, stack(0x0000003130800000,0x0000003130900000)]
  0x000001f9f9804000 JavaThread "Unconstrained build operations Thread 38" [_thread_blocked, id=12020, stack(0x0000003130900000,0x0000003130a00000)]
  0x000001f9f9805800 JavaThread "Unconstrained build operations Thread 39" [_thread_blocked, id=9984, stack(0x0000003130a00000,0x0000003130b00000)]
  0x000001f9f9804800 JavaThread "Unconstrained build operations Thread 40" [_thread_blocked, id=15276, stack(0x0000003130b00000,0x0000003130c00000)]
  0x000001f9f9806800 JavaThread "Unconstrained build operations Thread 41" [_thread_blocked, id=8916, stack(0x0000003130c00000,0x0000003130d00000)]
  0x000001f9f9808000 JavaThread "Unconstrained build operations Thread 42" [_thread_blocked, id=12864, stack(0x0000003130d00000,0x0000003130e00000)]
  0x000001f9f9802000 JavaThread "Unconstrained build operations Thread 43" [_thread_blocked, id=2964, stack(0x0000003130e00000,0x0000003130f00000)]
  0x000001f9f9809000 JavaThread "Unconstrained build operations Thread 44" [_thread_blocked, id=19964, stack(0x0000003130f00000,0x0000003131000000)]
  0x000001f9f980e800 JavaThread "Unconstrained build operations Thread 45" [_thread_blocked, id=7716, stack(0x0000003131000000,0x0000003131100000)]
  0x000001f9f980d800 JavaThread "Unconstrained build operations Thread 46" [_thread_blocked, id=13364, stack(0x0000003131100000,0x0000003131200000)]
  0x000001f9f980a800 JavaThread "Unconstrained build operations Thread 47" [_thread_blocked, id=17208, stack(0x0000003131200000,0x0000003131300000)]
  0x000001f9f980f800 JavaThread "Unconstrained build operations Thread 48" [_thread_blocked, id=14964, stack(0x0000003131300000,0x0000003131400000)]
  0x000001f9f980b000 JavaThread "Unconstrained build operations Thread 49" [_thread_blocked, id=17928, stack(0x0000003131400000,0x0000003131500000)]
  0x000001f9f9809800 JavaThread "Unconstrained build operations Thread 50" [_thread_blocked, id=3460, stack(0x0000003131500000,0x0000003131600000)]
  0x000001f9f980c000 JavaThread "Unconstrained build operations Thread 51" [_thread_blocked, id=792, stack(0x0000003131600000,0x0000003131700000)]
  0x000001f9f980d000 JavaThread "Unconstrained build operations Thread 52" [_thread_blocked, id=144, stack(0x0000003131700000,0x0000003131800000)]
  0x000001f9f906f000 JavaThread "Unconstrained build operations Thread 53" [_thread_blocked, id=16328, stack(0x0000003131800000,0x0000003131900000)]
  0x000001f9f9071000 JavaThread "Unconstrained build operations Thread 54" [_thread_blocked, id=16324, stack(0x0000003131900000,0x0000003131a00000)]
  0x000001f9f9070800 JavaThread "Unconstrained build operations Thread 55" [_thread_blocked, id=13452, stack(0x0000003131a00000,0x0000003131b00000)]
  0x000001f9f906f800 JavaThread "Unconstrained build operations Thread 56" [_thread_blocked, id=6652, stack(0x0000003131b00000,0x0000003131c00000)]
  0x000001f9f906b800 JavaThread "Unconstrained build operations Thread 57" [_thread_blocked, id=8424, stack(0x0000003131c00000,0x0000003131d00000)]
  0x000001f9f906d000 JavaThread "Unconstrained build operations Thread 58" [_thread_blocked, id=12212, stack(0x0000003131d00000,0x0000003131e00000)]
  0x000001f9f906e000 JavaThread "Unconstrained build operations Thread 59" [_thread_blocked, id=19284, stack(0x0000003131e00000,0x0000003131f00000)]
  0x000001f9f9072000 JavaThread "Unconstrained build operations Thread 60" [_thread_blocked, id=6340, stack(0x0000003131f00000,0x0000003132000000)]
  0x000001f9f906c800 JavaThread "Unconstrained build operations Thread 61" [_thread_blocked, id=12572, stack(0x0000003132000000,0x0000003132100000)]
  0x000001f9f9075800 JavaThread "Unconstrained build operations Thread 62" [_thread_blocked, id=15436, stack(0x0000003132100000,0x0000003132200000)]
  0x000001f9f9077000 JavaThread "Unconstrained build operations Thread 63" [_thread_blocked, id=6068, stack(0x0000003132200000,0x0000003132300000)]
  0x000001f9f9076000 JavaThread "Unconstrained build operations Thread 64" [_thread_blocked, id=11348, stack(0x0000003132300000,0x0000003132400000)]
  0x000001f9f9073800 JavaThread "Unconstrained build operations Thread 65" [_thread_blocked, id=19476, stack(0x0000003132400000,0x0000003132500000)]
  0x000001f9f9078000 JavaThread "Unconstrained build operations Thread 66" [_thread_blocked, id=14672, stack(0x0000003132500000,0x0000003132600000)]
  0x000001f9f9078800 JavaThread "Unconstrained build operations Thread 67" [_thread_blocked, id=8968, stack(0x0000003132600000,0x0000003132700000)]
  0x000001f9f9073000 JavaThread "Unconstrained build operations Thread 68" [_thread_blocked, id=10924, stack(0x0000003132700000,0x0000003132800000)]
  0x000001f9f907a000 JavaThread "Unconstrained build operations Thread 69" [_thread_blocked, id=15464, stack(0x0000003132800000,0x0000003132900000)]
  0x000001f9f9079800 JavaThread "Unconstrained build operations Thread 70" [_thread_blocked, id=19736, stack(0x0000003132900000,0x0000003132a00000)]
  0x000001f9f9074800 JavaThread "Unconstrained build operations Thread 71" [_thread_blocked, id=6308, stack(0x0000003132a00000,0x0000003132b00000)]
  0x000001f98f7d5000 JavaThread "Unconstrained build operations Thread 72" [_thread_blocked, id=9524, stack(0x0000003132b00000,0x0000003132c00000)]
  0x000001f98f7d0000 JavaThread "Unconstrained build operations Thread 73" [_thread_blocked, id=9072, stack(0x0000003132c00000,0x0000003132d00000)]
  0x000001f98f7cf800 JavaThread "Unconstrained build operations Thread 74" [_thread_blocked, id=7356, stack(0x0000003132d00000,0x0000003132e00000)]
  0x000001f98f7d6800 JavaThread "Unconstrained build operations Thread 75" [_thread_blocked, id=18700, stack(0x0000003132e00000,0x0000003132f00000)]
  0x000001f98f7d4000 JavaThread "Unconstrained build operations Thread 76" [_thread_blocked, id=19212, stack(0x0000003132f00000,0x0000003133000000)]
  0x000001f98f7d6000 JavaThread "Unconstrained build operations Thread 77" [_thread_blocked, id=19252, stack(0x0000003133000000,0x0000003133100000)]
  0x000001f98f7d3800 JavaThread "Unconstrained build operations Thread 78" [_thread_blocked, id=10536, stack(0x0000003133100000,0x0000003133200000)]
  0x000001f98f7d1000 JavaThread "Unconstrained build operations Thread 79" [_thread_blocked, id=19932, stack(0x0000003133200000,0x0000003133300000)]
  0x000001f98f7d1800 JavaThread "Unconstrained build operations Thread 80" [_thread_blocked, id=12920, stack(0x0000003133300000,0x0000003133400000)]
  0x000001f98f7d7800 JavaThread "Exec process" [_thread_in_native, id=8204, stack(0x0000003133400000,0x0000003133500000)]
  0x000001f98f7d8800 JavaThread "DisconnectableInputStream source reader" daemon [_thread_blocked, id=15992, stack(0x0000003133500000,0x0000003133600000)]
  0x000001f98f7d2800 JavaThread "Exec process Thread 2" [_thread_blocked, id=12544, stack(0x0000003133600000,0x0000003133700000)]
  0x000001f98f7da000 JavaThread "Exec process Thread 3" [_thread_in_native, id=19740, stack(0x0000003133700000,0x0000003133800000)]
  0x000001f98f7db800 JavaThread "Exec process Thread 4" [_thread_in_native, id=13104, stack(0x0000003133800000,0x0000003133900000)]

Other Threads:
  0x000001f9f60e9800 VMThread "VM Thread" [stack: 0x000000312a600000,0x000000312a700000] [id=16308]
  0x000001f9f6b56800 WatcherThread [stack: 0x000000312b000000,0x000000312b100000] [id=1604]
  0x000001f9e941e800 GCTaskThread "GC Thread#0" [stack: 0x000000312a100000,0x000000312a200000] [id=20184]
  0x000001f9f77ec800 GCTaskThread "GC Thread#1" [stack: 0x000000312b200000,0x000000312b300000] [id=8116]
  0x000001f9f7ffe800 GCTaskThread "GC Thread#2" [stack: 0x000000312b300000,0x000000312b400000] [id=15880]
  0x000001f9f7ba6800 GCTaskThread "GC Thread#3" [stack: 0x000000312b400000,0x000000312b500000] [id=20368]
  0x000001f9f77f1800 GCTaskThread "GC Thread#4" [stack: 0x000000312b500000,0x000000312b600000] [id=13228]
  0x000001f9f771d800 GCTaskThread "GC Thread#5" [stack: 0x000000312b600000,0x000000312b700000] [id=11804]
  0x000001f9f96eb800 GCTaskThread "GC Thread#6" [stack: 0x000000312c500000,0x000000312c600000] [id=15924]
  0x000001f9f95f7800 GCTaskThread "GC Thread#7" [stack: 0x000000312c600000,0x000000312c700000] [id=16304]
  0x000001f9e9432800 ConcurrentGCThread "G1 Main Marker" [stack: 0x000000312a200000,0x000000312a300000] [id=13664]
  0x000001f9e9434000 ConcurrentGCThread "G1 Conc#0" [stack: 0x000000312a300000,0x000000312a400000] [id=19700]
  0x000001f9f84bd800 ConcurrentGCThread "G1 Conc#1" [stack: 0x000000312c700000,0x000000312c800000] [id=4032]
  0x000001f9e94ed800 ConcurrentGCThread "G1 Refine#0" [stack: 0x000000312a400000,0x000000312a500000] [id=19496]
  0x000001f9f5f86800 ConcurrentGCThread "G1 Young RemSet Sampling" [stack: 0x000000312a500000,0x000000312a600000] [id=15080]

Threads with active compile tasks:
C2 CompilerThread0   6627 7705       4       org.gradle.internal.logging.text.AbstractLineChoppingStyledTextOutput$2::execute (77 bytes)
C2 CompilerThread1   6628 7711       4       org.gradle.internal.logging.text.AbstractLineChoppingStyledTextOutput::doAppend (43 bytes)

VM state:not at safepoint (normal execution)

VM Mutex/Monitor currently owned by a thread: None

Heap address: 0x00000000e0000000, size: 512 MB, Compressed Oops mode: 32-bit
Narrow klass base: 0x0000000000000000, Narrow klass shift: 3
Compressed class space size: 260046848 Address: 0x0000000100000000

Heap:
 garbage-first heap   total 262144K, used 98703K [0x00000000e0000000, 0x0000000100000000)
  region size 1024K, 69 young (70656K), 17 survivors (17408K)
 Metaspace       used 60225K, capacity 62299K, committed 62412K, reserved 309248K
  class space    used 7847K, capacity 8615K, committed 8704K, reserved 253952K
Heap Regions: E=young(eden), S=young(survivor), O=old, HS=humongous(starts), HC=humongous(continues), CS=collection set, F=free, A=archive, TAMS=top-at-mark-start (previous, next)
|   0|0x00000000e0000000, 0x00000000e0100000, 0x00000000e0100000|100%| O|  |TAMS 0x00000000e0100000, 0x00000000e0000000| Untracked 
|   1|0x00000000e0100000, 0x00000000e0200000, 0x00000000e0200000|100%| O|  |TAMS 0x00000000e0200000, 0x00000000e0100000| Untracked 
|   2|0x00000000e0200000, 0x00000000e0300000, 0x00000000e0300000|100%| O|  |TAMS 0x00000000e0300000, 0x00000000e0200000| Untracked 
|   3|0x00000000e0300000, 0x00000000e0400000, 0x00000000e0400000|100%|HS|  |TAMS 0x00000000e0400000, 0x00000000e0300000| Complete 
|   4|0x00000000e0400000, 0x00000000e0500000, 0x00000000e0500000|100%|HC|  |TAMS 0x00000000e0500000, 0x00000000e0400000| Complete 
|   5|0x00000000e0500000, 0x00000000e0600000, 0x00000000e0600000|100%|HC|  |TAMS 0x00000000e0600000, 0x00000000e0500000| Complete 
|   6|0x00000000e0600000, 0x00000000e0700000, 0x00000000e0700000|100%| O|  |TAMS 0x00000000e0700000, 0x00000000e0600000| Untracked 
|   7|0x00000000e0700000, 0x00000000e0800000, 0x00000000e0800000|100%| O|  |TAMS 0x00000000e0800000, 0x00000000e0700000| Untracked 
|   8|0x00000000e0800000, 0x00000000e0900000, 0x00000000e0900000|100%| O|  |TAMS 0x00000000e0900000, 0x00000000e0800000| Untracked 
|   9|0x00000000e0900000, 0x00000000e0a00000, 0x00000000e0a00000|100%| O|  |TAMS 0x00000000e0a00000, 0x00000000e0900000| Untracked 
|  10|0x00000000e0a00000, 0x00000000e0b00000, 0x00000000e0b00000|100%| O|  |TAMS 0x00000000e0b00000, 0x00000000e0a00000| Untracked 
|  11|0x00000000e0b00000, 0x00000000e0c00000, 0x00000000e0c00000|100%| O|  |TAMS 0x00000000e0c00000, 0x00000000e0b00000| Untracked 
|  12|0x00000000e0c00000, 0x00000000e0d00000, 0x00000000e0d00000|100%| O|  |TAMS 0x00000000e0d00000, 0x00000000e0c00000| Untracked 
|  13|0x00000000e0d00000, 0x00000000e0e00000, 0x00000000e0e00000|100%| O|  |TAMS 0x00000000e0e00000, 0x00000000e0d00000| Untracked 
|  14|0x00000000e0e00000, 0x00000000e0f00000, 0x00000000e0f00000|100%| O|  |TAMS 0x00000000e0f00000, 0x00000000e0e00000| Untracked 
|  15|0x00000000e0f00000, 0x00000000e1000000, 0x00000000e1000000|100%| O|  |TAMS 0x00000000e1000000, 0x00000000e0f00000| Untracked 
|  16|0x00000000e1000000, 0x00000000e1100000, 0x00000000e1100000|100%| O|  |TAMS 0x00000000e10ad400, 0x00000000e1000000| Untracked 
|  17|0x00000000e1100000, 0x00000000e1200000, 0x00000000e1200000|100%| O|  |TAMS 0x00000000e1100000, 0x00000000e1100000| Untracked 
|  18|0x00000000e1200000, 0x00000000e1300000, 0x00000000e1300000|100%| O|  |TAMS 0x00000000e1200000, 0x00000000e1200000| Untracked 
|  19|0x00000000e1300000, 0x00000000e1400000, 0x00000000e1400000|100%| O|  |TAMS 0x00000000e1300000, 0x00000000e1300000| Untracked 
|  20|0x00000000e1400000, 0x00000000e1500000, 0x00000000e1500000|100%| O|  |TAMS 0x00000000e1400000, 0x00000000e1400000| Untracked 
|  21|0x00000000e1500000, 0x00000000e1600000, 0x00000000e1600000|100%| O|  |TAMS 0x00000000e1500000, 0x00000000e1500000| Untracked 
|  22|0x00000000e1600000, 0x00000000e1700000, 0x00000000e1700000|100%| O|  |TAMS 0x00000000e1600000, 0x00000000e1600000| Untracked 
|  23|0x00000000e1700000, 0x00000000e1800000, 0x00000000e1800000|100%| O|  |TAMS 0x00000000e1700000, 0x00000000e1700000| Untracked 
|  24|0x00000000e1800000, 0x00000000e1900000, 0x00000000e1900000|100%| O|  |TAMS 0x00000000e1800000, 0x00000000e1800000| Untracked 
|  25|0x00000000e1900000, 0x00000000e1a00000, 0x00000000e1a00000|100%| O|  |TAMS 0x00000000e1900000, 0x00000000e1900000| Untracked 
|  26|0x00000000e1a00000, 0x00000000e1b00000, 0x00000000e1b00000|100%| O|  |TAMS 0x00000000e1a00000, 0x00000000e1a00000| Untracked 
|  27|0x00000000e1b00000, 0x00000000e1c00000, 0x00000000e1c00000|100%| O|  |TAMS 0x00000000e1b00000, 0x00000000e1b00000| Untracked 
|  28|0x00000000e1c00000, 0x00000000e1cb3a00, 0x00000000e1d00000| 70%| O|  |TAMS 0x00000000e1c00000, 0x00000000e1c00000| Untracked 
|  29|0x00000000e1d00000, 0x00000000e1d00000, 0x00000000e1e00000|  0%| F|  |TAMS 0x00000000e1d00000, 0x00000000e1d00000| Untracked 
|  30|0x00000000e1e00000, 0x00000000e1e00000, 0x00000000e1f00000|  0%| F|  |TAMS 0x00000000e1e00000, 0x00000000e1e00000| Untracked 
|  31|0x00000000e1f00000, 0x00000000e1f00000, 0x00000000e2000000|  0%| F|  |TAMS 0x00000000e1f00000, 0x00000000e1f00000| Untracked 
|  32|0x00000000e2000000, 0x00000000e2000000, 0x00000000e2100000|  0%| F|  |TAMS 0x00000000e2000000, 0x00000000e2000000| Untracked 
|  33|0x00000000e2100000, 0x00000000e2100000, 0x00000000e2200000|  0%| F|  |TAMS 0x00000000e2100000, 0x00000000e2100000| Untracked 
|  34|0x00000000e2200000, 0x00000000e2200000, 0x00000000e2300000|  0%| F|  |TAMS 0x00000000e2200000, 0x00000000e2200000| Untracked 
|  35|0x00000000e2300000, 0x00000000e2300000, 0x00000000e2400000|  0%| F|  |TAMS 0x00000000e2300000, 0x00000000e2300000| Untracked 
|  36|0x00000000e2400000, 0x00000000e2400000, 0x00000000e2500000|  0%| F|  |TAMS 0x00000000e2400000, 0x00000000e2400000| Untracked 
|  37|0x00000000e2500000, 0x00000000e2500000, 0x00000000e2600000|  0%| F|  |TAMS 0x00000000e2500000, 0x00000000e2500000| Untracked 
|  38|0x00000000e2600000, 0x00000000e2600000, 0x00000000e2700000|  0%| F|  |TAMS 0x00000000e2600000, 0x00000000e2600000| Untracked 
|  39|0x00000000e2700000, 0x00000000e2700000, 0x00000000e2800000|  0%| F|  |TAMS 0x00000000e2700000, 0x00000000e2700000| Untracked 
|  40|0x00000000e2800000, 0x00000000e2800000, 0x00000000e2900000|  0%| F|  |TAMS 0x00000000e2800000, 0x00000000e2800000| Untracked 
|  41|0x00000000e2900000, 0x00000000e2900000, 0x00000000e2a00000|  0%| F|  |TAMS 0x00000000e2900000, 0x00000000e2900000| Untracked 
|  42|0x00000000e2a00000, 0x00000000e2a00000, 0x00000000e2b00000|  0%| F|  |TAMS 0x00000000e2a00000, 0x00000000e2a00000| Untracked 
|  43|0x00000000e2b00000, 0x00000000e2b00000, 0x00000000e2c00000|  0%| F|  |TAMS 0x00000000e2b00000, 0x00000000e2b00000| Untracked 
|  44|0x00000000e2c00000, 0x00000000e2c00000, 0x00000000e2d00000|  0%| F|  |TAMS 0x00000000e2c00000, 0x00000000e2c00000| Untracked 
|  45|0x00000000e2d00000, 0x00000000e2d00000, 0x00000000e2e00000|  0%| F|  |TAMS 0x00000000e2d00000, 0x00000000e2d00000| Untracked 
|  46|0x00000000e2e00000, 0x00000000e2e00000, 0x00000000e2f00000|  0%| F|  |TAMS 0x00000000e2e00000, 0x00000000e2e00000| Untracked 
|  47|0x00000000e2f00000, 0x00000000e2f00000, 0x00000000e3000000|  0%| F|  |TAMS 0x00000000e2f00000, 0x00000000e2f00000| Untracked 
|  48|0x00000000e3000000, 0x00000000e3000000, 0x00000000e3100000|  0%| F|  |TAMS 0x00000000e3000000, 0x00000000e3000000| Untracked 
|  49|0x00000000e3100000, 0x00000000e3100000, 0x00000000e3200000|  0%| F|  |TAMS 0x00000000e3100000, 0x00000000e3100000| Untracked 
|  50|0x00000000e3200000, 0x00000000e3200000, 0x00000000e3300000|  0%| F|  |TAMS 0x00000000e3200000, 0x00000000e3200000| Untracked 
|  51|0x00000000e3300000, 0x00000000e3300000, 0x00000000e3400000|  0%| F|  |TAMS 0x00000000e3300000, 0x00000000e3300000| Untracked 
|  52|0x00000000e3400000, 0x00000000e3400000, 0x00000000e3500000|  0%| F|  |TAMS 0x00000000e3400000, 0x00000000e3400000| Untracked 
|  53|0x00000000e3500000, 0x00000000e3500000, 0x00000000e3600000|  0%| F|  |TAMS 0x00000000e3500000, 0x00000000e3500000| Untracked 
|  54|0x00000000e3600000, 0x00000000e3600000, 0x00000000e3700000|  0%| F|  |TAMS 0x00000000e3600000, 0x00000000e3600000| Untracked 
|  55|0x00000000e3700000, 0x00000000e3700000, 0x00000000e3800000|  0%| F|  |TAMS 0x00000000e3700000, 0x00000000e3700000| Untracked 
|  56|0x00000000e3800000, 0x00000000e3800000, 0x00000000e3900000|  0%| F|  |TAMS 0x00000000e3800000, 0x00000000e3800000| Untracked 
|  57|0x00000000e3900000, 0x00000000e3900000, 0x00000000e3a00000|  0%| F|  |TAMS 0x00000000e3900000, 0x00000000e3900000| Untracked 
|  58|0x00000000e3a00000, 0x00000000e3a00000, 0x00000000e3b00000|  0%| F|  |TAMS 0x00000000e3a00000, 0x00000000e3a00000| Untracked 
|  59|0x00000000e3b00000, 0x00000000e3b00000, 0x00000000e3c00000|  0%| F|  |TAMS 0x00000000e3b00000, 0x00000000e3b00000| Untracked 
|  60|0x00000000e3c00000, 0x00000000e3c00000, 0x00000000e3d00000|  0%| F|  |TAMS 0x00000000e3c00000, 0x00000000e3c00000| Untracked 
|  61|0x00000000e3d00000, 0x00000000e3d00000, 0x00000000e3e00000|  0%| F|  |TAMS 0x00000000e3d00000, 0x00000000e3d00000| Untracked 
|  62|0x00000000e3e00000, 0x00000000e3e00000, 0x00000000e3f00000|  0%| F|  |TAMS 0x00000000e3e00000, 0x00000000e3e00000| Untracked 
|  63|0x00000000e3f00000, 0x00000000e3f00000, 0x00000000e4000000|  0%| F|  |TAMS 0x00000000e3f00000, 0x00000000e3f00000| Untracked 
|  64|0x00000000e4000000, 0x00000000e4000000, 0x00000000e4100000|  0%| F|  |TAMS 0x00000000e4000000, 0x00000000e4000000| Untracked 
|  65|0x00000000e4100000, 0x00000000e4100000, 0x00000000e4200000|  0%| F|  |TAMS 0x00000000e4100000, 0x00000000e4100000| Untracked 
|  66|0x00000000e4200000, 0x00000000e4200000, 0x00000000e4300000|  0%| F|  |TAMS 0x00000000e4200000, 0x00000000e4200000| Untracked 
|  67|0x00000000e4300000, 0x00000000e4300000, 0x00000000e4400000|  0%| F|  |TAMS 0x00000000e4300000, 0x00000000e4300000| Untracked 
|  68|0x00000000e4400000, 0x00000000e4400000, 0x00000000e4500000|  0%| F|  |TAMS 0x00000000e4400000, 0x00000000e4400000| Untracked 
|  69|0x00000000e4500000, 0x00000000e4500000, 0x00000000e4600000|  0%| F|  |TAMS 0x00000000e4500000, 0x00000000e4500000| Untracked 
|  70|0x00000000e4600000, 0x00000000e4600000, 0x00000000e4700000|  0%| F|  |TAMS 0x00000000e4600000, 0x00000000e4600000| Untracked 
|  71|0x00000000e4700000, 0x00000000e4700000, 0x00000000e4800000|  0%| F|  |TAMS 0x00000000e4700000, 0x00000000e4700000| Untracked 
|  72|0x00000000e4800000, 0x00000000e4800000, 0x00000000e4900000|  0%| F|  |TAMS 0x00000000e4800000, 0x00000000e4800000| Untracked 
|  73|0x00000000e4900000, 0x00000000e4900000, 0x00000000e4a00000|  0%| F|  |TAMS 0x00000000e4900000, 0x00000000e4900000| Untracked 
|  74|0x00000000e4a00000, 0x00000000e4a00000, 0x00000000e4b00000|  0%| F|  |TAMS 0x00000000e4a00000, 0x00000000e4a00000| Untracked 
|  75|0x00000000e4b00000, 0x00000000e4b00000, 0x00000000e4c00000|  0%| F|  |TAMS 0x00000000e4b00000, 0x00000000e4b00000| Untracked 
|  76|0x00000000e4c00000, 0x00000000e4c00000, 0x00000000e4d00000|  0%| F|  |TAMS 0x00000000e4c00000, 0x00000000e4c00000| Untracked 
|  77|0x00000000e4d00000, 0x00000000e4d00000, 0x00000000e4e00000|  0%| F|  |TAMS 0x00000000e4d00000, 0x00000000e4d00000| Untracked 
|  78|0x00000000e4e00000, 0x00000000e4e00000, 0x00000000e4f00000|  0%| F|  |TAMS 0x00000000e4e00000, 0x00000000e4e00000| Untracked 
|  79|0x00000000e4f00000, 0x00000000e4f00000, 0x00000000e5000000|  0%| F|  |TAMS 0x00000000e4f00000, 0x00000000e4f00000| Untracked 
|  80|0x00000000e5000000, 0x00000000e5000000, 0x00000000e5100000|  0%| F|  |TAMS 0x00000000e5000000, 0x00000000e5000000| Untracked 
|  81|0x00000000e5100000, 0x00000000e5100000, 0x00000000e5200000|  0%| F|  |TAMS 0x00000000e5100000, 0x00000000e5100000| Untracked 
|  82|0x00000000e5200000, 0x00000000e5200000, 0x00000000e5300000|  0%| F|  |TAMS 0x00000000e5200000, 0x00000000e5200000| Untracked 
|  83|0x00000000e5300000, 0x00000000e5300000, 0x00000000e5400000|  0%| F|  |TAMS 0x00000000e5300000, 0x00000000e5300000| Untracked 
|  84|0x00000000e5400000, 0x00000000e5400000, 0x00000000e5500000|  0%| F|  |TAMS 0x00000000e5400000, 0x00000000e5400000| Untracked 
|  85|0x00000000e5500000, 0x00000000e5500000, 0x00000000e5600000|  0%| F|  |TAMS 0x00000000e5500000, 0x00000000e5500000| Untracked 
|  86|0x00000000e5600000, 0x00000000e56b0490, 0x00000000e5700000| 68%| S|CS|TAMS 0x00000000e5600000, 0x00000000e5600000| Complete 
|  87|0x00000000e5700000, 0x00000000e5800000, 0x00000000e5800000|100%| S|CS|TAMS 0x00000000e5700000, 0x00000000e5700000| Complete 
|  88|0x00000000e5800000, 0x00000000e5900000, 0x00000000e5900000|100%| S|CS|TAMS 0x00000000e5800000, 0x00000000e5800000| Complete 
|  89|0x00000000e5900000, 0x00000000e5a00000, 0x00000000e5a00000|100%| S|CS|TAMS 0x00000000e5900000, 0x00000000e5900000| Complete 
|  90|0x00000000e5a00000, 0x00000000e5b00000, 0x00000000e5b00000|100%| S|CS|TAMS 0x00000000e5a00000, 0x00000000e5a00000| Complete 
|  91|0x00000000e5b00000, 0x00000000e5c00000, 0x00000000e5c00000|100%| S|CS|TAMS 0x00000000e5b00000, 0x00000000e5b00000| Complete 
|  92|0x00000000e5c00000, 0x00000000e5c00000, 0x00000000e5d00000|  0%| F|  |TAMS 0x00000000e5c00000, 0x00000000e5c00000| Untracked 
|  93|0x00000000e5d00000, 0x00000000e5d00000, 0x00000000e5e00000|  0%| F|  |TAMS 0x00000000e5d00000, 0x00000000e5d00000| Untracked 
|  94|0x00000000e5e00000, 0x00000000e5e00000, 0x00000000e5f00000|  0%| F|  |TAMS 0x00000000e5e00000, 0x00000000e5e00000| Untracked 
|  95|0x00000000e5f00000, 0x00000000e5f00000, 0x00000000e6000000|  0%| F|  |TAMS 0x00000000e5f00000, 0x00000000e5f00000| Untracked 
|  96|0x00000000e6000000, 0x00000000e6000000, 0x00000000e6100000|  0%| F|  |TAMS 0x00000000e6000000, 0x00000000e6000000| Untracked 
|  97|0x00000000e6100000, 0x00000000e6100000, 0x00000000e6200000|  0%| F|  |TAMS 0x00000000e6100000, 0x00000000e6100000| Untracked 
|  98|0x00000000e6200000, 0x00000000e6200000, 0x00000000e6300000|  0%| F|  |TAMS 0x00000000e6200000, 0x00000000e6200000| Untracked 
|  99|0x00000000e6300000, 0x00000000e6300000, 0x00000000e6400000|  0%| F|  |TAMS 0x00000000e6300000, 0x00000000e6300000| Untracked 
| 100|0x00000000e6400000, 0x00000000e6400000, 0x00000000e6500000|  0%| F|  |TAMS 0x00000000e6400000, 0x00000000e6400000| Untracked 
| 101|0x00000000e6500000, 0x00000000e6500000, 0x00000000e6600000|  0%| F|  |TAMS 0x00000000e6500000, 0x00000000e6500000| Untracked 
| 102|0x00000000e6600000, 0x00000000e6600000, 0x00000000e6700000|  0%| F|  |TAMS 0x00000000e6600000, 0x00000000e6600000| Untracked 
| 103|0x00000000e6700000, 0x00000000e6700000, 0x00000000e6800000|  0%| F|  |TAMS 0x00000000e6700000, 0x00000000e6700000| Untracked 
| 104|0x00000000e6800000, 0x00000000e6800000, 0x00000000e6900000|  0%| F|  |TAMS 0x00000000e6800000, 0x00000000e6800000| Untracked 
| 105|0x00000000e6900000, 0x00000000e6900000, 0x00000000e6a00000|  0%| F|  |TAMS 0x00000000e6900000, 0x00000000e6900000| Untracked 
| 106|0x00000000e6a00000, 0x00000000e6a00000, 0x00000000e6b00000|  0%| F|  |TAMS 0x00000000e6a00000, 0x00000000e6a00000| Untracked 
| 107|0x00000000e6b00000, 0x00000000e6b00000, 0x00000000e6c00000|  0%| F|  |TAMS 0x00000000e6b00000, 0x00000000e6b00000| Untracked 
| 108|0x00000000e6c00000, 0x00000000e6c00000, 0x00000000e6d00000|  0%| F|  |TAMS 0x00000000e6c00000, 0x00000000e6c00000| Untracked 
| 109|0x00000000e6d00000, 0x00000000e6e00000, 0x00000000e6e00000|100%| S|CS|TAMS 0x00000000e6d00000, 0x00000000e6d00000| Complete 
| 110|0x00000000e6e00000, 0x00000000e6f00000, 0x00000000e6f00000|100%| S|CS|TAMS 0x00000000e6e00000, 0x00000000e6e00000| Complete 
| 111|0x00000000e6f00000, 0x00000000e7000000, 0x00000000e7000000|100%| S|CS|TAMS 0x00000000e6f00000, 0x00000000e6f00000| Complete 
| 112|0x00000000e7000000, 0x00000000e7100000, 0x00000000e7100000|100%| S|CS|TAMS 0x00000000e7000000, 0x00000000e7000000| Complete 
| 113|0x00000000e7100000, 0x00000000e7200000, 0x00000000e7200000|100%| S|CS|TAMS 0x00000000e7100000, 0x00000000e7100000| Complete 
| 114|0x00000000e7200000, 0x00000000e7300000, 0x00000000e7300000|100%| S|CS|TAMS 0x00000000e7200000, 0x00000000e7200000| Complete 
| 115|0x00000000e7300000, 0x00000000e7400000, 0x00000000e7400000|100%| S|CS|TAMS 0x00000000e7300000, 0x00000000e7300000| Complete 
| 116|0x00000000e7400000, 0x00000000e7500000, 0x00000000e7500000|100%| S|CS|TAMS 0x00000000e7400000, 0x00000000e7400000| Complete 
| 117|0x00000000e7500000, 0x00000000e7600000, 0x00000000e7600000|100%| S|CS|TAMS 0x00000000e7500000, 0x00000000e7500000| Complete 
| 118|0x00000000e7600000, 0x00000000e7700000, 0x00000000e7700000|100%| S|CS|TAMS 0x00000000e7600000, 0x00000000e7600000| Complete 
| 119|0x00000000e7700000, 0x00000000e7800000, 0x00000000e7800000|100%| S|CS|TAMS 0x00000000e7700000, 0x00000000e7700000| Complete 
| 120|0x00000000e7800000, 0x00000000e7800000, 0x00000000e7900000|  0%| F|  |TAMS 0x00000000e7800000, 0x00000000e7800000| Untracked 
| 121|0x00000000e7900000, 0x00000000e7900000, 0x00000000e7a00000|  0%| F|  |TAMS 0x00000000e7900000, 0x00000000e7900000| Untracked 
| 122|0x00000000e7a00000, 0x00000000e7a00000, 0x00000000e7b00000|  0%| F|  |TAMS 0x00000000e7a00000, 0x00000000e7a00000| Untracked 
| 123|0x00000000e7b00000, 0x00000000e7b00000, 0x00000000e7c00000|  0%| F|  |TAMS 0x00000000e7b00000, 0x00000000e7b00000| Untracked 
| 124|0x00000000e7c00000, 0x00000000e7c00000, 0x00000000e7d00000|  0%| F|  |TAMS 0x00000000e7c00000, 0x00000000e7c00000| Untracked 
| 125|0x00000000e7d00000, 0x00000000e7d00000, 0x00000000e7e00000|  0%| F|  |TAMS 0x00000000e7d00000, 0x00000000e7d00000| Untracked 
| 126|0x00000000e7e00000, 0x00000000e7e00000, 0x00000000e7f00000|  0%| F|  |TAMS 0x00000000e7e00000, 0x00000000e7e00000| Untracked 
| 127|0x00000000e7f00000, 0x00000000e7f00000, 0x00000000e8000000|  0%| F|  |TAMS 0x00000000e7f00000, 0x00000000e7f00000| Untracked 
| 128|0x00000000e8000000, 0x00000000e8000000, 0x00000000e8100000|  0%| F|  |TAMS 0x00000000e8000000, 0x00000000e8000000| Untracked 
| 129|0x00000000e8100000, 0x00000000e8100000, 0x00000000e8200000|  0%| F|  |TAMS 0x00000000e8100000, 0x00000000e8100000| Untracked 
| 130|0x00000000e8200000, 0x00000000e8200000, 0x00000000e8300000|  0%| F|  |TAMS 0x00000000e8200000, 0x00000000e8200000| Untracked 
| 131|0x00000000e8300000, 0x00000000e8300000, 0x00000000e8400000|  0%| F|  |TAMS 0x00000000e8300000, 0x00000000e8300000| Untracked 
| 132|0x00000000e8400000, 0x00000000e8400000, 0x00000000e8500000|  0%| F|  |TAMS 0x00000000e8400000, 0x00000000e8400000| Untracked 
| 133|0x00000000e8500000, 0x00000000e8500000, 0x00000000e8600000|  0%| F|  |TAMS 0x00000000e8500000, 0x00000000e8500000| Untracked 
| 134|0x00000000e8600000, 0x00000000e8600000, 0x00000000e8700000|  0%| F|  |TAMS 0x00000000e8600000, 0x00000000e8600000| Untracked 
| 135|0x00000000e8700000, 0x00000000e8700000, 0x00000000e8800000|  0%| F|  |TAMS 0x00000000e8700000, 0x00000000e8700000| Untracked 
| 136|0x00000000e8800000, 0x00000000e8800000, 0x00000000e8900000|  0%| F|  |TAMS 0x00000000e8800000, 0x00000000e8800000| Untracked 
| 137|0x00000000e8900000, 0x00000000e8900000, 0x00000000e8a00000|  0%| F|  |TAMS 0x00000000e8900000, 0x00000000e8900000| Untracked 
| 138|0x00000000e8a00000, 0x00000000e8a00000, 0x00000000e8b00000|  0%| F|  |TAMS 0x00000000e8a00000, 0x00000000e8a00000| Untracked 
| 139|0x00000000e8b00000, 0x00000000e8b00000, 0x00000000e8c00000|  0%| F|  |TAMS 0x00000000e8b00000, 0x00000000e8b00000| Untracked 
| 140|0x00000000e8c00000, 0x00000000e8c00000, 0x00000000e8d00000|  0%| F|  |TAMS 0x00000000e8c00000, 0x00000000e8c00000| Untracked 
| 141|0x00000000e8d00000, 0x00000000e8d00000, 0x00000000e8e00000|  0%| F|  |TAMS 0x00000000e8d00000, 0x00000000e8d00000| Untracked 
| 142|0x00000000e8e00000, 0x00000000e8e00000, 0x00000000e8f00000|  0%| F|  |TAMS 0x00000000e8e00000, 0x00000000e8e00000| Untracked 
| 143|0x00000000e8f00000, 0x00000000e8f00000, 0x00000000e9000000|  0%| F|  |TAMS 0x00000000e8f00000, 0x00000000e8f00000| Untracked 
| 144|0x00000000e9000000, 0x00000000e9000000, 0x00000000e9100000|  0%| F|  |TAMS 0x00000000e9000000, 0x00000000e9000000| Untracked 
| 145|0x00000000e9100000, 0x00000000e9100000, 0x00000000e9200000|  0%| F|  |TAMS 0x00000000e9100000, 0x00000000e9100000| Untracked 
| 146|0x00000000e9200000, 0x00000000e9200000, 0x00000000e9300000|  0%| F|  |TAMS 0x00000000e9200000, 0x00000000e9200000| Untracked 
| 147|0x00000000e9300000, 0x00000000e9300000, 0x00000000e9400000|  0%| F|  |TAMS 0x00000000e9300000, 0x00000000e9300000| Untracked 
| 148|0x00000000e9400000, 0x00000000e9400000, 0x00000000e9500000|  0%| F|  |TAMS 0x00000000e9400000, 0x00000000e9400000| Untracked 
| 149|0x00000000e9500000, 0x00000000e9500000, 0x00000000e9600000|  0%| F|  |TAMS 0x00000000e9500000, 0x00000000e9500000| Untracked 
| 150|0x00000000e9600000, 0x00000000e9600000, 0x00000000e9700000|  0%| F|  |TAMS 0x00000000e9600000, 0x00000000e9600000| Untracked 
| 151|0x00000000e9700000, 0x00000000e9700000, 0x00000000e9800000|  0%| F|  |TAMS 0x00000000e9700000, 0x00000000e9700000| Untracked 
| 152|0x00000000e9800000, 0x00000000e9800000, 0x00000000e9900000|  0%| F|  |TAMS 0x00000000e9800000, 0x00000000e9800000| Untracked 
| 153|0x00000000e9900000, 0x00000000e9900000, 0x00000000e9a00000|  0%| F|  |TAMS 0x00000000e9900000, 0x00000000e9900000| Untracked 
| 154|0x00000000e9a00000, 0x00000000e9a00000, 0x00000000e9b00000|  0%| F|  |TAMS 0x00000000e9a00000, 0x00000000e9a00000| Untracked 
| 155|0x00000000e9b00000, 0x00000000e9b00000, 0x00000000e9c00000|  0%| F|  |TAMS 0x00000000e9b00000, 0x00000000e9b00000| Untracked 
| 156|0x00000000e9c00000, 0x00000000e9c00000, 0x00000000e9d00000|  0%| F|  |TAMS 0x00000000e9c00000, 0x00000000e9c00000| Untracked 
| 157|0x00000000e9d00000, 0x00000000e9d00000, 0x00000000e9e00000|  0%| F|  |TAMS 0x00000000e9d00000, 0x00000000e9d00000| Untracked 
| 158|0x00000000e9e00000, 0x00000000e9e00000, 0x00000000e9f00000|  0%| F|  |TAMS 0x00000000e9e00000, 0x00000000e9e00000| Untracked 
| 159|0x00000000e9f00000, 0x00000000e9f00000, 0x00000000ea000000|  0%| F|  |TAMS 0x00000000e9f00000, 0x00000000e9f00000| Untracked 
| 160|0x00000000ea000000, 0x00000000ea000000, 0x00000000ea100000|  0%| F|  |TAMS 0x00000000ea000000, 0x00000000ea000000| Untracked 
| 161|0x00000000ea100000, 0x00000000ea100000, 0x00000000ea200000|  0%| F|  |TAMS 0x00000000ea100000, 0x00000000ea100000| Untracked 
| 162|0x00000000ea200000, 0x00000000ea200000, 0x00000000ea300000|  0%| F|  |TAMS 0x00000000ea200000, 0x00000000ea200000| Untracked 
| 163|0x00000000ea300000, 0x00000000ea300000, 0x00000000ea400000|  0%| F|  |TAMS 0x00000000ea300000, 0x00000000ea300000| Untracked 
| 164|0x00000000ea400000, 0x00000000ea400000, 0x00000000ea500000|  0%| F|  |TAMS 0x00000000ea400000, 0x00000000ea400000| Untracked 
| 165|0x00000000ea500000, 0x00000000ea500000, 0x00000000ea600000|  0%| F|  |TAMS 0x00000000ea500000, 0x00000000ea500000| Untracked 
| 166|0x00000000ea600000, 0x00000000ea600000, 0x00000000ea700000|  0%| F|  |TAMS 0x00000000ea600000, 0x00000000ea600000| Untracked 
| 167|0x00000000ea700000, 0x00000000ea700000, 0x00000000ea800000|  0%| F|  |TAMS 0x00000000ea700000, 0x00000000ea700000| Untracked 
| 168|0x00000000ea800000, 0x00000000ea800000, 0x00000000ea900000|  0%| F|  |TAMS 0x00000000ea800000, 0x00000000ea800000| Untracked 
| 169|0x00000000ea900000, 0x00000000ea900000, 0x00000000eaa00000|  0%| F|  |TAMS 0x00000000ea900000, 0x00000000ea900000| Untracked 
| 170|0x00000000eaa00000, 0x00000000eaa00000, 0x00000000eab00000|  0%| F|  |TAMS 0x00000000eaa00000, 0x00000000eaa00000| Untracked 
| 171|0x00000000eab00000, 0x00000000eab00000, 0x00000000eac00000|  0%| F|  |TAMS 0x00000000eab00000, 0x00000000eab00000| Untracked 
| 172|0x00000000eac00000, 0x00000000eac00000, 0x00000000ead00000|  0%| F|  |TAMS 0x00000000eac00000, 0x00000000eac00000| Untracked 
| 173|0x00000000ead00000, 0x00000000ead00000, 0x00000000eae00000|  0%| F|  |TAMS 0x00000000ead00000, 0x00000000ead00000| Untracked 
| 174|0x00000000eae00000, 0x00000000eae00000, 0x00000000eaf00000|  0%| F|  |TAMS 0x00000000eae00000, 0x00000000eae00000| Untracked 
| 175|0x00000000eaf00000, 0x00000000eaf00000, 0x00000000eb000000|  0%| F|  |TAMS 0x00000000eaf00000, 0x00000000eaf00000| Untracked 
| 176|0x00000000eb000000, 0x00000000eb000000, 0x00000000eb100000|  0%| F|  |TAMS 0x00000000eb000000, 0x00000000eb000000| Untracked 
| 177|0x00000000eb100000, 0x00000000eb100000, 0x00000000eb200000|  0%| F|  |TAMS 0x00000000eb100000, 0x00000000eb100000| Untracked 
| 178|0x00000000eb200000, 0x00000000eb200000, 0x00000000eb300000|  0%| F|  |TAMS 0x00000000eb200000, 0x00000000eb200000| Untracked 
| 179|0x00000000eb300000, 0x00000000eb300000, 0x00000000eb400000|  0%| F|  |TAMS 0x00000000eb300000, 0x00000000eb300000| Untracked 
| 180|0x00000000eb400000, 0x00000000eb400000, 0x00000000eb500000|  0%| F|  |TAMS 0x00000000eb400000, 0x00000000eb400000| Untracked 
| 181|0x00000000eb500000, 0x00000000eb500000, 0x00000000eb600000|  0%| F|  |TAMS 0x00000000eb500000, 0x00000000eb500000| Untracked 
| 182|0x00000000eb600000, 0x00000000eb600000, 0x00000000eb700000|  0%| F|  |TAMS 0x00000000eb600000, 0x00000000eb600000| Untracked 
| 183|0x00000000eb700000, 0x00000000eb700000, 0x00000000eb800000|  0%| F|  |TAMS 0x00000000eb700000, 0x00000000eb700000| Untracked 
| 184|0x00000000eb800000, 0x00000000eb800000, 0x00000000eb900000|  0%| F|  |TAMS 0x00000000eb800000, 0x00000000eb800000| Untracked 
| 185|0x00000000eb900000, 0x00000000eb900000, 0x00000000eba00000|  0%| F|  |TAMS 0x00000000eb900000, 0x00000000eb900000| Untracked 
| 186|0x00000000eba00000, 0x00000000eba00000, 0x00000000ebb00000|  0%| F|  |TAMS 0x00000000eba00000, 0x00000000eba00000| Untracked 
| 187|0x00000000ebb00000, 0x00000000ebb00000, 0x00000000ebc00000|  0%| F|  |TAMS 0x00000000ebb00000, 0x00000000ebb00000| Untracked 
| 188|0x00000000ebc00000, 0x00000000ebc00000, 0x00000000ebd00000|  0%| F|  |TAMS 0x00000000ebc00000, 0x00000000ebc00000| Untracked 
| 189|0x00000000ebd00000, 0x00000000ebd00000, 0x00000000ebe00000|  0%| F|  |TAMS 0x00000000ebd00000, 0x00000000ebd00000| Untracked 
| 190|0x00000000ebe00000, 0x00000000ebe00000, 0x00000000ebf00000|  0%| F|  |TAMS 0x00000000ebe00000, 0x00000000ebe00000| Untracked 
| 191|0x00000000ebf00000, 0x00000000ebf00000, 0x00000000ec000000|  0%| F|  |TAMS 0x00000000ebf00000, 0x00000000ebf00000| Untracked 
| 192|0x00000000ec000000, 0x00000000ec000000, 0x00000000ec100000|  0%| F|  |TAMS 0x00000000ec000000, 0x00000000ec000000| Untracked 
| 193|0x00000000ec100000, 0x00000000ec100000, 0x00000000ec200000|  0%| F|  |TAMS 0x00000000ec100000, 0x00000000ec100000| Untracked 
| 194|0x00000000ec200000, 0x00000000ec200000, 0x00000000ec300000|  0%| F|  |TAMS 0x00000000ec200000, 0x00000000ec200000| Untracked 
| 195|0x00000000ec300000, 0x00000000ec300000, 0x00000000ec400000|  0%| F|  |TAMS 0x00000000ec300000, 0x00000000ec300000| Untracked 
| 196|0x00000000ec400000, 0x00000000ec400000, 0x00000000ec500000|  0%| F|  |TAMS 0x00000000ec400000, 0x00000000ec400000| Untracked 
| 197|0x00000000ec500000, 0x00000000ec500000, 0x00000000ec600000|  0%| F|  |TAMS 0x00000000ec500000, 0x00000000ec500000| Untracked 
| 198|0x00000000ec600000, 0x00000000ec600000, 0x00000000ec700000|  0%| F|  |TAMS 0x00000000ec600000, 0x00000000ec600000| Untracked 
| 199|0x00000000ec700000, 0x00000000ec700000, 0x00000000ec800000|  0%| F|  |TAMS 0x00000000ec700000, 0x00000000ec700000| Untracked 
| 200|0x00000000ec800000, 0x00000000ec800000, 0x00000000ec900000|  0%| F|  |TAMS 0x00000000ec800000, 0x00000000ec800000| Untracked 
| 201|0x00000000ec900000, 0x00000000ec900000, 0x00000000eca00000|  0%| F|  |TAMS 0x00000000ec900000, 0x00000000ec900000| Untracked 
| 202|0x00000000eca00000, 0x00000000eca00000, 0x00000000ecb00000|  0%| F|  |TAMS 0x00000000eca00000, 0x00000000eca00000| Untracked 
| 203|0x00000000ecb00000, 0x00000000ecb00000, 0x00000000ecc00000|  0%| F|  |TAMS 0x00000000ecb00000, 0x00000000ecb00000| Untracked 
| 204|0x00000000ecc00000, 0x00000000eccc7930, 0x00000000ecd00000| 77%| E|  |TAMS 0x00000000ecc00000, 0x00000000ecc00000| Complete 
| 205|0x00000000ecd00000, 0x00000000ece00000, 0x00000000ece00000|100%| E|CS|TAMS 0x00000000ecd00000, 0x00000000ecd00000| Complete 
| 206|0x00000000ece00000, 0x00000000ecf00000, 0x00000000ecf00000|100%| E|CS|TAMS 0x00000000ece00000, 0x00000000ece00000| Complete 
| 207|0x00000000ecf00000, 0x00000000ed000000, 0x00000000ed000000|100%| E|CS|TAMS 0x00000000ecf00000, 0x00000000ecf00000| Complete 
| 208|0x00000000ed000000, 0x00000000ed100000, 0x00000000ed100000|100%| E|CS|TAMS 0x00000000ed000000, 0x00000000ed000000| Complete 
| 209|0x00000000ed100000, 0x00000000ed200000, 0x00000000ed200000|100%| E|CS|TAMS 0x00000000ed100000, 0x00000000ed100000| Complete 
| 210|0x00000000ed200000, 0x00000000ed300000, 0x00000000ed300000|100%| E|CS|TAMS 0x00000000ed200000, 0x00000000ed200000| Complete 
| 211|0x00000000ed300000, 0x00000000ed400000, 0x00000000ed400000|100%| E|CS|TAMS 0x00000000ed300000, 0x00000000ed300000| Complete 
| 212|0x00000000ed400000, 0x00000000ed500000, 0x00000000ed500000|100%| E|CS|TAMS 0x00000000ed400000, 0x00000000ed400000| Complete 
| 213|0x00000000ed500000, 0x00000000ed600000, 0x00000000ed600000|100%| E|CS|TAMS 0x00000000ed500000, 0x00000000ed500000| Complete 
| 214|0x00000000ed600000, 0x00000000ed700000, 0x00000000ed700000|100%| E|CS|TAMS 0x00000000ed600000, 0x00000000ed600000| Complete 
| 215|0x00000000ed700000, 0x00000000ed800000, 0x00000000ed800000|100%| E|CS|TAMS 0x00000000ed700000, 0x00000000ed700000| Complete 
| 216|0x00000000ed800000, 0x00000000ed900000, 0x00000000ed900000|100%| E|CS|TAMS 0x00000000ed800000, 0x00000000ed800000| Complete 
| 217|0x00000000ed900000, 0x00000000eda00000, 0x00000000eda00000|100%| E|CS|TAMS 0x00000000ed900000, 0x00000000ed900000| Complete 
| 218|0x00000000eda00000, 0x00000000edb00000, 0x00000000edb00000|100%| E|CS|TAMS 0x00000000eda00000, 0x00000000eda00000| Complete 
| 219|0x00000000edb00000, 0x00000000edc00000, 0x00000000edc00000|100%| E|CS|TAMS 0x00000000edb00000, 0x00000000edb00000| Complete 
| 220|0x00000000edc00000, 0x00000000edd00000, 0x00000000edd00000|100%| E|CS|TAMS 0x00000000edc00000, 0x00000000edc00000| Complete 
| 221|0x00000000edd00000, 0x00000000ede00000, 0x00000000ede00000|100%| E|CS|TAMS 0x00000000edd00000, 0x00000000edd00000| Complete 
| 222|0x00000000ede00000, 0x00000000edf00000, 0x00000000edf00000|100%| E|CS|TAMS 0x00000000ede00000, 0x00000000ede00000| Complete 
| 223|0x00000000edf00000, 0x00000000ee000000, 0x00000000ee000000|100%| E|CS|TAMS 0x00000000edf00000, 0x00000000edf00000| Complete 
| 224|0x00000000ee000000, 0x00000000ee100000, 0x00000000ee100000|100%| E|CS|TAMS 0x00000000ee000000, 0x00000000ee000000| Complete 
| 225|0x00000000ee100000, 0x00000000ee200000, 0x00000000ee200000|100%| E|CS|TAMS 0x00000000ee100000, 0x00000000ee100000| Complete 
| 226|0x00000000ee200000, 0x00000000ee300000, 0x00000000ee300000|100%| E|CS|TAMS 0x00000000ee200000, 0x00000000ee200000| Complete 
| 227|0x00000000ee300000, 0x00000000ee400000, 0x00000000ee400000|100%| E|CS|TAMS 0x00000000ee300000, 0x00000000ee300000| Complete 
| 228|0x00000000ee400000, 0x00000000ee500000, 0x00000000ee500000|100%| E|CS|TAMS 0x00000000ee400000, 0x00000000ee400000| Complete 
| 229|0x00000000ee500000, 0x00000000ee600000, 0x00000000ee600000|100%| E|CS|TAMS 0x00000000ee500000, 0x00000000ee500000| Complete 
| 230|0x00000000ee600000, 0x00000000ee700000, 0x00000000ee700000|100%| E|CS|TAMS 0x00000000ee600000, 0x00000000ee600000| Complete 
| 231|0x00000000ee700000, 0x00000000ee800000, 0x00000000ee800000|100%| E|CS|TAMS 0x00000000ee700000, 0x00000000ee700000| Complete 
| 232|0x00000000ee800000, 0x00000000ee900000, 0x00000000ee900000|100%| E|CS|TAMS 0x00000000ee800000, 0x00000000ee800000| Complete 
| 233|0x00000000ee900000, 0x00000000eea00000, 0x00000000eea00000|100%| E|CS|TAMS 0x00000000ee900000, 0x00000000ee900000| Complete 
| 234|0x00000000eea00000, 0x00000000eeb00000, 0x00000000eeb00000|100%| E|CS|TAMS 0x00000000eea00000, 0x00000000eea00000| Complete 
| 235|0x00000000eeb00000, 0x00000000eec00000, 0x00000000eec00000|100%| E|CS|TAMS 0x00000000eeb00000, 0x00000000eeb00000| Complete 
| 236|0x00000000eec00000, 0x00000000eed00000, 0x00000000eed00000|100%| E|CS|TAMS 0x00000000eec00000, 0x00000000eec00000| Complete 
| 237|0x00000000eed00000, 0x00000000eee00000, 0x00000000eee00000|100%| E|CS|TAMS 0x00000000eed00000, 0x00000000eed00000| Complete 
| 238|0x00000000eee00000, 0x00000000eef00000, 0x00000000eef00000|100%| E|CS|TAMS 0x00000000eee00000, 0x00000000eee00000| Complete 
| 239|0x00000000eef00000, 0x00000000ef000000, 0x00000000ef000000|100%| E|CS|TAMS 0x00000000eef00000, 0x00000000eef00000| Complete 
| 240|0x00000000ef000000, 0x00000000ef100000, 0x00000000ef100000|100%| E|CS|TAMS 0x00000000ef000000, 0x00000000ef000000| Complete 
| 241|0x00000000ef100000, 0x00000000ef200000, 0x00000000ef200000|100%| E|CS|TAMS 0x00000000ef100000, 0x00000000ef100000| Complete 
| 242|0x00000000ef200000, 0x00000000ef300000, 0x00000000ef300000|100%| E|CS|TAMS 0x00000000ef200000, 0x00000000ef200000| Complete 
| 243|0x00000000ef300000, 0x00000000ef400000, 0x00000000ef400000|100%| E|CS|TAMS 0x00000000ef300000, 0x00000000ef300000| Complete 
| 244|0x00000000ef400000, 0x00000000ef500000, 0x00000000ef500000|100%| E|CS|TAMS 0x00000000ef400000, 0x00000000ef400000| Complete 
| 245|0x00000000ef500000, 0x00000000ef600000, 0x00000000ef600000|100%| E|CS|TAMS 0x00000000ef500000, 0x00000000ef500000| Complete 
| 246|0x00000000ef600000, 0x00000000ef700000, 0x00000000ef700000|100%| E|CS|TAMS 0x00000000ef600000, 0x00000000ef600000| Complete 
| 247|0x00000000ef700000, 0x00000000ef800000, 0x00000000ef800000|100%| E|CS|TAMS 0x00000000ef700000, 0x00000000ef700000| Complete 
| 248|0x00000000ef800000, 0x00000000ef900000, 0x00000000ef900000|100%| E|CS|TAMS 0x00000000ef800000, 0x00000000ef800000| Complete 
| 249|0x00000000ef900000, 0x00000000efa00000, 0x00000000efa00000|100%| E|CS|TAMS 0x00000000ef900000, 0x00000000ef900000| Complete 
| 250|0x00000000efa00000, 0x00000000efb00000, 0x00000000efb00000|100%| E|CS|TAMS 0x00000000efa00000, 0x00000000efa00000| Complete 
| 251|0x00000000efb00000, 0x00000000efc00000, 0x00000000efc00000|100%| E|CS|TAMS 0x00000000efb00000, 0x00000000efb00000| Complete 
| 252|0x00000000efc00000, 0x00000000efd00000, 0x00000000efd00000|100%| E|CS|TAMS 0x00000000efc00000, 0x00000000efc00000| Complete 
| 253|0x00000000efd00000, 0x00000000efe00000, 0x00000000efe00000|100%| E|CS|TAMS 0x00000000efd00000, 0x00000000efd00000| Complete 
| 254|0x00000000efe00000, 0x00000000eff00000, 0x00000000eff00000|100%| E|CS|TAMS 0x00000000efe00000, 0x00000000efe00000| Complete 
| 255|0x00000000eff00000, 0x00000000f0000000, 0x00000000f0000000|100%| E|CS|TAMS 0x00000000eff00000, 0x00000000eff00000| Complete 

Card table byte_map: [0x000001f9f2460000,0x000001f9f2560000] _byte_map_base: 0x000001f9f1d60000

Marking Bits (Prev, Next): (CMBitMap*) 0x000001f9e942ee60, (CMBitMap*) 0x000001f9e942ee28
 Prev Bits: [0x000001f9f2e60000, 0x000001f9f3660000)
 Next Bits: [0x000001f9f2660000, 0x000001f9f2e60000)

Polling page: 0x000001f9f18d0000

Metaspace:

Usage:
  Non-class:     52.43 MB capacity,    51.15 MB ( 98%) used,     1.07 MB (  2%) free+waste,   209.94 KB ( <1%) overhead. 
      Class:      8.41 MB capacity,     7.66 MB ( 91%) used,   667.53 KB (  8%) free+waste,   100.44 KB (  1%) overhead. 
       Both:     60.84 MB capacity,    58.81 MB ( 97%) used,     1.72 MB (  3%) free+waste,   310.38 KB ( <1%) overhead. 

Virtual space:
  Non-class space:       54.00 MB reserved,      52.45 MB ( 97%) committed 
      Class space:      248.00 MB reserved,       8.50 MB (  3%) committed 
             Both:      302.00 MB reserved,      60.95 MB ( 20%) committed 

Chunk freelists:
   Non-Class:  3.00 KB
       Class:  0 bytes
        Both:  3.00 KB

CodeHeap 'non-profiled nmethods': size=120000Kb used=4771Kb max_used=4771Kb free=115228Kb
 bounds [0x000001f987ad0000, 0x000001f987f80000, 0x000001f98f000000]
CodeHeap 'profiled nmethods': size=120000Kb used=16424Kb max_used=16424Kb free=103575Kb
 bounds [0x000001f9805a0000, 0x000001f9815b0000, 0x000001f987ad0000]
CodeHeap 'non-nmethods': size=5760Kb used=2249Kb max_used=2328Kb free=3510Kb
 bounds [0x000001f980000000, 0x000001f980270000, 0x000001f9805a0000]
 total_blobs=8518 nmethods=7699 adapters=730
 compilation: enabled
              stopped_count=0, restarted_count=0
 full_count=0

Compilation events (10 events):
Event: 6.595 Thread 0x000001f9f6991000 7707       2       org.gradle.internal.logging.text.AbstractLineChoppingStyledTextOutput::access$402 (7 bytes)
Event: 6.595 Thread 0x000001f9f6991000 nmethod 7707 0x000001f9815a6510 code [0x000001f9815a66a0, 0x000001f9815a67d8]
Event: 6.595 Thread 0x000001f9f6991000 7708       3       org.gradle.internal.io.LineBufferingOutputStream::write (59 bytes)
Event: 6.595 Thread 0x000001f9f6e30800 nmethod 7702 0x000001f987f76b90 code [0x000001f987f76d20, 0x000001f987f76db8]
Event: 6.595 Thread 0x000001f9f6e30800 7711       4       org.gradle.internal.logging.text.AbstractLineChoppingStyledTextOutput::doAppend (43 bytes)
Event: 6.597 Thread 0x000001f9f6991000 nmethod 7708 0x000001f9815a6890 code [0x000001f9815a6b40, 0x000001f9815a7918]
Event: 6.597 Thread 0x000001f9f6991000 7709       3       org.gradle.internal.io.StreamByteBuffer$StreamByteBufferOutputStream::write (22 bytes)
Event: 6.597 Thread 0x000001f9f6991000 nmethod 7709 0x000001f9815a7e90 code [0x000001f9815a8060, 0x000001f9815a82e8]
Event: 6.597 Thread 0x000001f9f6991000 7710       3       org.gradle.internal.io.StreamByteBuffer$StreamByteBufferChunk::write (32 bytes)
Event: 6.597 Thread 0x000001f9f6991000 nmethod 7710 0x000001f9815a8490 code [0x000001f9815a8640, 0x000001f9815a87d8]

GC Heap History (10 events):
Event: 2.011 GC heap before
{Heap before GC invocations=3 (full 0):
 garbage-first heap   total 262144K, used 86457K [0x00000000e0000000, 0x0000000100000000)
  region size 1024K, 80 young (81920K), 11 survivors (11264K)
 Metaspace       used 27538K, capacity 28210K, committed 28544K, reserved 278528K
  class space    used 3627K, capacity 3843K, committed 3968K, reserved 253952K
}
Event: 2.016 GC heap after
{Heap after GC invocations=4 (full 0):
 garbage-first heap   total 262144K, used 20006K [0x00000000e0000000, 0x0000000100000000)
  region size 1024K, 3 young (3072K), 3 survivors (3072K)
 Metaspace       used 27538K, capacity 28210K, committed 28544K, reserved 278528K
  class space    used 3627K, capacity 3843K, committed 3968K, reserved 253952K
}
Event: 2.457 GC heap before
{Heap before GC invocations=4 (full 0):
 garbage-first heap   total 262144K, used 68134K [0x00000000e0000000, 0x0000000100000000)
  region size 1024K, 51 young (52224K), 3 survivors (3072K)
 Metaspace       used 34720K, capacity 35590K, committed 35840K, reserved 286720K
  class space    used 4524K, capacity 4836K, committed 4864K, reserved 253952K
}
Event: 2.461 GC heap after
{Heap after GC invocations=5 (full 0):
 garbage-first heap   total 262144K, used 22659K [0x00000000e0000000, 0x0000000100000000)
  region size 1024K, 6 young (6144K), 6 survivors (6144K)
 Metaspace       used 34720K, capacity 35590K, committed 35840K, reserved 286720K
  class space    used 4524K, capacity 4836K, committed 4864K, reserved 253952K
}
Event: 3.487 GC heap before
{Heap before GC invocations=6 (full 0):
 garbage-first heap   total 262144K, used 142467K [0x00000000e0000000, 0x0000000100000000)
  region size 1024K, 120 young (122880K), 6 survivors (6144K)
 Metaspace       used 45473K, capacity 46574K, committed 46668K, reserved 294912K
  class space    used 5838K, capacity 6228K, committed 6272K, reserved 253952K
}
Event: 3.497 GC heap after
{Heap after GC invocations=7 (full 0):
 garbage-first heap   total 262144K, used 30844K [0x00000000e0000000, 0x0000000100000000)
  region size 1024K, 14 young (14336K), 14 survivors (14336K)
 Metaspace       used 45473K, capacity 46574K, committed 46668K, reserved 294912K
  class space    used 5838K, capacity 6228K, committed 6272K, reserved 253952K
}
Event: 4.619 GC heap before
{Heap before GC invocations=8 (full 0):
 garbage-first heap   total 262144K, used 167036K [0x00000000e0000000, 0x0000000100000000)
  region size 1024K, 147 young (150528K), 14 survivors (14336K)
 Metaspace       used 54405K, capacity 56148K, committed 56268K, reserved 303104K
  class space    used 7207K, capacity 7856K, committed 7936K, reserved 253952K
}
Event: 4.633 GC heap after
{Heap after GC invocations=9 (full 0):
 garbage-first heap   total 262144K, used 38684K [0x00000000e0000000, 0x0000000100000000)
  region size 1024K, 17 young (17408K), 17 survivors (17408K)
 Metaspace       used 54405K, capacity 56148K, committed 56268K, reserved 303104K
  class space    used 7207K, capacity 7856K, committed 7936K, reserved 253952K
}
Event: 5.933 GC heap before
{Heap before GC invocations=9 (full 0):
 garbage-first heap   total 262144K, used 176924K [0x00000000e0000000, 0x0000000100000000)
  region size 1024K, 153 young (156672K), 17 survivors (17408K)
 Metaspace       used 58815K, capacity 60659K, committed 60876K, reserved 307200K
  class space    used 7671K, capacity 8377K, committed 8448K, reserved 253952K
}
Event: 5.947 GC heap after
{Heap after GC invocations=10 (full 0):
 garbage-first heap   total 262144K, used 46479K [0x00000000e0000000, 0x0000000100000000)
  region size 1024K, 17 young (17408K), 17 survivors (17408K)
 Metaspace       used 58815K, capacity 60659K, committed 60876K, reserved 307200K
  class space    used 7671K, capacity 8377K, committed 8448K, reserved 253952K
}

Deoptimization events (10 events):
Event: 5.891 Thread 0x000001f9fc044800 Uncommon trap: reason=unstable_if action=reinterpret pc=0x000001f987ee59a0 method=java.util.StringTokenizer.skipDelimiters(I)I @ 64 c2
Event: 6.074 Thread 0x000001f9fc044800 Uncommon trap: reason=unstable_if action=reinterpret pc=0x000001f987d762e0 method=java.util.HashMap$HashIterator.<init>(Ljava/util/HashMap;)V @ 45 c2
Event: 6.117 Thread 0x000001f9fc044800 Uncommon trap: reason=class_check action=maybe_recompile pc=0x000001f987be26e0 method=java.util.Collections$SetFromMap.remove(Ljava/lang/Object;)Z @ 5 c2
Event: 6.130 Thread 0x000001f9fc044800 Uncommon trap: reason=class_check action=maybe_recompile pc=0x000001f987be26e0 method=java.util.Collections$SetFromMap.remove(Ljava/lang/Object;)Z @ 5 c2
Event: 6.131 Thread 0x000001f9fc044800 Uncommon trap: reason=class_check action=maybe_recompile pc=0x000001f987be26e0 method=java.util.Collections$SetFromMap.remove(Ljava/lang/Object;)Z @ 5 c2
Event: 6.132 Thread 0x000001f9fc044800 Uncommon trap: reason=class_check action=maybe_recompile pc=0x000001f987be26e0 method=java.util.Collections$SetFromMap.remove(Ljava/lang/Object;)Z @ 5 c2
Event: 6.166 Thread 0x000001f9fc044800 Uncommon trap: reason=unstable_if action=reinterpret pc=0x000001f987e4fa60 method=java.util.ArrayList.remove(Ljava/lang/Object;)Z @ 53 c2
Event: 6.201 Thread 0x000001f9fc044800 Uncommon trap: reason=unstable_if action=reinterpret pc=0x000001f987eccf74 method=java.util.HashMap$HashIterator.<init>(Ljava/util/HashMap;)V @ 45 c2
Event: 6.232 Thread 0x000001f9fc044800 Uncommon trap: reason=unstable_if action=reinterpret pc=0x000001f987cd14f8 method=java.lang.ClassLoader.postDefineClass(Ljava/lang/Class;Ljava/security/ProtectionDomain;)V @ 17 c2
Event: 6.232 Thread 0x000001f9fc044800 Uncommon trap: reason=unstable_if action=reinterpret pc=0x000001f987d21070 method=java.lang.ClassLoader.loadClass(Ljava/lang/String;Z)Ljava/lang/Class; @ 29 c2

Classes redefined (0 events):
No events

Internal exceptions (10 events):
Event: 6.229 Thread 0x000001f9fc044800 Exception <a 'java/lang/ClassNotFoundException'{0x00000000ecfc0a20}: java/io/FileBeanInfo> (0x00000000ecfc0a20) thrown at [./open/src/hotspot/share/classfile/systemDictionary.cpp, line 228]
Event: 6.229 Thread 0x000001f9fc044800 Exception <a 'java/lang/ClassNotFoundException'{0x00000000ecfc87b8}: java/io/FileCustomizer> (0x00000000ecfc87b8) thrown at [./open/src/hotspot/share/classfile/systemDictionary.cpp, line 228]
Event: 6.232 Thread 0x000001f9fc044800 Implicit null exception at 0x000001f987cd0b13 to 0x000001f987cd14dc
Event: 6.237 Thread 0x000001f9fc044800 Exception <a 'java/lang/NoSuchMethodError'{0x00000000ece18750}: java.lang.invoke.DirectMethodHandle$Holder.invokeInterface(Ljava/lang/Object;Ljava/lang/Object;Ljava/lang/Object;Ljava/lang/Object;)V> (0x00000000ece18750) thrown at [./open/src/hotspot/share
Event: 6.240 Thread 0x000001f9fc044800 Exception <a 'java/lang/NoSuchMethodError'{0x00000000ece5b7e8}: java.lang.invoke.DirectMethodHandle$Holder.invokeVirtual(Ljava/lang/Object;Ljava/lang/Object;)V> (0x00000000ece5b7e8) thrown at [./open/src/hotspot/share/interpreter/linkResolver.cpp, line 77
Event: 6.264 Thread 0x000001f98f7d7800 Exception <a 'java/lang/NoSuchMethodError'{0x00000000ecc17e30}: java.lang.invoke.DirectMethodHandle$Holder.invokeStatic(Ljava/lang/Object;J)V> (0x00000000ecc17e30) thrown at [./open/src/hotspot/share/interpreter/linkResolver.cpp, line 772]
Event: 6.265 Thread 0x000001f98f7d7800 Exception <a 'java/lang/NoSuchMethodError'{0x00000000ecc1cd98}: java.lang.invoke.DirectMethodHandle$Holder.invokeStatic(Ljava/lang/Object;J)Ljava/lang/Object;> (0x00000000ecc1cd98) thrown at [./open/src/hotspot/share/interpreter/linkResolver.cpp, line 772
Event: 6.266 Thread 0x000001f98f7d7800 Exception <a 'java/lang/NoSuchMethodError'{0x00000000ecc2b0a0}: java.lang.invoke.DirectMethodHandle$Holder.invokeStaticInit(Ljava/lang/Object;Ljava/lang/Object;JLjava/lang/Object;)Ljava/lang/Object;> (0x00000000ecc2b0a0) thrown at [./open/src/hotspot/shar
Event: 6.266 Thread 0x000001f98f7d7800 Exception <a 'java/lang/NoSuchMethodError'{0x00000000ecc30f88}: java.lang.invoke.DirectMethodHandle$Holder.invokeStatic(Ljava/lang/Object;Ljava/lang/Object;J)Ljava/lang/Object;> (0x00000000ecc30f88) thrown at [./open/src/hotspot/share/interpreter/linkReso
Event: 6.267 Thread 0x000001f98f7d7800 Exception <a 'java/lang/NoSuchMethodError'{0x00000000ecc374b8}: java.lang.invoke.Invokers$Holder.linkToTargetMethod(Ljava/lang/Object;JLjava/lang/Object;)Ljava/lang/Object;> (0x00000000ecc374b8) thrown at [./open/src/hotspot/share/interpreter/linkResolver

Events (10 events):
Event: 6.268 loading class org/gradle/util/internal/DisconnectableInputStream$ThreadExecuter
Event: 6.268 loading class org/gradle/util/internal/DisconnectableInputStream$ThreadExecuter done
Event: 6.269 loading class org/gradle/util/internal/DisconnectableInputStream$1
Event: 6.269 loading class org/gradle/util/internal/DisconnectableInputStream$1 done
Event: 6.269 Thread 0x000001f98f7d8800 Thread added: 0x000001f98f7d8800
Event: 6.269 loading class org/gradle/process/internal/streams/ExecOutputHandleRunner
Event: 6.269 loading class org/gradle/process/internal/streams/ExecOutputHandleRunner done
Event: 6.271 Thread 0x000001f98f7d2800 Thread added: 0x000001f98f7d2800
Event: 6.271 Thread 0x000001f98f7da000 Thread added: 0x000001f98f7da000
Event: 6.271 Thread 0x000001f98f7db800 Thread added: 0x000001f98f7db800


Dynamic libraries:
0x00007ff7c8a20000 - 0x00007ff7c8a2f000 	C:\Program Files\Java\jdk-11.0.12\bin\java.exe
0x00007ffca39b0000 - 0x00007ffca3ba5000 	C:\windows\SYSTEM32\ntdll.dll
0x00007ffca3780000 - 0x00007ffca383e000 	C:\windows\System32\KERNEL32.DLL
0x00007ffca10d0000 - 0x00007ffca1398000 	C:\windows\System32\KERNELBASE.dll
0x00007ffca15c0000 - 0x00007ffca16c0000 	C:\windows\System32\ucrtbase.dll
0x00007ffc94e10000 - 0x00007ffc94e25000 	C:\Program Files\Java\jdk-11.0.12\bin\VCRUNTIME140.dll
0x00007ffc95020000 - 0x00007ffc95038000 	C:\Program Files\Java\jdk-11.0.12\bin\jli.dll
0x00007ffca35d0000 - 0x00007ffca367e000 	C:\windows\System32\ADVAPI32.dll
0x00007ffca36e0000 - 0x00007ffca377e000 	C:\windows\System32\msvcrt.dll
0x00007ffca23d0000 - 0x00007ffca246c000 	C:\windows\System32\sechost.dll
0x00007ffca1a70000 - 0x00007ffca1b95000 	C:\windows\System32\RPCRT4.dll
0x00007ffca1c50000 - 0x00007ffca1df0000 	C:\windows\System32\USER32.dll
0x00007ffca19e0000 - 0x00007ffca1a02000 	C:\windows\System32\win32u.dll
0x00007ffca35a0000 - 0x00007ffca35cb000 	C:\windows\System32\GDI32.dll
0x00007ffc88dc0000 - 0x00007ffc8905a000 	C:\windows\WinSxS\amd64_microsoft.windows.common-controls_6595b64144ccf1df_6.0.19041.1110_none_60b5254171f9507e\COMCTL32.dll
0x00007ffca1820000 - 0x00007ffca192b000 	C:\windows\System32\gdi32full.dll
0x00007ffca13a0000 - 0x00007ffca143d000 	C:\windows\System32\msvcp_win.dll
0x00007ffc93fe0000 - 0x00007ffc93fea000 	C:\windows\SYSTEM32\VERSION.dll
0x00007ffca2560000 - 0x00007ffca2590000 	C:\windows\System32\IMM32.DLL
0x00007ffc679c0000 - 0x00007ffc67a5b000 	C:\Program Files\Java\jdk-11.0.12\bin\msvcp140.dll
0x00007ffc59a50000 - 0x00007ffc5a54f000 	C:\Program Files\Java\jdk-11.0.12\bin\server\jvm.dll
0x00007ffca2960000 - 0x00007ffca2968000 	C:\windows\System32\PSAPI.DLL
0x00007ffc866a0000 - 0x00007ffc866c7000 	C:\windows\SYSTEM32\WINMM.dll
0x00007ffc7fec0000 - 0x00007ffc7fec9000 	C:\windows\SYSTEM32\WSOCK32.dll
0x00007ffca3530000 - 0x00007ffca359b000 	C:\windows\System32\WS2_32.dll
0x00007ffc9f970000 - 0x00007ffc9f982000 	C:\windows\SYSTEM32\kernel.appcore.dll
0x00007ffc98c10000 - 0x00007ffc98c20000 	C:\Program Files\Java\jdk-11.0.12\bin\verify.dll
0x00007ffc9f600000 - 0x00007ffc9f7e4000 	C:\windows\SYSTEM32\DBGHELP.DLL
0x00007ffc882f0000 - 0x00007ffc8831c000 	C:\windows\SYSTEM32\dbgcore.DLL
0x00007ffca1530000 - 0x00007ffca15b2000 	C:\windows\System32\bcryptPrimitives.dll
0x00007ffc94a30000 - 0x00007ffc94a58000 	C:\Program Files\Java\jdk-11.0.12\bin\java.dll
0x00007ffc98bd0000 - 0x00007ffc98bda000 	C:\Program Files\Java\jdk-11.0.12\bin\jimage.dll
0x00007ffc805d0000 - 0x00007ffc805e6000 	C:\Program Files\Java\jdk-11.0.12\bin\zip.dll
0x00007ffca2970000 - 0x00007ffca30b4000 	C:\windows\System32\SHELL32.dll
0x00007ffc9ec30000 - 0x00007ffc9f3c4000 	C:\windows\SYSTEM32\windows.storage.dll
0x00007ffca1df0000 - 0x00007ffca2144000 	C:\windows\System32\combase.dll
0x00007ffca0b30000 - 0x00007ffca0b5c000 	C:\windows\SYSTEM32\Wldp.dll
0x00007ffca2700000 - 0x00007ffca27ad000 	C:\windows\System32\SHCORE.dll
0x00007ffca2590000 - 0x00007ffca25e5000 	C:\windows\System32\shlwapi.dll
0x00007ffca1010000 - 0x00007ffca102f000 	C:\windows\SYSTEM32\profapi.dll
0x00007ffc77cd0000 - 0x00007ffc77ce9000 	C:\Program Files\Java\jdk-11.0.12\bin\net.dll
0x00007ffc97e20000 - 0x00007ffc97f29000 	C:\windows\SYSTEM32\WINHTTP.dll
0x00007ffca0890000 - 0x00007ffca08fa000 	C:\windows\system32\mswsock.dll
0x00007ffc75b90000 - 0x00007ffc75ba2000 	C:\Program Files\Java\jdk-11.0.12\bin\nio.dll
0x00007ffc77ba0000 - 0x00007ffc77bc7000 	C:\Users\kate2\.gradle\native\e1d6ef7f7dcc3fd88c89a11ec53ec762bb8ba0a96d01ffa2cd45eb1d1d8dd5c5\windows-amd64\native-platform.dll
0x00007ffc672c0000 - 0x00007ffc67404000 	C:\Users\kate2\.gradle\native\0d407fdbe67a94daf76414ababcb853783967236a71b16ec16e742cd7a986fd3\windows-amd64\native-platform-file-events.dll
0x00007ffc96e20000 - 0x00007ffc96e29000 	C:\Program Files\Java\jdk-11.0.12\bin\management.dll
0x00007ffc962c0000 - 0x00007ffc962cb000 	C:\Program Files\Java\jdk-11.0.12\bin\management_ext.dll
0x00007ffca0a80000 - 0x00007ffca0a98000 	C:\windows\SYSTEM32\CRYPTSP.dll
0x00007ffca01a0000 - 0x00007ffca01d4000 	C:\windows\system32\rsaenh.dll
0x00007ffca1500000 - 0x00007ffca1527000 	C:\windows\System32\bcrypt.dll
0x00007ffca0f90000 - 0x00007ffca0fbe000 	C:\windows\SYSTEM32\USERENV.dll
0x00007ffca0aa0000 - 0x00007ffca0aac000 	C:\windows\SYSTEM32\CRYPTBASE.dll
0x00007ffca0530000 - 0x00007ffca056b000 	C:\windows\SYSTEM32\IPHLPAPI.DLL
0x00007ffca2340000 - 0x00007ffca2348000 	C:\windows\System32\NSI.dll
0x00007ffc968e0000 - 0x00007ffc968f7000 	C:\windows\SYSTEM32\dhcpcsvc6.DLL
0x00007ffc968c0000 - 0x00007ffc968dd000 	C:\windows\SYSTEM32\dhcpcsvc.DLL
0x00007ffca0580000 - 0x00007ffca064a000 	C:\windows\SYSTEM32\DNSAPI.dll

dbghelp: loaded successfully - version: 4.0.5 - missing functions: none
symbol engine: initialized successfully - sym options: 0x614 - pdb path: .;C:\Program Files\Java\jdk-11.0.12\bin;C:\windows\SYSTEM32;C:\windows\WinSxS\amd64_microsoft.windows.common-controls_6595b64144ccf1df_6.0.19041.1110_none_60b5254171f9507e;C:\Program Files\Java\jdk-11.0.12\bin\server;C:\Users\kate2\.gradle\native\e1d6ef7f7dcc3fd88c89a11ec53ec762bb8ba0a96d01ffa2cd45eb1d1d8dd5c5\windows-amd64;C:\Users\kate2\.gradle\native\0d407fdbe67a94daf76414ababcb853783967236a71b16ec16e742cd7a986fd3\windows-amd64

VM Arguments:
jvm_args: --add-opens=java.base/java.util=ALL-UNNAMED --add-opens=java.base/java.lang=ALL-UNNAMED --add-opens=java.base/java.lang.invoke=ALL-UNNAMED --add-opens=java.base/java.util=ALL-UNNAMED --add-opens=java.prefs/java.util.prefs=ALL-UNNAMED --add-opens=java.prefs/java.util.prefs=ALL-UNNAMED --add-opens=java.base/java.nio.charset=ALL-UNNAMED --add-opens=java.base/java.net=ALL-UNNAMED --add-opens=java.base/java.util.concurrent.atomic=ALL-UNNAMED -XX:MaxMetaspaceSize=256m -XX:+HeapDumpOnOutOfMemoryError -Xms256m -Xmx512m -Dfile.encoding=UTF-8 -Duser.country=KR -Duser.language=ko -Duser.variant 
java_command: org.gradle.launcher.daemon.bootstrap.GradleDaemon 7.4.1
java_class_path (initial): C:\Users\kate2\.gradle\wrapper\dists\gradle-7.4.1-bin\58kw26xllvsiedyf3nujyarhn\gradle-7.4.1\lib\gradle-launcher-7.4.1.jar
Launcher Type: SUN_STANDARD

[Global flags]
     intx CICompilerCount                          = 4                                         {product} {ergonomic}
   size_t CompressedClassSpaceSize                 = 260046848                                 {product} {ergonomic}
     uint ConcGCThreads                            = 2                                         {product} {ergonomic}
     uint G1ConcRefinementThreads                  = 8                                         {product} {ergonomic}
   size_t G1HeapRegionSize                         = 1048576                                   {product} {ergonomic}
    uintx GCDrainStackTargetSize                   = 64                                        {product} {ergonomic}
     bool HeapDumpOnOutOfMemoryError               = true                                   {manageable} {command line}
   size_t InitialHeapSize                          = 268435456                                 {product} {command line}
   size_t MarkStackSize                            = 4194304                                   {product} {ergonomic}
   size_t MaxHeapSize                              = 536870912                                 {product} {command line}
   size_t MaxMetaspaceSize                         = 268435456                                 {product} {command line}
   size_t MaxNewSize                               = 321912832                                 {product} {ergonomic}
   size_t MinHeapDeltaBytes                        = 1048576                                   {product} {ergonomic}
    uintx NonNMethodCodeHeapSize                   = 5836300                                {pd product} {ergonomic}
    uintx NonProfiledCodeHeapSize                  = 122910970                              {pd product} {ergonomic}
    uintx ProfiledCodeHeapSize                     = 122910970                              {pd product} {ergonomic}
    uintx ReservedCodeCacheSize                    = 251658240                              {pd product} {ergonomic}
     bool SegmentedCodeCache                       = true                                      {product} {ergonomic}
     bool UseCompressedClassPointers               = true                                 {lp64_product} {ergonomic}
     bool UseCompressedOops                        = true                                 {lp64_product} {ergonomic}
     bool UseG1GC                                  = true                                      {product} {ergonomic}
     bool UseLargePagesIndividualAllocation        = false                                  {pd product} {ergonomic}

Logging:
Log output configuration:
 #0: stdout all=warning uptime,level,tags
 #1: stderr all=off uptime,level,tags

Environment Variables:
JAVA_HOME=C:\Program Files\Java\jdk-11.0.12
CLASSPATH=C:\Program Files\Java\jdk-11.0.12\lib
PATH=C:\Python310\Scripts\;C:\Python310\;C:\Users\kate2\apache-maven-3.8.3\bin;C:\ProgramData\chocolatey\bin;C:\Program Files\nodejs\;C:\Program Files\Git\cmd;C:\Program Files\MySQL\MySQL Shell 8.0\bin\;C:\Users\kate2\AppData\Local\Microsoft\WindowsApps;C:\Users\kate2\AppData\Local\Programs\Microsoft VS Code\bin;C:\Program Files\Java\jdk-11.0.12\bin;C:\Users\kate2\AppData\Roaming\npm
USERNAME=kate2
OS=Windows_NT
PROCESSOR_IDENTIFIER=Intel64 Family 6 Model 140 Stepping 1, GenuineIntel



---------------  S Y S T E M  ---------------

OS: Windows 10 , 64 bit Build 19041 (10.0.19041.1566)

CPU:total 8 (initial active 8) (4 cores per cpu, 2 threads per core) family 6 model 140 stepping 1 microcode 0x8a, cmov, cx8, fxsr, mmx, sse, sse2, sse3, ssse3, sse4.1, sse4.2, popcnt, avx, avx2, aes, clmul, erms, 3dnowpref, lzcnt, ht, tsc, tscinvbit, bmi1, bmi2, adx, evex, sha, fma

Memory: 4k page, system-wide physical 16057M (5615M free)
TotalPageFile size 18960M (AvailPageFile size 0M)
current process WorkingSet (physical memory assigned to process): 403M, peak: 411M
current process commit charge ("private bytes"): 507M, peak: 516M

vm_info: Java HotSpot(TM) 64-Bit Server VM (11.0.12+8-LTS-237) for windows-amd64 JRE (11.0.12+8-LTS-237), built on Jun  8 2021 11:25:59 by "mach5one" with MS VC++ 15.9 (VS2017)

END.
