#
# There is insufficient memory for the Java Runtime Environment to continue.
# Native memory allocation (malloc) failed to allocate 1047296 bytes for Chunk::new
# Possible reasons:
#   The system is out of physical RAM or swap space
#   The process is running with CompressedOops enabled, and the Java Heap may be blocking the growth of the native heap
# Possible solutions:
#   Reduce memory load on the system
#   Increase physical memory or swap space
#   Check if swap backing store is full
#   Decrease Java heap size (-Xmx/-Xms)
#   Decrease number of Java threads
#   Decrease Java thread stack sizes (-Xss)
#   Set larger code cache with -XX:ReservedCodeCacheSize=
#   JVM is running with Unscaled Compressed Oops mode in which the Java heap is
#     placed in the first 4GB address space. The Java Heap base address is the
#     maximum limit for the native heap growth. Please use -XX:HeapBaseMinAddress
#     to set the Java Heap base and to place the Java Heap above 4GB virtual address.
# This output file may be truncated or incomplete.
#
#  Out of Memory Error (./open/src/hotspot/share/memory/arena.cpp:197), pid=16992, tid=1456
#
# JRE version: Java(TM) SE Runtime Environment 18.9 (11.0.12+8) (build 11.0.12+8-LTS-237)
# Java VM: Java HotSpot(TM) 64-Bit Server VM 18.9 (11.0.12+8-LTS-237, mixed mode, tiered, compressed oops, g1 gc, windows-amd64)
# No core dump will be written. Minidumps are not enabled by default on client versions of Windows
#

---------------  S U M M A R Y ------------

Command Line: --add-opens=java.base/java.util=ALL-UNNAMED --add-opens=java.base/java.lang=ALL-UNNAMED --add-opens=java.base/java.lang.invoke=ALL-UNNAMED --add-opens=java.base/java.util=ALL-UNNAMED --add-opens=java.prefs/java.util.prefs=ALL-UNNAMED --add-opens=java.prefs/java.util.prefs=ALL-UNNAMED --add-opens=java.base/java.nio.charset=ALL-UNNAMED --add-opens=java.base/java.net=ALL-UNNAMED --add-opens=java.base/java.util.concurrent.atomic=ALL-UNNAMED -XX:MaxMetaspaceSize=256m -XX:+HeapDumpOnOutOfMemoryError -Xms256m -Xmx512m -Dfile.encoding=UTF-8 -Duser.country=KR -Duser.language=ko -Duser.variant org.gradle.launcher.daemon.bootstrap.GradleDaemon 7.4.1

Host: 11th Gen Intel(R) Core(TM) i7-1165G7 @ 2.80GHz, 8 cores, 15G,  Windows 10 , 64 bit Build 19041 (10.0.19041.1566)
Time: Tue Apr  5 03:50:14 2022 대한민국 표준시 elapsed time: 4.046282 seconds (0d 0h 0m 4s)

---------------  T H R E A D  ---------------

Current thread (0x0000028cf7a18000):  JavaThread "C2 CompilerThread2" daemon [_thread_in_native, id=1456, stack(0x000000ab75200000,0x000000ab75300000)]


Current CompileTask:
C2:   4046 4724       4       org.objectweb.asm.Frame::execute (2318 bytes)

Stack: [0x000000ab75200000,0x000000ab75300000]
Native frames: (J=compiled Java code, j=interpreted, Vv=VM code, C=native code)
V  [jvm.dll+0x617d9a]
V  [jvm.dll+0x74eeef]
V  [jvm.dll+0x750599]
V  [jvm.dll+0x750c23]
V  [jvm.dll+0x2438d8]
V  [jvm.dll+0xba6dc]
V  [jvm.dll+0xbac9c]
V  [jvm.dll+0x2b4564]
V  [jvm.dll+0x52cc86]
V  [jvm.dll+0x20515d]
V  [jvm.dll+0x1ff15a]
V  [jvm.dll+0x1fc1ca]
V  [jvm.dll+0x17f18c]
V  [jvm.dll+0x20b87c]
V  [jvm.dll+0x20997b]
V  [jvm.dll+0x716359]
V  [jvm.dll+0x70f064]
V  [jvm.dll+0x616f66]
C  [ucrtbase.dll+0x21bb2]
C  [KERNEL32.DLL+0x17034]
C  [ntdll.dll+0x52651]


---------------  P R O C E S S  ---------------

Threads class SMR info:
_java_thread_list=0x0000028cf9dbe4e0, length=63, elements={
0x0000028cd9407000, 0x0000028cf688b000, 0x0000028cf688e800, 0x0000028cf71aa000,
0x0000028cf71ab000, 0x0000028cf71ac000, 0x0000028cf71af000, 0x0000028cf71b4000,
0x0000028cf71b5000, 0x0000028cf732b000, 0x0000028cf74d3000, 0x0000028cf7a18000,
0x0000028cfa02c000, 0x0000028cf8a1f800, 0x0000028cf7f87800, 0x0000028cf8701800,
0x0000028cf839f000, 0x0000028cfa52e000, 0x0000028cf94b7000, 0x0000028cf95d5000,
0x0000028cfa521800, 0x0000028cfa522800, 0x0000028cf9e14800, 0x0000028cf9e12000,
0x0000028cf9e0e800, 0x0000028cf9e0f800, 0x0000028cf9e10000, 0x0000028cf9e12800,
0x0000028cf9e15000, 0x0000028cf9e13800, 0x0000028cf9e11000, 0x0000028cfde52000,
0x0000028cfde53800, 0x0000028cfde4e800, 0x0000028cfde54800, 0x0000028cfde51000,
0x0000028cfde5d800, 0x0000028cfde5c800, 0x0000028cfde5a000, 0x0000028cfde5b800,
0x0000028cfde57800, 0x0000028cfde58800, 0x0000028cfde59800, 0x0000028cfde5b000,
0x0000028cfaec4800, 0x0000028cfaebf000, 0x0000028cfaec0800, 0x0000028cfaec1800,
0x0000028cfaec2000, 0x0000028cfaec3000, 0x0000028cfaec4000, 0x0000028cfaec5800,
0x0000028cfaebf800, 0x0000028cfdd84800, 0x0000028cfdd8b000, 0x0000028cfdd85000,
0x0000028cfdd8a000, 0x0000028cfdd87800, 0x0000028cfdd89800, 0x0000028cfdd87000,
0x0000028cfdd8b800, 0x0000028cfdd86000, 0x0000028cfdd8c800
}

Java Threads: ( => current thread )
  0x0000028cd9407000 JavaThread "main" [_thread_blocked, id=9296, stack(0x000000ab74000000,0x000000ab74100000)]
  0x0000028cf688b000 JavaThread "Reference Handler" daemon [_thread_blocked, id=19956, stack(0x000000ab74700000,0x000000ab74800000)]
  0x0000028cf688e800 JavaThread "Finalizer" daemon [_thread_blocked, id=17932, stack(0x000000ab74800000,0x000000ab74900000)]
  0x0000028cf71aa000 JavaThread "Signal Dispatcher" daemon [_thread_blocked, id=2872, stack(0x000000ab74900000,0x000000ab74a00000)]
  0x0000028cf71ab000 JavaThread "Attach Listener" daemon [_thread_blocked, id=14388, stack(0x000000ab74a00000,0x000000ab74b00000)]
  0x0000028cf71ac000 JavaThread "Service Thread" daemon [_thread_blocked, id=17316, stack(0x000000ab74b00000,0x000000ab74c00000)]
  0x0000028cf71af000 JavaThread "C2 CompilerThread0" daemon [_thread_in_native, id=18556, stack(0x000000ab74c00000,0x000000ab74d00000)]
  0x0000028cf71b4000 JavaThread "C1 CompilerThread0" daemon [_thread_blocked, id=13824, stack(0x000000ab74d00000,0x000000ab74e00000)]
  0x0000028cf71b5000 JavaThread "Sweeper thread" daemon [_thread_blocked, id=8476, stack(0x000000ab74e00000,0x000000ab74f00000)]
  0x0000028cf732b000 JavaThread "Common-Cleaner" daemon [_thread_blocked, id=20112, stack(0x000000ab74f00000,0x000000ab75000000)]
  0x0000028cf74d3000 JavaThread "C2 CompilerThread1" daemon [_thread_in_native, id=4340, stack(0x000000ab75100000,0x000000ab75200000)]
=>0x0000028cf7a18000 JavaThread "C2 CompilerThread2" daemon [_thread_in_native, id=1456, stack(0x000000ab75200000,0x000000ab75300000)]
  0x0000028cfa02c000 JavaThread "Daemon health stats" [_thread_blocked, id=15020, stack(0x000000ab75800000,0x000000ab75900000)]
  0x0000028cf8a1f800 JavaThread "Incoming local TCP Connector on port 2073" [_thread_in_native, id=9356, stack(0x000000ab75900000,0x000000ab75a00000)]
  0x0000028cf7f87800 JavaThread "Daemon periodic checks" [_thread_blocked, id=12956, stack(0x000000ab75a00000,0x000000ab75b00000)]
  0x0000028cf8701800 JavaThread "Daemon" [_thread_blocked, id=1852, stack(0x000000ab75b00000,0x000000ab75c00000)]
  0x0000028cf839f000 JavaThread "Handler for socket connection from /127.0.0.1:2073 to /127.0.0.1:2074" [_thread_in_native, id=8688, stack(0x000000ab75c00000,0x000000ab75d00000)]
  0x0000028cfa52e000 JavaThread "Cancel handler" [_thread_blocked, id=7556, stack(0x000000ab75d00000,0x000000ab75e00000)]
  0x0000028cf94b7000 JavaThread "Daemon worker" [_thread_in_Java, id=13276, stack(0x000000ab75e00000,0x000000ab75f00000)]
  0x0000028cf95d5000 JavaThread "Asynchronous log dispatcher for DefaultDaemonConnection: socket connection from /127.0.0.1:2073 to /127.0.0.1:2074" [_thread_blocked, id=12136, stack(0x000000ab75f00000,0x000000ab76000000)]
  0x0000028cfa521800 JavaThread "Stdin handler" [_thread_blocked, id=5736, stack(0x000000ab76000000,0x000000ab76100000)]
  0x0000028cfa522800 JavaThread "Daemon client event forwarder" [_thread_blocked, id=11988, stack(0x000000ab76100000,0x000000ab76200000)]
  0x0000028cf9e14800 JavaThread "Cache worker for journal cache (C:\Users\kate2\.gradle\caches\journal-1)" [_thread_blocked, id=17952, stack(0x000000ab76200000,0x000000ab76300000)]
  0x0000028cf9e12000 JavaThread "File lock request listener" [_thread_in_native, id=11076, stack(0x000000ab76300000,0x000000ab76400000)]
  0x0000028cf9e0e800 JavaThread "Cache worker for file hash cache (C:\Users\kate2\.gradle\caches\7.4.1\fileHashes)" [_thread_blocked, id=4928, stack(0x000000ab76400000,0x000000ab76500000)]
  0x0000028cf9e0f800 JavaThread "File watcher server" daemon [_thread_in_native, id=19908, stack(0x000000ab76800000,0x000000ab76900000)]
  0x0000028cf9e10000 JavaThread "File watcher consumer" daemon [_thread_blocked, id=13708, stack(0x000000ab76900000,0x000000ab76a00000)]
  0x0000028cf9e12800 JavaThread "Cache worker for checksums cache (C:\Users\kate2\Desktop\Book-log-Backend\.gradle\7.4.1\checksums)" [_thread_blocked, id=8720, stack(0x000000ab76a00000,0x000000ab76b00000)]
  0x0000028cf9e15000 JavaThread "Cache worker for cache directory md-rule (C:\Users\kate2\.gradle\caches\7.4.1\md-rule)" [_thread_blocked, id=6400, stack(0x000000ab76b00000,0x000000ab76c00000)]
  0x0000028cf9e13800 JavaThread "Cache worker for file hash cache (C:\Users\kate2\Desktop\Book-log-Backend\.gradle\7.4.1\fileHashes)" [_thread_blocked, id=14108, stack(0x000000ab76c00000,0x000000ab76d00000)]
  0x0000028cf9e11000 JavaThread "Cache worker for cache directory md-supplier (C:\Users\kate2\.gradle\caches\7.4.1\md-supplier)" [_thread_blocked, id=18336, stack(0x000000ab76d00000,0x000000ab76e00000)]
  0x0000028cfde52000 JavaThread "Cache worker for execution history cache (C:\Users\kate2\.gradle\caches\7.4.1\executionHistory)" [_thread_blocked, id=1576, stack(0x000000ab76e00000,0x000000ab76f00000)]
  0x0000028cfde53800 JavaThread "jar transforms" [_thread_blocked, id=17432, stack(0x000000ab76f00000,0x000000ab77000000)]
  0x0000028cfde4e800 JavaThread "jar transforms Thread 2" [_thread_blocked, id=13676, stack(0x000000ab77000000,0x000000ab77100000)]
  0x0000028cfde54800 JavaThread "Cache worker for file content cache (C:\Users\kate2\.gradle\caches\7.4.1\fileContent)" [_thread_blocked, id=13008, stack(0x000000ab77100000,0x000000ab77200000)]
  0x0000028cfde51000 JavaThread "jar transforms Thread 3" [_thread_blocked, id=20104, stack(0x000000ab77200000,0x000000ab77300000)]
  0x0000028cfde5d800 JavaThread "jar transforms Thread 4" [_thread_blocked, id=16204, stack(0x000000ab77300000,0x000000ab77400000)]
  0x0000028cfde5c800 JavaThread "jar transforms Thread 5" [_thread_blocked, id=17852, stack(0x000000ab77400000,0x000000ab77500000)]
  0x0000028cfde5a000 JavaThread "jar transforms Thread 6" [_thread_blocked, id=8764, stack(0x000000ab77500000,0x000000ab77600000)]
  0x0000028cfde5b800 JavaThread "jar transforms Thread 7" [_thread_blocked, id=12248, stack(0x000000ab77600000,0x000000ab77700000)]
  0x0000028cfde57800 JavaThread "jar transforms Thread 8" [_thread_blocked, id=12740, stack(0x000000ab77700000,0x000000ab77800000)]
  0x0000028cfde58800 JavaThread "Cache worker for dependencies-accessors (C:\Users\kate2\Desktop\Book-log-Backend\.gradle\7.4.1\dependencies-accessors)" [_thread_blocked, id=18180, stack(0x000000ab77800000,0x000000ab77900000)]
  0x0000028cfde59800 JavaThread "Cache worker for Build Output Cleanup Cache (C:\Users\kate2\Desktop\Book-log-Backend\.gradle\buildOutputCleanup)" [_thread_blocked, id=20084, stack(0x000000ab77900000,0x000000ab77a00000)]
  0x0000028cfde5b000 JavaThread "Unconstrained build operations" [_thread_blocked, id=7484, stack(0x000000ab77a00000,0x000000ab77b00000)]
  0x0000028cfaec4800 JavaThread "Unconstrained build operations Thread 2" [_thread_blocked, id=17088, stack(0x000000ab77b00000,0x000000ab77c00000)]
  0x0000028cfaebf000 JavaThread "Unconstrained build operations Thread 3" [_thread_blocked, id=14980, stack(0x000000ab77c00000,0x000000ab77d00000)]
  0x0000028cfaec0800 JavaThread "Unconstrained build operations Thread 4" [_thread_blocked, id=15892, stack(0x000000ab77d00000,0x000000ab77e00000)]
  0x0000028cfaec1800 JavaThread "Unconstrained build operations Thread 5" [_thread_blocked, id=16160, stack(0x000000ab77e00000,0x000000ab77f00000)]
  0x0000028cfaec2000 JavaThread "Unconstrained build operations Thread 6" [_thread_blocked, id=7812, stack(0x000000ab77f00000,0x000000ab78000000)]
  0x0000028cfaec3000 JavaThread "Unconstrained build operations Thread 7" [_thread_blocked, id=13688, stack(0x000000ab78000000,0x000000ab78100000)]
  0x0000028cfaec4000 JavaThread "Unconstrained build operations Thread 8" [_thread_blocked, id=10004, stack(0x000000ab78100000,0x000000ab78200000)]
  0x0000028cfaec5800 JavaThread "Unconstrained build operations Thread 9" [_thread_blocked, id=16408, stack(0x000000ab78200000,0x000000ab78300000)]
  0x0000028cfaebf800 JavaThread "Unconstrained build operations Thread 10" [_thread_blocked, id=1856, stack(0x000000ab78300000,0x000000ab78400000)]
  0x0000028cfdd84800 JavaThread "Unconstrained build operations Thread 11" [_thread_blocked, id=13244, stack(0x000000ab78400000,0x000000ab78500000)]
  0x0000028cfdd8b000 JavaThread "Unconstrained build operations Thread 12" [_thread_blocked, id=2360, stack(0x000000ab78500000,0x000000ab78600000)]
  0x0000028cfdd85000 JavaThread "Unconstrained build operations Thread 13" [_thread_blocked, id=12736, stack(0x000000ab78600000,0x000000ab78700000)]
  0x0000028cfdd8a000 JavaThread "Unconstrained build operations Thread 14" [_thread_blocked, id=9364, stack(0x000000ab78700000,0x000000ab78800000)]
  0x0000028cfdd87800 JavaThread "Unconstrained build operations Thread 15" [_thread_blocked, id=12880, stack(0x000000ab78800000,0x000000ab78900000)]
  0x0000028cfdd89800 JavaThread "Unconstrained build operations Thread 16" [_thread_blocked, id=3172, stack(0x000000ab78900000,0x000000ab78a00000)]
  0x0000028cfdd87000 JavaThread "Unconstrained build operations Thread 17" [_thread_blocked, id=12960, stack(0x000000ab78a00000,0x000000ab78b00000)]
  0x0000028cfdd8b800 JavaThread "Unconstrained build operations Thread 18" [_thread_blocked, id=18568, stack(0x000000ab78b00000,0x000000ab78c00000)]
  0x0000028cfdd86000 JavaThread "Unconstrained build operations Thread 19" [_thread_blocked, id=14752, stack(0x000000ab78c00000,0x000000ab78d00000)]
  0x0000028cfdd8c800 JavaThread "Memory manager" [_thread_blocked, id=1300, stack(0x000000ab78d00000,0x000000ab78e00000)]

Other Threads:
  0x0000028cf6865800 VMThread "VM Thread" [stack: 0x000000ab74600000,0x000000ab74700000] [id=6000]
  0x0000028cf7355000 WatcherThread [stack: 0x000000ab75000000,0x000000ab75100000] [id=668]
  0x0000028cd941f800 GCTaskThread "GC Thread#0" [stack: 0x000000ab74100000,0x000000ab74200000] [id=1192]
  0x0000028cf8182000 GCTaskThread "GC Thread#1" [stack: 0x000000ab75300000,0x000000ab75400000] [id=8936]
  0x0000028cf814a000 GCTaskThread "GC Thread#2" [stack: 0x000000ab75400000,0x000000ab75500000] [id=4068]
  0x0000028cf7ac9000 GCTaskThread "GC Thread#3" [stack: 0x000000ab75500000,0x000000ab75600000] [id=16940]
  0x0000028cf7ac9800 GCTaskThread "GC Thread#4" [stack: 0x000000ab75600000,0x000000ab75700000] [id=12064]
  0x0000028cf872d800 GCTaskThread "GC Thread#5" [stack: 0x000000ab75700000,0x000000ab75800000] [id=4840]
  0x0000028cf83e5800 GCTaskThread "GC Thread#6" [stack: 0x000000ab76500000,0x000000ab76600000] [id=7352]
  0x0000028cf7a65800 GCTaskThread "GC Thread#7" [stack: 0x000000ab76600000,0x000000ab76700000] [id=3048]
  0x0000028cd9433000 ConcurrentGCThread "G1 Main Marker" [stack: 0x000000ab74200000,0x000000ab74300000] [id=19952]
  0x0000028cd9434000 ConcurrentGCThread "G1 Conc#0" [stack: 0x000000ab74300000,0x000000ab74400000] [id=18776]
  0x0000028cf86b6800 ConcurrentGCThread "G1 Conc#1" [stack: 0x000000ab76700000,0x000000ab76800000] [id=9844]
  0x0000028cd94ed800 ConcurrentGCThread "G1 Refine#0" [stack: 0x000000ab74400000,0x000000ab74500000] [id=6024]
  0x0000028cd94ee800 ConcurrentGCThread "G1 Young RemSet Sampling" [stack: 0x000000ab74500000,0x000000ab74600000] [id=17772]

Threads with active compile tasks:
C2 CompilerThread0   4059 4701 %     4       groovy.lang.MetaClassImpl::inheritInterfaceNewMetaMethods @ 100 (195 bytes)
C1 CompilerThread0   4060 4772       3       com.google.common.collect.ImmutableSet::of (9 bytes)
C2 CompilerThread1   4060 4732       4       groovy.lang.MetaClassImpl$1MOPIter::methodNameAction (325 bytes)
C2 CompilerThread2   4060 4724       4       org.objectweb.asm.Frame::execute (2318 bytes)

VM state:not at safepoint (normal execution)

VM Mutex/Monitor currently owned by a thread: None

Heap address: 0x00000000e0000000, size: 512 MB, Compressed Oops mode: 32-bit
Narrow klass base: 0x0000000000000000, Narrow klass shift: 3
Compressed class space size: 260046848 Address: 0x0000000100000000

Heap:
 garbage-first heap   total 262144K, used 154549K [0x00000000e0000000, 0x0000000100000000)
  region size 1024K, 136 young (139264K), 14 survivors (14336K)
 Metaspace       used 53117K, capacity 54729K, committed 55040K, reserved 303104K
  class space    used 6977K, capacity 7578K, committed 7680K, reserved 253952K
Heap Regions: E=young(eden), S=young(survivor), O=old, HS=humongous(starts), HC=humongous(continues), CS=collection set, F=free, A=archive, TAMS=top-at-mark-start (previous, next)
|   0|0x00000000e0000000, 0x00000000e0100000, 0x00000000e0100000|100%| O|  |TAMS 0x00000000e0100000, 0x00000000e0000000| Untracked 
|   1|0x00000000e0100000, 0x00000000e0200000, 0x00000000e0200000|100%| O|  |TAMS 0x00000000e0200000, 0x00000000e0100000| Untracked 
|   2|0x00000000e0200000, 0x00000000e0300000, 0x00000000e0300000|100%| O|  |TAMS 0x00000000e0300000, 0x00000000e0200000| Untracked 
|   3|0x00000000e0300000, 0x00000000e0400000, 0x00000000e0400000|100%|HS|  |TAMS 0x00000000e0400000, 0x00000000e0300000| Complete 
|   4|0x00000000e0400000, 0x00000000e0500000, 0x00000000e0500000|100%|HC|  |TAMS 0x00000000e0500000, 0x00000000e0400000| Complete 
|   5|0x00000000e0500000, 0x00000000e0600000, 0x00000000e0600000|100%|HC|  |TAMS 0x00000000e0600000, 0x00000000e0500000| Complete 
|   6|0x00000000e0600000, 0x00000000e0700000, 0x00000000e0700000|100%| O|  |TAMS 0x00000000e0700000, 0x00000000e0600000| Untracked 
|   7|0x00000000e0700000, 0x00000000e0800000, 0x00000000e0800000|100%| O|  |TAMS 0x00000000e0800000, 0x00000000e0700000| Untracked 
|   8|0x00000000e0800000, 0x00000000e0900000, 0x00000000e0900000|100%| O|  |TAMS 0x00000000e0900000, 0x00000000e0800000| Untracked 
|   9|0x00000000e0900000, 0x00000000e0a00000, 0x00000000e0a00000|100%| O|  |TAMS 0x00000000e0a00000, 0x00000000e0900000| Untracked 
|  10|0x00000000e0a00000, 0x00000000e0b00000, 0x00000000e0b00000|100%| O|  |TAMS 0x00000000e0b00000, 0x00000000e0a00000| Untracked 
|  11|0x00000000e0b00000, 0x00000000e0c00000, 0x00000000e0c00000|100%| O|  |TAMS 0x00000000e0c00000, 0x00000000e0b00000| Untracked 
|  12|0x00000000e0c00000, 0x00000000e0d00000, 0x00000000e0d00000|100%| O|  |TAMS 0x00000000e0d00000, 0x00000000e0c00000| Untracked 
|  13|0x00000000e0d00000, 0x00000000e0e00000, 0x00000000e0e00000|100%| O|  |TAMS 0x00000000e0e00000, 0x00000000e0d00000| Untracked 
|  14|0x00000000e0e00000, 0x00000000e0f00000, 0x00000000e0f00000|100%| O|  |TAMS 0x00000000e0f00000, 0x00000000e0e00000| Untracked 
|  15|0x00000000e0f00000, 0x00000000e1000000, 0x00000000e1000000|100%| O|  |TAMS 0x00000000e1000000, 0x00000000e0f00000| Untracked 
|  16|0x00000000e1000000, 0x00000000e1081a00, 0x00000000e1100000| 50%| O|  |TAMS 0x00000000e1081a00, 0x00000000e1000000| Untracked 
|  17|0x00000000e1100000, 0x00000000e1100000, 0x00000000e1200000|  0%| F|  |TAMS 0x00000000e1100000, 0x00000000e1100000| Untracked 
|  18|0x00000000e1200000, 0x00000000e1200000, 0x00000000e1300000|  0%| F|  |TAMS 0x00000000e1200000, 0x00000000e1200000| Untracked 
|  19|0x00000000e1300000, 0x00000000e1300000, 0x00000000e1400000|  0%| F|  |TAMS 0x00000000e1300000, 0x00000000e1300000| Untracked 
|  20|0x00000000e1400000, 0x00000000e1400000, 0x00000000e1500000|  0%| F|  |TAMS 0x00000000e1400000, 0x00000000e1400000| Untracked 
|  21|0x00000000e1500000, 0x00000000e1500000, 0x00000000e1600000|  0%| F|  |TAMS 0x00000000e1500000, 0x00000000e1500000| Untracked 
|  22|0x00000000e1600000, 0x00000000e1600000, 0x00000000e1700000|  0%| F|  |TAMS 0x00000000e1600000, 0x00000000e1600000| Untracked 
|  23|0x00000000e1700000, 0x00000000e1700000, 0x00000000e1800000|  0%| F|  |TAMS 0x00000000e1700000, 0x00000000e1700000| Untracked 
|  24|0x00000000e1800000, 0x00000000e1800000, 0x00000000e1900000|  0%| F|  |TAMS 0x00000000e1800000, 0x00000000e1800000| Untracked 
|  25|0x00000000e1900000, 0x00000000e1900000, 0x00000000e1a00000|  0%| F|  |TAMS 0x00000000e1900000, 0x00000000e1900000| Untracked 
|  26|0x00000000e1a00000, 0x00000000e1a00000, 0x00000000e1b00000|  0%| F|  |TAMS 0x00000000e1a00000, 0x00000000e1a00000| Untracked 
|  27|0x00000000e1b00000, 0x00000000e1b00000, 0x00000000e1c00000|  0%| F|  |TAMS 0x00000000e1b00000, 0x00000000e1b00000| Untracked 
|  28|0x00000000e1c00000, 0x00000000e1c00000, 0x00000000e1d00000|  0%| F|  |TAMS 0x00000000e1c00000, 0x00000000e1c00000| Untracked 
|  29|0x00000000e1d00000, 0x00000000e1d00000, 0x00000000e1e00000|  0%| F|  |TAMS 0x00000000e1d00000, 0x00000000e1d00000| Untracked 
|  30|0x00000000e1e00000, 0x00000000e1e00000, 0x00000000e1f00000|  0%| F|  |TAMS 0x00000000e1e00000, 0x00000000e1e00000| Untracked 
|  31|0x00000000e1f00000, 0x00000000e1f00000, 0x00000000e2000000|  0%| F|  |TAMS 0x00000000e1f00000, 0x00000000e1f00000| Untracked 
|  32|0x00000000e2000000, 0x00000000e2000000, 0x00000000e2100000|  0%| F|  |TAMS 0x00000000e2000000, 0x00000000e2000000| Untracked 
|  33|0x00000000e2100000, 0x00000000e2100000, 0x00000000e2200000|  0%| F|  |TAMS 0x00000000e2100000, 0x00000000e2100000| Untracked 
|  34|0x00000000e2200000, 0x00000000e2200000, 0x00000000e2300000|  0%| F|  |TAMS 0x00000000e2200000, 0x00000000e2200000| Untracked 
|  35|0x00000000e2300000, 0x00000000e2300000, 0x00000000e2400000|  0%| F|  |TAMS 0x00000000e2300000, 0x00000000e2300000| Untracked 
|  36|0x00000000e2400000, 0x00000000e2400000, 0x00000000e2500000|  0%| F|  |TAMS 0x00000000e2400000, 0x00000000e2400000| Untracked 
|  37|0x00000000e2500000, 0x00000000e2500000, 0x00000000e2600000|  0%| F|  |TAMS 0x00000000e2500000, 0x00000000e2500000| Untracked 
|  38|0x00000000e2600000, 0x00000000e2600000, 0x00000000e2700000|  0%| F|  |TAMS 0x00000000e2600000, 0x00000000e2600000| Untracked 
|  39|0x00000000e2700000, 0x00000000e2700000, 0x00000000e2800000|  0%| F|  |TAMS 0x00000000e2700000, 0x00000000e2700000| Untracked 
|  40|0x00000000e2800000, 0x00000000e2800000, 0x00000000e2900000|  0%| F|  |TAMS 0x00000000e2800000, 0x00000000e2800000| Untracked 
|  41|0x00000000e2900000, 0x00000000e2900000, 0x00000000e2a00000|  0%| F|  |TAMS 0x00000000e2900000, 0x00000000e2900000| Untracked 
|  42|0x00000000e2a00000, 0x00000000e2a00000, 0x00000000e2b00000|  0%| F|  |TAMS 0x00000000e2a00000, 0x00000000e2a00000| Untracked 
|  43|0x00000000e2b00000, 0x00000000e2b00000, 0x00000000e2c00000|  0%| F|  |TAMS 0x00000000e2b00000, 0x00000000e2b00000| Untracked 
|  44|0x00000000e2c00000, 0x00000000e2c00000, 0x00000000e2d00000|  0%| F|  |TAMS 0x00000000e2c00000, 0x00000000e2c00000| Untracked 
|  45|0x00000000e2d00000, 0x00000000e2d00000, 0x00000000e2e00000|  0%| F|  |TAMS 0x00000000e2d00000, 0x00000000e2d00000| Untracked 
|  46|0x00000000e2e00000, 0x00000000e2e00000, 0x00000000e2f00000|  0%| F|  |TAMS 0x00000000e2e00000, 0x00000000e2e00000| Untracked 
|  47|0x00000000e2f00000, 0x00000000e2f00000, 0x00000000e3000000|  0%| F|  |TAMS 0x00000000e2f00000, 0x00000000e2f00000| Untracked 
|  48|0x00000000e3000000, 0x00000000e3000000, 0x00000000e3100000|  0%| F|  |TAMS 0x00000000e3000000, 0x00000000e3000000| Untracked 
|  49|0x00000000e3100000, 0x00000000e3100000, 0x00000000e3200000|  0%| F|  |TAMS 0x00000000e3100000, 0x00000000e3100000| Untracked 
|  50|0x00000000e3200000, 0x00000000e3200000, 0x00000000e3300000|  0%| F|  |TAMS 0x00000000e3200000, 0x00000000e3200000| Untracked 
|  51|0x00000000e3300000, 0x00000000e3300000, 0x00000000e3400000|  0%| F|  |TAMS 0x00000000e3300000, 0x00000000e3300000| Untracked 
|  52|0x00000000e3400000, 0x00000000e3400000, 0x00000000e3500000|  0%| F|  |TAMS 0x00000000e3400000, 0x00000000e3400000| Untracked 
|  53|0x00000000e3500000, 0x00000000e3500000, 0x00000000e3600000|  0%| F|  |TAMS 0x00000000e3500000, 0x00000000e3500000| Untracked 
|  54|0x00000000e3600000, 0x00000000e3600000, 0x00000000e3700000|  0%| F|  |TAMS 0x00000000e3600000, 0x00000000e3600000| Untracked 
|  55|0x00000000e3700000, 0x00000000e3700000, 0x00000000e3800000|  0%| F|  |TAMS 0x00000000e3700000, 0x00000000e3700000| Untracked 
|  56|0x00000000e3800000, 0x00000000e3800000, 0x00000000e3900000|  0%| F|  |TAMS 0x00000000e3800000, 0x00000000e3800000| Untracked 
|  57|0x00000000e3900000, 0x00000000e3900000, 0x00000000e3a00000|  0%| F|  |TAMS 0x00000000e3900000, 0x00000000e3900000| Untracked 
|  58|0x00000000e3a00000, 0x00000000e3a00000, 0x00000000e3b00000|  0%| F|  |TAMS 0x00000000e3a00000, 0x00000000e3a00000| Untracked 
|  59|0x00000000e3b00000, 0x00000000e3b00000, 0x00000000e3c00000|  0%| F|  |TAMS 0x00000000e3b00000, 0x00000000e3b00000| Untracked 
|  60|0x00000000e3c00000, 0x00000000e3c00000, 0x00000000e3d00000|  0%| F|  |TAMS 0x00000000e3c00000, 0x00000000e3c00000| Untracked 
|  61|0x00000000e3d00000, 0x00000000e3d00000, 0x00000000e3e00000|  0%| F|  |TAMS 0x00000000e3d00000, 0x00000000e3d00000| Untracked 
|  62|0x00000000e3e00000, 0x00000000e3e00000, 0x00000000e3f00000|  0%| F|  |TAMS 0x00000000e3e00000, 0x00000000e3e00000| Untracked 
|  63|0x00000000e3f00000, 0x00000000e3f00000, 0x00000000e4000000|  0%| F|  |TAMS 0x00000000e3f00000, 0x00000000e3f00000| Untracked 
|  64|0x00000000e4000000, 0x00000000e4000000, 0x00000000e4100000|  0%| F|  |TAMS 0x00000000e4000000, 0x00000000e4000000| Untracked 
|  65|0x00000000e4100000, 0x00000000e4100000, 0x00000000e4200000|  0%| F|  |TAMS 0x00000000e4100000, 0x00000000e4100000| Untracked 
|  66|0x00000000e4200000, 0x00000000e4200000, 0x00000000e4300000|  0%| F|  |TAMS 0x00000000e4200000, 0x00000000e4200000| Untracked 
|  67|0x00000000e4300000, 0x00000000e4300000, 0x00000000e4400000|  0%| F|  |TAMS 0x00000000e4300000, 0x00000000e4300000| Untracked 
|  68|0x00000000e4400000, 0x00000000e4400000, 0x00000000e4500000|  0%| F|  |TAMS 0x00000000e4400000, 0x00000000e4400000| Untracked 
|  69|0x00000000e4500000, 0x00000000e4500000, 0x00000000e4600000|  0%| F|  |TAMS 0x00000000e4500000, 0x00000000e4500000| Untracked 
|  70|0x00000000e4600000, 0x00000000e4600000, 0x00000000e4700000|  0%| F|  |TAMS 0x00000000e4600000, 0x00000000e4600000| Untracked 
|  71|0x00000000e4700000, 0x00000000e4700000, 0x00000000e4800000|  0%| F|  |TAMS 0x00000000e4700000, 0x00000000e4700000| Untracked 
|  72|0x00000000e4800000, 0x00000000e4800000, 0x00000000e4900000|  0%| F|  |TAMS 0x00000000e4800000, 0x00000000e4800000| Untracked 
|  73|0x00000000e4900000, 0x00000000e4900000, 0x00000000e4a00000|  0%| F|  |TAMS 0x00000000e4900000, 0x00000000e4900000| Untracked 
|  74|0x00000000e4a00000, 0x00000000e4a00000, 0x00000000e4b00000|  0%| F|  |TAMS 0x00000000e4a00000, 0x00000000e4a00000| Untracked 
|  75|0x00000000e4b00000, 0x00000000e4b00000, 0x00000000e4c00000|  0%| F|  |TAMS 0x00000000e4b00000, 0x00000000e4b00000| Untracked 
|  76|0x00000000e4c00000, 0x00000000e4c00000, 0x00000000e4d00000|  0%| F|  |TAMS 0x00000000e4c00000, 0x00000000e4c00000| Untracked 
|  77|0x00000000e4d00000, 0x00000000e4d00000, 0x00000000e4e00000|  0%| F|  |TAMS 0x00000000e4d00000, 0x00000000e4d00000| Untracked 
|  78|0x00000000e4e00000, 0x00000000e4e00000, 0x00000000e4f00000|  0%| F|  |TAMS 0x00000000e4e00000, 0x00000000e4e00000| Untracked 
|  79|0x00000000e4f00000, 0x00000000e4f00000, 0x00000000e5000000|  0%| F|  |TAMS 0x00000000e4f00000, 0x00000000e4f00000| Untracked 
|  80|0x00000000e5000000, 0x00000000e5000000, 0x00000000e5100000|  0%| F|  |TAMS 0x00000000e5000000, 0x00000000e5000000| Untracked 
|  81|0x00000000e5100000, 0x00000000e5100000, 0x00000000e5200000|  0%| F|  |TAMS 0x00000000e5100000, 0x00000000e5100000| Untracked 
|  82|0x00000000e5200000, 0x00000000e5200000, 0x00000000e5300000|  0%| F|  |TAMS 0x00000000e5200000, 0x00000000e5200000| Untracked 
|  83|0x00000000e5300000, 0x00000000e5300000, 0x00000000e5400000|  0%| F|  |TAMS 0x00000000e5300000, 0x00000000e5300000| Untracked 
|  84|0x00000000e5400000, 0x00000000e5400000, 0x00000000e5500000|  0%| F|  |TAMS 0x00000000e5400000, 0x00000000e5400000| Untracked 
|  85|0x00000000e5500000, 0x00000000e5500000, 0x00000000e5600000|  0%| F|  |TAMS 0x00000000e5500000, 0x00000000e5500000| Untracked 
|  86|0x00000000e5600000, 0x00000000e5600000, 0x00000000e5700000|  0%| F|  |TAMS 0x00000000e5600000, 0x00000000e5600000| Untracked 
|  87|0x00000000e5700000, 0x00000000e5700000, 0x00000000e5800000|  0%| F|  |TAMS 0x00000000e5700000, 0x00000000e5700000| Untracked 
|  88|0x00000000e5800000, 0x00000000e5800000, 0x00000000e5900000|  0%| F|  |TAMS 0x00000000e5800000, 0x00000000e5800000| Untracked 
|  89|0x00000000e5900000, 0x00000000e5900000, 0x00000000e5a00000|  0%| F|  |TAMS 0x00000000e5900000, 0x00000000e5900000| Untracked 
|  90|0x00000000e5a00000, 0x00000000e5a00000, 0x00000000e5b00000|  0%| F|  |TAMS 0x00000000e5a00000, 0x00000000e5a00000| Untracked 
|  91|0x00000000e5b00000, 0x00000000e5b00000, 0x00000000e5c00000|  0%| F|  |TAMS 0x00000000e5b00000, 0x00000000e5b00000| Untracked 
|  92|0x00000000e5c00000, 0x00000000e5c00000, 0x00000000e5d00000|  0%| F|  |TAMS 0x00000000e5c00000, 0x00000000e5c00000| Untracked 
|  93|0x00000000e5d00000, 0x00000000e5d00000, 0x00000000e5e00000|  0%| F|  |TAMS 0x00000000e5d00000, 0x00000000e5d00000| Untracked 
|  94|0x00000000e5e00000, 0x00000000e5e00000, 0x00000000e5f00000|  0%| F|  |TAMS 0x00000000e5e00000, 0x00000000e5e00000| Untracked 
|  95|0x00000000e5f00000, 0x00000000e5f00000, 0x00000000e6000000|  0%| F|  |TAMS 0x00000000e5f00000, 0x00000000e5f00000| Untracked 
|  96|0x00000000e6000000, 0x00000000e6000000, 0x00000000e6100000|  0%| F|  |TAMS 0x00000000e6000000, 0x00000000e6000000| Untracked 
|  97|0x00000000e6100000, 0x00000000e6100000, 0x00000000e6200000|  0%| F|  |TAMS 0x00000000e6100000, 0x00000000e6100000| Untracked 
|  98|0x00000000e6200000, 0x00000000e6200000, 0x00000000e6300000|  0%| F|  |TAMS 0x00000000e6200000, 0x00000000e6200000| Untracked 
|  99|0x00000000e6300000, 0x00000000e6300000, 0x00000000e6400000|  0%| F|  |TAMS 0x00000000e6300000, 0x00000000e6300000| Untracked 
| 100|0x00000000e6400000, 0x00000000e6400000, 0x00000000e6500000|  0%| F|  |TAMS 0x00000000e6400000, 0x00000000e6400000| Untracked 
| 101|0x00000000e6500000, 0x00000000e6500000, 0x00000000e6600000|  0%| F|  |TAMS 0x00000000e6500000, 0x00000000e6500000| Untracked 
| 102|0x00000000e6600000, 0x00000000e6600000, 0x00000000e6700000|  0%| F|  |TAMS 0x00000000e6600000, 0x00000000e6600000| Untracked 
| 103|0x00000000e6700000, 0x00000000e6700000, 0x00000000e6800000|  0%| F|  |TAMS 0x00000000e6700000, 0x00000000e6700000| Untracked 
| 104|0x00000000e6800000, 0x00000000e6800000, 0x00000000e6900000|  0%| F|  |TAMS 0x00000000e6800000, 0x00000000e6800000| Untracked 
| 105|0x00000000e6900000, 0x00000000e6900000, 0x00000000e6a00000|  0%| F|  |TAMS 0x00000000e6900000, 0x00000000e6900000| Untracked 
| 106|0x00000000e6a00000, 0x00000000e6a00000, 0x00000000e6b00000|  0%| F|  |TAMS 0x00000000e6a00000, 0x00000000e6a00000| Untracked 
| 107|0x00000000e6b00000, 0x00000000e6b00000, 0x00000000e6c00000|  0%| F|  |TAMS 0x00000000e6b00000, 0x00000000e6b00000| Untracked 
| 108|0x00000000e6c00000, 0x00000000e6c00000, 0x00000000e6d00000|  0%| F|  |TAMS 0x00000000e6c00000, 0x00000000e6c00000| Untracked 
| 109|0x00000000e6d00000, 0x00000000e6d00000, 0x00000000e6e00000|  0%| F|  |TAMS 0x00000000e6d00000, 0x00000000e6d00000| Untracked 
| 110|0x00000000e6e00000, 0x00000000e6e00000, 0x00000000e6f00000|  0%| F|  |TAMS 0x00000000e6e00000, 0x00000000e6e00000| Untracked 
| 111|0x00000000e6f00000, 0x00000000e6f00000, 0x00000000e7000000|  0%| F|  |TAMS 0x00000000e6f00000, 0x00000000e6f00000| Untracked 
| 112|0x00000000e7000000, 0x00000000e7000000, 0x00000000e7100000|  0%| F|  |TAMS 0x00000000e7000000, 0x00000000e7000000| Untracked 
| 113|0x00000000e7100000, 0x00000000e7100000, 0x00000000e7200000|  0%| F|  |TAMS 0x00000000e7100000, 0x00000000e7100000| Untracked 
| 114|0x00000000e7200000, 0x00000000e7200000, 0x00000000e7300000|  0%| F|  |TAMS 0x00000000e7200000, 0x00000000e7200000| Untracked 
| 115|0x00000000e7300000, 0x00000000e7300000, 0x00000000e7400000|  0%| F|  |TAMS 0x00000000e7300000, 0x00000000e7300000| Untracked 
| 116|0x00000000e7400000, 0x00000000e7400000, 0x00000000e7500000|  0%| F|  |TAMS 0x00000000e7400000, 0x00000000e7400000| Untracked 
| 117|0x00000000e7500000, 0x00000000e7500000, 0x00000000e7600000|  0%| F|  |TAMS 0x00000000e7500000, 0x00000000e7500000| Untracked 
| 118|0x00000000e7600000, 0x00000000e7600000, 0x00000000e7700000|  0%| F|  |TAMS 0x00000000e7600000, 0x00000000e7600000| Untracked 
| 119|0x00000000e7700000, 0x00000000e7700000, 0x00000000e7800000|  0%| F|  |TAMS 0x00000000e7700000, 0x00000000e7700000| Untracked 
| 120|0x00000000e7800000, 0x00000000e7900000, 0x00000000e7900000|100%| E|  |TAMS 0x00000000e7800000, 0x00000000e7800000| Complete 
| 121|0x00000000e7900000, 0x00000000e7a00000, 0x00000000e7a00000|100%| E|CS|TAMS 0x00000000e7900000, 0x00000000e7900000| Complete 
| 122|0x00000000e7a00000, 0x00000000e7b00000, 0x00000000e7b00000|100%| E|CS|TAMS 0x00000000e7a00000, 0x00000000e7a00000| Complete 
| 123|0x00000000e7b00000, 0x00000000e7c00000, 0x00000000e7c00000|100%| E|CS|TAMS 0x00000000e7b00000, 0x00000000e7b00000| Complete 
| 124|0x00000000e7c00000, 0x00000000e7d00000, 0x00000000e7d00000|100%| E|CS|TAMS 0x00000000e7c00000, 0x00000000e7c00000| Complete 
| 125|0x00000000e7d00000, 0x00000000e7e00000, 0x00000000e7e00000|100%| E|CS|TAMS 0x00000000e7d00000, 0x00000000e7d00000| Complete 
| 126|0x00000000e7e00000, 0x00000000e7f00000, 0x00000000e7f00000|100%| E|CS|TAMS 0x00000000e7e00000, 0x00000000e7e00000| Complete 
| 127|0x00000000e7f00000, 0x00000000e8000000, 0x00000000e8000000|100%| E|CS|TAMS 0x00000000e7f00000, 0x00000000e7f00000| Complete 
| 128|0x00000000e8000000, 0x00000000e806bca0, 0x00000000e8100000| 42%| S|CS|TAMS 0x00000000e8000000, 0x00000000e8000000| Complete 
| 129|0x00000000e8100000, 0x00000000e8200000, 0x00000000e8200000|100%| S|CS|TAMS 0x00000000e8100000, 0x00000000e8100000| Complete 
| 130|0x00000000e8200000, 0x00000000e8300000, 0x00000000e8300000|100%| S|CS|TAMS 0x00000000e8200000, 0x00000000e8200000| Complete 
| 131|0x00000000e8300000, 0x00000000e8400000, 0x00000000e8400000|100%| S|CS|TAMS 0x00000000e8300000, 0x00000000e8300000| Complete 
| 132|0x00000000e8400000, 0x00000000e8500000, 0x00000000e8500000|100%| S|CS|TAMS 0x00000000e8400000, 0x00000000e8400000| Complete 
| 133|0x00000000e8500000, 0x00000000e8600000, 0x00000000e8600000|100%| S|CS|TAMS 0x00000000e8500000, 0x00000000e8500000| Complete 
| 134|0x00000000e8600000, 0x00000000e8700000, 0x00000000e8700000|100%| S|CS|TAMS 0x00000000e8600000, 0x00000000e8600000| Complete 
| 135|0x00000000e8700000, 0x00000000e8800000, 0x00000000e8800000|100%| S|CS|TAMS 0x00000000e8700000, 0x00000000e8700000| Complete 
| 136|0x00000000e8800000, 0x00000000e8900000, 0x00000000e8900000|100%| S|CS|TAMS 0x00000000e8800000, 0x00000000e8800000| Complete 
| 137|0x00000000e8900000, 0x00000000e8a00000, 0x00000000e8a00000|100%| S|CS|TAMS 0x00000000e8900000, 0x00000000e8900000| Complete 
| 138|0x00000000e8a00000, 0x00000000e8b00000, 0x00000000e8b00000|100%| S|CS|TAMS 0x00000000e8a00000, 0x00000000e8a00000| Complete 
| 139|0x00000000e8b00000, 0x00000000e8c00000, 0x00000000e8c00000|100%| S|CS|TAMS 0x00000000e8b00000, 0x00000000e8b00000| Complete 
| 140|0x00000000e8c00000, 0x00000000e8d00000, 0x00000000e8d00000|100%| S|CS|TAMS 0x00000000e8c00000, 0x00000000e8c00000| Complete 
| 141|0x00000000e8d00000, 0x00000000e8e00000, 0x00000000e8e00000|100%| S|CS|TAMS 0x00000000e8d00000, 0x00000000e8d00000| Complete 
| 142|0x00000000e8e00000, 0x00000000e8f00000, 0x00000000e8f00000|100%| E|CS|TAMS 0x00000000e8e00000, 0x00000000e8e00000| Complete 
| 143|0x00000000e8f00000, 0x00000000e9000000, 0x00000000e9000000|100%| E|CS|TAMS 0x00000000e8f00000, 0x00000000e8f00000| Complete 
| 144|0x00000000e9000000, 0x00000000e9100000, 0x00000000e9100000|100%| E|CS|TAMS 0x00000000e9000000, 0x00000000e9000000| Complete 
| 145|0x00000000e9100000, 0x00000000e9200000, 0x00000000e9200000|100%| E|CS|TAMS 0x00000000e9100000, 0x00000000e9100000| Complete 
| 146|0x00000000e9200000, 0x00000000e9300000, 0x00000000e9300000|100%| E|CS|TAMS 0x00000000e9200000, 0x00000000e9200000| Complete 
| 147|0x00000000e9300000, 0x00000000e9400000, 0x00000000e9400000|100%| E|CS|TAMS 0x00000000e9300000, 0x00000000e9300000| Complete 
| 148|0x00000000e9400000, 0x00000000e9500000, 0x00000000e9500000|100%| E|CS|TAMS 0x00000000e9400000, 0x00000000e9400000| Complete 
| 149|0x00000000e9500000, 0x00000000e9600000, 0x00000000e9600000|100%| E|CS|TAMS 0x00000000e9500000, 0x00000000e9500000| Complete 
| 150|0x00000000e9600000, 0x00000000e9700000, 0x00000000e9700000|100%| E|CS|TAMS 0x00000000e9600000, 0x00000000e9600000| Complete 
| 151|0x00000000e9700000, 0x00000000e9800000, 0x00000000e9800000|100%| E|CS|TAMS 0x00000000e9700000, 0x00000000e9700000| Complete 
| 152|0x00000000e9800000, 0x00000000e9900000, 0x00000000e9900000|100%| E|CS|TAMS 0x00000000e9800000, 0x00000000e9800000| Complete 
| 153|0x00000000e9900000, 0x00000000e9a00000, 0x00000000e9a00000|100%| E|CS|TAMS 0x00000000e9900000, 0x00000000e9900000| Complete 
| 154|0x00000000e9a00000, 0x00000000e9b00000, 0x00000000e9b00000|100%| E|CS|TAMS 0x00000000e9a00000, 0x00000000e9a00000| Complete 
| 155|0x00000000e9b00000, 0x00000000e9c00000, 0x00000000e9c00000|100%| E|CS|TAMS 0x00000000e9b00000, 0x00000000e9b00000| Complete 
| 156|0x00000000e9c00000, 0x00000000e9d00000, 0x00000000e9d00000|100%| E|CS|TAMS 0x00000000e9c00000, 0x00000000e9c00000| Complete 
| 157|0x00000000e9d00000, 0x00000000e9e00000, 0x00000000e9e00000|100%| E|CS|TAMS 0x00000000e9d00000, 0x00000000e9d00000| Complete 
| 158|0x00000000e9e00000, 0x00000000e9f00000, 0x00000000e9f00000|100%| E|CS|TAMS 0x00000000e9e00000, 0x00000000e9e00000| Complete 
| 159|0x00000000e9f00000, 0x00000000ea000000, 0x00000000ea000000|100%| E|CS|TAMS 0x00000000e9f00000, 0x00000000e9f00000| Complete 
| 160|0x00000000ea000000, 0x00000000ea100000, 0x00000000ea100000|100%| E|CS|TAMS 0x00000000ea000000, 0x00000000ea000000| Complete 
| 161|0x00000000ea100000, 0x00000000ea200000, 0x00000000ea200000|100%| E|CS|TAMS 0x00000000ea100000, 0x00000000ea100000| Complete 
| 162|0x00000000ea200000, 0x00000000ea300000, 0x00000000ea300000|100%| E|CS|TAMS 0x00000000ea200000, 0x00000000ea200000| Complete 
| 163|0x00000000ea300000, 0x00000000ea400000, 0x00000000ea400000|100%| E|CS|TAMS 0x00000000ea300000, 0x00000000ea300000| Complete 
| 164|0x00000000ea400000, 0x00000000ea500000, 0x00000000ea500000|100%| E|CS|TAMS 0x00000000ea400000, 0x00000000ea400000| Complete 
| 165|0x00000000ea500000, 0x00000000ea600000, 0x00000000ea600000|100%| E|CS|TAMS 0x00000000ea500000, 0x00000000ea500000| Complete 
| 166|0x00000000ea600000, 0x00000000ea700000, 0x00000000ea700000|100%| E|CS|TAMS 0x00000000ea600000, 0x00000000ea600000| Complete 
| 167|0x00000000ea700000, 0x00000000ea800000, 0x00000000ea800000|100%| E|CS|TAMS 0x00000000ea700000, 0x00000000ea700000| Complete 
| 168|0x00000000ea800000, 0x00000000ea900000, 0x00000000ea900000|100%| E|CS|TAMS 0x00000000ea800000, 0x00000000ea800000| Complete 
| 169|0x00000000ea900000, 0x00000000eaa00000, 0x00000000eaa00000|100%| E|CS|TAMS 0x00000000ea900000, 0x00000000ea900000| Complete 
| 170|0x00000000eaa00000, 0x00000000eab00000, 0x00000000eab00000|100%| E|CS|TAMS 0x00000000eaa00000, 0x00000000eaa00000| Complete 
| 171|0x00000000eab00000, 0x00000000eac00000, 0x00000000eac00000|100%| E|CS|TAMS 0x00000000eab00000, 0x00000000eab00000| Complete 
| 172|0x00000000eac00000, 0x00000000ead00000, 0x00000000ead00000|100%| E|CS|TAMS 0x00000000eac00000, 0x00000000eac00000| Complete 
| 173|0x00000000ead00000, 0x00000000eae00000, 0x00000000eae00000|100%| E|CS|TAMS 0x00000000ead00000, 0x00000000ead00000| Complete 
| 174|0x00000000eae00000, 0x00000000eaf00000, 0x00000000eaf00000|100%| E|CS|TAMS 0x00000000eae00000, 0x00000000eae00000| Complete 
| 175|0x00000000eaf00000, 0x00000000eb000000, 0x00000000eb000000|100%| E|CS|TAMS 0x00000000eaf00000, 0x00000000eaf00000| Complete 
| 176|0x00000000eb000000, 0x00000000eb100000, 0x00000000eb100000|100%| E|CS|TAMS 0x00000000eb000000, 0x00000000eb000000| Complete 
| 177|0x00000000eb100000, 0x00000000eb200000, 0x00000000eb200000|100%| E|CS|TAMS 0x00000000eb100000, 0x00000000eb100000| Complete 
| 178|0x00000000eb200000, 0x00000000eb300000, 0x00000000eb300000|100%| E|CS|TAMS 0x00000000eb200000, 0x00000000eb200000| Complete 
| 179|0x00000000eb300000, 0x00000000eb400000, 0x00000000eb400000|100%| E|CS|TAMS 0x00000000eb300000, 0x00000000eb300000| Complete 
| 180|0x00000000eb400000, 0x00000000eb500000, 0x00000000eb500000|100%| E|CS|TAMS 0x00000000eb400000, 0x00000000eb400000| Complete 
| 181|0x00000000eb500000, 0x00000000eb600000, 0x00000000eb600000|100%| E|CS|TAMS 0x00000000eb500000, 0x00000000eb500000| Complete 
| 182|0x00000000eb600000, 0x00000000eb700000, 0x00000000eb700000|100%| E|CS|TAMS 0x00000000eb600000, 0x00000000eb600000| Complete 
| 183|0x00000000eb700000, 0x00000000eb800000, 0x00000000eb800000|100%| E|CS|TAMS 0x00000000eb700000, 0x00000000eb700000| Complete 
| 184|0x00000000eb800000, 0x00000000eb900000, 0x00000000eb900000|100%| E|CS|TAMS 0x00000000eb800000, 0x00000000eb800000| Complete 
| 185|0x00000000eb900000, 0x00000000eba00000, 0x00000000eba00000|100%| E|CS|TAMS 0x00000000eb900000, 0x00000000eb900000| Complete 
| 186|0x00000000eba00000, 0x00000000ebb00000, 0x00000000ebb00000|100%| E|CS|TAMS 0x00000000eba00000, 0x00000000eba00000| Complete 
| 187|0x00000000ebb00000, 0x00000000ebc00000, 0x00000000ebc00000|100%| E|CS|TAMS 0x00000000ebb00000, 0x00000000ebb00000| Complete 
| 188|0x00000000ebc00000, 0x00000000ebd00000, 0x00000000ebd00000|100%| E|CS|TAMS 0x00000000ebc00000, 0x00000000ebc00000| Complete 
| 189|0x00000000ebd00000, 0x00000000ebe00000, 0x00000000ebe00000|100%| E|CS|TAMS 0x00000000ebd00000, 0x00000000ebd00000| Complete 
| 190|0x00000000ebe00000, 0x00000000ebf00000, 0x00000000ebf00000|100%| E|CS|TAMS 0x00000000ebe00000, 0x00000000ebe00000| Complete 
| 191|0x00000000ebf00000, 0x00000000ec000000, 0x00000000ec000000|100%| E|CS|TAMS 0x00000000ebf00000, 0x00000000ebf00000| Complete 
| 192|0x00000000ec000000, 0x00000000ec100000, 0x00000000ec100000|100%| E|CS|TAMS 0x00000000ec000000, 0x00000000ec000000| Complete 
| 193|0x00000000ec100000, 0x00000000ec200000, 0x00000000ec200000|100%| E|CS|TAMS 0x00000000ec100000, 0x00000000ec100000| Complete 
| 194|0x00000000ec200000, 0x00000000ec300000, 0x00000000ec300000|100%| E|CS|TAMS 0x00000000ec200000, 0x00000000ec200000| Complete 
| 195|0x00000000ec300000, 0x00000000ec400000, 0x00000000ec400000|100%| E|CS|TAMS 0x00000000ec300000, 0x00000000ec300000| Complete 
| 196|0x00000000ec400000, 0x00000000ec500000, 0x00000000ec500000|100%| E|CS|TAMS 0x00000000ec400000, 0x00000000ec400000| Complete 
| 197|0x00000000ec500000, 0x00000000ec600000, 0x00000000ec600000|100%| E|CS|TAMS 0x00000000ec500000, 0x00000000ec500000| Complete 
| 198|0x00000000ec600000, 0x00000000ec700000, 0x00000000ec700000|100%| E|CS|TAMS 0x00000000ec600000, 0x00000000ec600000| Complete 
| 199|0x00000000ec700000, 0x00000000ec800000, 0x00000000ec800000|100%| E|CS|TAMS 0x00000000ec700000, 0x00000000ec700000| Complete 
| 200|0x00000000ec800000, 0x00000000ec900000, 0x00000000ec900000|100%| E|CS|TAMS 0x00000000ec800000, 0x00000000ec800000| Complete 
| 201|0x00000000ec900000, 0x00000000eca00000, 0x00000000eca00000|100%| E|CS|TAMS 0x00000000ec900000, 0x00000000ec900000| Complete 
| 202|0x00000000eca00000, 0x00000000ecb00000, 0x00000000ecb00000|100%| E|CS|TAMS 0x00000000eca00000, 0x00000000eca00000| Complete 
| 203|0x00000000ecb00000, 0x00000000ecc00000, 0x00000000ecc00000|100%| E|CS|TAMS 0x00000000ecb00000, 0x00000000ecb00000| Complete 
| 204|0x00000000ecc00000, 0x00000000ecd00000, 0x00000000ecd00000|100%| E|CS|TAMS 0x00000000ecc00000, 0x00000000ecc00000| Complete 
| 205|0x00000000ecd00000, 0x00000000ece00000, 0x00000000ece00000|100%| E|CS|TAMS 0x00000000ecd00000, 0x00000000ecd00000| Complete 
| 206|0x00000000ece00000, 0x00000000ecf00000, 0x00000000ecf00000|100%| E|CS|TAMS 0x00000000ece00000, 0x00000000ece00000| Complete 
| 207|0x00000000ecf00000, 0x00000000ed000000, 0x00000000ed000000|100%| E|CS|TAMS 0x00000000ecf00000, 0x00000000ecf00000| Complete 
| 208|0x00000000ed000000, 0x00000000ed100000, 0x00000000ed100000|100%| E|CS|TAMS 0x00000000ed000000, 0x00000000ed000000| Complete 
| 209|0x00000000ed100000, 0x00000000ed200000, 0x00000000ed200000|100%| E|CS|TAMS 0x00000000ed100000, 0x00000000ed100000| Complete 
| 210|0x00000000ed200000, 0x00000000ed300000, 0x00000000ed300000|100%| E|CS|TAMS 0x00000000ed200000, 0x00000000ed200000| Complete 
| 211|0x00000000ed300000, 0x00000000ed400000, 0x00000000ed400000|100%| E|CS|TAMS 0x00000000ed300000, 0x00000000ed300000| Complete 
| 212|0x00000000ed400000, 0x00000000ed500000, 0x00000000ed500000|100%| E|CS|TAMS 0x00000000ed400000, 0x00000000ed400000| Complete 
| 213|0x00000000ed500000, 0x00000000ed600000, 0x00000000ed600000|100%| E|CS|TAMS 0x00000000ed500000, 0x00000000ed500000| Complete 
| 214|0x00000000ed600000, 0x00000000ed700000, 0x00000000ed700000|100%| E|CS|TAMS 0x00000000ed600000, 0x00000000ed600000| Complete 
| 215|0x00000000ed700000, 0x00000000ed800000, 0x00000000ed800000|100%| E|CS|TAMS 0x00000000ed700000, 0x00000000ed700000| Complete 
| 216|0x00000000ed800000, 0x00000000ed900000, 0x00000000ed900000|100%| E|CS|TAMS 0x00000000ed800000, 0x00000000ed800000| Complete 
| 217|0x00000000ed900000, 0x00000000eda00000, 0x00000000eda00000|100%| E|CS|TAMS 0x00000000ed900000, 0x00000000ed900000| Complete 
| 218|0x00000000eda00000, 0x00000000edb00000, 0x00000000edb00000|100%| E|CS|TAMS 0x00000000eda00000, 0x00000000eda00000| Complete 
| 219|0x00000000edb00000, 0x00000000edc00000, 0x00000000edc00000|100%| E|CS|TAMS 0x00000000edb00000, 0x00000000edb00000| Complete 
| 220|0x00000000edc00000, 0x00000000edd00000, 0x00000000edd00000|100%| E|CS|TAMS 0x00000000edc00000, 0x00000000edc00000| Complete 
| 221|0x00000000edd00000, 0x00000000ede00000, 0x00000000ede00000|100%| E|CS|TAMS 0x00000000edd00000, 0x00000000edd00000| Complete 
| 222|0x00000000ede00000, 0x00000000edf00000, 0x00000000edf00000|100%| E|CS|TAMS 0x00000000ede00000, 0x00000000ede00000| Complete 
| 223|0x00000000edf00000, 0x00000000ee000000, 0x00000000ee000000|100%| E|CS|TAMS 0x00000000edf00000, 0x00000000edf00000| Complete 
| 224|0x00000000ee000000, 0x00000000ee100000, 0x00000000ee100000|100%| E|CS|TAMS 0x00000000ee000000, 0x00000000ee000000| Complete 
| 225|0x00000000ee100000, 0x00000000ee200000, 0x00000000ee200000|100%| E|CS|TAMS 0x00000000ee100000, 0x00000000ee100000| Complete 
| 226|0x00000000ee200000, 0x00000000ee300000, 0x00000000ee300000|100%| E|CS|TAMS 0x00000000ee200000, 0x00000000ee200000| Complete 
| 227|0x00000000ee300000, 0x00000000ee400000, 0x00000000ee400000|100%| E|CS|TAMS 0x00000000ee300000, 0x00000000ee300000| Complete 
| 228|0x00000000ee400000, 0x00000000ee500000, 0x00000000ee500000|100%| E|CS|TAMS 0x00000000ee400000, 0x00000000ee400000| Complete 
| 229|0x00000000ee500000, 0x00000000ee600000, 0x00000000ee600000|100%| E|CS|TAMS 0x00000000ee500000, 0x00000000ee500000| Complete 
| 230|0x00000000ee600000, 0x00000000ee700000, 0x00000000ee700000|100%| E|CS|TAMS 0x00000000ee600000, 0x00000000ee600000| Complete 
| 231|0x00000000ee700000, 0x00000000ee800000, 0x00000000ee800000|100%| E|CS|TAMS 0x00000000ee700000, 0x00000000ee700000| Complete 
| 232|0x00000000ee800000, 0x00000000ee900000, 0x00000000ee900000|100%| E|CS|TAMS 0x00000000ee800000, 0x00000000ee800000| Complete 
| 233|0x00000000ee900000, 0x00000000eea00000, 0x00000000eea00000|100%| E|CS|TAMS 0x00000000ee900000, 0x00000000ee900000| Complete 
| 234|0x00000000eea00000, 0x00000000eeb00000, 0x00000000eeb00000|100%| E|CS|TAMS 0x00000000eea00000, 0x00000000eea00000| Complete 
| 235|0x00000000eeb00000, 0x00000000eec00000, 0x00000000eec00000|100%| E|CS|TAMS 0x00000000eeb00000, 0x00000000eeb00000| Complete 
| 236|0x00000000eec00000, 0x00000000eed00000, 0x00000000eed00000|100%| E|CS|TAMS 0x00000000eec00000, 0x00000000eec00000| Complete 
| 237|0x00000000eed00000, 0x00000000eee00000, 0x00000000eee00000|100%| E|CS|TAMS 0x00000000eed00000, 0x00000000eed00000| Complete 
| 238|0x00000000eee00000, 0x00000000eef00000, 0x00000000eef00000|100%| E|CS|TAMS 0x00000000eee00000, 0x00000000eee00000| Complete 
| 239|0x00000000eef00000, 0x00000000ef000000, 0x00000000ef000000|100%| E|CS|TAMS 0x00000000eef00000, 0x00000000eef00000| Complete 
| 240|0x00000000ef000000, 0x00000000ef100000, 0x00000000ef100000|100%| E|CS|TAMS 0x00000000ef000000, 0x00000000ef000000| Complete 
| 241|0x00000000ef100000, 0x00000000ef200000, 0x00000000ef200000|100%| E|CS|TAMS 0x00000000ef100000, 0x00000000ef100000| Complete 
| 242|0x00000000ef200000, 0x00000000ef300000, 0x00000000ef300000|100%| E|CS|TAMS 0x00000000ef200000, 0x00000000ef200000| Complete 
| 243|0x00000000ef300000, 0x00000000ef400000, 0x00000000ef400000|100%| E|CS|TAMS 0x00000000ef300000, 0x00000000ef300000| Complete 
| 244|0x00000000ef400000, 0x00000000ef500000, 0x00000000ef500000|100%| E|CS|TAMS 0x00000000ef400000, 0x00000000ef400000| Complete 
| 245|0x00000000ef500000, 0x00000000ef600000, 0x00000000ef600000|100%| E|CS|TAMS 0x00000000ef500000, 0x00000000ef500000| Complete 
| 246|0x00000000ef600000, 0x00000000ef700000, 0x00000000ef700000|100%| E|CS|TAMS 0x00000000ef600000, 0x00000000ef600000| Complete 
| 247|0x00000000ef700000, 0x00000000ef800000, 0x00000000ef800000|100%| E|CS|TAMS 0x00000000ef700000, 0x00000000ef700000| Complete 
| 248|0x00000000ef800000, 0x00000000ef900000, 0x00000000ef900000|100%| E|CS|TAMS 0x00000000ef800000, 0x00000000ef800000| Complete 
| 249|0x00000000ef900000, 0x00000000efa00000, 0x00000000efa00000|100%| E|CS|TAMS 0x00000000ef900000, 0x00000000ef900000| Complete 
| 250|0x00000000efa00000, 0x00000000efb00000, 0x00000000efb00000|100%| E|CS|TAMS 0x00000000efa00000, 0x00000000efa00000| Complete 
| 251|0x00000000efb00000, 0x00000000efc00000, 0x00000000efc00000|100%| E|CS|TAMS 0x00000000efb00000, 0x00000000efb00000| Complete 
| 252|0x00000000efc00000, 0x00000000efd00000, 0x00000000efd00000|100%| E|CS|TAMS 0x00000000efc00000, 0x00000000efc00000| Complete 
| 253|0x00000000efd00000, 0x00000000efe00000, 0x00000000efe00000|100%| E|CS|TAMS 0x00000000efd00000, 0x00000000efd00000| Complete 
| 254|0x00000000efe00000, 0x00000000eff00000, 0x00000000eff00000|100%| E|CS|TAMS 0x00000000efe00000, 0x00000000efe00000| Complete 
| 255|0x00000000eff00000, 0x00000000f0000000, 0x00000000f0000000|100%| E|CS|TAMS 0x00000000eff00000, 0x00000000eff00000| Complete 

Card table byte_map: [0x0000028cf2c10000,0x0000028cf2d10000] _byte_map_base: 0x0000028cf2510000

Marking Bits (Prev, Next): (CMBitMap*) 0x0000028cd942efb0, (CMBitMap*) 0x0000028cd942ef78
 Prev Bits: [0x0000028cf3610000, 0x0000028cf3e10000)
 Next Bits: [0x0000028cf2e10000, 0x0000028cf3610000)

Polling page: 0x0000028cd94f0000

Metaspace:

Usage:
  Non-class:     46.06 MB capacity,    45.09 MB ( 98%) used,   833.95 KB (  2%) free+waste,   157.25 KB ( <1%) overhead. 
      Class:      7.41 MB capacity,     6.82 MB ( 92%) used,   524.27 KB (  7%) free+waste,    76.88 KB (  1%) overhead. 
       Both:     53.47 MB capacity,    51.91 MB ( 97%) used,     1.33 MB (  2%) free+waste,   234.13 KB ( <1%) overhead. 

Virtual space:
  Non-class space:       48.00 MB reserved,      46.25 MB ( 96%) committed 
      Class space:      248.00 MB reserved,       7.50 MB (  3%) committed 
             Both:      296.00 MB reserved,      53.75 MB ( 18%) committed 

Chunk freelists:
   Non-Class:  384 bytes
       Class:  0 bytes
        Both:  384 bytes

CodeHeap 'non-profiled nmethods': size=120000Kb used=3045Kb max_used=3045Kb free=116955Kb
 bounds [0x0000028ceab80000, 0x0000028ceae80000, 0x0000028cf20b0000]
CodeHeap 'profiled nmethods': size=120000Kb used=10156Kb max_used=10156Kb free=109843Kb
 bounds [0x0000028ce3650000, 0x0000028ce4040000, 0x0000028ceab80000]
CodeHeap 'non-nmethods': size=5760Kb used=2245Kb max_used=2283Kb free=3514Kb
 bounds [0x0000028ce30b0000, 0x0000028ce3320000, 0x0000028ce3650000]
 total_blobs=5598 nmethods=4787 adapters=721
 compilation: enabled
              stopped_count=0, restarted_count=0
 full_count=0

Compilation events (10 events):
Event: 4.027 Thread 0x0000028cf71b4000 4759       3       org.gradle.internal.dispatch.ReflectionDispatch::dispatch (9 bytes)
Event: 4.027 Thread 0x0000028cf71b4000 nmethod 4759 0x0000028ce4029c10 code [0x0000028ce4029dc0, 0x0000028ce4029fe8]
Event: 4.027 Thread 0x0000028cf71b4000 4760   !   3       org.gradle.internal.dispatch.ReflectionDispatch::dispatch (42 bytes)
Event: 4.028 Thread 0x0000028cf71b4000 nmethod 4760 0x0000028ce402a090 code [0x0000028ce402a340, 0x0000028ce402af78]
Event: 4.028 Thread 0x0000028cf71b4000 4761       3       org.gradle.internal.event.BroadcastDispatch$SingletonDispatch::dispatch (9 bytes)
Event: 4.028 Thread 0x0000028cf71b4000 nmethod 4761 0x0000028ce402b610 code [0x0000028ce402b7c0, 0x0000028ce402bac8]
Event: 4.028 Thread 0x0000028cf71b4000 4762       3       org.gradle.internal.event.BroadcastDispatch$SingletonDispatch::dispatch (10 bytes)
Event: 4.028 Thread 0x0000028cf71b4000 nmethod 4762 0x0000028ce402bc10 code [0x0000028ce402bdc0, 0x0000028ce402bf68]
Event: 4.028 Thread 0x0000028cf71b4000 4763   !   3       org.gradle.internal.event.AbstractBroadcastDispatch::dispatch (74 bytes)
Event: 4.029 Thread 0x0000028cf71b4000 nmethod 4763 0x0000028ce402c010 code [0x0000028ce402c2e0, 0x0000028ce402d458]

GC Heap History (10 events):
Event: 0.421 GC heap before
{Heap before GC invocations=0 (full 0):
 garbage-first heap   total 262144K, used 29696K [0x00000000e0000000, 0x0000000100000000)
  region size 1024K, 24 young (24576K), 0 survivors (0K)
 Metaspace       used 10066K, capacity 10336K, committed 10624K, reserved 264192K
  class space    used 1042K, capacity 1105K, committed 1152K, reserved 253952K
}
Event: 0.424 GC heap after
{Heap after GC invocations=1 (full 0):
 garbage-first heap   total 262144K, used 9409K [0x00000000e0000000, 0x0000000100000000)
  region size 1024K, 3 young (3072K), 3 survivors (3072K)
 Metaspace       used 10066K, capacity 10336K, committed 10624K, reserved 264192K
  class space    used 1042K, capacity 1105K, committed 1152K, reserved 253952K
}
Event: 1.457 GC heap before
{Heap before GC invocations=1 (full 0):
 garbage-first heap   total 262144K, used 114881K [0x00000000e0000000, 0x0000000100000000)
  region size 1024K, 107 young (109568K), 3 survivors (3072K)
 Metaspace       used 20674K, capacity 21082K, committed 21248K, reserved 272384K
  class space    used 2544K, capacity 2711K, committed 2816K, reserved 253952K
}
Event: 1.462 GC heap after
{Heap after GC invocations=2 (full 0):
 garbage-first heap   total 262144K, used 17375K [0x00000000e0000000, 0x0000000100000000)
  region size 1024K, 11 young (11264K), 11 survivors (11264K)
 Metaspace       used 20674K, capacity 21082K, committed 21248K, reserved 272384K
  class space    used 2544K, capacity 2711K, committed 2816K, reserved 253952K
}
Event: 1.652 GC heap before
{Heap before GC invocations=3 (full 0):
 garbage-first heap   total 262144K, used 50143K [0x00000000e0000000, 0x0000000100000000)
  region size 1024K, 43 young (44032K), 11 survivors (11264K)
 Metaspace       used 23997K, capacity 24644K, committed 24832K, reserved 276480K
  class space    used 3074K, capacity 3286K, committed 3328K, reserved 253952K
}
Event: 1.657 GC heap after
{Heap after GC invocations=4 (full 0):
 garbage-first heap   total 262144K, used 18619K [0x00000000e0000000, 0x0000000100000000)
  region size 1024K, 2 young (2048K), 2 survivors (2048K)
 Metaspace       used 23997K, capacity 24644K, committed 24832K, reserved 276480K
  class space    used 3074K, capacity 3286K, committed 3328K, reserved 253952K
}
Event: 2.317 GC heap before
{Heap before GC invocations=4 (full 0):
 garbage-first heap   total 262144K, used 104635K [0x00000000e0000000, 0x0000000100000000)
  region size 1024K, 87 young (89088K), 2 survivors (2048K)
 Metaspace       used 34871K, capacity 35718K, committed 35840K, reserved 286720K
  class space    used 4559K, capacity 4900K, committed 4992K, reserved 253952K
}
Event: 2.321 GC heap after
{Heap after GC invocations=5 (full 0):
 garbage-first heap   total 262144K, used 22326K [0x00000000e0000000, 0x0000000100000000)
  region size 1024K, 6 young (6144K), 6 survivors (6144K)
 Metaspace       used 34871K, capacity 35718K, committed 35840K, reserved 286720K
  class space    used 4559K, capacity 4900K, committed 4992K, reserved 253952K
}
Event: 3.125 GC heap before
{Heap before GC invocations=6 (full 0):
 garbage-first heap   total 262144K, used 135990K [0x00000000e0000000, 0x0000000100000000)
  region size 1024K, 114 young (116736K), 6 survivors (6144K)
 Metaspace       used 45140K, capacity 46275K, committed 46464K, reserved 294912K
  class space    used 5793K, capacity 6192K, committed 6272K, reserved 253952K
}
Event: 3.132 GC heap after
{Heap after GC invocations=7 (full 0):
 garbage-first heap   total 262144K, used 30645K [0x00000000e0000000, 0x0000000100000000)
  region size 1024K, 14 young (14336K), 14 survivors (14336K)
 Metaspace       used 45140K, capacity 46275K, committed 46464K, reserved 294912K
  class space    used 5793K, capacity 6192K, committed 6272K, reserved 253952K
}

Deoptimization events (10 events):
Event: 3.734 Thread 0x0000028cf94b7000 Uncommon trap: reason=class_check action=maybe_recompile pc=0x0000028cead1ffa8 method=java.util.regex.Pattern$Start.match(Ljava/util/regex/Matcher;ILjava/lang/CharSequence;)Z @ 44 c2
Event: 3.751 Thread 0x0000028cf94b7000 Uncommon trap: reason=bimorphic_or_optimized_type_check action=maybe_recompile pc=0x0000028cead3aa10 method=java.util.regex.Pattern$Start.match(Ljava/util/regex/Matcher;ILjava/lang/CharSequence;)Z @ 44 c2
Event: 3.751 Thread 0x0000028cf94b7000 Uncommon trap: reason=bimorphic_or_optimized_type_check action=maybe_recompile pc=0x0000028cead3aa10 method=java.util.regex.Pattern$Start.match(Ljava/util/regex/Matcher;ILjava/lang/CharSequence;)Z @ 44 c2
Event: 3.752 Thread 0x0000028cf94b7000 Uncommon trap: reason=bimorphic_or_optimized_type_check action=maybe_recompile pc=0x0000028cead3aa10 method=java.util.regex.Pattern$Start.match(Ljava/util/regex/Matcher;ILjava/lang/CharSequence;)Z @ 44 c2
Event: 3.752 Thread 0x0000028cf94b7000 Uncommon trap: reason=bimorphic_or_optimized_type_check action=maybe_recompile pc=0x0000028cead3aa10 method=java.util.regex.Pattern$Start.match(Ljava/util/regex/Matcher;ILjava/lang/CharSequence;)Z @ 44 c2
Event: 3.752 Thread 0x0000028cf94b7000 Uncommon trap: reason=class_check action=maybe_recompile pc=0x0000028cead1ffa8 method=java.util.regex.Pattern$Start.match(Ljava/util/regex/Matcher;ILjava/lang/CharSequence;)Z @ 44 c2
Event: 3.752 Thread 0x0000028cf94b7000 Uncommon trap: reason=class_check action=maybe_recompile pc=0x0000028cead20b20 method=java.util.regex.Pattern$Start.match(Ljava/util/regex/Matcher;ILjava/lang/CharSequence;)Z @ 44 c2
Event: 3.805 Thread 0x0000028cf94b7000 Uncommon trap: reason=bimorphic_or_optimized_type_check action=maybe_recompile pc=0x0000028cead7d518 method=java.util.AbstractCollection.addAll(Ljava/util/Collection;)Z @ 29 c2
Event: 3.871 Thread 0x0000028cf94b7000 Uncommon trap: reason=class_check action=maybe_recompile pc=0x0000028ceacdcaa8 method=java.util.WeakHashMap.eq(Ljava/lang/Object;Ljava/lang/Object;)Z @ 7 c2
Event: 3.912 Thread 0x0000028cf94b7000 Uncommon trap: reason=class_check action=maybe_recompile pc=0x0000028ceacdcaa8 method=java.util.WeakHashMap.eq(Ljava/lang/Object;Ljava/lang/Object;)Z @ 7 c2

Classes redefined (0 events):
No events

Internal exceptions (10 events):
Event: 4.010 Thread 0x0000028cf94b7000 Exception <a 'java/lang/ClassNotFoundException'{0x00000000e8ed4af0}: java/lang/SystemBeanInfo> (0x00000000e8ed4af0) thrown at [./open/src/hotspot/share/classfile/systemDictionary.cpp, line 228]
Event: 4.010 Thread 0x0000028cf94b7000 Exception <a 'java/lang/ClassNotFoundException'{0x00000000e8edf858}: java/lang/SystemCustomizer> (0x00000000e8edf858) thrown at [./open/src/hotspot/share/classfile/systemDictionary.cpp, line 228]
Event: 4.015 Thread 0x0000028cf94b7000 Exception <a 'java/lang/ClassNotFoundException'{0x00000000e7d21a98}: org/gradle/api/internal/tasks/DefaultSourceSetContainer_DecoratedBeanInfo> (0x00000000e7d21a98) thrown at [./open/src/hotspot/share/classfile/systemDictionary.cpp, line 228]
Event: 4.015 Thread 0x0000028cf94b7000 Exception <a 'java/lang/ClassNotFoundException'{0x00000000e7d47c18}: org/gradle/api/internal/tasks/DefaultSourceSetContainerBeanInfo> (0x00000000e7d47c18) thrown at [./open/src/hotspot/share/classfile/systemDictionary.cpp, line 228]
Event: 4.015 Thread 0x0000028cf94b7000 Exception <a 'java/lang/ClassNotFoundException'{0x00000000e7d6ddf0}: org/gradle/api/internal/tasks/DefaultSourceSetContainerCustomizer> (0x00000000e7d6ddf0) thrown at [./open/src/hotspot/share/classfile/systemDictionary.cpp, line 228]
Event: 4.016 Thread 0x0000028cf94b7000 Exception <a 'java/lang/ClassNotFoundException'{0x00000000e7da30a0}: org/gradle/api/internal/tasks/DefaultSourceSetContainer_DecoratedCustomizer> (0x00000000e7da30a0) thrown at [./open/src/hotspot/share/classfile/systemDictionary.cpp, line 228]
Event: 4.021 Thread 0x0000028cf94b7000 Exception <a 'java/lang/ClassNotFoundException'{0x00000000e7c503d8}: org/gradle/api/internal/tasks/DefaultSourceSet_DecoratedBeanInfo> (0x00000000e7c503d8) thrown at [./open/src/hotspot/share/classfile/systemDictionary.cpp, line 228]
Event: 4.021 Thread 0x0000028cf94b7000 Exception <a 'java/lang/ClassNotFoundException'{0x00000000e7c756a8}: org/gradle/api/internal/tasks/DefaultSourceSetBeanInfo> (0x00000000e7c756a8) thrown at [./open/src/hotspot/share/classfile/systemDictionary.cpp, line 228]
Event: 4.022 Thread 0x0000028cf94b7000 Exception <a 'java/lang/ClassNotFoundException'{0x00000000e7c9a4c8}: org/gradle/api/internal/tasks/DefaultSourceSetCustomizer> (0x00000000e7c9a4c8) thrown at [./open/src/hotspot/share/classfile/systemDictionary.cpp, line 228]
Event: 4.023 Thread 0x0000028cf94b7000 Exception <a 'java/lang/ClassNotFoundException'{0x00000000e7ce1028}: org/gradle/api/internal/tasks/DefaultSourceSet_DecoratedCustomizer> (0x00000000e7ce1028) thrown at [./open/src/hotspot/share/classfile/systemDictionary.cpp, line 228]

Events (10 events):
Event: 4.032 loading class org/gradle/internal/build/DefaultBuildLifecycleController
Event: 4.032 loading class org/gradle/internal/build/DefaultBuildLifecycleController done
Event: 4.032 loading class org/gradle/execution/plan/DefaultExecutionPlan
Event: 4.032 loading class org/gradle/execution/plan/DefaultExecutionPlan done
Event: 4.034 loading class org/gradle/execution/plan/DefaultExecutionPlan$NodeMapping
Event: 4.034 loading class org/gradle/execution/plan/DefaultExecutionPlan$NodeMapping done
Event: 4.034 loading class org/gradle/execution/plan/FailureCollector
Event: 4.034 loading class org/gradle/execution/plan/FailureCollector done
Event: 4.034 loading class org/gradle/execution/plan/OrdinalNodeAccess
Event: 4.034 loading class org/gradle/execution/plan/OrdinalNodeAccess done


Dynamic libraries:
0x00007ff7c8a20000 - 0x00007ff7c8a2f000 	C:\Program Files\Java\jdk-11.0.12\bin\java.exe
0x00007ffca39b0000 - 0x00007ffca3ba5000 	C:\windows\SYSTEM32\ntdll.dll
0x00007ffca3780000 - 0x00007ffca383e000 	C:\windows\System32\KERNEL32.DLL
0x00007ffca10d0000 - 0x00007ffca1398000 	C:\windows\System32\KERNELBASE.dll
0x00007ffca15c0000 - 0x00007ffca16c0000 	C:\windows\System32\ucrtbase.dll
0x00007ffc95020000 - 0x00007ffc95038000 	C:\Program Files\Java\jdk-11.0.12\bin\jli.dll
0x00007ffc94e10000 - 0x00007ffc94e25000 	C:\Program Files\Java\jdk-11.0.12\bin\VCRUNTIME140.dll
0x00007ffca35d0000 - 0x00007ffca367e000 	C:\windows\System32\ADVAPI32.dll
0x00007ffca36e0000 - 0x00007ffca377e000 	C:\windows\System32\msvcrt.dll
0x00007ffca23d0000 - 0x00007ffca246c000 	C:\windows\System32\sechost.dll
0x00007ffca1a70000 - 0x00007ffca1b95000 	C:\windows\System32\RPCRT4.dll
0x00007ffca1c50000 - 0x00007ffca1df0000 	C:\windows\System32\USER32.dll
0x00007ffca19e0000 - 0x00007ffca1a02000 	C:\windows\System32\win32u.dll
0x00007ffc88dc0000 - 0x00007ffc8905a000 	C:\windows\WinSxS\amd64_microsoft.windows.common-controls_6595b64144ccf1df_6.0.19041.1110_none_60b5254171f9507e\COMCTL32.dll
0x00007ffca35a0000 - 0x00007ffca35cb000 	C:\windows\System32\GDI32.dll
0x00007ffca1820000 - 0x00007ffca192b000 	C:\windows\System32\gdi32full.dll
0x00007ffca13a0000 - 0x00007ffca143d000 	C:\windows\System32\msvcp_win.dll
0x00007ffc93fe0000 - 0x00007ffc93fea000 	C:\windows\SYSTEM32\VERSION.dll
0x00007ffca2560000 - 0x00007ffca2590000 	C:\windows\System32\IMM32.DLL
0x00007ffc679c0000 - 0x00007ffc67a5b000 	C:\Program Files\Java\jdk-11.0.12\bin\msvcp140.dll
0x00007ffc59a50000 - 0x00007ffc5a54f000 	C:\Program Files\Java\jdk-11.0.12\bin\server\jvm.dll
0x00007ffca2960000 - 0x00007ffca2968000 	C:\windows\System32\PSAPI.DLL
0x00007ffc866a0000 - 0x00007ffc866c7000 	C:\windows\SYSTEM32\WINMM.dll
0x00007ffc7fec0000 - 0x00007ffc7fec9000 	C:\windows\SYSTEM32\WSOCK32.dll
0x00007ffca3530000 - 0x00007ffca359b000 	C:\windows\System32\WS2_32.dll
0x00007ffc9f970000 - 0x00007ffc9f982000 	C:\windows\SYSTEM32\kernel.appcore.dll
0x00007ffc98c10000 - 0x00007ffc98c20000 	C:\Program Files\Java\jdk-11.0.12\bin\verify.dll
0x00007ffc9f600000 - 0x00007ffc9f7e4000 	C:\windows\SYSTEM32\DBGHELP.DLL
0x00007ffc882f0000 - 0x00007ffc8831c000 	C:\windows\SYSTEM32\dbgcore.DLL
0x00007ffca1530000 - 0x00007ffca15b2000 	C:\windows\System32\bcryptPrimitives.dll
0x00007ffc94a30000 - 0x00007ffc94a58000 	C:\Program Files\Java\jdk-11.0.12\bin\java.dll
0x00007ffc98bd0000 - 0x00007ffc98bda000 	C:\Program Files\Java\jdk-11.0.12\bin\jimage.dll
0x00007ffc805d0000 - 0x00007ffc805e6000 	C:\Program Files\Java\jdk-11.0.12\bin\zip.dll
0x00007ffca2970000 - 0x00007ffca30b4000 	C:\windows\System32\SHELL32.dll
0x00007ffc9ec30000 - 0x00007ffc9f3c4000 	C:\windows\SYSTEM32\windows.storage.dll
0x00007ffca1df0000 - 0x00007ffca2144000 	C:\windows\System32\combase.dll
0x00007ffca0b30000 - 0x00007ffca0b5c000 	C:\windows\SYSTEM32\Wldp.dll
0x00007ffca2700000 - 0x00007ffca27ad000 	C:\windows\System32\SHCORE.dll
0x00007ffca2590000 - 0x00007ffca25e5000 	C:\windows\System32\shlwapi.dll
0x00007ffca1010000 - 0x00007ffca102f000 	C:\windows\SYSTEM32\profapi.dll
0x00007ffc77cd0000 - 0x00007ffc77ce9000 	C:\Program Files\Java\jdk-11.0.12\bin\net.dll
0x00007ffc97e20000 - 0x00007ffc97f29000 	C:\windows\SYSTEM32\WINHTTP.dll
0x00007ffca0890000 - 0x00007ffca08fa000 	C:\windows\system32\mswsock.dll
0x00007ffc75b90000 - 0x00007ffc75ba2000 	C:\Program Files\Java\jdk-11.0.12\bin\nio.dll
0x00007ffc77ba0000 - 0x00007ffc77bc7000 	C:\Users\kate2\.gradle\native\e1d6ef7f7dcc3fd88c89a11ec53ec762bb8ba0a96d01ffa2cd45eb1d1d8dd5c5\windows-amd64\native-platform.dll
0x00007ffc672c0000 - 0x00007ffc67404000 	C:\Users\kate2\.gradle\native\0d407fdbe67a94daf76414ababcb853783967236a71b16ec16e742cd7a986fd3\windows-amd64\native-platform-file-events.dll
0x00007ffc96e20000 - 0x00007ffc96e29000 	C:\Program Files\Java\jdk-11.0.12\bin\management.dll
0x00007ffc962c0000 - 0x00007ffc962cb000 	C:\Program Files\Java\jdk-11.0.12\bin\management_ext.dll
0x00007ffca0a80000 - 0x00007ffca0a98000 	C:\windows\SYSTEM32\CRYPTSP.dll
0x00007ffca01a0000 - 0x00007ffca01d4000 	C:\windows\system32\rsaenh.dll
0x00007ffca1500000 - 0x00007ffca1527000 	C:\windows\System32\bcrypt.dll
0x00007ffca0f90000 - 0x00007ffca0fbe000 	C:\windows\SYSTEM32\USERENV.dll
0x00007ffca0aa0000 - 0x00007ffca0aac000 	C:\windows\SYSTEM32\CRYPTBASE.dll
0x00007ffca0530000 - 0x00007ffca056b000 	C:\windows\SYSTEM32\IPHLPAPI.DLL
0x00007ffca2340000 - 0x00007ffca2348000 	C:\windows\System32\NSI.dll
0x00007ffc968e0000 - 0x00007ffc968f7000 	C:\windows\SYSTEM32\dhcpcsvc6.DLL
0x00007ffc968c0000 - 0x00007ffc968dd000 	C:\windows\SYSTEM32\dhcpcsvc.DLL
0x00007ffca0580000 - 0x00007ffca064a000 	C:\windows\SYSTEM32\DNSAPI.dll

dbghelp: loaded successfully - version: 4.0.5 - missing functions: none
symbol engine: initialized successfully - sym options: 0x614 - pdb path: .;C:\Program Files\Java\jdk-11.0.12\bin;C:\windows\SYSTEM32;C:\windows\WinSxS\amd64_microsoft.windows.common-controls_6595b64144ccf1df_6.0.19041.1110_none_60b5254171f9507e;C:\Program Files\Java\jdk-11.0.12\bin\server;C:\Users\kate2\.gradle\native\e1d6ef7f7dcc3fd88c89a11ec53ec762bb8ba0a96d01ffa2cd45eb1d1d8dd5c5\windows-amd64;C:\Users\kate2\.gradle\native\0d407fdbe67a94daf76414ababcb853783967236a71b16ec16e742cd7a986fd3\windows-amd64

VM Arguments:
jvm_args: --add-opens=java.base/java.util=ALL-UNNAMED --add-opens=java.base/java.lang=ALL-UNNAMED --add-opens=java.base/java.lang.invoke=ALL-UNNAMED --add-opens=java.base/java.util=ALL-UNNAMED --add-opens=java.prefs/java.util.prefs=ALL-UNNAMED --add-opens=java.prefs/java.util.prefs=ALL-UNNAMED --add-opens=java.base/java.nio.charset=ALL-UNNAMED --add-opens=java.base/java.net=ALL-UNNAMED --add-opens=java.base/java.util.concurrent.atomic=ALL-UNNAMED -XX:MaxMetaspaceSize=256m -XX:+HeapDumpOnOutOfMemoryError -Xms256m -Xmx512m -Dfile.encoding=UTF-8 -Duser.country=KR -Duser.language=ko -Duser.variant 
java_command: org.gradle.launcher.daemon.bootstrap.GradleDaemon 7.4.1
java_class_path (initial): C:\Users\kate2\.gradle\wrapper\dists\gradle-7.4.1-bin\58kw26xllvsiedyf3nujyarhn\gradle-7.4.1\lib\gradle-launcher-7.4.1.jar
Launcher Type: SUN_STANDARD

[Global flags]
     intx CICompilerCount                          = 4                                         {product} {ergonomic}
   size_t CompressedClassSpaceSize                 = 260046848                                 {product} {ergonomic}
     uint ConcGCThreads                            = 2                                         {product} {ergonomic}
     uint G1ConcRefinementThreads                  = 8                                         {product} {ergonomic}
   size_t G1HeapRegionSize                         = 1048576                                   {product} {ergonomic}
    uintx GCDrainStackTargetSize                   = 64                                        {product} {ergonomic}
     bool HeapDumpOnOutOfMemoryError               = true                                   {manageable} {command line}
   size_t InitialHeapSize                          = 268435456                                 {product} {command line}
   size_t MarkStackSize                            = 4194304                                   {product} {ergonomic}
   size_t MaxHeapSize                              = 536870912                                 {product} {command line}
   size_t MaxMetaspaceSize                         = 268435456                                 {product} {command line}
   size_t MaxNewSize                               = 321912832                                 {product} {ergonomic}
   size_t MinHeapDeltaBytes                        = 1048576                                   {product} {ergonomic}
    uintx NonNMethodCodeHeapSize                   = 5836300                                {pd product} {ergonomic}
    uintx NonProfiledCodeHeapSize                  = 122910970                              {pd product} {ergonomic}
    uintx ProfiledCodeHeapSize                     = 122910970                              {pd product} {ergonomic}
    uintx ReservedCodeCacheSize                    = 251658240                              {pd product} {ergonomic}
     bool SegmentedCodeCache                       = true                                      {product} {ergonomic}
     bool UseCompressedClassPointers               = true                                 {lp64_product} {ergonomic}
     bool UseCompressedOops                        = true                                 {lp64_product} {ergonomic}
     bool UseG1GC                                  = true                                      {product} {ergonomic}
     bool UseLargePagesIndividualAllocation        = false                                  {pd product} {ergonomic}

Logging:
Log output configuration:
 #0: stdout all=warning uptime,level,tags
 #1: stderr all=off uptime,level,tags

Environment Variables:
JAVA_HOME=C:\Program Files\Java\jdk-11.0.12
CLASSPATH=C:\Program Files\Java\jdk-11.0.12\lib
PATH=C:\Python310\Scripts\;C:\Python310\;C:\Users\kate2\apache-maven-3.8.3\bin;C:\ProgramData\chocolatey\bin;C:\Program Files\nodejs\;C:\Program Files\Git\cmd;C:\Program Files\MySQL\MySQL Shell 8.0\bin\;C:\Users\kate2\AppData\Local\Microsoft\WindowsApps;C:\Users\kate2\AppData\Local\Programs\Microsoft VS Code\bin;C:\Program Files\Java\jdk-11.0.12\bin;C:\Users\kate2\AppData\Roaming\npm
USERNAME=kate2
OS=Windows_NT
PROCESSOR_IDENTIFIER=Intel64 Family 6 Model 140 Stepping 1, GenuineIntel



---------------  S Y S T E M  ---------------

OS: Windows 10 , 64 bit Build 19041 (10.0.19041.1566)

CPU:total 8 (initial active 8) (4 cores per cpu, 2 threads per core) family 6 model 140 stepping 1 microcode 0x8a, cmov, cx8, fxsr, mmx, sse, sse2, sse3, ssse3, sse4.1, sse4.2, popcnt, avx, avx2, aes, clmul, erms, 3dnowpref, lzcnt, ht, tsc, tscinvbit, bmi1, bmi2, adx, evex, sha, fma

Memory: 4k page, system-wide physical 16057M (5652M free)
TotalPageFile size 18960M (AvailPageFile size 5M)
current process WorkingSet (physical memory assigned to process): 351M, peak: 351M
current process commit charge ("private bytes"): 493M, peak: 494M

vm_info: Java HotSpot(TM) 64-Bit Server VM (11.0.12+8-LTS-237) for windows-amd64 JRE (11.0.12+8-LTS-237), built on Jun  8 2021 11:25:59 by "mach5one" with MS VC++ 15.9 (VS2017)

END.
